[35m[1mConsolidate compiler generated dependencies of target i2cpwm_controller__rosidl_generator_c[0m
[  0%] Built target i2cpwm_controller__cpp
[  0%] Built target ament_cmake_python_copy_i2cpwm_controller
[ 12%] Built target i2cpwm_controller__rosidl_generator_c
[35m[1mConsolidate compiler generated dependencies of target i2cpwm_controller__rosidl_typesupport_cpp[0m
[35m[1mConsolidate compiler generated dependencies of target i2cpwm_controller__rosidl_typesupport_fastrtps_cpp[0m
[35m[1mConsolidate compiler generated dependencies of target i2cpwm_controller__rosidl_typesupport_introspection_cpp[0m
[ 24%] Built target i2cpwm_controller__rosidl_typesupport_cpp
[ 35%] Built target i2cpwm_controller__rosidl_typesupport_fastrtps_cpp
[ 47%] Built target i2cpwm_controller__rosidl_typesupport_introspection_cpp
[35m[1mConsolidate compiler generated dependencies of target i2cpwm_controller__rosidl_typesupport_fastrtps_c[0m
[35m[1mConsolidate compiler generated dependencies of target i2cpwm_controller__rosidl_typesupport_introspection_c[0m
[35m[1mConsolidate compiler generated dependencies of target i2cpwm_controller__rosidl_typesupport_c[0m
[ 58%] Built target i2cpwm_controller__rosidl_typesupport_introspection_c
[ 69%] Built target i2cpwm_controller__rosidl_typesupport_c
[ 80%] Built target i2cpwm_controller__rosidl_typesupport_fastrtps_c
[ 81%] [32mBuilding CXX object CMakeFiles/i2cpwm_controller_node.dir/src/i2cpwm_controller.cpp.o[0m
[ 82%] [32mBuilding CXX object CMakeFiles/i2cpwm_controller_node.dir/src/main.cpp.o[0m
[ 82%] Built target i2cpwm_controller
[ 83%] [34m[1mGenerating Python code for ROS interfaces[0m
running egg_info
writing i2cpwm_controller.egg-info/PKG-INFO
writing dependency_links to i2cpwm_controller.egg-info/dependency_links.txt
writing top-level names to i2cpwm_controller.egg-info/top_level.txt
reading manifest file 'i2cpwm_controller.egg-info/SOURCES.txt'
writing manifest file 'i2cpwm_controller.egg-info/SOURCES.txt'
[ 83%] Built target ament_cmake_python_build_i2cpwm_controller_egg
[ 83%] Built target i2cpwm_controller__py
