[0.065s] Invoking command in '/home/robodog/RoboDog/ros2_ws/build/motion_cmd': CMAKE_PREFIX_PATH=/home/robodog/RoboDog/ros2_ws/install/i2cpwm_controller:/home/robodog/RoboDog/ros2_ws/install/motion_cmd /usr/bin/cmake --build /home/robodog/RoboDog/ros2_ws/build/motion_cmd -- -j4 -l4
[0.312s] [  6%] Built target gtest
[0.314s] [ 20%] Built target spot_micro_kinematics
[0.425s] [ 27%] Built target gtest_main
[0.438s] [ 34%] Built target gmock
[0.540s] [ 58%] Built target smfsm
[0.560s] [ 65%] Built target test_spot_micro_leg
[0.602s] [ 72%] Built target test_spot_micro_kinematics
[0.603s] [ 79%] Built target test_utils
[0.641s] [35m[1mConsolidate compiler generated dependencies of target motion_cmd_node[0m
[0.677s] [ 86%] Built target gmock_main
[0.805s] [ 89%] [32mBuilding CXX object CMakeFiles/motion_cmd_node.dir/src/motion_cmd.cpp.o[0m
[77.565s] [ 93%] [32m[1mLinking CXX executable motion_cmd_node[0m
[82.821s] [100%] Built target motion_cmd_node
[82.864s] Invoked command in '/home/robodog/RoboDog/ros2_ws/build/motion_cmd' returned '0': CMAKE_PREFIX_PATH=/home/robodog/RoboDog/ros2_ws/install/i2cpwm_controller:/home/robodog/RoboDog/ros2_ws/install/motion_cmd /usr/bin/cmake --build /home/robodog/RoboDog/ros2_ws/build/motion_cmd -- -j4 -l4
[83.417s] Invoking command in '/home/robodog/RoboDog/ros2_ws/build/motion_cmd': CMAKE_PREFIX_PATH=/home/robodog/RoboDog/ros2_ws/install/i2cpwm_controller:/home/robodog/RoboDog/ros2_ws/install/motion_cmd /usr/bin/cmake --install /home/robodog/RoboDog/ros2_ws/build/motion_cmd
[83.444s] -- Install configuration: ""
[83.445s] -- Installing: /home/robodog/RoboDog/ros2_ws/install/motion_cmd/lib/motion_cmd/motion_cmd_node
[83.539s] -- Set runtime path of "/home/robodog/RoboDog/ros2_ws/install/motion_cmd/lib/motion_cmd/motion_cmd_node" to ""
[83.539s] -- Up-to-date: /home/robodog/RoboDog/ros2_ws/install/motion_cmd/share/motion_cmd/launch
[83.540s] -- Up-to-date: /home/robodog/RoboDog/ros2_ws/install/motion_cmd/share/motion_cmd/launch/motion_cmd.launch.py
[83.540s] -- Up-to-date: /home/robodog/RoboDog/ros2_ws/install/motion_cmd/share/motion_cmd/config
[83.540s] -- Up-to-date: /home/robodog/RoboDog/ros2_ws/install/motion_cmd/share/motion_cmd/config/motion_cmd.yaml
[83.541s] -- Up-to-date: /home/robodog/RoboDog/ros2_ws/install/motion_cmd/share/ament_index/resource_index/package_run_dependencies/motion_cmd
[83.541s] -- Up-to-date: /home/robodog/RoboDog/ros2_ws/install/motion_cmd/share/ament_index/resource_index/parent_prefix_path/motion_cmd
[83.542s] -- Up-to-date: /home/robodog/RoboDog/ros2_ws/install/motion_cmd/share/motion_cmd/environment/ament_prefix_path.sh
[83.542s] -- Up-to-date: /home/robodog/RoboDog/ros2_ws/install/motion_cmd/share/motion_cmd/environment/ament_prefix_path.dsv
[83.543s] -- Up-to-date: /home/robodog/RoboDog/ros2_ws/install/motion_cmd/share/motion_cmd/environment/path.sh
[83.543s] -- Up-to-date: /home/robodog/RoboDog/ros2_ws/install/motion_cmd/share/motion_cmd/environment/path.dsv
[83.543s] -- Up-to-date: /home/robodog/RoboDog/ros2_ws/install/motion_cmd/share/motion_cmd/local_setup.bash
[83.544s] -- Up-to-date: /home/robodog/RoboDog/ros2_ws/install/motion_cmd/share/motion_cmd/local_setup.sh
[83.544s] -- Up-to-date: /home/robodog/RoboDog/ros2_ws/install/motion_cmd/share/motion_cmd/local_setup.zsh
[83.545s] -- Up-to-date: /home/robodog/RoboDog/ros2_ws/install/motion_cmd/share/motion_cmd/local_setup.dsv
[83.545s] -- Installing: /home/robodog/RoboDog/ros2_ws/install/motion_cmd/share/motion_cmd/package.dsv
[83.545s] -- Up-to-date: /home/robodog/RoboDog/ros2_ws/install/motion_cmd/share/ament_index/resource_index/packages/motion_cmd
[83.546s] -- Up-to-date: /home/robodog/RoboDog/ros2_ws/install/motion_cmd/share/motion_cmd/cmake/ament_cmake_export_dependencies-extras.cmake
[83.546s] -- Up-to-date: /home/robodog/RoboDog/ros2_ws/install/motion_cmd/share/motion_cmd/cmake/motion_cmdConfig.cmake
[83.547s] -- Up-to-date: /home/robodog/RoboDog/ros2_ws/install/motion_cmd/share/motion_cmd/cmake/motion_cmdConfig-version.cmake
[83.547s] -- Up-to-date: /home/robodog/RoboDog/ros2_ws/install/motion_cmd/share/motion_cmd/package.xml
[83.555s] Invoked command in '/home/robodog/RoboDog/ros2_ws/build/motion_cmd' returned '0': CMAKE_PREFIX_PATH=/home/robodog/RoboDog/ros2_ws/install/i2cpwm_controller:/home/robodog/RoboDog/ros2_ws/install/motion_cmd /usr/bin/cmake --install /home/robodog/RoboDog/ros2_ws/build/motion_cmd
