[0.039s] Invoking command in '/home/robodog/RoboDog/ros2_ws/build/i2cpwm_controller': CMAKE_PREFIX_PATH=/opt/ros/humble /usr/bin/cmake /home/robodog/RoboDog/ros2_ws/src/i2cpwm_controller -DCMAKE_INSTALL_PREFIX=/home/robodog/RoboDog/ros2_ws/install/i2cpwm_controller
[0.844s] -- The C compiler identification is GNU 11.4.0
[1.636s] -- The CXX compiler identification is GNU 11.4.0
[1.685s] -- Detecting C compiler ABI info
[2.064s] -- Detecting C compiler ABI info - done
[2.090s] -- Check for working C compiler: /usr/bin/cc - skipped
[2.092s] -- Detecting C compile features
[2.094s] -- Detecting C compile features - done
[2.110s] -- Detecting CXX compiler ABI info
[2.473s] -- Detecting CXX compiler ABI info - done
[2.501s] -- Check for working CXX compiler: /usr/bin/c++ - skipped
[2.502s] -- Detecting CXX compile features
[2.505s] -- Detecting CXX compile features - done
[2.530s] -- Found ament_cmake: 1.3.10 (/opt/ros/humble/share/ament_cmake/cmake)
[3.263s] -- Found Python3: /usr/bin/python3 (found version "3.10.12") found components: Interpreter 
[3.999s] -- Found rclcpp: 16.0.10 (/opt/ros/humble/share/rclcpp/cmake)
[4.317s] -- Found rosidl_generator_c: 3.1.5 (/opt/ros/humble/share/rosidl_generator_c/cmake)
[4.357s] -- Found rosidl_adapter: 3.1.5 (/opt/ros/humble/share/rosidl_adapter/cmake)
[4.412s] -- Found rosidl_generator_cpp: 3.1.5 (/opt/ros/humble/share/rosidl_generator_cpp/cmake)
[4.481s] -- Using all available rosidl_typesupport_c: rosidl_typesupport_fastrtps_c;rosidl_typesupport_introspection_c
[4.578s] -- Using all available rosidl_typesupport_cpp: rosidl_typesupport_fastrtps_cpp;rosidl_typesupport_introspection_cpp
[4.848s] -- Found rmw_implementation_cmake: 6.1.2 (/opt/ros/humble/share/rmw_implementation_cmake/cmake)
[4.869s] -- Found rmw_fastrtps_cpp: 6.2.7 (/opt/ros/humble/share/rmw_fastrtps_cpp/cmake)
[5.410s] -- Found OpenSSL: /usr/lib/aarch64-linux-gnu/libcrypto.so (found version "3.0.2")  
[5.664s] -- Found FastRTPS: /opt/ros/humble/include  
[6.062s] -- Using RMW implementation 'rmw_fastrtps_cpp' as default
[6.132s] -- Looking for pthread.h
[6.498s] -- Looking for pthread.h - found
[6.501s] -- Performing Test CMAKE_HAVE_LIBC_PTHREAD
[6.842s] -- Performing Test CMAKE_HAVE_LIBC_PTHREAD - Success
[6.848s] -- Found Threads: TRUE  
[7.108s] -- Found std_srvs: 4.2.4 (/opt/ros/humble/share/std_srvs/cmake)
[7.159s] -- Found rosidl_default_generators: 1.2.0 (/opt/ros/humble/share/rosidl_default_generators/cmake)
[7.219s] -- Found geometry_msgs: 4.2.4 (/opt/ros/humble/share/geometry_msgs/cmake)
[7.270s] [31mCMake Error at CMakeLists.txt:14 (find_library):
[7.270s]   Could not find I2C_LIBRARY using the following names: i2c
[7.271s] 
[7.271s] [0m
[7.271s] -- Configuring incomplete, errors occurred!
[7.272s] See also "/home/robodog/RoboDog/ros2_ws/build/i2cpwm_controller/CMakeFiles/CMakeOutput.log".
[7.308s] Invoked command in '/home/robodog/RoboDog/ros2_ws/build/i2cpwm_controller' returned '1': CMAKE_PREFIX_PATH=/opt/ros/humble /usr/bin/cmake /home/robodog/RoboDog/ros2_ws/src/i2cpwm_controller -DCMAKE_INSTALL_PREFIX=/home/robodog/RoboDog/ros2_ws/install/i2cpwm_controller
