[0.440s] DEBUG:colcon:Command line arguments: ['/usr/bin/colcon', 'build', '--cmake-args', '-Wno-dev']
[0.440s] DEBUG:colcon:Parsed command line arguments: Namespace(log_base=None, log_level=None, verb_name='build', build_base='build', install_base='install', merge_install=False, symlink_install=False, test_result_base=None, continue_on_error=False, executor='parallel', parallel_workers=4, event_handlers=None, ignore_user_meta=False, metas=['./colcon.meta'], base_paths=['.'], packages_ignore=None, packages_ignore_regex=None, paths=None, packages_up_to=None, packages_up_to_regex=None, packages_above=None, packages_above_and_dependencies=None, packages_above_depth=None, packages_select_by_dep=None, packages_skip_by_dep=None, packages_skip_up_to=None, packages_select_build_failed=False, packages_skip_build_finished=False, packages_select_test_failures=False, packages_skip_test_passed=False, packages_select=None, packages_skip=None, packages_select_regex=None, packages_skip_regex=None, packages_start=None, packages_end=None, allow_overriding=[], cmake_args=['-Wno-dev'], cmake_target=None, cmake_target_skip_unavailable=False, cmake_clean_cache=False, cmake_clean_first=False, cmake_force_configure=False, ament_cmake_args=None, catkin_cmake_args=None, catkin_skip_building_tests=False, verb_parser=<colcon_defaults.argument_parser.defaults.DefaultArgumentsDecorator object at 0xffffba2cb700>, verb_extension=<colcon_core.verb.build.BuildVerb object at 0xffffba450310>, main=<bound method BuildVerb.main of <colcon_core.verb.build.BuildVerb object at 0xffffba450310>>)
[1.197s] Level 1:colcon.colcon_core.package_discovery:discover_packages(colcon_meta) check parameters
[1.198s] Level 1:colcon.colcon_core.package_discovery:discover_packages(recursive) check parameters
[1.198s] Level 1:colcon.colcon_core.package_discovery:discover_packages(ignore) check parameters
[1.198s] Level 1:colcon.colcon_core.package_discovery:discover_packages(path) check parameters
[1.198s] Level 1:colcon.colcon_core.package_discovery:discover_packages(colcon_meta) discover
[1.199s] Level 1:colcon.colcon_core.package_discovery:discover_packages(recursive) discover
[1.199s] INFO:colcon.colcon_core.package_discovery:Crawling recursively for packages in '/home/robodog/RoboDog/ros2_ws'
[1.199s] Level 1:colcon.colcon_core.package_identification:_identify(.) by extensions ['ignore', 'ignore_ament_install']
[1.200s] Level 1:colcon.colcon_core.package_identification:_identify(.) by extension 'ignore'
[1.200s] Level 1:colcon.colcon_core.package_identification:_identify(.) by extension 'ignore_ament_install'
[1.200s] Level 1:colcon.colcon_core.package_identification:_identify(.) by extensions ['colcon_pkg']
[1.200s] Level 1:colcon.colcon_core.package_identification:_identify(.) by extension 'colcon_pkg'
[1.200s] Level 1:colcon.colcon_core.package_identification:_identify(.) by extensions ['colcon_meta']
[1.201s] Level 1:colcon.colcon_core.package_identification:_identify(.) by extension 'colcon_meta'
[1.201s] Level 1:colcon.colcon_core.package_identification:_identify(.) by extensions ['ros']
[1.201s] Level 1:colcon.colcon_core.package_identification:_identify(.) by extension 'ros'
[1.248s] Level 1:colcon.colcon_core.package_identification:_identify(.) by extensions ['cmake', 'python']
[1.248s] Level 1:colcon.colcon_core.package_identification:_identify(.) by extension 'cmake'
[1.248s] Level 1:colcon.colcon_core.package_identification:_identify(.) by extension 'python'
[1.249s] Level 1:colcon.colcon_core.package_identification:_identify(.) by extensions ['python_setup_py']
[1.249s] Level 1:colcon.colcon_core.package_identification:_identify(.) by extension 'python_setup_py'
[1.249s] Level 1:colcon.colcon_core.package_identification:_identify(build) by extensions ['ignore', 'ignore_ament_install']
[1.250s] Level 1:colcon.colcon_core.package_identification:_identify(build) by extension 'ignore'
[1.250s] Level 1:colcon.colcon_core.package_identification:_identify(build) ignored
[1.251s] Level 1:colcon.colcon_core.package_identification:_identify(install) by extensions ['ignore', 'ignore_ament_install']
[1.251s] Level 1:colcon.colcon_core.package_identification:_identify(install) by extension 'ignore'
[1.251s] Level 1:colcon.colcon_core.package_identification:_identify(install) ignored
[1.252s] Level 1:colcon.colcon_core.package_identification:_identify(log) by extensions ['ignore', 'ignore_ament_install']
[1.252s] Level 1:colcon.colcon_core.package_identification:_identify(log) by extension 'ignore'
[1.252s] Level 1:colcon.colcon_core.package_identification:_identify(log) ignored
[1.253s] Level 1:colcon.colcon_core.package_identification:_identify(src) by extensions ['ignore', 'ignore_ament_install']
[1.253s] Level 1:colcon.colcon_core.package_identification:_identify(src) by extension 'ignore'
[1.253s] Level 1:colcon.colcon_core.package_identification:_identify(src) by extension 'ignore_ament_install'
[1.254s] Level 1:colcon.colcon_core.package_identification:_identify(src) by extensions ['colcon_pkg']
[1.254s] Level 1:colcon.colcon_core.package_identification:_identify(src) by extension 'colcon_pkg'
[1.254s] Level 1:colcon.colcon_core.package_identification:_identify(src) by extensions ['colcon_meta']
[1.254s] Level 1:colcon.colcon_core.package_identification:_identify(src) by extension 'colcon_meta'
[1.254s] Level 1:colcon.colcon_core.package_identification:_identify(src) by extensions ['ros']
[1.254s] Level 1:colcon.colcon_core.package_identification:_identify(src) by extension 'ros'
[1.255s] Level 1:colcon.colcon_core.package_identification:_identify(src) by extensions ['cmake', 'python']
[1.255s] Level 1:colcon.colcon_core.package_identification:_identify(src) by extension 'cmake'
[1.255s] Level 1:colcon.colcon_core.package_identification:_identify(src) by extension 'python'
[1.255s] Level 1:colcon.colcon_core.package_identification:_identify(src) by extensions ['python_setup_py']
[1.255s] Level 1:colcon.colcon_core.package_identification:_identify(src) by extension 'python_setup_py'
[1.256s] Level 1:colcon.colcon_core.package_identification:_identify(src/i2cpwm_controller) by extensions ['ignore', 'ignore_ament_install']
[1.256s] Level 1:colcon.colcon_core.package_identification:_identify(src/i2cpwm_controller) by extension 'ignore'
[1.257s] Level 1:colcon.colcon_core.package_identification:_identify(src/i2cpwm_controller) by extension 'ignore_ament_install'
[1.257s] Level 1:colcon.colcon_core.package_identification:_identify(src/i2cpwm_controller) by extensions ['colcon_pkg']
[1.257s] Level 1:colcon.colcon_core.package_identification:_identify(src/i2cpwm_controller) by extension 'colcon_pkg'
[1.257s] Level 1:colcon.colcon_core.package_identification:_identify(src/i2cpwm_controller) by extensions ['colcon_meta']
[1.257s] Level 1:colcon.colcon_core.package_identification:_identify(src/i2cpwm_controller) by extension 'colcon_meta'
[1.257s] Level 1:colcon.colcon_core.package_identification:_identify(src/i2cpwm_controller) by extensions ['ros']
[1.258s] Level 1:colcon.colcon_core.package_identification:_identify(src/i2cpwm_controller) by extension 'ros'
[1.267s] DEBUG:colcon.colcon_core.package_identification:Package 'src/i2cpwm_controller' with type 'ros.ament_cmake' and name 'i2cpwm_controller'
[1.268s] Level 1:colcon.colcon_core.package_identification:_identify(src/motion_cmd) by extensions ['ignore', 'ignore_ament_install']
[1.268s] Level 1:colcon.colcon_core.package_identification:_identify(src/motion_cmd) by extension 'ignore'
[1.269s] Level 1:colcon.colcon_core.package_identification:_identify(src/motion_cmd) by extension 'ignore_ament_install'
[1.269s] Level 1:colcon.colcon_core.package_identification:_identify(src/motion_cmd) by extensions ['colcon_pkg']
[1.269s] Level 1:colcon.colcon_core.package_identification:_identify(src/motion_cmd) by extension 'colcon_pkg'
[1.269s] Level 1:colcon.colcon_core.package_identification:_identify(src/motion_cmd) by extensions ['colcon_meta']
[1.269s] Level 1:colcon.colcon_core.package_identification:_identify(src/motion_cmd) by extension 'colcon_meta'
[1.270s] Level 1:colcon.colcon_core.package_identification:_identify(src/motion_cmd) by extensions ['ros']
[1.270s] Level 1:colcon.colcon_core.package_identification:_identify(src/motion_cmd) by extension 'ros'
[1.273s] DEBUG:colcon.colcon_core.package_identification:Package 'src/motion_cmd' with type 'ros.catkin' and name 'motion_cmd'
[1.274s] Level 1:colcon.colcon_core.package_identification:_identify(src/servo_calibration) by extensions ['ignore', 'ignore_ament_install']
[1.274s] Level 1:colcon.colcon_core.package_identification:_identify(src/servo_calibration) by extension 'ignore'
[1.275s] Level 1:colcon.colcon_core.package_identification:_identify(src/servo_calibration) by extension 'ignore_ament_install'
[1.275s] Level 1:colcon.colcon_core.package_identification:_identify(src/servo_calibration) by extensions ['colcon_pkg']
[1.275s] Level 1:colcon.colcon_core.package_identification:_identify(src/servo_calibration) by extension 'colcon_pkg'
[1.275s] Level 1:colcon.colcon_core.package_identification:_identify(src/servo_calibration) by extensions ['colcon_meta']
[1.276s] Level 1:colcon.colcon_core.package_identification:_identify(src/servo_calibration) by extension 'colcon_meta'
[1.276s] Level 1:colcon.colcon_core.package_identification:_identify(src/servo_calibration) by extensions ['ros']
[1.276s] Level 1:colcon.colcon_core.package_identification:_identify(src/servo_calibration) by extension 'ros'
[1.278s] DEBUG:colcon.colcon_core.package_identification:Package 'src/servo_calibration' with type 'ros.ament_python' and name 'servo_calibration'
[1.278s] Level 1:colcon.colcon_core.package_discovery:discover_packages(recursive) using defaults
[1.279s] Level 1:colcon.colcon_core.package_discovery:discover_packages(ignore) discover
[1.279s] Level 1:colcon.colcon_core.package_discovery:discover_packages(ignore) using defaults
[1.279s] Level 1:colcon.colcon_core.package_discovery:discover_packages(path) discover
[1.279s] Level 1:colcon.colcon_core.package_discovery:discover_packages(path) using defaults
[1.357s] Level 1:colcon.colcon_core.package_discovery:discover_packages(prefix_path) check parameters
[1.358s] Level 1:colcon.colcon_core.package_discovery:discover_packages(prefix_path) discover
[1.366s] DEBUG:colcon.colcon_installed_package_information.package_discovery:Found 3 installed packages in /home/robodog/RoboDog/ros2_ws/install
[1.375s] DEBUG:colcon.colcon_installed_package_information.package_discovery:Found 270 installed packages in /opt/ros/humble
[1.386s] Level 1:colcon.colcon_core.package_discovery:discover_packages(prefix_path) using defaults
[1.589s] Level 5:colcon.colcon_core.verb:set package 'i2cpwm_controller' build argument 'cmake_args' from command line to '['-Wno-dev']'
[1.590s] Level 5:colcon.colcon_core.verb:set package 'i2cpwm_controller' build argument 'cmake_target' from command line to 'None'
[1.590s] Level 5:colcon.colcon_core.verb:set package 'i2cpwm_controller' build argument 'cmake_target_skip_unavailable' from command line to 'False'
[1.590s] Level 5:colcon.colcon_core.verb:set package 'i2cpwm_controller' build argument 'cmake_clean_cache' from command line to 'False'
[1.590s] Level 5:colcon.colcon_core.verb:set package 'i2cpwm_controller' build argument 'cmake_clean_first' from command line to 'False'
[1.590s] Level 5:colcon.colcon_core.verb:set package 'i2cpwm_controller' build argument 'cmake_force_configure' from command line to 'False'
[1.590s] Level 5:colcon.colcon_core.verb:set package 'i2cpwm_controller' build argument 'ament_cmake_args' from command line to 'None'
[1.590s] Level 5:colcon.colcon_core.verb:set package 'i2cpwm_controller' build argument 'catkin_cmake_args' from command line to 'None'
[1.590s] Level 5:colcon.colcon_core.verb:set package 'i2cpwm_controller' build argument 'catkin_skip_building_tests' from command line to 'False'
[1.591s] DEBUG:colcon.colcon_core.verb:Building package 'i2cpwm_controller' with the following arguments: {'ament_cmake_args': None, 'build_base': '/home/robodog/RoboDog/ros2_ws/build/i2cpwm_controller', 'catkin_cmake_args': None, 'catkin_skip_building_tests': False, 'cmake_args': ['-Wno-dev'], 'cmake_clean_cache': False, 'cmake_clean_first': False, 'cmake_force_configure': False, 'cmake_target': None, 'cmake_target_skip_unavailable': False, 'install_base': '/home/robodog/RoboDog/ros2_ws/install/i2cpwm_controller', 'merge_install': False, 'path': '/home/robodog/RoboDog/ros2_ws/src/i2cpwm_controller', 'symlink_install': False, 'test_result_base': None}
[1.592s] Level 5:colcon.colcon_core.verb:set package 'motion_cmd' build argument 'cmake_args' from command line to '['-Wno-dev']'
[1.593s] Level 5:colcon.colcon_core.verb:set package 'motion_cmd' build argument 'cmake_target' from command line to 'None'
[1.593s] Level 5:colcon.colcon_core.verb:set package 'motion_cmd' build argument 'cmake_target_skip_unavailable' from command line to 'False'
[1.593s] Level 5:colcon.colcon_core.verb:set package 'motion_cmd' build argument 'cmake_clean_cache' from command line to 'False'
[1.593s] Level 5:colcon.colcon_core.verb:set package 'motion_cmd' build argument 'cmake_clean_first' from command line to 'False'
[1.593s] Level 5:colcon.colcon_core.verb:set package 'motion_cmd' build argument 'cmake_force_configure' from command line to 'False'
[1.593s] Level 5:colcon.colcon_core.verb:set package 'motion_cmd' build argument 'ament_cmake_args' from command line to 'None'
[1.593s] Level 5:colcon.colcon_core.verb:set package 'motion_cmd' build argument 'catkin_cmake_args' from command line to 'None'
[1.593s] Level 5:colcon.colcon_core.verb:set package 'motion_cmd' build argument 'catkin_skip_building_tests' from command line to 'False'
[1.593s] DEBUG:colcon.colcon_core.verb:Building package 'motion_cmd' with the following arguments: {'ament_cmake_args': None, 'build_base': '/home/robodog/RoboDog/ros2_ws/build/motion_cmd', 'catkin_cmake_args': None, 'catkin_skip_building_tests': False, 'cmake_args': ['-Wno-dev'], 'cmake_clean_cache': False, 'cmake_clean_first': False, 'cmake_force_configure': False, 'cmake_target': None, 'cmake_target_skip_unavailable': False, 'install_base': '/home/robodog/RoboDog/ros2_ws/install/motion_cmd', 'merge_install': False, 'path': '/home/robodog/RoboDog/ros2_ws/src/motion_cmd', 'symlink_install': False, 'test_result_base': None}
[1.595s] Level 5:colcon.colcon_core.verb:set package 'servo_calibration' build argument 'cmake_args' from command line to '['-Wno-dev']'
[1.595s] Level 5:colcon.colcon_core.verb:set package 'servo_calibration' build argument 'cmake_target' from command line to 'None'
[1.595s] Level 5:colcon.colcon_core.verb:set package 'servo_calibration' build argument 'cmake_target_skip_unavailable' from command line to 'False'
[1.595s] Level 5:colcon.colcon_core.verb:set package 'servo_calibration' build argument 'cmake_clean_cache' from command line to 'False'
[1.596s] Level 5:colcon.colcon_core.verb:set package 'servo_calibration' build argument 'cmake_clean_first' from command line to 'False'
[1.596s] Level 5:colcon.colcon_core.verb:set package 'servo_calibration' build argument 'cmake_force_configure' from command line to 'False'
[1.596s] Level 5:colcon.colcon_core.verb:set package 'servo_calibration' build argument 'ament_cmake_args' from command line to 'None'
[1.596s] Level 5:colcon.colcon_core.verb:set package 'servo_calibration' build argument 'catkin_cmake_args' from command line to 'None'
[1.596s] Level 5:colcon.colcon_core.verb:set package 'servo_calibration' build argument 'catkin_skip_building_tests' from command line to 'False'
[1.596s] DEBUG:colcon.colcon_core.verb:Building package 'servo_calibration' with the following arguments: {'ament_cmake_args': None, 'build_base': '/home/robodog/RoboDog/ros2_ws/build/servo_calibration', 'catkin_cmake_args': None, 'catkin_skip_building_tests': False, 'cmake_args': ['-Wno-dev'], 'cmake_clean_cache': False, 'cmake_clean_first': False, 'cmake_force_configure': False, 'cmake_target': None, 'cmake_target_skip_unavailable': False, 'install_base': '/home/robodog/RoboDog/ros2_ws/install/servo_calibration', 'merge_install': False, 'path': '/home/robodog/RoboDog/ros2_ws/src/servo_calibration', 'symlink_install': False, 'test_result_base': None}
[1.597s] INFO:colcon.colcon_core.executor:Executing jobs using 'parallel' executor
[1.600s] DEBUG:colcon.colcon_parallel_executor.executor.parallel:run_until_complete
[1.601s] INFO:colcon.colcon_ros.task.ament_cmake.build:Building ROS package in '/home/robodog/RoboDog/ros2_ws/src/i2cpwm_controller' with build type 'ament_cmake'
[1.602s] INFO:colcon.colcon_cmake.task.cmake.build:Building CMake package in '/home/robodog/RoboDog/ros2_ws/src/i2cpwm_controller'
[1.611s] INFO:colcon.colcon_core.plugin_system:Skipping extension 'colcon_core.shell.bat': Not used on non-Windows systems
[1.612s] INFO:colcon.colcon_core.shell:Skip shell extension 'powershell' for command environment: Not usable outside of PowerShell
[1.612s] DEBUG:colcon.colcon_core.shell:Skip shell extension 'dsv' for command environment
[1.651s] DEBUG:colcon.colcon_core.event_handler.log_command:Invoking command in '/home/robodog/RoboDog/ros2_ws/build/i2cpwm_controller': CMAKE_PREFIX_PATH=/home/robodog/RoboDog/ros2_ws/install/servo_calibration:/opt/ros/humble:${CMAKE_PREFIX_PATH} /usr/bin/cmake /home/robodog/RoboDog/ros2_ws/src/i2cpwm_controller -Wno-dev -DCMAKE_INSTALL_PREFIX=/home/robodog/RoboDog/ros2_ws/install/i2cpwm_controller
[9.000s] DEBUG:colcon.colcon_core.event_handler.log_command:Invoked command in '/home/robodog/RoboDog/ros2_ws/build/i2cpwm_controller' returned '0': CMAKE_PREFIX_PATH=/home/robodog/RoboDog/ros2_ws/install/servo_calibration:/opt/ros/humble:${CMAKE_PREFIX_PATH} /usr/bin/cmake /home/robodog/RoboDog/ros2_ws/src/i2cpwm_controller -Wno-dev -DCMAKE_INSTALL_PREFIX=/home/robodog/RoboDog/ros2_ws/install/i2cpwm_controller
[9.012s] DEBUG:colcon.colcon_core.event_handler.log_command:Invoking command in '/home/robodog/RoboDog/ros2_ws/build/i2cpwm_controller': CMAKE_PREFIX_PATH=/home/robodog/RoboDog/ros2_ws/install/servo_calibration:/opt/ros/humble:${CMAKE_PREFIX_PATH} /usr/bin/cmake --build /home/robodog/RoboDog/ros2_ws/build/i2cpwm_controller -- -j4 -l4
[10.979s] DEBUG:colcon.colcon_core.event_handler.log_command:Invoked command in '/home/robodog/RoboDog/ros2_ws/build/i2cpwm_controller' returned '0': CMAKE_PREFIX_PATH=/home/robodog/RoboDog/ros2_ws/install/servo_calibration:/opt/ros/humble:${CMAKE_PREFIX_PATH} /usr/bin/cmake --build /home/robodog/RoboDog/ros2_ws/build/i2cpwm_controller -- -j4 -l4
[12.385s] DEBUG:colcon.colcon_core.event_handler.log_command:Invoking command in '/home/robodog/RoboDog/ros2_ws/build/i2cpwm_controller': CMAKE_PREFIX_PATH=/home/robodog/RoboDog/ros2_ws/install/servo_calibration:/opt/ros/humble:${CMAKE_PREFIX_PATH} /usr/bin/cmake --install /home/robodog/RoboDog/ros2_ws/build/i2cpwm_controller
[12.760s] Level 1:colcon.colcon_core.environment:create_environment_scripts_only(i2cpwm_controller)
[12.762s] DEBUG:colcon.colcon_core.event_handler.log_command:Invoked command in '/home/robodog/RoboDog/ros2_ws/build/i2cpwm_controller' returned '0': CMAKE_PREFIX_PATH=/home/robodog/RoboDog/ros2_ws/install/servo_calibration:/opt/ros/humble:${CMAKE_PREFIX_PATH} /usr/bin/cmake --install /home/robodog/RoboDog/ros2_ws/build/i2cpwm_controller
[12.772s] Level 1:colcon.colcon_core.environment:checking '/home/robodog/RoboDog/ros2_ws/install/i2cpwm_controller' for CMake module files
[12.777s] Level 1:colcon.colcon_core.environment:checking '/home/robodog/RoboDog/ros2_ws/install/i2cpwm_controller' for CMake config files
[12.785s] Level 1:colcon.colcon_core.shell:create_environment_hook('i2cpwm_controller', 'cmake_prefix_path')
[12.786s] INFO:colcon.colcon_core.shell:Creating environment hook '/home/robodog/RoboDog/ros2_ws/install/i2cpwm_controller/share/i2cpwm_controller/hook/cmake_prefix_path.ps1'
[12.789s] INFO:colcon.colcon_core.shell:Creating environment descriptor '/home/robodog/RoboDog/ros2_ws/install/i2cpwm_controller/share/i2cpwm_controller/hook/cmake_prefix_path.dsv'
[12.791s] INFO:colcon.colcon_core.shell:Creating environment hook '/home/robodog/RoboDog/ros2_ws/install/i2cpwm_controller/share/i2cpwm_controller/hook/cmake_prefix_path.sh'
[12.795s] Level 1:colcon.colcon_core.environment:checking '/home/robodog/RoboDog/ros2_ws/install/i2cpwm_controller/lib'
[12.797s] Level 1:colcon.colcon_core.shell:create_environment_hook('i2cpwm_controller', 'ld_library_path_lib')
[12.798s] INFO:colcon.colcon_core.shell:Creating environment hook '/home/robodog/RoboDog/ros2_ws/install/i2cpwm_controller/share/i2cpwm_controller/hook/ld_library_path_lib.ps1'
[12.800s] INFO:colcon.colcon_core.shell:Creating environment descriptor '/home/robodog/RoboDog/ros2_ws/install/i2cpwm_controller/share/i2cpwm_controller/hook/ld_library_path_lib.dsv'
[12.802s] INFO:colcon.colcon_core.shell:Creating environment hook '/home/robodog/RoboDog/ros2_ws/install/i2cpwm_controller/share/i2cpwm_controller/hook/ld_library_path_lib.sh'
[12.804s] Level 1:colcon.colcon_core.environment:checking '/home/robodog/RoboDog/ros2_ws/install/i2cpwm_controller/bin'
[12.804s] Level 1:colcon.colcon_core.environment:checking '/home/robodog/RoboDog/ros2_ws/install/i2cpwm_controller/lib/pkgconfig/i2cpwm_controller.pc'
[12.805s] Level 1:colcon.colcon_core.environment:checking '/home/robodog/RoboDog/ros2_ws/install/i2cpwm_controller/lib/python3.10/site-packages'
[12.806s] Level 1:colcon.colcon_core.environment:checking '/home/robodog/RoboDog/ros2_ws/install/i2cpwm_controller/bin'
[12.807s] INFO:colcon.colcon_core.shell:Creating package script '/home/robodog/RoboDog/ros2_ws/install/i2cpwm_controller/share/i2cpwm_controller/package.ps1'
[12.811s] INFO:colcon.colcon_core.shell:Creating package descriptor '/home/robodog/RoboDog/ros2_ws/install/i2cpwm_controller/share/i2cpwm_controller/package.dsv'
[12.814s] INFO:colcon.colcon_core.shell:Creating package script '/home/robodog/RoboDog/ros2_ws/install/i2cpwm_controller/share/i2cpwm_controller/package.sh'
[12.817s] INFO:colcon.colcon_core.shell:Creating package script '/home/robodog/RoboDog/ros2_ws/install/i2cpwm_controller/share/i2cpwm_controller/package.bash'
[12.821s] INFO:colcon.colcon_core.shell:Creating package script '/home/robodog/RoboDog/ros2_ws/install/i2cpwm_controller/share/i2cpwm_controller/package.zsh'
[12.824s] Level 1:colcon.colcon_core.environment:create_file_with_runtime_dependencies(/home/robodog/RoboDog/ros2_ws/install/i2cpwm_controller/share/colcon-core/packages/i2cpwm_controller)
[14.199s] Level 1:colcon.colcon_core.environment:create_environment_scripts_only(i2cpwm_controller)
[14.200s] Level 1:colcon.colcon_core.environment:checking '/home/robodog/RoboDog/ros2_ws/install/i2cpwm_controller' for CMake module files
[14.206s] Level 1:colcon.colcon_core.environment:checking '/home/robodog/RoboDog/ros2_ws/install/i2cpwm_controller' for CMake config files
[14.217s] Level 1:colcon.colcon_core.shell:create_environment_hook('i2cpwm_controller', 'cmake_prefix_path')
[14.218s] INFO:colcon.colcon_core.shell:Creating environment hook '/home/robodog/RoboDog/ros2_ws/install/i2cpwm_controller/share/i2cpwm_controller/hook/cmake_prefix_path.ps1'
[14.220s] INFO:colcon.colcon_core.shell:Creating environment descriptor '/home/robodog/RoboDog/ros2_ws/install/i2cpwm_controller/share/i2cpwm_controller/hook/cmake_prefix_path.dsv'
[14.222s] INFO:colcon.colcon_core.shell:Creating environment hook '/home/robodog/RoboDog/ros2_ws/install/i2cpwm_controller/share/i2cpwm_controller/hook/cmake_prefix_path.sh'
[14.225s] Level 1:colcon.colcon_core.environment:checking '/home/robodog/RoboDog/ros2_ws/install/i2cpwm_controller/lib'
[14.225s] Level 1:colcon.colcon_core.shell:create_environment_hook('i2cpwm_controller', 'ld_library_path_lib')
[14.226s] INFO:colcon.colcon_core.shell:Creating environment hook '/home/robodog/RoboDog/ros2_ws/install/i2cpwm_controller/share/i2cpwm_controller/hook/ld_library_path_lib.ps1'
[14.228s] INFO:colcon.colcon_core.shell:Creating environment descriptor '/home/robodog/RoboDog/ros2_ws/install/i2cpwm_controller/share/i2cpwm_controller/hook/ld_library_path_lib.dsv'
[14.230s] INFO:colcon.colcon_core.shell:Creating environment hook '/home/robodog/RoboDog/ros2_ws/install/i2cpwm_controller/share/i2cpwm_controller/hook/ld_library_path_lib.sh'
[14.232s] Level 1:colcon.colcon_core.environment:checking '/home/robodog/RoboDog/ros2_ws/install/i2cpwm_controller/bin'
[14.233s] Level 1:colcon.colcon_core.environment:checking '/home/robodog/RoboDog/ros2_ws/install/i2cpwm_controller/lib/pkgconfig/i2cpwm_controller.pc'
[14.234s] Level 1:colcon.colcon_core.environment:checking '/home/robodog/RoboDog/ros2_ws/install/i2cpwm_controller/lib/python3.10/site-packages'
[14.235s] Level 1:colcon.colcon_core.environment:checking '/home/robodog/RoboDog/ros2_ws/install/i2cpwm_controller/bin'
[14.236s] INFO:colcon.colcon_core.shell:Creating package script '/home/robodog/RoboDog/ros2_ws/install/i2cpwm_controller/share/i2cpwm_controller/package.ps1'
[14.239s] INFO:colcon.colcon_core.shell:Creating package descriptor '/home/robodog/RoboDog/ros2_ws/install/i2cpwm_controller/share/i2cpwm_controller/package.dsv'
[14.242s] INFO:colcon.colcon_core.shell:Creating package script '/home/robodog/RoboDog/ros2_ws/install/i2cpwm_controller/share/i2cpwm_controller/package.sh'
[14.244s] INFO:colcon.colcon_core.shell:Creating package script '/home/robodog/RoboDog/ros2_ws/install/i2cpwm_controller/share/i2cpwm_controller/package.bash'
[14.247s] INFO:colcon.colcon_core.shell:Creating package script '/home/robodog/RoboDog/ros2_ws/install/i2cpwm_controller/share/i2cpwm_controller/package.zsh'
[14.249s] Level 1:colcon.colcon_core.environment:create_file_with_runtime_dependencies(/home/robodog/RoboDog/ros2_ws/install/i2cpwm_controller/share/colcon-core/packages/i2cpwm_controller)
[14.251s] INFO:colcon.colcon_ros.task.catkin.build:Building ROS package in '/home/robodog/RoboDog/ros2_ws/src/motion_cmd' with build type 'catkin'
[14.251s] INFO:colcon.colcon_cmake.task.cmake.build:Building CMake package in '/home/robodog/RoboDog/ros2_ws/src/motion_cmd'
[14.252s] INFO:colcon.colcon_core.shell:Skip shell extension 'powershell' for command environment: Not usable outside of PowerShell
[14.253s] DEBUG:colcon.colcon_core.shell:Skip shell extension 'dsv' for command environment
[14.273s] INFO:colcon.colcon_ros.task.ament_python.build:Building ROS package in '/home/robodog/RoboDog/ros2_ws/src/servo_calibration' with build type 'ament_python'
[14.273s] Level 1:colcon.colcon_core.shell:create_environment_hook('servo_calibration', 'ament_prefix_path')
[14.275s] INFO:colcon.colcon_core.shell:Creating environment hook '/home/robodog/RoboDog/ros2_ws/install/servo_calibration/share/servo_calibration/hook/ament_prefix_path.ps1'
[14.277s] INFO:colcon.colcon_core.shell:Creating environment descriptor '/home/robodog/RoboDog/ros2_ws/install/servo_calibration/share/servo_calibration/hook/ament_prefix_path.dsv'
[14.280s] INFO:colcon.colcon_core.shell:Creating environment hook '/home/robodog/RoboDog/ros2_ws/install/servo_calibration/share/servo_calibration/hook/ament_prefix_path.sh'
[14.283s] INFO:colcon.colcon_core.shell:Skip shell extension 'powershell' for command environment: Not usable outside of PowerShell
[14.283s] DEBUG:colcon.colcon_core.shell:Skip shell extension 'dsv' for command environment
[14.328s] DEBUG:colcon.colcon_core.event_handler.log_command:Invoking command in '/home/robodog/RoboDog/ros2_ws/build/motion_cmd': CMAKE_PREFIX_PATH=/home/robodog/RoboDog/ros2_ws/install/i2cpwm_controller:/home/robodog/RoboDog/ros2_ws/install/motion_cmd /usr/bin/cmake --build /home/robodog/RoboDog/ros2_ws/build/motion_cmd -- -j4 -l4
[15.660s] INFO:colcon.colcon_core.task.python.build:Building Python package in '/home/robodog/RoboDog/ros2_ws/src/servo_calibration'
[15.661s] INFO:colcon.colcon_core.shell:Skip shell extension 'powershell' for command environment: Not usable outside of PowerShell
[15.662s] DEBUG:colcon.colcon_core.shell:Skip shell extension 'dsv' for command environment
[15.684s] DEBUG:colcon.colcon_core.event_handler.log_command:Invoked command in '/home/robodog/RoboDog/ros2_ws/build/motion_cmd' returned '0': CMAKE_PREFIX_PATH=/home/robodog/RoboDog/ros2_ws/install/i2cpwm_controller:/home/robodog/RoboDog/ros2_ws/install/motion_cmd /usr/bin/cmake --build /home/robodog/RoboDog/ros2_ws/build/motion_cmd -- -j4 -l4
[16.320s] DEBUG:colcon.colcon_core.event_handler.log_command:Invoking command in '/home/robodog/RoboDog/ros2_ws/build/motion_cmd': CMAKE_PREFIX_PATH=/home/robodog/RoboDog/ros2_ws/install/i2cpwm_controller:/home/robodog/RoboDog/ros2_ws/install/motion_cmd /usr/bin/cmake --install /home/robodog/RoboDog/ros2_ws/build/motion_cmd
[16.382s] DEBUG:colcon.colcon_core.event_handler.log_command:Invoked command in '/home/robodog/RoboDog/ros2_ws/build/motion_cmd' returned '0': CMAKE_PREFIX_PATH=/home/robodog/RoboDog/ros2_ws/install/i2cpwm_controller:/home/robodog/RoboDog/ros2_ws/install/motion_cmd /usr/bin/cmake --install /home/robodog/RoboDog/ros2_ws/build/motion_cmd
[16.675s] Level 1:colcon.colcon_core.shell:create_environment_hook('motion_cmd', 'ros_package_path')
[16.676s] INFO:colcon.colcon_core.shell:Creating environment hook '/home/robodog/RoboDog/ros2_ws/install/motion_cmd/share/motion_cmd/hook/ros_package_path.ps1'
[16.678s] INFO:colcon.colcon_core.shell:Creating environment descriptor '/home/robodog/RoboDog/ros2_ws/install/motion_cmd/share/motion_cmd/hook/ros_package_path.dsv'
[16.680s] INFO:colcon.colcon_core.shell:Creating environment hook '/home/robodog/RoboDog/ros2_ws/install/motion_cmd/share/motion_cmd/hook/ros_package_path.sh'
[16.683s] Level 1:colcon.colcon_core.shell:create_environment_hook('motion_cmd', 'pkg_config_path')
[16.685s] INFO:colcon.colcon_core.shell:Creating environment hook '/home/robodog/RoboDog/ros2_ws/install/motion_cmd/share/motion_cmd/hook/pkg_config_path.ps1'
[16.687s] INFO:colcon.colcon_core.shell:Creating environment descriptor '/home/robodog/RoboDog/ros2_ws/install/motion_cmd/share/motion_cmd/hook/pkg_config_path.dsv'
[16.689s] INFO:colcon.colcon_core.shell:Creating environment hook '/home/robodog/RoboDog/ros2_ws/install/motion_cmd/share/motion_cmd/hook/pkg_config_path.sh'
[16.701s] Level 1:colcon.colcon_core.shell:create_environment_hook('motion_cmd', 'pkg_config_path_multiarch')
[16.702s] INFO:colcon.colcon_core.shell:Creating environment hook '/home/robodog/RoboDog/ros2_ws/install/motion_cmd/share/motion_cmd/hook/pkg_config_path_multiarch.ps1'
[16.705s] INFO:colcon.colcon_core.shell:Creating environment descriptor '/home/robodog/RoboDog/ros2_ws/install/motion_cmd/share/motion_cmd/hook/pkg_config_path_multiarch.dsv'
[16.707s] INFO:colcon.colcon_core.shell:Creating environment hook '/home/robodog/RoboDog/ros2_ws/install/motion_cmd/share/motion_cmd/hook/pkg_config_path_multiarch.sh'
[16.712s] Level 1:colcon.colcon_core.environment:create_environment_scripts_only(motion_cmd)
[16.713s] Level 1:colcon.colcon_core.environment:checking '/home/robodog/RoboDog/ros2_ws/install/motion_cmd' for CMake module files
[16.716s] Level 1:colcon.colcon_core.environment:checking '/home/robodog/RoboDog/ros2_ws/install/motion_cmd' for CMake config files
[16.718s] Level 1:colcon.colcon_core.shell:create_environment_hook('motion_cmd', 'cmake_prefix_path')
[16.719s] INFO:colcon.colcon_core.shell:Creating environment hook '/home/robodog/RoboDog/ros2_ws/install/motion_cmd/share/motion_cmd/hook/cmake_prefix_path.ps1'
[16.722s] INFO:colcon.colcon_core.shell:Creating environment descriptor '/home/robodog/RoboDog/ros2_ws/install/motion_cmd/share/motion_cmd/hook/cmake_prefix_path.dsv'
[16.724s] INFO:colcon.colcon_core.shell:Creating environment hook '/home/robodog/RoboDog/ros2_ws/install/motion_cmd/share/motion_cmd/hook/cmake_prefix_path.sh'
[16.728s] Level 1:colcon.colcon_core.environment:checking '/home/robodog/RoboDog/ros2_ws/install/motion_cmd/lib'
[16.728s] Level 1:colcon.colcon_core.environment:checking '/home/robodog/RoboDog/ros2_ws/install/motion_cmd/bin'
[16.729s] Level 1:colcon.colcon_core.environment:checking '/home/robodog/RoboDog/ros2_ws/install/motion_cmd/lib/pkgconfig/motion_cmd.pc'
[16.730s] Level 1:colcon.colcon_core.environment:checking '/home/robodog/RoboDog/ros2_ws/install/motion_cmd/lib/python3.10/site-packages'
[16.731s] Level 1:colcon.colcon_core.environment:checking '/home/robodog/RoboDog/ros2_ws/install/motion_cmd/bin'
[16.733s] INFO:colcon.colcon_core.shell:Creating package script '/home/robodog/RoboDog/ros2_ws/install/motion_cmd/share/motion_cmd/package.ps1'
[16.736s] INFO:colcon.colcon_core.shell:Creating package descriptor '/home/robodog/RoboDog/ros2_ws/install/motion_cmd/share/motion_cmd/package.dsv'
[16.738s] INFO:colcon.colcon_core.shell:Creating package script '/home/robodog/RoboDog/ros2_ws/install/motion_cmd/share/motion_cmd/package.sh'
[16.741s] INFO:colcon.colcon_core.shell:Creating package script '/home/robodog/RoboDog/ros2_ws/install/motion_cmd/share/motion_cmd/package.bash'
[16.743s] INFO:colcon.colcon_core.shell:Creating package script '/home/robodog/RoboDog/ros2_ws/install/motion_cmd/share/motion_cmd/package.zsh'
[16.746s] Level 1:colcon.colcon_core.environment:create_file_with_runtime_dependencies(/home/robodog/RoboDog/ros2_ws/install/motion_cmd/share/colcon-core/packages/motion_cmd)
[17.285s] DEBUG:colcon.colcon_core.event_handler.log_command:Invoking command in '/home/robodog/RoboDog/ros2_ws/src/servo_calibration': CMAKE_PREFIX_PATH=/home/robodog/RoboDog/ros2_ws/install/i2cpwm_controller:/home/robodog/RoboDog/ros2_ws/install/motion_cmd PYTHONPATH=/home/robodog/RoboDog/ros2_ws/build/servo_calibration/prefix_override:/usr/lib/python3/dist-packages/colcon_core/task/python/colcon_distutils_commands:/home/robodog/RoboDog/ros2_ws/install/servo_calibration/lib/python3.10/site-packages:${PYTHONPATH} /usr/bin/python3 -W ignore:setup.py install is deprecated setup.py egg_info --egg-base ../../build/servo_calibration build --build-base /home/robodog/RoboDog/ros2_ws/build/servo_calibration/build install --record /home/robodog/RoboDog/ros2_ws/build/servo_calibration/install.log --single-version-externally-managed install_data
[18.564s] Level 1:colcon.colcon_core.environment:checking '/home/robodog/RoboDog/ros2_ws/install/servo_calibration' for CMake module files
[18.565s] DEBUG:colcon.colcon_core.event_handler.log_command:Invoked command in '/home/robodog/RoboDog/ros2_ws/src/servo_calibration' returned '0': CMAKE_PREFIX_PATH=/home/robodog/RoboDog/ros2_ws/install/i2cpwm_controller:/home/robodog/RoboDog/ros2_ws/install/motion_cmd PYTHONPATH=/home/robodog/RoboDog/ros2_ws/build/servo_calibration/prefix_override:/usr/lib/python3/dist-packages/colcon_core/task/python/colcon_distutils_commands:/home/robodog/RoboDog/ros2_ws/install/servo_calibration/lib/python3.10/site-packages:${PYTHONPATH} /usr/bin/python3 -W ignore:setup.py install is deprecated setup.py egg_info --egg-base ../../build/servo_calibration build --build-base /home/robodog/RoboDog/ros2_ws/build/servo_calibration/build install --record /home/robodog/RoboDog/ros2_ws/build/servo_calibration/install.log --single-version-externally-managed install_data
[18.567s] Level 1:colcon.colcon_core.environment:checking '/home/robodog/RoboDog/ros2_ws/install/servo_calibration' for CMake config files
[18.570s] Level 1:colcon.colcon_core.environment:checking '/home/robodog/RoboDog/ros2_ws/install/servo_calibration/lib'
[18.571s] Level 1:colcon.colcon_core.environment:checking '/home/robodog/RoboDog/ros2_ws/install/servo_calibration/bin'
[18.571s] Level 1:colcon.colcon_core.environment:checking '/home/robodog/RoboDog/ros2_ws/install/servo_calibration/lib/pkgconfig/servo_calibration.pc'
[18.572s] Level 1:colcon.colcon_core.environment:checking '/home/robodog/RoboDog/ros2_ws/install/servo_calibration/lib/python3.10/site-packages'
[18.573s] Level 1:colcon.colcon_core.shell:create_environment_hook('servo_calibration', 'pythonpath')
[18.574s] INFO:colcon.colcon_core.shell:Creating environment hook '/home/robodog/RoboDog/ros2_ws/install/servo_calibration/share/servo_calibration/hook/pythonpath.ps1'
[18.577s] INFO:colcon.colcon_core.shell:Creating environment descriptor '/home/robodog/RoboDog/ros2_ws/install/servo_calibration/share/servo_calibration/hook/pythonpath.dsv'
[18.579s] INFO:colcon.colcon_core.shell:Creating environment hook '/home/robodog/RoboDog/ros2_ws/install/servo_calibration/share/servo_calibration/hook/pythonpath.sh'
[18.582s] Level 1:colcon.colcon_core.environment:checking '/home/robodog/RoboDog/ros2_ws/install/servo_calibration/bin'
[18.583s] Level 1:colcon.colcon_core.environment:create_environment_scripts_only(servo_calibration)
[18.584s] INFO:colcon.colcon_core.shell:Creating package script '/home/robodog/RoboDog/ros2_ws/install/servo_calibration/share/servo_calibration/package.ps1'
[18.587s] INFO:colcon.colcon_core.shell:Creating package descriptor '/home/robodog/RoboDog/ros2_ws/install/servo_calibration/share/servo_calibration/package.dsv'
[18.590s] INFO:colcon.colcon_core.shell:Creating package script '/home/robodog/RoboDog/ros2_ws/install/servo_calibration/share/servo_calibration/package.sh'
[18.592s] INFO:colcon.colcon_core.shell:Creating package script '/home/robodog/RoboDog/ros2_ws/install/servo_calibration/share/servo_calibration/package.bash'
[18.594s] INFO:colcon.colcon_core.shell:Creating package script '/home/robodog/RoboDog/ros2_ws/install/servo_calibration/share/servo_calibration/package.zsh'
[18.596s] Level 1:colcon.colcon_core.environment:create_file_with_runtime_dependencies(/home/robodog/RoboDog/ros2_ws/install/servo_calibration/share/colcon-core/packages/servo_calibration)
[18.597s] DEBUG:colcon.colcon_parallel_executor.executor.parallel:closing loop
[18.599s] DEBUG:colcon.colcon_parallel_executor.executor.parallel:loop closed
[18.599s] DEBUG:colcon.colcon_parallel_executor.executor.parallel:run_until_complete finished with '0'
[18.599s] DEBUG:colcon.colcon_core.event_reactor:joining thread
[18.622s] INFO:colcon.colcon_core.plugin_system:Skipping extension 'colcon_notification.desktop_notification.terminal_notifier': Not used on non-Darwin systems
[18.623s] INFO:colcon.colcon_core.plugin_system:Skipping extension 'colcon_notification.desktop_notification.win32': Not used on non-Windows systems
[18.623s] INFO:colcon.colcon_notification.desktop_notification:Sending desktop notification using 'notify2'
[18.663s] DEBUG:colcon.colcon_core.event_reactor:joined thread
[18.664s] INFO:colcon.colcon_core.shell:Creating prefix script '/home/robodog/RoboDog/ros2_ws/install/local_setup.ps1'
[18.668s] INFO:colcon.colcon_core.shell:Creating prefix util module '/home/robodog/RoboDog/ros2_ws/install/_local_setup_util_ps1.py'
[18.674s] INFO:colcon.colcon_core.shell:Creating prefix chain script '/home/robodog/RoboDog/ros2_ws/install/setup.ps1'
[18.679s] INFO:colcon.colcon_core.shell:Creating prefix script '/home/robodog/RoboDog/ros2_ws/install/local_setup.sh'
[18.682s] INFO:colcon.colcon_core.shell:Creating prefix util module '/home/robodog/RoboDog/ros2_ws/install/_local_setup_util_sh.py'
[18.685s] INFO:colcon.colcon_core.shell:Creating prefix chain script '/home/robodog/RoboDog/ros2_ws/install/setup.sh'
[18.690s] INFO:colcon.colcon_core.shell:Creating prefix script '/home/robodog/RoboDog/ros2_ws/install/local_setup.bash'
[18.693s] INFO:colcon.colcon_core.shell:Creating prefix chain script '/home/robodog/RoboDog/ros2_ws/install/setup.bash'
[18.698s] INFO:colcon.colcon_core.shell:Creating prefix script '/home/robodog/RoboDog/ros2_ws/install/local_setup.zsh'
[18.701s] INFO:colcon.colcon_core.shell:Creating prefix chain script '/home/robodog/RoboDog/ros2_ws/install/setup.zsh'
