[0.047s] Invoking command in '/home/robodog/RoboDog/ros2_ws/build/motion_cmd': AMENT_PREFIX_PATH=/home/robodog/RoboDog/ros2_ws/install/i2cpwm_controller:${AMENT_PREFIX_PATH} CMAKE_PREFIX_PATH=/home/robodog/RoboDog/ros2_ws/install/i2cpwm_controller LD_LIBRARY_PATH=/home/robodog/RoboDog/ros2_ws/install/i2cpwm_controller/lib:${LD_LIBRARY_PATH} PYTHONPATH=/home/robodog/RoboDog/ros2_ws/install/i2cpwm_controller/local/lib/python3.10/dist-packages:${PYTHONPATH} /usr/bin/cmake --build /home/robodog/RoboDog/ros2_ws/build/motion_cmd -- -j4 -l4
[0.282s] [ 17%] Built target gtest
[0.282s] [ 20%] Built target spot_micro_kinematics
[0.378s] [ 27%] Built target gtest_main
[0.382s] [ 34%] Built target gmock
[0.458s] [35m[1mConsolidate compiler generated dependencies of target smfsm[0m
[0.494s] [ 41%] Built target test_utils
[0.498s] [ 48%] Built target test_spot_micro_leg
[0.537s] [ 55%] Built target test_spot_micro_kinematics
[0.603s] [ 62%] Built target gmock_main
[0.631s] [ 65%] [32mBuilding CXX object CMakeFiles/smfsm.dir/src/smfsm/state.cpp.o[0m
[0.637s] [ 68%] [32mBuilding CXX object CMakeFiles/smfsm.dir/src/smfsm/idle.cpp.o[0m
[0.646s] [ 72%] [32mBuilding CXX object CMakeFiles/smfsm.dir/src/smfsm/stand.cpp.o[0m
[0.661s] [ 75%] [32mBuilding CXX object CMakeFiles/smfsm.dir/src/smfsm/transition_stand.cpp.o[0m
[10.460s] In file included from [01m[K/home/robodog/RoboDog/ros2_ws/src/motion_cmd/src/smfsm/idle.h:5[m[K,
[10.460s]                  from [01m[K/home/robodog/RoboDog/ros2_ws/src/motion_cmd/src/smfsm/idle.cpp:1[m[K:
[10.461s] [01m[K/home/robodog/RoboDog/ros2_ws/src/motion_cmd/src/smfsm/state.h:60:49:[m[K [01;31m[Kerror: [m[K‘[01m[Kstd::unique_ptr[m[K’ has not been declared
[10.462s]    60 |   void SMSchangeState(SpotMicroMotionCmd* smmc, [01;31m[Kstd[m[K::unique_ptr<SpotMicroState> sms);
[10.462s]       |                                                 [01;31m[K^~~[m[K
[10.463s] [01m[K/home/robodog/RoboDog/ros2_ws/src/motion_cmd/src/smfsm/state.h:60:64:[m[K [01;31m[Kerror: [m[Kexpected ‘[01m[K,[m[K’ or ‘[01m[K...[m[K’ before ‘[01m[K<[m[K’ token
[10.464s]    60 |   void SMSchangeState(SpotMicroMotionCmd* smmc, std::unique_ptr[01;31m[K<[m[KSpotMicroState> sms);
[10.464s]       |                                                                [01;31m[K^[m[K
[10.472s] In file included from [01m[K/home/robodog/RoboDog/ros2_ws/src/motion_cmd/src/smfsm/state.cpp:1[m[K:
[10.473s] [01m[K/home/robodog/RoboDog/ros2_ws/src/motion_cmd/src/smfsm/state.h:60:49:[m[K [01;31m[Kerror: [m[K‘[01m[Kstd::unique_ptr[m[K’ has not been declared
[10.474s]    60 |   void SMSchangeState(SpotMicroMotionCmd* smmc, [01;31m[Kstd[m[K::unique_ptr<SpotMicroState> sms);
[10.474s]       |                                                 [01;31m[K^~~[m[K
[10.475s] [01m[K/home/robodog/RoboDog/ros2_ws/src/motion_cmd/src/smfsm/state.h:60:64:[m[K [01;31m[Kerror: [m[Kexpected ‘[01m[K,[m[K’ or ‘[01m[K...[m[K’ before ‘[01m[K<[m[K’ token
[10.476s]    60 |   void SMSchangeState(SpotMicroMotionCmd* smmc, std::unique_ptr[01;31m[K<[m[KSpotMicroState> sms);
[10.477s]       |                                                                [01;31m[K^[m[K
[10.690s] In file included from [01m[K/home/robodog/RoboDog/ros2_ws/src/motion_cmd/src/smfsm/stand.h:3[m[K,
[10.691s]                  from [01m[K/home/robodog/RoboDog/ros2_ws/src/motion_cmd/src/smfsm/stand.cpp:1[m[K:
[10.692s] [01m[K/home/robodog/RoboDog/ros2_ws/src/motion_cmd/src/smfsm/state.h:60:49:[m[K [01;31m[Kerror: [m[K‘[01m[Kstd::unique_ptr[m[K’ has not been declared
[10.693s]    60 |   void SMSchangeState(SpotMicroMotionCmd* smmc, [01;31m[Kstd[m[K::unique_ptr<SpotMicroState> sms);
[10.694s]       |                                                 [01;31m[K^~~[m[K
[10.696s] [01m[K/home/robodog/RoboDog/ros2_ws/src/motion_cmd/src/smfsm/state.h:60:64:[m[K [01;31m[Kerror: [m[Kexpected ‘[01m[K,[m[K’ or ‘[01m[K...[m[K’ before ‘[01m[K<[m[K’ token
[10.697s]    60 |   void SMSchangeState(SpotMicroMotionCmd* smmc, std::unique_ptr[01;31m[K<[m[KSpotMicroState> sms);
[10.699s]       |                                                                [01;31m[K^[m[K
[11.000s] In file included from [01m[K/home/robodog/RoboDog/ros2_ws/src/motion_cmd/src/smfsm/transition_stand.h:5[m[K,
[11.002s]                  from [01m[K/home/robodog/RoboDog/ros2_ws/src/motion_cmd/src/smfsm/transition_stand.cpp:1[m[K:
[11.003s] [01m[K/home/robodog/RoboDog/ros2_ws/src/motion_cmd/src/smfsm/state.h:60:49:[m[K [01;31m[Kerror: [m[K‘[01m[Kstd::unique_ptr[m[K’ has not been declared
[11.003s]    60 |   void SMSchangeState(SpotMicroMotionCmd* smmc, [01;31m[Kstd[m[K::unique_ptr<SpotMicroState> sms);
[11.004s]       |                                                 [01;31m[K^~~[m[K
[11.004s] [01m[K/home/robodog/RoboDog/ros2_ws/src/motion_cmd/src/smfsm/state.h:60:64:[m[K [01;31m[Kerror: [m[Kexpected ‘[01m[K,[m[K’ or ‘[01m[K...[m[K’ before ‘[01m[K<[m[K’ token
[11.005s]    60 |   void SMSchangeState(SpotMicroMotionCmd* smmc, std::unique_ptr[01;31m[K<[m[KSpotMicroState> sms);
[11.006s]       |                                                                [01;31m[K^[m[K
[23.818s] [01m[K/home/robodog/RoboDog/ros2_ws/src/motion_cmd/src/smfsm/state.cpp:20:6:[m[K [01;31m[Kerror: [m[Kno declaration matches ‘[01m[Kvoid SpotMicroState::SMSchangeState(SpotMicroMotionCmd*, std::unique_ptr<SpotMicroState>)[m[K’
[23.821s]    20 | void [01;31m[KSpotMicroState[m[K::SMSchangeState(SpotMicroMotionCmd* smmc, std::unique_ptr<SpotMicroState> sms) {
[23.825s]       |      [01;31m[K^~~~~~~~~~~~~~[m[K
[23.829s] In file included from [01m[K/home/robodog/RoboDog/ros2_ws/src/motion_cmd/src/smfsm/state.cpp:1[m[K:
[23.832s] [01m[K/home/robodog/RoboDog/ros2_ws/src/motion_cmd/src/smfsm/state.h:60:8:[m[K [01;36m[Knote: [m[Kcandidate is: ‘[01m[Kvoid SpotMicroState::SMSchangeState(SpotMicroMotionCmd*, int)[m[K’
[23.835s]    60 |   void [01;36m[KSMSchangeState[m[K(SpotMicroMotionCmd* smmc, std::unique_ptr<SpotMicroState> sms);
[23.851s]       |        [01;36m[K^~~~~~~~~~~~~~[m[K
[23.855s] [01m[K/home/robodog/RoboDog/ros2_ws/src/motion_cmd/src/smfsm/state.h:31:7:[m[K [01;36m[Knote: [m[K‘[01m[Kclass SpotMicroState[m[K’ defined here
[23.858s]    31 | class [01;36m[KSpotMicroState[m[K {
[23.861s]       |       [01;36m[K^~~~~~~~~~~~~~[m[K
[24.019s] [01m[K/home/robodog/RoboDog/ros2_ws/src/motion_cmd/src/smfsm/idle.cpp:[m[K In member function ‘[01m[Kvirtual void SpotMicroIdleState::handleInputCommands(const smk::BodyState&, const SpotMicroNodeConfig&, const Command&, SpotMicroMotionCmd*, smk::BodyState*)[m[K’:
[24.022s] [01m[K/home/robodog/RoboDog/ros2_ws/src/motion_cmd/src/smfsm/idle.cpp:25:73:[m[K [01;31m[Kerror: [m[Kcannot convert ‘[01m[Kstd::_MakeUniq<SpotMicroTransitionStandState>::__single_object[m[K’ {aka ‘[01m[Kstd::unique_ptr<SpotMicroTransitionStandState, std::default_delete<SpotMicroTransitionStandState> >[m[K’} to ‘[01m[Kint[m[K’
[24.026s]    25 |     SMSchangeState(smmc, [01;31m[Kstd::make_unique<SpotMicroTransitionStandState>()[m[K);
[24.029s]       |                          [01;31m[K~~~~~~~~~~~~~~~~~~~~~~~~~~~~~~~~~~~~~~~~~~~~~~~^~[m[K
[24.032s]       |                                                                         [01;31m[K|[m[K
[24.036s]       |                                                                         [01;31m[Kstd::_MakeUniq<SpotMicroTransitionStandState>::__single_object {aka std::unique_ptr<SpotMicroTransitionStandState, std::default_delete<SpotMicroTransitionStandState> >}[m[K
[24.039s] In file included from [01m[K/home/robodog/RoboDog/ros2_ws/src/motion_cmd/src/smfsm/idle.h:5[m[K,
[24.042s]                  from [01m[K/home/robodog/RoboDog/ros2_ws/src/motion_cmd/src/smfsm/idle.cpp:1[m[K:
[24.046s] [01m[K/home/robodog/RoboDog/ros2_ws/src/motion_cmd/src/smfsm/state.h:60:49:[m[K [01;36m[Knote: [m[K  initializing argument 2 of ‘[01m[Kvoid SpotMicroState::SMSchangeState(SpotMicroMotionCmd*, int)[m[K’
[24.049s]    60 |   void SMSchangeState(SpotMicroMotionCmd* smmc, [01;36m[Kstd::unique_ptr[m[K<SpotMicroState> sms);
[24.052s]       |                                                 [01;36m[K^~~~~~~~~~~~~~~[m[K
[24.257s] [01m[K/home/robodog/RoboDog/ros2_ws/src/motion_cmd/src/smfsm/stand.cpp:[m[K In member function ‘[01m[Kvirtual void SpotMicroStandState::handleInputCommands(const smk::BodyState&, const SpotMicroNodeConfig&, const Command&, SpotMicroMotionCmd*, smk::BodyState*)[m[K’:
[24.260s] [01m[K/home/robodog/RoboDog/ros2_ws/src/motion_cmd/src/smfsm/stand.cpp:31:72:[m[K [01;31m[Kerror: [m[Kcannot convert ‘[01m[Kstd::_MakeUniq<SpotMicroTransitionIdleState>::__single_object[m[K’ {aka ‘[01m[Kstd::unique_ptr<SpotMicroTransitionIdleState, std::default_delete<SpotMicroTransitionIdleState> >[m[K’} to ‘[01m[Kint[m[K’
[24.263s]    31 |     SMSchangeState(smmc, [01;31m[Kstd::make_unique<SpotMicroTransitionIdleState>()[m[K);
[24.267s]       |                          [01;31m[K~~~~~~~~~~~~~~~~~~~~~~~~~~~~~~~~~~~~~~~~~~~~~~^~[m[K
[24.271s]       |                                                                        [01;31m[K|[m[K
[24.286s]       |                                                                        [01;31m[Kstd::_MakeUniq<SpotMicroTransitionIdleState>::__single_object {aka std::unique_ptr<SpotMicroTransitionIdleState, std::default_delete<SpotMicroTransitionIdleState> >}[m[K
[24.289s] In file included from [01m[K/home/robodog/RoboDog/ros2_ws/src/motion_cmd/src/smfsm/stand.h:3[m[K,
[24.295s]                  from [01m[K/home/robodog/RoboDog/ros2_ws/src/motion_cmd/src/smfsm/stand.cpp:1[m[K:
[24.299s] [01m[K/home/robodog/RoboDog/ros2_ws/src/motion_cmd/src/smfsm/state.h:60:49:[m[K [01;36m[Knote: [m[K  initializing argument 2 of ‘[01m[Kvoid SpotMicroState::SMSchangeState(SpotMicroMotionCmd*, int)[m[K’
[24.302s]    60 |   void SMSchangeState(SpotMicroMotionCmd* smmc, [01;36m[Kstd::unique_ptr[m[K<SpotMicroState> sms);
[24.305s]       |                                                 [01;36m[K^~~~~~~~~~~~~~~[m[K
[24.309s] [01m[K/home/robodog/RoboDog/ros2_ws/src/motion_cmd/src/smfsm/stand.cpp:34:62:[m[K [01;31m[Kerror: [m[Kcannot convert ‘[01m[Kstd::_MakeUniq<SpotMicroWalkState>::__single_object[m[K’ {aka ‘[01m[Kstd::unique_ptr<SpotMicroWalkState, std::default_delete<SpotMicroWalkState> >[m[K’} to ‘[01m[Kint[m[K’
[24.322s]    34 |     SMSchangeState(smmc, [01;31m[Kstd::make_unique<SpotMicroWalkState>()[m[K);
[24.325s]       |                          [01;31m[K~~~~~~~~~~~~~~~~~~~~~~~~~~~~~~~~~~~~^~[m[K
[24.328s]       |                                                              [01;31m[K|[m[K
[24.331s]       |                                                              [01;31m[Kstd::_MakeUniq<SpotMicroWalkState>::__single_object {aka std::unique_ptr<SpotMicroWalkState, std::default_delete<SpotMicroWalkState> >}[m[K
[24.335s] In file included from [01m[K/home/robodog/RoboDog/ros2_ws/src/motion_cmd/src/smfsm/stand.h:3[m[K,
[24.339s]                  from [01m[K/home/robodog/RoboDog/ros2_ws/src/motion_cmd/src/smfsm/stand.cpp:1[m[K:
[24.342s] [01m[K/home/robodog/RoboDog/ros2_ws/src/motion_cmd/src/smfsm/state.h:60:49:[m[K [01;36m[Knote: [m[K  initializing argument 2 of ‘[01m[Kvoid SpotMicroState::SMSchangeState(SpotMicroMotionCmd*, int)[m[K’
[24.346s]    60 |   void SMSchangeState(SpotMicroMotionCmd* smmc, [01;36m[Kstd::unique_ptr[m[K<SpotMicroState> sms);
[24.362s]       |                                                 [01;36m[K^~~~~~~~~~~~~~~[m[K
[25.066s] [01m[K/home/robodog/RoboDog/ros2_ws/src/motion_cmd/src/smfsm/transition_stand.cpp:[m[K In member function ‘[01m[Kvirtual void SpotMicroTransitionStandState::handleInputCommands(const smk::BodyState&, const SpotMicroNodeConfig&, const Command&, SpotMicroMotionCmd*, smk::BodyState*)[m[K’:
[25.069s] [01m[K/home/robodog/RoboDog/ros2_ws/src/motion_cmd/src/smfsm/transition_stand.cpp:64:63:[m[K [01;31m[Kerror: [m[Kcannot convert ‘[01m[Kstd::_MakeUniq<SpotMicroStandState>::__single_object[m[K’ {aka ‘[01m[Kstd::unique_ptr<SpotMicroStandState, std::default_delete<SpotMicroStandState> >[m[K’} to ‘[01m[Kint[m[K’
[25.073s]    64 |     SMSchangeState(smmc, [01;31m[Kstd::make_unique<SpotMicroStandState>()[m[K);
[25.076s]       |                          [01;31m[K~~~~~~~~~~~~~~~~~~~~~~~~~~~~~~~~~~~~~^~[m[K
[25.079s]       |                                                               [01;31m[K|[m[K
[25.094s]       |                                                               [01;31m[Kstd::_MakeUniq<SpotMicroStandState>::__single_object {aka std::unique_ptr<SpotMicroStandState, std::default_delete<SpotMicroStandState> >}[m[K
[25.097s] In file included from [01m[K/home/robodog/RoboDog/ros2_ws/src/motion_cmd/src/smfsm/transition_stand.h:5[m[K,
[25.100s]                  from [01m[K/home/robodog/RoboDog/ros2_ws/src/motion_cmd/src/smfsm/transition_stand.cpp:1[m[K:
[25.104s] [01m[K/home/robodog/RoboDog/ros2_ws/src/motion_cmd/src/smfsm/state.h:60:49:[m[K [01;36m[Knote: [m[K  initializing argument 2 of ‘[01m[Kvoid SpotMicroState::SMSchangeState(SpotMicroMotionCmd*, int)[m[K’
[25.109s]    60 |   void SMSchangeState(SpotMicroMotionCmd* smmc, [01;36m[Kstd::unique_ptr[m[K<SpotMicroState> sms);
[25.112s]       |                                                 [01;36m[K^~~~~~~~~~~~~~~[m[K
[26.795s] gmake[2]: *** [CMakeFiles/smfsm.dir/build.make:76: CMakeFiles/smfsm.dir/src/smfsm/state.cpp.o] Error 1
[26.799s] gmake[2]: *** Waiting for unfinished jobs....
[26.978s] gmake[2]: *** [CMakeFiles/smfsm.dir/build.make:90: CMakeFiles/smfsm.dir/src/smfsm/idle.cpp.o] Error 1
[27.177s] gmake[2]: *** [CMakeFiles/smfsm.dir/build.make:104: CMakeFiles/smfsm.dir/src/smfsm/stand.cpp.o] Error 1
[27.702s] gmake[2]: *** [CMakeFiles/smfsm.dir/build.make:118: CMakeFiles/smfsm.dir/src/smfsm/transition_stand.cpp.o] Error 1
[27.704s] gmake[1]: *** [CMakeFiles/Makefile2:230: CMakeFiles/smfsm.dir/all] Error 2
[27.704s] gmake: *** [Makefile:146: all] Error 2
[27.711s] Invoked command in '/home/robodog/RoboDog/ros2_ws/build/motion_cmd' returned '2': AMENT_PREFIX_PATH=/home/robodog/RoboDog/ros2_ws/install/i2cpwm_controller:${AMENT_PREFIX_PATH} CMAKE_PREFIX_PATH=/home/robodog/RoboDog/ros2_ws/install/i2cpwm_controller LD_LIBRARY_PATH=/home/robodog/RoboDog/ros2_ws/install/i2cpwm_controller/lib:${LD_LIBRARY_PATH} PYTHONPATH=/home/robodog/RoboDog/ros2_ws/install/i2cpwm_controller/local/lib/python3.10/dist-packages:${PYTHONPATH} /usr/bin/cmake --build /home/robodog/RoboDog/ros2_ws/build/motion_cmd -- -j4 -l4
