[3.012s] Invoking command in '/home/robodog/RoboDog/ros2_ws/src/servo_calibration': CMAKE_PREFIX_PATH=/home/robodog/RoboDog/ros2_ws/install/i2cpwm_controller:/home/robodog/RoboDog/ros2_ws/install/motion_cmd PYTHONPATH=/home/robodog/RoboDog/ros2_ws/build/servo_calibration/prefix_override:/usr/lib/python3/dist-packages/colcon_core/task/python/colcon_distutils_commands:/home/robodog/RoboDog/ros2_ws/install/servo_calibration/lib/python3.10/site-packages:${PYTHONPATH} /usr/bin/python3 -W ignore:setup.py install is deprecated setup.py egg_info --egg-base ../../build/servo_calibration build --build-base /home/robodog/RoboDog/ros2_ws/build/servo_calibration/build install --record /home/robodog/RoboDog/ros2_ws/build/servo_calibration/install.log --single-version-externally-managed install_data
[4.047s] running egg_info
[4.049s] writing ../../build/servo_calibration/servo_calibration.egg-info/PKG-INFO
[4.051s] writing dependency_links to ../../build/servo_calibration/servo_calibration.egg-info/dependency_links.txt
[4.051s] writing entry points to ../../build/servo_calibration/servo_calibration.egg-info/entry_points.txt
[4.052s] writing requirements to ../../build/servo_calibration/servo_calibration.egg-info/requires.txt
[4.053s] writing top-level names to ../../build/servo_calibration/servo_calibration.egg-info/top_level.txt
[4.062s] reading manifest file '../../build/servo_calibration/servo_calibration.egg-info/SOURCES.txt'
[4.063s] adding license file 'LICENSE'
[4.066s] writing manifest file '../../build/servo_calibration/servo_calibration.egg-info/SOURCES.txt'
[4.067s] running build
[4.067s] running build_py
[4.069s] running install
[4.070s] running install_lib
[4.076s] running install_data
[4.077s] running install_egg_info
[4.084s] removing '/home/robodog/RoboDog/ros2_ws/install/servo_calibration/lib/python3.10/site-packages/servo_calibration-0.0.0-py3.10.egg-info' (and everything under it)
[4.086s] Copying ../../build/servo_calibration/servo_calibration.egg-info to /home/robodog/RoboDog/ros2_ws/install/servo_calibration/lib/python3.10/site-packages/servo_calibration-0.0.0-py3.10.egg-info
[4.092s] running install_scripts
[4.172s] Installing servo_calib_node script to /home/robodog/RoboDog/ros2_ws/install/servo_calibration/lib/servo_calibration
[4.174s] writing list of installed files to '/home/robodog/RoboDog/ros2_ws/build/servo_calibration/install.log'
[4.292s] Invoked command in '/home/robodog/RoboDog/ros2_ws/src/servo_calibration' returned '0': CMAKE_PREFIX_PATH=/home/robodog/RoboDog/ros2_ws/install/i2cpwm_controller:/home/robodog/RoboDog/ros2_ws/install/motion_cmd PYTHONPATH=/home/robodog/RoboDog/ros2_ws/build/servo_calibration/prefix_override:/usr/lib/python3/dist-packages/colcon_core/task/python/colcon_distutils_commands:/home/robodog/RoboDog/ros2_ws/install/servo_calibration/lib/python3.10/site-packages:${PYTHONPATH} /usr/bin/python3 -W ignore:setup.py install is deprecated setup.py egg_info --egg-base ../../build/servo_calibration build --build-base /home/robodog/RoboDog/ros2_ws/build/servo_calibration/build install --record /home/robodog/RoboDog/ros2_ws/build/servo_calibration/install.log --single-version-externally-managed install_data
