[4.155s] Invoking command in '/home/robodog/RoboDog/ros2_ws/src/servo_calibration': CMAKE_PREFIX_PATH=/home/robodog/RoboDog/ros2_ws/install/i2cpwm_controller:/home/robodog/RoboDog/ros2_ws/install/motion_cmd PYTHONPATH=/home/robodog/RoboDog/ros2_ws/build/servo_calibration/prefix_override:/usr/lib/python3/dist-packages/colcon_core/task/python/colcon_distutils_commands:/home/robodog/RoboDog/ros2_ws/install/servo_calibration/lib/python3.10/site-packages:${PYTHONPATH} /usr/bin/python3 -W ignore:setup.py install is deprecated setup.py egg_info --egg-base ../../build/servo_calibration build --build-base /home/robodog/RoboDog/ros2_ws/build/servo_calibration/build install --record /home/robodog/RoboDog/ros2_ws/build/servo_calibration/install.log --single-version-externally-managed install_data
[5.407s] running egg_info
[5.410s] writing ../../build/servo_calibration/servo_calibration.egg-info/PKG-INFO
[5.411s] writing dependency_links to ../../build/servo_calibration/servo_calibration.egg-info/dependency_links.txt
[5.412s] writing entry points to ../../build/servo_calibration/servo_calibration.egg-info/entry_points.txt
[5.413s] writing requirements to ../../build/servo_calibration/servo_calibration.egg-info/requires.txt
[5.414s] writing top-level names to ../../build/servo_calibration/servo_calibration.egg-info/top_level.txt
[5.423s] reading manifest file '../../build/servo_calibration/servo_calibration.egg-info/SOURCES.txt'
[5.425s] adding license file 'LICENSE'
[5.427s] writing manifest file '../../build/servo_calibration/servo_calibration.egg-info/SOURCES.txt'
[5.428s] running build
[5.428s] running build_py
[5.432s] running install
[5.432s] running install_lib
[5.438s] running install_data
[5.438s] running install_egg_info
[5.445s] removing '/home/robodog/RoboDog/ros2_ws/install/servo_calibration/lib/python3.10/site-packages/servo_calibration-0.0.0-py3.10.egg-info' (and everything under it)
[5.451s] Copying ../../build/servo_calibration/servo_calibration.egg-info to /home/robodog/RoboDog/ros2_ws/install/servo_calibration/lib/python3.10/site-packages/servo_calibration-0.0.0-py3.10.egg-info
[5.456s] running install_scripts
[5.546s] Installing servo_calib_node script to /home/robodog/RoboDog/ros2_ws/install/servo_calibration/lib/servo_calibration
[5.549s] writing list of installed files to '/home/robodog/RoboDog/ros2_ws/build/servo_calibration/install.log'
[5.702s] Invoked command in '/home/robodog/RoboDog/ros2_ws/src/servo_calibration' returned '0': CMAKE_PREFIX_PATH=/home/robodog/RoboDog/ros2_ws/install/i2cpwm_controller:/home/robodog/RoboDog/ros2_ws/install/motion_cmd PYTHONPATH=/home/robodog/RoboDog/ros2_ws/build/servo_calibration/prefix_override:/usr/lib/python3/dist-packages/colcon_core/task/python/colcon_distutils_commands:/home/robodog/RoboDog/ros2_ws/install/servo_calibration/lib/python3.10/site-packages:${PYTHONPATH} /usr/bin/python3 -W ignore:setup.py install is deprecated setup.py egg_info --egg-base ../../build/servo_calibration build --build-base /home/robodog/RoboDog/ros2_ws/build/servo_calibration/build install --record /home/robodog/RoboDog/ros2_ws/build/servo_calibration/install.log --single-version-externally-managed install_data
