[0.045s] Invoking command in '/home/robodog/RoboDog/ros2_ws/build/i2cpwm_controller': CMAKE_PREFIX_PATH=${CMAKE_PREFIX_PATH}:/home/robodog/RoboDog/ros2_ws/install/servo_calibration:/opt/ros/humble /usr/bin/cmake /home/robodog/RoboDog/ros2_ws/src/i2cpwm_controller -DCMAKE_INSTALL_PREFIX=/home/robodog/RoboDog/ros2_ws/install/i2cpwm_controller
[1.734s] -- The C compiler identification is GNU 11.4.0
[2.514s] -- The CXX compiler identification is GNU 11.4.0
[2.552s] -- Detecting C compiler ABI info
[2.920s] -- Detecting C compiler ABI info - done
[2.945s] -- Check for working C compiler: /usr/bin/cc - skipped
[2.947s] -- Detecting C compile features
[2.949s] -- Detecting C compile features - done
[2.962s] -- Detecting CXX compiler ABI info
[3.324s] -- Detecting CXX compiler ABI info - done
[3.350s] -- Check for working CXX compiler: /usr/bin/c++ - skipped
[3.351s] -- Detecting CXX compile features
[3.353s] -- Detecting CXX compile features - done
[3.383s] -- Found ament_cmake: 1.3.10 (/opt/ros/humble/share/ament_cmake/cmake)
[4.083s] -- Found Python3: /usr/bin/python3 (found version "3.10.12") found components: Interpreter 
[4.593s] -- Found rclcpp: 16.0.10 (/opt/ros/humble/share/rclcpp/cmake)
[4.908s] -- Found rosidl_generator_c: 3.1.5 (/opt/ros/humble/share/rosidl_generator_c/cmake)
[4.949s] -- Found rosidl_adapter: 3.1.5 (/opt/ros/humble/share/rosidl_adapter/cmake)
[5.001s] -- Found rosidl_generator_cpp: 3.1.5 (/opt/ros/humble/share/rosidl_generator_cpp/cmake)
[5.069s] -- Using all available rosidl_typesupport_c: rosidl_typesupport_fastrtps_c;rosidl_typesupport_introspection_c
[5.162s] -- Using all available rosidl_typesupport_cpp: rosidl_typesupport_fastrtps_cpp;rosidl_typesupport_introspection_cpp
[5.426s] -- Found rmw_implementation_cmake: 6.1.2 (/opt/ros/humble/share/rmw_implementation_cmake/cmake)
[5.446s] -- Found rmw_fastrtps_cpp: 6.2.7 (/opt/ros/humble/share/rmw_fastrtps_cpp/cmake)
[5.992s] -- Found OpenSSL: /usr/lib/aarch64-linux-gnu/libcrypto.so (found version "3.0.2")  
[6.240s] -- Found FastRTPS: /opt/ros/humble/include  
[6.638s] -- Using RMW implementation 'rmw_fastrtps_cpp' as default
[6.703s] -- Looking for pthread.h
[7.069s] -- Looking for pthread.h - found
[7.072s] -- Performing Test CMAKE_HAVE_LIBC_PTHREAD
[7.411s] -- Performing Test CMAKE_HAVE_LIBC_PTHREAD - Success
[7.417s] -- Found Threads: TRUE  
[7.665s] -- Found std_srvs: 4.2.4 (/opt/ros/humble/share/std_srvs/cmake)
[7.714s] -- Found rosidl_default_generators: 1.2.0 (/opt/ros/humble/share/rosidl_default_generators/cmake)
[7.773s] -- Found geometry_msgs: 4.2.4 (/opt/ros/humble/share/geometry_msgs/cmake)
[9.317s] -- Found ament_cmake_ros: 0.10.0 (/opt/ros/humble/share/ament_cmake_ros/cmake)
[11.230s] -- Using all available rosidl_typesupport_c: rosidl_typesupport_fastrtps_c;rosidl_typesupport_introspection_c
[11.966s] -- Using all available rosidl_typesupport_cpp: rosidl_typesupport_fastrtps_cpp;rosidl_typesupport_introspection_cpp
[12.070s] -- Found PythonInterp: /usr/bin/python3 (found suitable version "3.10.12", minimum required is "3.6") 
[12.088s] -- Found python_cmake_module: 0.10.0 (/opt/ros/humble/share/python_cmake_module/cmake)
[12.201s] -- Found PythonLibs: /usr/lib/aarch64-linux-gnu/libpython3.10.so (found suitable version "3.10.12", minimum required is "3.5") 
[12.202s] -- Using PYTHON_EXECUTABLE: /usr/bin/python3
[12.202s] -- Using PYTHON_INCLUDE_DIRS: /usr/include/python3.10
[12.203s] -- Using PYTHON_LIBRARIES: /usr/lib/aarch64-linux-gnu/libpython3.10.so
[12.300s] -- Found PythonExtra: .so  
[12.635s] -- Configuring done
[13.029s] -- Generating done
[13.046s] -- Build files have been written to: /home/robodog/RoboDog/ros2_ws/build/i2cpwm_controller
[13.099s] Invoked command in '/home/robodog/RoboDog/ros2_ws/build/i2cpwm_controller' returned '0': CMAKE_PREFIX_PATH=${CMAKE_PREFIX_PATH}:/home/robodog/RoboDog/ros2_ws/install/servo_calibration:/opt/ros/humble /usr/bin/cmake /home/robodog/RoboDog/ros2_ws/src/i2cpwm_controller -DCMAKE_INSTALL_PREFIX=/home/robodog/RoboDog/ros2_ws/install/i2cpwm_controller
[13.108s] Invoking command in '/home/robodog/RoboDog/ros2_ws/build/i2cpwm_controller': CMAKE_PREFIX_PATH=${CMAKE_PREFIX_PATH}:/home/robodog/RoboDog/ros2_ws/install/servo_calibration:/opt/ros/humble /usr/bin/cmake --build /home/robodog/RoboDog/ros2_ws/build/i2cpwm_controller -- -j4 -l4
[13.299s] [  1%] [34m[1mGenerating C code for ROS interfaces[0m
[13.342s] [  1%] [34m[1mGenerating C++ code for ROS interfaces[0m
[13.378s] [  1%] Built target ament_cmake_python_copy_i2cpwm_controller
[14.714s] running egg_info
[14.717s] creating i2cpwm_controller.egg-info
[14.718s] writing i2cpwm_controller.egg-info/PKG-INFO
[14.720s] writing dependency_links to i2cpwm_controller.egg-info/dependency_links.txt
[14.721s] writing top-level names to i2cpwm_controller.egg-info/top_level.txt
[14.722s] writing manifest file 'i2cpwm_controller.egg-info/SOURCES.txt'
[14.731s] reading manifest file 'i2cpwm_controller.egg-info/SOURCES.txt'
[14.734s] writing manifest file 'i2cpwm_controller.egg-info/SOURCES.txt'
[14.876s] [  1%] Built target ament_cmake_python_build_i2cpwm_controller_egg
[17.417s] [  1%] Built target i2cpwm_controller__cpp
[17.471s] [  2%] [34m[1mGenerating C++ type support dispatch for ROS interfaces[0m
[17.514s] [  3%] [34m[1mGenerating C++ type support for eProsima Fast-RTPS[0m
[17.620s] [  3%] [34m[1mGenerating C++ introspection for ROS interfaces[0m
[18.728s] [  4%] [32mBuilding C object CMakeFiles/i2cpwm_controller__rosidl_generator_c.dir/rosidl_generator_c/i2cpwm_controller/msg/detail/position__functions.c.o[0m
[19.070s] [  5%] [32mBuilding C object CMakeFiles/i2cpwm_controller__rosidl_generator_c.dir/rosidl_generator_c/i2cpwm_controller/msg/detail/position_array__functions.c.o[0m
[19.354s] [  6%] [32mBuilding C object CMakeFiles/i2cpwm_controller__rosidl_generator_c.dir/rosidl_generator_c/i2cpwm_controller/msg/detail/servo__functions.c.o[0m
[19.634s] [  7%] [32mBuilding C object CMakeFiles/i2cpwm_controller__rosidl_generator_c.dir/rosidl_generator_c/i2cpwm_controller/msg/detail/servo_array__functions.c.o[0m
[19.936s] [  8%] [32mBuilding C object CMakeFiles/i2cpwm_controller__rosidl_generator_c.dir/rosidl_generator_c/i2cpwm_controller/msg/detail/servo_config__functions.c.o[0m
[20.251s] [  9%] [32mBuilding C object CMakeFiles/i2cpwm_controller__rosidl_generator_c.dir/rosidl_generator_c/i2cpwm_controller/msg/detail/servo_config_array__functions.c.o[0m
[20.537s] [ 10%] [32mBuilding C object CMakeFiles/i2cpwm_controller__rosidl_generator_c.dir/rosidl_generator_c/i2cpwm_controller/srv/detail/drive_mode__functions.c.o[0m
[20.561s] [ 11%] [32mBuilding CXX object CMakeFiles/i2cpwm_controller__rosidl_typesupport_cpp.dir/rosidl_typesupport_cpp/i2cpwm_controller/msg/position__type_support.cpp.o[0m
[20.921s] [ 12%] [32mBuilding C object CMakeFiles/i2cpwm_controller__rosidl_generator_c.dir/rosidl_generator_c/i2cpwm_controller/srv/detail/int_value__functions.c.o[0m
[21.258s] [ 13%] [32mBuilding C object CMakeFiles/i2cpwm_controller__rosidl_generator_c.dir/rosidl_generator_c/i2cpwm_controller/srv/detail/servos_config__functions.c.o[0m
[21.640s] [ 14%] [32mBuilding C object CMakeFiles/i2cpwm_controller__rosidl_generator_c.dir/rosidl_generator_c/i2cpwm_controller/srv/detail/stop_servos__functions.c.o[0m
[21.777s] [ 15%] [32mBuilding CXX object CMakeFiles/i2cpwm_controller__rosidl_typesupport_introspection_cpp.dir/rosidl_typesupport_introspection_cpp/i2cpwm_controller/msg/detail/position__type_support.cpp.o[0m
[21.988s] [ 16%] [32m[1mLinking C shared library libi2cpwm_controller__rosidl_generator_c.so[0m
[22.249s] [ 17%] [32mBuilding CXX object CMakeFiles/i2cpwm_controller__rosidl_typesupport_fastrtps_cpp.dir/rosidl_typesupport_fastrtps_cpp/i2cpwm_controller/msg/detail/dds_fastrtps/position__type_support.cpp.o[0m
[22.257s] [ 17%] Built target i2cpwm_controller__rosidl_generator_c
[22.300s] [ 18%] [32mBuilding CXX object CMakeFiles/i2cpwm_controller__rosidl_typesupport_cpp.dir/rosidl_typesupport_cpp/i2cpwm_controller/msg/position_array__type_support.cpp.o[0m
[22.616s] [ 19%] [32mBuilding CXX object CMakeFiles/i2cpwm_controller__rosidl_typesupport_fastrtps_cpp.dir/rosidl_typesupport_fastrtps_cpp/i2cpwm_controller/msg/detail/dds_fastrtps/position_array__type_support.cpp.o[0m
[24.008s] [ 20%] [32mBuilding CXX object CMakeFiles/i2cpwm_controller__rosidl_typesupport_cpp.dir/rosidl_typesupport_cpp/i2cpwm_controller/msg/servo__type_support.cpp.o[0m
[24.197s] [ 21%] [32mBuilding CXX object CMakeFiles/i2cpwm_controller__rosidl_typesupport_introspection_cpp.dir/rosidl_typesupport_introspection_cpp/i2cpwm_controller/msg/detail/position_array__type_support.cpp.o[0m
[24.836s] [ 22%] [34m[1mGenerating C type support for eProsima Fast-RTPS[0m
[25.449s] [ 23%] [32mBuilding CXX object CMakeFiles/i2cpwm_controller__rosidl_typesupport_fastrtps_cpp.dir/rosidl_typesupport_fastrtps_cpp/i2cpwm_controller/msg/detail/dds_fastrtps/servo__type_support.cpp.o[0m
[25.798s] [ 24%] [32mBuilding CXX object CMakeFiles/i2cpwm_controller__rosidl_typesupport_cpp.dir/rosidl_typesupport_cpp/i2cpwm_controller/msg/servo_array__type_support.cpp.o[0m
[26.837s] [ 25%] [32mBuilding CXX object CMakeFiles/i2cpwm_controller__rosidl_typesupport_introspection_cpp.dir/rosidl_typesupport_introspection_cpp/i2cpwm_controller/msg/detail/servo__type_support.cpp.o[0m
[27.516s] [ 26%] [32mBuilding CXX object CMakeFiles/i2cpwm_controller__rosidl_typesupport_cpp.dir/rosidl_typesupport_cpp/i2cpwm_controller/msg/servo_config__type_support.cpp.o[0m
[27.892s] [ 27%] [32mBuilding CXX object CMakeFiles/i2cpwm_controller__rosidl_typesupport_fastrtps_cpp.dir/rosidl_typesupport_fastrtps_cpp/i2cpwm_controller/msg/detail/dds_fastrtps/servo_array__type_support.cpp.o[0m
[29.216s] [ 27%] [32mBuilding CXX object CMakeFiles/i2cpwm_controller__rosidl_typesupport_cpp.dir/rosidl_typesupport_cpp/i2cpwm_controller/msg/servo_config_array__type_support.cpp.o[0m
[29.220s] [ 28%] [32mBuilding CXX object CMakeFiles/i2cpwm_controller__rosidl_typesupport_introspection_cpp.dir/rosidl_typesupport_introspection_cpp/i2cpwm_controller/msg/detail/servo_array__type_support.cpp.o[0m
[29.940s] [ 29%] [32mBuilding CXX object CMakeFiles/i2cpwm_controller__rosidl_typesupport_fastrtps_c.dir/rosidl_typesupport_fastrtps_c/i2cpwm_controller/msg/detail/position__type_support_c.cpp.o[0m
[30.738s] [ 30%] [32mBuilding CXX object CMakeFiles/i2cpwm_controller__rosidl_typesupport_fastrtps_cpp.dir/rosidl_typesupport_fastrtps_cpp/i2cpwm_controller/msg/detail/dds_fastrtps/servo_config__type_support.cpp.o[0m
[30.920s] [ 31%] [32mBuilding CXX object CMakeFiles/i2cpwm_controller__rosidl_typesupport_cpp.dir/rosidl_typesupport_cpp/i2cpwm_controller/srv/drive_mode__type_support.cpp.o[0m
[31.798s] [ 32%] [32mBuilding CXX object CMakeFiles/i2cpwm_controller__rosidl_typesupport_introspection_cpp.dir/rosidl_typesupport_introspection_cpp/i2cpwm_controller/msg/detail/servo_config__type_support.cpp.o[0m
[32.109s] [ 33%] [32mBuilding CXX object CMakeFiles/i2cpwm_controller__rosidl_typesupport_fastrtps_c.dir/rosidl_typesupport_fastrtps_c/i2cpwm_controller/msg/detail/position_array__type_support_c.cpp.o[0m
[32.661s] [ 34%] [32mBuilding CXX object CMakeFiles/i2cpwm_controller__rosidl_typesupport_cpp.dir/rosidl_typesupport_cpp/i2cpwm_controller/srv/int_value__type_support.cpp.o[0m
[33.232s] [ 35%] [32mBuilding CXX object CMakeFiles/i2cpwm_controller__rosidl_typesupport_fastrtps_cpp.dir/rosidl_typesupport_fastrtps_cpp/i2cpwm_controller/msg/detail/dds_fastrtps/servo_config_array__type_support.cpp.o[0m
[34.170s] [ 36%] [32mBuilding CXX object CMakeFiles/i2cpwm_controller__rosidl_typesupport_introspection_cpp.dir/rosidl_typesupport_introspection_cpp/i2cpwm_controller/msg/detail/servo_config_array__type_support.cpp.o[0m
[34.293s] [ 37%] [32mBuilding CXX object CMakeFiles/i2cpwm_controller__rosidl_typesupport_fastrtps_c.dir/rosidl_typesupport_fastrtps_c/i2cpwm_controller/msg/detail/servo__type_support_c.cpp.o[0m
[34.479s] [ 38%] [32mBuilding CXX object CMakeFiles/i2cpwm_controller__rosidl_typesupport_cpp.dir/rosidl_typesupport_cpp/i2cpwm_controller/srv/servos_config__type_support.cpp.o[0m
[36.069s] [ 39%] [32mBuilding CXX object CMakeFiles/i2cpwm_controller__rosidl_typesupport_fastrtps_cpp.dir/rosidl_typesupport_fastrtps_cpp/i2cpwm_controller/srv/detail/dds_fastrtps/drive_mode__type_support.cpp.o[0m
[36.291s] [ 40%] [32mBuilding CXX object CMakeFiles/i2cpwm_controller__rosidl_typesupport_cpp.dir/rosidl_typesupport_cpp/i2cpwm_controller/srv/stop_servos__type_support.cpp.o[0m
[36.490s] [ 41%] [32mBuilding CXX object CMakeFiles/i2cpwm_controller__rosidl_typesupport_fastrtps_c.dir/rosidl_typesupport_fastrtps_c/i2cpwm_controller/msg/detail/servo_array__type_support_c.cpp.o[0m
[36.750s] [ 42%] [32mBuilding CXX object CMakeFiles/i2cpwm_controller__rosidl_typesupport_introspection_cpp.dir/rosidl_typesupport_introspection_cpp/i2cpwm_controller/srv/detail/drive_mode__type_support.cpp.o[0m
[37.990s] [ 43%] [32m[1mLinking CXX shared library libi2cpwm_controller__rosidl_typesupport_cpp.so[0m
[38.274s] [ 43%] Built target i2cpwm_controller__rosidl_typesupport_cpp
[38.342s] [ 44%] [34m[1mGenerating C introspection for ROS interfaces[0m
[38.724s] [ 45%] [32mBuilding CXX object CMakeFiles/i2cpwm_controller__rosidl_typesupport_fastrtps_c.dir/rosidl_typesupport_fastrtps_c/i2cpwm_controller/msg/detail/servo_config__type_support_c.cpp.o[0m
[39.054s] [ 46%] [32mBuilding CXX object CMakeFiles/i2cpwm_controller__rosidl_typesupport_fastrtps_cpp.dir/rosidl_typesupport_fastrtps_cpp/i2cpwm_controller/srv/detail/dds_fastrtps/int_value__type_support.cpp.o[0m
[39.536s] [ 47%] [32mBuilding CXX object CMakeFiles/i2cpwm_controller__rosidl_typesupport_introspection_cpp.dir/rosidl_typesupport_introspection_cpp/i2cpwm_controller/srv/detail/int_value__type_support.cpp.o[0m
[40.836s] [ 48%] [32mBuilding CXX object CMakeFiles/i2cpwm_controller__rosidl_typesupport_fastrtps_c.dir/rosidl_typesupport_fastrtps_c/i2cpwm_controller/msg/detail/servo_config_array__type_support_c.cpp.o[0m
[41.589s] [ 49%] [32mBuilding CXX object CMakeFiles/i2cpwm_controller__rosidl_typesupport_fastrtps_cpp.dir/rosidl_typesupport_fastrtps_cpp/i2cpwm_controller/srv/detail/dds_fastrtps/servos_config__type_support.cpp.o[0m
[41.950s] [ 50%] [32mBuilding CXX object CMakeFiles/i2cpwm_controller__rosidl_typesupport_introspection_cpp.dir/rosidl_typesupport_introspection_cpp/i2cpwm_controller/srv/detail/servos_config__type_support.cpp.o[0m
[43.062s] [ 51%] [32mBuilding CXX object CMakeFiles/i2cpwm_controller__rosidl_typesupport_fastrtps_c.dir/rosidl_typesupport_fastrtps_c/i2cpwm_controller/srv/detail/drive_mode__type_support_c.cpp.o[0m
[43.117s] [ 52%] [32mBuilding C object CMakeFiles/i2cpwm_controller__rosidl_typesupport_introspection_c.dir/rosidl_typesupport_introspection_c/i2cpwm_controller/msg/detail/position__type_support.c.o[0m
[43.336s] [ 53%] [32mBuilding C object CMakeFiles/i2cpwm_controller__rosidl_typesupport_introspection_c.dir/rosidl_typesupport_introspection_c/i2cpwm_controller/msg/detail/position_array__type_support.c.o[0m
[43.585s] [ 54%] [32mBuilding C object CMakeFiles/i2cpwm_controller__rosidl_typesupport_introspection_c.dir/rosidl_typesupport_introspection_c/i2cpwm_controller/msg/detail/servo__type_support.c.o[0m
[43.824s] [ 55%] [32mBuilding C object CMakeFiles/i2cpwm_controller__rosidl_typesupport_introspection_c.dir/rosidl_typesupport_introspection_c/i2cpwm_controller/msg/detail/servo_array__type_support.c.o[0m
[44.082s] [ 56%] [32mBuilding C object CMakeFiles/i2cpwm_controller__rosidl_typesupport_introspection_c.dir/rosidl_typesupport_introspection_c/i2cpwm_controller/msg/detail/servo_config__type_support.c.o[0m
[44.318s] [ 57%] [32mBuilding C object CMakeFiles/i2cpwm_controller__rosidl_typesupport_introspection_c.dir/rosidl_typesupport_introspection_c/i2cpwm_controller/msg/detail/servo_config_array__type_support.c.o[0m
[44.545s] [ 58%] [32mBuilding CXX object CMakeFiles/i2cpwm_controller__rosidl_typesupport_fastrtps_cpp.dir/rosidl_typesupport_fastrtps_cpp/i2cpwm_controller/srv/detail/dds_fastrtps/stop_servos__type_support.cpp.o[0m
[44.572s] [ 59%] [32mBuilding C object CMakeFiles/i2cpwm_controller__rosidl_typesupport_introspection_c.dir/rosidl_typesupport_introspection_c/i2cpwm_controller/srv/detail/drive_mode__type_support.c.o[0m
[44.659s] [ 60%] [32mBuilding CXX object CMakeFiles/i2cpwm_controller__rosidl_typesupport_introspection_cpp.dir/rosidl_typesupport_introspection_cpp/i2cpwm_controller/srv/detail/stop_servos__type_support.cpp.o[0m
[44.833s] [ 61%] [32mBuilding C object CMakeFiles/i2cpwm_controller__rosidl_typesupport_introspection_c.dir/rosidl_typesupport_introspection_c/i2cpwm_controller/srv/detail/int_value__type_support.c.o[0m
[45.060s] [ 62%] [32mBuilding C object CMakeFiles/i2cpwm_controller__rosidl_typesupport_introspection_c.dir/rosidl_typesupport_introspection_c/i2cpwm_controller/srv/detail/servos_config__type_support.c.o[0m
[45.330s] [ 63%] [32mBuilding C object CMakeFiles/i2cpwm_controller__rosidl_typesupport_introspection_c.dir/rosidl_typesupport_introspection_c/i2cpwm_controller/srv/detail/stop_servos__type_support.c.o[0m
[45.400s] [ 64%] [32mBuilding CXX object CMakeFiles/i2cpwm_controller__rosidl_typesupport_fastrtps_c.dir/rosidl_typesupport_fastrtps_c/i2cpwm_controller/srv/detail/int_value__type_support_c.cpp.o[0m
[45.575s] [ 65%] [32m[1mLinking C shared library libi2cpwm_controller__rosidl_typesupport_introspection_c.so[0m
[45.864s] [ 65%] Built target i2cpwm_controller__rosidl_typesupport_introspection_c
[45.913s] [ 66%] [32mBuilding CXX object CMakeFiles/i2cpwm_controller__rosidl_typesupport_fastrtps_c.dir/rosidl_typesupport_fastrtps_c/i2cpwm_controller/srv/detail/servos_config__type_support_c.cpp.o[0m
[47.034s] [ 67%] [32m[1mLinking CXX shared library libi2cpwm_controller__rosidl_typesupport_introspection_cpp.so[0m
[47.168s] [ 67%] [32m[1mLinking CXX shared library libi2cpwm_controller__rosidl_typesupport_fastrtps_cpp.so[0m
[47.678s] [ 67%] Built target i2cpwm_controller__rosidl_typesupport_fastrtps_cpp
[47.697s] [ 67%] Built target i2cpwm_controller__rosidl_typesupport_introspection_cpp
[47.723s] [ 67%] [32mBuilding CXX object CMakeFiles/i2cpwm_controller__rosidl_typesupport_fastrtps_c.dir/rosidl_typesupport_fastrtps_c/i2cpwm_controller/srv/detail/stop_servos__type_support_c.cpp.o[0m
[47.754s] [ 68%] [34m[1mGenerating C type support dispatch for ROS interfaces[0m
[47.858s] [ 69%] [32mBuilding CXX object CMakeFiles/i2cpwm_controller_lib.dir/src/i2cpwm_controller.cpp.o[0m
[49.589s] [ 70%] [32m[1mLinking CXX shared library libi2cpwm_controller__rosidl_typesupport_fastrtps_c.so[0m
[49.968s] [ 70%] Built target i2cpwm_controller__rosidl_typesupport_fastrtps_c
[50.448s] [ 71%] [32mBuilding CXX object CMakeFiles/i2cpwm_controller__rosidl_typesupport_c.dir/rosidl_typesupport_c/i2cpwm_controller/msg/position__type_support.cpp.o[0m
[50.451s] [ 72%] [32mBuilding CXX object CMakeFiles/i2cpwm_controller__rosidl_typesupport_c.dir/rosidl_typesupport_c/i2cpwm_controller/msg/position_array__type_support.cpp.o[0m
[50.454s] [ 73%] [32mBuilding CXX object CMakeFiles/i2cpwm_controller__rosidl_typesupport_c.dir/rosidl_typesupport_c/i2cpwm_controller/msg/servo__type_support.cpp.o[0m
[50.626s] [ 74%] [32mBuilding CXX object CMakeFiles/i2cpwm_controller__rosidl_typesupport_c.dir/rosidl_typesupport_c/i2cpwm_controller/msg/servo_array__type_support.cpp.o[0m
[50.634s] [ 74%] [32mBuilding CXX object CMakeFiles/i2cpwm_controller__rosidl_typesupport_c.dir/rosidl_typesupport_c/i2cpwm_controller/msg/servo_config__type_support.cpp.o[0m
[50.640s] [ 75%] [32mBuilding CXX object CMakeFiles/i2cpwm_controller__rosidl_typesupport_c.dir/rosidl_typesupport_c/i2cpwm_controller/msg/servo_config_array__type_support.cpp.o[0m
[50.815s] [ 76%] [32mBuilding CXX object CMakeFiles/i2cpwm_controller__rosidl_typesupport_c.dir/rosidl_typesupport_c/i2cpwm_controller/srv/drive_mode__type_support.cpp.o[0m
[50.818s] [ 77%] [32mBuilding CXX object CMakeFiles/i2cpwm_controller__rosidl_typesupport_c.dir/rosidl_typesupport_c/i2cpwm_controller/srv/int_value__type_support.cpp.o[0m
[50.822s] [ 78%] [32mBuilding CXX object CMakeFiles/i2cpwm_controller__rosidl_typesupport_c.dir/rosidl_typesupport_c/i2cpwm_controller/srv/servos_config__type_support.cpp.o[0m
[51.005s] [ 79%] [32mBuilding CXX object CMakeFiles/i2cpwm_controller__rosidl_typesupport_c.dir/rosidl_typesupport_c/i2cpwm_controller/srv/stop_servos__type_support.cpp.o[0m
[51.174s] [ 80%] [32m[1mLinking CXX shared library libi2cpwm_controller__rosidl_typesupport_c.so[0m
[51.376s] [ 80%] Built target i2cpwm_controller__rosidl_typesupport_c
[51.465s] [ 80%] Built target i2cpwm_controller
[51.558s] [ 81%] [34m[1mGenerating Python code for ROS interfaces[0m
[58.418s] [ 81%] Built target i2cpwm_controller__py
[58.518s] [ 82%] [32mBuilding C object CMakeFiles/i2cpwm_controller__rosidl_generator_py.dir/rosidl_generator_py/i2cpwm_controller/msg/_position_array_s.c.o[0m
[58.520s] [ 82%] [32mBuilding C object CMakeFiles/i2cpwm_controller__rosidl_generator_py.dir/rosidl_generator_py/i2cpwm_controller/msg/_position_s.c.o[0m
[58.529s] [ 83%] [32mBuilding C object CMakeFiles/i2cpwm_controller__rosidl_generator_py.dir/rosidl_generator_py/i2cpwm_controller/msg/_servo_s.c.o[0m
[59.129s] [ 84%] [32mBuilding C object CMakeFiles/i2cpwm_controller__rosidl_generator_py.dir/rosidl_generator_py/i2cpwm_controller/msg/_servo_array_s.c.o[0m
[59.136s] [ 85%] [32mBuilding C object CMakeFiles/i2cpwm_controller__rosidl_generator_py.dir/rosidl_generator_py/i2cpwm_controller/msg/_servo_config_s.c.o[0m
[59.153s] [ 86%] [32mBuilding C object CMakeFiles/i2cpwm_controller__rosidl_generator_py.dir/rosidl_generator_py/i2cpwm_controller/msg/_servo_config_array_s.c.o[0m
[59.727s] [ 87%] [32mBuilding C object CMakeFiles/i2cpwm_controller__rosidl_generator_py.dir/rosidl_generator_py/i2cpwm_controller/srv/_drive_mode_s.c.o[0m
[59.733s] [ 88%] [32mBuilding C object CMakeFiles/i2cpwm_controller__rosidl_generator_py.dir/rosidl_generator_py/i2cpwm_controller/srv/_int_value_s.c.o[0m
[59.759s] [ 89%] [32mBuilding C object CMakeFiles/i2cpwm_controller__rosidl_generator_py.dir/rosidl_generator_py/i2cpwm_controller/srv/_servos_config_s.c.o[0m
[60.352s] [ 90%] [32mBuilding C object CMakeFiles/i2cpwm_controller__rosidl_generator_py.dir/rosidl_generator_py/i2cpwm_controller/srv/_stop_servos_s.c.o[0m
[60.888s] [ 91%] [32m[1mLinking C shared library rosidl_generator_py/i2cpwm_controller/libi2cpwm_controller__rosidl_generator_py.so[0m
[61.128s] [ 91%] Built target i2cpwm_controller__rosidl_generator_py
[61.226s] [ 92%] [32mBuilding C object CMakeFiles/i2cpwm_controller__rosidl_typesupport_fastrtps_c__pyext.dir/rosidl_generator_py/i2cpwm_controller/_i2cpwm_controller_s.ep.rosidl_typesupport_fastrtps_c.c.o[0m
[61.233s] [ 94%] [32mBuilding C object CMakeFiles/i2cpwm_controller__rosidl_typesupport_c__pyext.dir/rosidl_generator_py/i2cpwm_controller/_i2cpwm_controller_s.ep.rosidl_typesupport_c.c.o[0m
[61.236s] [ 94%] [32mBuilding C object CMakeFiles/i2cpwm_controller__rosidl_typesupport_introspection_c__pyext.dir/rosidl_generator_py/i2cpwm_controller/_i2cpwm_controller_s.ep.rosidl_typesupport_introspection_c.c.o[0m
[62.068s] [ 96%] [32m[1mLinking C shared library rosidl_generator_py/i2cpwm_controller/i2cpwm_controller_s__rosidl_typesupport_fastrtps_c.cpython-310-aarch64-linux-gnu.so[0m
[62.070s] [ 96%] [32m[1mLinking C shared library rosidl_generator_py/i2cpwm_controller/i2cpwm_controller_s__rosidl_typesupport_c.cpython-310-aarch64-linux-gnu.so[0m
[62.132s] [ 97%] [32m[1mLinking C shared library rosidl_generator_py/i2cpwm_controller/i2cpwm_controller_s__rosidl_typesupport_introspection_c.cpython-310-aarch64-linux-gnu.so[0m
[62.420s] [ 97%] Built target i2cpwm_controller__rosidl_typesupport_c__pyext
[62.429s] [ 97%] Built target i2cpwm_controller__rosidl_typesupport_fastrtps_c__pyext
[62.497s] [ 97%] Built target i2cpwm_controller__rosidl_typesupport_introspection_c__pyext
[102.043s] [ 98%] [32m[1mLinking CXX shared library libi2cpwm_controller_lib.so[0m
[105.413s] [ 98%] Built target i2cpwm_controller_lib
[105.501s] [ 99%] [32mBuilding CXX object CMakeFiles/i2cpwm_controller_node.dir/src/main.cpp.o[0m
[117.597s] [100%] [32m[1mLinking CXX executable i2cpwm_controller_node[0m
[119.187s] [100%] Built target i2cpwm_controller_node
[119.237s] Invoked command in '/home/robodog/RoboDog/ros2_ws/build/i2cpwm_controller' returned '0': CMAKE_PREFIX_PATH=${CMAKE_PREFIX_PATH}:/home/robodog/RoboDog/ros2_ws/install/servo_calibration:/opt/ros/humble /usr/bin/cmake --build /home/robodog/RoboDog/ros2_ws/build/i2cpwm_controller -- -j4 -l4
[120.593s] Invoking command in '/home/robodog/RoboDog/ros2_ws/build/i2cpwm_controller': CMAKE_PREFIX_PATH=${CMAKE_PREFIX_PATH}:/home/robodog/RoboDog/ros2_ws/install/servo_calibration:/opt/ros/humble /usr/bin/cmake --install /home/robodog/RoboDog/ros2_ws/build/i2cpwm_controller
[120.622s] -- Install configuration: ""
[120.623s] -- Installing: /home/robodog/RoboDog/ros2_ws/install/i2cpwm_controller/share/ament_index/resource_index/rosidl_interfaces/i2cpwm_controller
[120.624s] -- Installing: /home/robodog/RoboDog/ros2_ws/install/i2cpwm_controller/include/i2cpwm_controller/i2cpwm_controller
[120.625s] -- Installing: /home/robodog/RoboDog/ros2_ws/install/i2cpwm_controller/include/i2cpwm_controller/i2cpwm_controller/srv
[120.625s] -- Installing: /home/robodog/RoboDog/ros2_ws/install/i2cpwm_controller/include/i2cpwm_controller/i2cpwm_controller/srv/stop_servos.h
[120.627s] -- Installing: /home/robodog/RoboDog/ros2_ws/install/i2cpwm_controller/include/i2cpwm_controller/i2cpwm_controller/srv/servos_config.h
[120.628s] -- Installing: /home/robodog/RoboDog/ros2_ws/install/i2cpwm_controller/include/i2cpwm_controller/i2cpwm_controller/srv/detail
[120.629s] -- Installing: /home/robodog/RoboDog/ros2_ws/install/i2cpwm_controller/include/i2cpwm_controller/i2cpwm_controller/srv/detail/drive_mode__struct.h
[120.630s] -- Installing: /home/robodog/RoboDog/ros2_ws/install/i2cpwm_controller/include/i2cpwm_controller/i2cpwm_controller/srv/detail/servos_config__type_support.h
[120.631s] -- Installing: /home/robodog/RoboDog/ros2_ws/install/i2cpwm_controller/include/i2cpwm_controller/i2cpwm_controller/srv/detail/int_value__functions.c
[120.632s] -- Installing: /home/robodog/RoboDog/ros2_ws/install/i2cpwm_controller/include/i2cpwm_controller/i2cpwm_controller/srv/detail/drive_mode__functions.h
[120.633s] -- Installing: /home/robodog/RoboDog/ros2_ws/install/i2cpwm_controller/include/i2cpwm_controller/i2cpwm_controller/srv/detail/servos_config__functions.h
[120.635s] -- Installing: /home/robodog/RoboDog/ros2_ws/install/i2cpwm_controller/include/i2cpwm_controller/i2cpwm_controller/srv/detail/stop_servos__functions.c
[120.636s] -- Installing: /home/robodog/RoboDog/ros2_ws/install/i2cpwm_controller/include/i2cpwm_controller/i2cpwm_controller/srv/detail/stop_servos__struct.h
[120.637s] -- Installing: /home/robodog/RoboDog/ros2_ws/install/i2cpwm_controller/include/i2cpwm_controller/i2cpwm_controller/srv/detail/drive_mode__type_support.h
[120.638s] -- Installing: /home/robodog/RoboDog/ros2_ws/install/i2cpwm_controller/include/i2cpwm_controller/i2cpwm_controller/srv/detail/stop_servos__type_support.h
[120.639s] -- Installing: /home/robodog/RoboDog/ros2_ws/install/i2cpwm_controller/include/i2cpwm_controller/i2cpwm_controller/srv/detail/servos_config__functions.c
[120.641s] -- Installing: /home/robodog/RoboDog/ros2_ws/install/i2cpwm_controller/include/i2cpwm_controller/i2cpwm_controller/srv/detail/servos_config__struct.h
[120.642s] -- Installing: /home/robodog/RoboDog/ros2_ws/install/i2cpwm_controller/include/i2cpwm_controller/i2cpwm_controller/srv/detail/drive_mode__functions.c
[120.643s] -- Installing: /home/robodog/RoboDog/ros2_ws/install/i2cpwm_controller/include/i2cpwm_controller/i2cpwm_controller/srv/detail/int_value__type_support.h
[120.645s] -- Installing: /home/robodog/RoboDog/ros2_ws/install/i2cpwm_controller/include/i2cpwm_controller/i2cpwm_controller/srv/detail/int_value__functions.h
[120.646s] -- Installing: /home/robodog/RoboDog/ros2_ws/install/i2cpwm_controller/include/i2cpwm_controller/i2cpwm_controller/srv/detail/int_value__struct.h
[120.647s] -- Installing: /home/robodog/RoboDog/ros2_ws/install/i2cpwm_controller/include/i2cpwm_controller/i2cpwm_controller/srv/detail/stop_servos__functions.h
[120.648s] -- Installing: /home/robodog/RoboDog/ros2_ws/install/i2cpwm_controller/include/i2cpwm_controller/i2cpwm_controller/srv/int_value.h
[120.649s] -- Installing: /home/robodog/RoboDog/ros2_ws/install/i2cpwm_controller/include/i2cpwm_controller/i2cpwm_controller/srv/drive_mode.h
[120.650s] -- Installing: /home/robodog/RoboDog/ros2_ws/install/i2cpwm_controller/include/i2cpwm_controller/i2cpwm_controller/msg
[120.651s] -- Installing: /home/robodog/RoboDog/ros2_ws/install/i2cpwm_controller/include/i2cpwm_controller/i2cpwm_controller/msg/position.h
[120.652s] -- Installing: /home/robodog/RoboDog/ros2_ws/install/i2cpwm_controller/include/i2cpwm_controller/i2cpwm_controller/msg/servo_config.h
[120.653s] -- Installing: /home/robodog/RoboDog/ros2_ws/install/i2cpwm_controller/include/i2cpwm_controller/i2cpwm_controller/msg/servo.h
[120.654s] -- Installing: /home/robodog/RoboDog/ros2_ws/install/i2cpwm_controller/include/i2cpwm_controller/i2cpwm_controller/msg/rosidl_generator_c__visibility_control.h
[120.655s] -- Installing: /home/robodog/RoboDog/ros2_ws/install/i2cpwm_controller/include/i2cpwm_controller/i2cpwm_controller/msg/servo_config_array.h
[120.656s] -- Installing: /home/robodog/RoboDog/ros2_ws/install/i2cpwm_controller/include/i2cpwm_controller/i2cpwm_controller/msg/servo_array.h
[120.657s] -- Installing: /home/robodog/RoboDog/ros2_ws/install/i2cpwm_controller/include/i2cpwm_controller/i2cpwm_controller/msg/position_array.h
[120.658s] -- Installing: /home/robodog/RoboDog/ros2_ws/install/i2cpwm_controller/include/i2cpwm_controller/i2cpwm_controller/msg/detail
[120.659s] -- Installing: /home/robodog/RoboDog/ros2_ws/install/i2cpwm_controller/include/i2cpwm_controller/i2cpwm_controller/msg/detail/servo__type_support.h
[120.661s] -- Installing: /home/robodog/RoboDog/ros2_ws/install/i2cpwm_controller/include/i2cpwm_controller/i2cpwm_controller/msg/detail/servo_config_array__struct.h
[120.662s] -- Installing: /home/robodog/RoboDog/ros2_ws/install/i2cpwm_controller/include/i2cpwm_controller/i2cpwm_controller/msg/detail/position__struct.h
[120.663s] -- Installing: /home/robodog/RoboDog/ros2_ws/install/i2cpwm_controller/include/i2cpwm_controller/i2cpwm_controller/msg/detail/servo_array__struct.h
[120.664s] -- Installing: /home/robodog/RoboDog/ros2_ws/install/i2cpwm_controller/include/i2cpwm_controller/i2cpwm_controller/msg/detail/position_array__functions.c
[120.665s] -- Installing: /home/robodog/RoboDog/ros2_ws/install/i2cpwm_controller/include/i2cpwm_controller/i2cpwm_controller/msg/detail/servo_array__functions.c
[120.666s] -- Installing: /home/robodog/RoboDog/ros2_ws/install/i2cpwm_controller/include/i2cpwm_controller/i2cpwm_controller/msg/detail/servo__functions.h
[120.668s] -- Installing: /home/robodog/RoboDog/ros2_ws/install/i2cpwm_controller/include/i2cpwm_controller/i2cpwm_controller/msg/detail/servo_config_array__type_support.h
[120.669s] -- Installing: /home/robodog/RoboDog/ros2_ws/install/i2cpwm_controller/include/i2cpwm_controller/i2cpwm_controller/msg/detail/servo__functions.c
[120.670s] -- Installing: /home/robodog/RoboDog/ros2_ws/install/i2cpwm_controller/include/i2cpwm_controller/i2cpwm_controller/msg/detail/position_array__struct.h
[120.671s] -- Installing: /home/robodog/RoboDog/ros2_ws/install/i2cpwm_controller/include/i2cpwm_controller/i2cpwm_controller/msg/detail/servo_array__type_support.h
[120.672s] -- Installing: /home/robodog/RoboDog/ros2_ws/install/i2cpwm_controller/include/i2cpwm_controller/i2cpwm_controller/msg/detail/servo_config__struct.h
[120.673s] -- Installing: /home/robodog/RoboDog/ros2_ws/install/i2cpwm_controller/include/i2cpwm_controller/i2cpwm_controller/msg/detail/servo_config_array__functions.c
[120.675s] -- Installing: /home/robodog/RoboDog/ros2_ws/install/i2cpwm_controller/include/i2cpwm_controller/i2cpwm_controller/msg/detail/servo_config__type_support.h
[120.676s] -- Installing: /home/robodog/RoboDog/ros2_ws/install/i2cpwm_controller/include/i2cpwm_controller/i2cpwm_controller/msg/detail/position__functions.c
[120.677s] -- Installing: /home/robodog/RoboDog/ros2_ws/install/i2cpwm_controller/include/i2cpwm_controller/i2cpwm_controller/msg/detail/servo_array__functions.h
[120.678s] -- Installing: /home/robodog/RoboDog/ros2_ws/install/i2cpwm_controller/include/i2cpwm_controller/i2cpwm_controller/msg/detail/servo_config__functions.h
[120.679s] -- Installing: /home/robodog/RoboDog/ros2_ws/install/i2cpwm_controller/include/i2cpwm_controller/i2cpwm_controller/msg/detail/servo_config__functions.c
[120.680s] -- Installing: /home/robodog/RoboDog/ros2_ws/install/i2cpwm_controller/include/i2cpwm_controller/i2cpwm_controller/msg/detail/position_array__functions.h
[120.682s] -- Installing: /home/robodog/RoboDog/ros2_ws/install/i2cpwm_controller/include/i2cpwm_controller/i2cpwm_controller/msg/detail/position__type_support.h
[120.683s] -- Installing: /home/robodog/RoboDog/ros2_ws/install/i2cpwm_controller/include/i2cpwm_controller/i2cpwm_controller/msg/detail/servo_config_array__functions.h
[120.684s] -- Installing: /home/robodog/RoboDog/ros2_ws/install/i2cpwm_controller/include/i2cpwm_controller/i2cpwm_controller/msg/detail/position__functions.h
[120.685s] -- Installing: /home/robodog/RoboDog/ros2_ws/install/i2cpwm_controller/include/i2cpwm_controller/i2cpwm_controller/msg/detail/servo__struct.h
[120.686s] -- Installing: /home/robodog/RoboDog/ros2_ws/install/i2cpwm_controller/include/i2cpwm_controller/i2cpwm_controller/msg/detail/position_array__type_support.h
[120.688s] -- Installing: /home/robodog/RoboDog/ros2_ws/install/i2cpwm_controller/share/i2cpwm_controller/environment/library_path.sh
[120.689s] -- Installing: /home/robodog/RoboDog/ros2_ws/install/i2cpwm_controller/share/i2cpwm_controller/environment/library_path.dsv
[120.691s] -- Installing: /home/robodog/RoboDog/ros2_ws/install/i2cpwm_controller/lib/libi2cpwm_controller__rosidl_generator_c.so
[120.694s] -- Set runtime path of "/home/robodog/RoboDog/ros2_ws/install/i2cpwm_controller/lib/libi2cpwm_controller__rosidl_generator_c.so" to ""
[120.695s] -- Up-to-date: /home/robodog/RoboDog/ros2_ws/install/i2cpwm_controller/include/i2cpwm_controller/i2cpwm_controller
[120.695s] -- Up-to-date: /home/robodog/RoboDog/ros2_ws/install/i2cpwm_controller/include/i2cpwm_controller/i2cpwm_controller/srv
[120.696s] -- Up-to-date: /home/robodog/RoboDog/ros2_ws/install/i2cpwm_controller/include/i2cpwm_controller/i2cpwm_controller/srv/detail
[120.696s] -- Installing: /home/robodog/RoboDog/ros2_ws/install/i2cpwm_controller/include/i2cpwm_controller/i2cpwm_controller/srv/detail/stop_servos__rosidl_typesupport_fastrtps_c.h
[120.698s] -- Installing: /home/robodog/RoboDog/ros2_ws/install/i2cpwm_controller/include/i2cpwm_controller/i2cpwm_controller/srv/detail/drive_mode__rosidl_typesupport_fastrtps_c.h
[120.699s] -- Installing: /home/robodog/RoboDog/ros2_ws/install/i2cpwm_controller/include/i2cpwm_controller/i2cpwm_controller/srv/detail/servos_config__rosidl_typesupport_fastrtps_c.h
[120.700s] -- Installing: /home/robodog/RoboDog/ros2_ws/install/i2cpwm_controller/include/i2cpwm_controller/i2cpwm_controller/srv/detail/int_value__rosidl_typesupport_fastrtps_c.h
[120.701s] -- Up-to-date: /home/robodog/RoboDog/ros2_ws/install/i2cpwm_controller/include/i2cpwm_controller/i2cpwm_controller/msg
[120.702s] -- Up-to-date: /home/robodog/RoboDog/ros2_ws/install/i2cpwm_controller/include/i2cpwm_controller/i2cpwm_controller/msg/detail
[120.702s] -- Installing: /home/robodog/RoboDog/ros2_ws/install/i2cpwm_controller/include/i2cpwm_controller/i2cpwm_controller/msg/detail/position__rosidl_typesupport_fastrtps_c.h
[120.704s] -- Installing: /home/robodog/RoboDog/ros2_ws/install/i2cpwm_controller/include/i2cpwm_controller/i2cpwm_controller/msg/detail/position_array__rosidl_typesupport_fastrtps_c.h
[120.705s] -- Installing: /home/robodog/RoboDog/ros2_ws/install/i2cpwm_controller/include/i2cpwm_controller/i2cpwm_controller/msg/detail/servo_config__rosidl_typesupport_fastrtps_c.h
[120.707s] -- Installing: /home/robodog/RoboDog/ros2_ws/install/i2cpwm_controller/include/i2cpwm_controller/i2cpwm_controller/msg/detail/servo_array__rosidl_typesupport_fastrtps_c.h
[120.708s] -- Installing: /home/robodog/RoboDog/ros2_ws/install/i2cpwm_controller/include/i2cpwm_controller/i2cpwm_controller/msg/detail/servo__rosidl_typesupport_fastrtps_c.h
[120.709s] -- Installing: /home/robodog/RoboDog/ros2_ws/install/i2cpwm_controller/include/i2cpwm_controller/i2cpwm_controller/msg/detail/servo_config_array__rosidl_typesupport_fastrtps_c.h
[120.710s] -- Installing: /home/robodog/RoboDog/ros2_ws/install/i2cpwm_controller/include/i2cpwm_controller/i2cpwm_controller/msg/rosidl_typesupport_fastrtps_c__visibility_control.h
[120.712s] -- Installing: /home/robodog/RoboDog/ros2_ws/install/i2cpwm_controller/lib/libi2cpwm_controller__rosidl_typesupport_fastrtps_c.so
[120.716s] -- Set runtime path of "/home/robodog/RoboDog/ros2_ws/install/i2cpwm_controller/lib/libi2cpwm_controller__rosidl_typesupport_fastrtps_c.so" to ""
[120.716s] -- Up-to-date: /home/robodog/RoboDog/ros2_ws/install/i2cpwm_controller/include/i2cpwm_controller/i2cpwm_controller
[120.718s] -- Up-to-date: /home/robodog/RoboDog/ros2_ws/install/i2cpwm_controller/include/i2cpwm_controller/i2cpwm_controller/srv
[120.718s] -- Installing: /home/robodog/RoboDog/ros2_ws/install/i2cpwm_controller/include/i2cpwm_controller/i2cpwm_controller/srv/servos_config.hpp
[120.719s] -- Installing: /home/robodog/RoboDog/ros2_ws/install/i2cpwm_controller/include/i2cpwm_controller/i2cpwm_controller/srv/stop_servos.hpp
[120.719s] -- Up-to-date: /home/robodog/RoboDog/ros2_ws/install/i2cpwm_controller/include/i2cpwm_controller/i2cpwm_controller/srv/detail
[120.720s] -- Installing: /home/robodog/RoboDog/ros2_ws/install/i2cpwm_controller/include/i2cpwm_controller/i2cpwm_controller/srv/detail/int_value__struct.hpp
[120.721s] -- Installing: /home/robodog/RoboDog/ros2_ws/install/i2cpwm_controller/include/i2cpwm_controller/i2cpwm_controller/srv/detail/int_value__traits.hpp
[120.723s] -- Installing: /home/robodog/RoboDog/ros2_ws/install/i2cpwm_controller/include/i2cpwm_controller/i2cpwm_controller/srv/detail/stop_servos__builder.hpp
[120.724s] -- Installing: /home/robodog/RoboDog/ros2_ws/install/i2cpwm_controller/include/i2cpwm_controller/i2cpwm_controller/srv/detail/stop_servos__struct.hpp
[120.725s] -- Installing: /home/robodog/RoboDog/ros2_ws/install/i2cpwm_controller/include/i2cpwm_controller/i2cpwm_controller/srv/detail/stop_servos__traits.hpp
[120.726s] -- Installing: /home/robodog/RoboDog/ros2_ws/install/i2cpwm_controller/include/i2cpwm_controller/i2cpwm_controller/srv/detail/drive_mode__builder.hpp
[120.727s] -- Installing: /home/robodog/RoboDog/ros2_ws/install/i2cpwm_controller/include/i2cpwm_controller/i2cpwm_controller/srv/detail/servos_config__traits.hpp
[120.729s] -- Installing: /home/robodog/RoboDog/ros2_ws/install/i2cpwm_controller/include/i2cpwm_controller/i2cpwm_controller/srv/detail/servos_config__builder.hpp
[120.730s] -- Installing: /home/robodog/RoboDog/ros2_ws/install/i2cpwm_controller/include/i2cpwm_controller/i2cpwm_controller/srv/detail/int_value__builder.hpp
[120.731s] -- Installing: /home/robodog/RoboDog/ros2_ws/install/i2cpwm_controller/include/i2cpwm_controller/i2cpwm_controller/srv/detail/drive_mode__traits.hpp
[120.732s] -- Installing: /home/robodog/RoboDog/ros2_ws/install/i2cpwm_controller/include/i2cpwm_controller/i2cpwm_controller/srv/detail/drive_mode__struct.hpp
[120.733s] -- Installing: /home/robodog/RoboDog/ros2_ws/install/i2cpwm_controller/include/i2cpwm_controller/i2cpwm_controller/srv/detail/servos_config__struct.hpp
[120.734s] -- Installing: /home/robodog/RoboDog/ros2_ws/install/i2cpwm_controller/include/i2cpwm_controller/i2cpwm_controller/srv/drive_mode.hpp
[120.735s] -- Installing: /home/robodog/RoboDog/ros2_ws/install/i2cpwm_controller/include/i2cpwm_controller/i2cpwm_controller/srv/int_value.hpp
[120.737s] -- Up-to-date: /home/robodog/RoboDog/ros2_ws/install/i2cpwm_controller/include/i2cpwm_controller/i2cpwm_controller/msg
[120.737s] -- Installing: /home/robodog/RoboDog/ros2_ws/install/i2cpwm_controller/include/i2cpwm_controller/i2cpwm_controller/msg/servo_array.hpp
[120.738s] -- Installing: /home/robodog/RoboDog/ros2_ws/install/i2cpwm_controller/include/i2cpwm_controller/i2cpwm_controller/msg/position_array.hpp
[120.739s] -- Installing: /home/robodog/RoboDog/ros2_ws/install/i2cpwm_controller/include/i2cpwm_controller/i2cpwm_controller/msg/position.hpp
[120.740s] -- Installing: /home/robodog/RoboDog/ros2_ws/install/i2cpwm_controller/include/i2cpwm_controller/i2cpwm_controller/msg/servo.hpp
[120.741s] -- Up-to-date: /home/robodog/RoboDog/ros2_ws/install/i2cpwm_controller/include/i2cpwm_controller/i2cpwm_controller/msg/detail
[120.742s] -- Installing: /home/robodog/RoboDog/ros2_ws/install/i2cpwm_controller/include/i2cpwm_controller/i2cpwm_controller/msg/detail/position__struct.hpp
[120.743s] -- Installing: /home/robodog/RoboDog/ros2_ws/install/i2cpwm_controller/include/i2cpwm_controller/i2cpwm_controller/msg/detail/position__traits.hpp
[120.744s] -- Installing: /home/robodog/RoboDog/ros2_ws/install/i2cpwm_controller/include/i2cpwm_controller/i2cpwm_controller/msg/detail/servo_config__traits.hpp
[120.745s] -- Installing: /home/robodog/RoboDog/ros2_ws/install/i2cpwm_controller/include/i2cpwm_controller/i2cpwm_controller/msg/detail/servo__traits.hpp
[120.746s] -- Installing: /home/robodog/RoboDog/ros2_ws/install/i2cpwm_controller/include/i2cpwm_controller/i2cpwm_controller/msg/detail/servo_array__traits.hpp
[120.748s] -- Installing: /home/robodog/RoboDog/ros2_ws/install/i2cpwm_controller/include/i2cpwm_controller/i2cpwm_controller/msg/detail/servo_config_array__traits.hpp
[120.749s] -- Installing: /home/robodog/RoboDog/ros2_ws/install/i2cpwm_controller/include/i2cpwm_controller/i2cpwm_controller/msg/detail/position_array__struct.hpp
[120.750s] -- Installing: /home/robodog/RoboDog/ros2_ws/install/i2cpwm_controller/include/i2cpwm_controller/i2cpwm_controller/msg/detail/servo__struct.hpp
[120.751s] -- Installing: /home/robodog/RoboDog/ros2_ws/install/i2cpwm_controller/include/i2cpwm_controller/i2cpwm_controller/msg/detail/servo_array__builder.hpp
[120.753s] -- Installing: /home/robodog/RoboDog/ros2_ws/install/i2cpwm_controller/include/i2cpwm_controller/i2cpwm_controller/msg/detail/position_array__builder.hpp
[120.754s] -- Installing: /home/robodog/RoboDog/ros2_ws/install/i2cpwm_controller/include/i2cpwm_controller/i2cpwm_controller/msg/detail/servo_config__struct.hpp
[120.755s] -- Installing: /home/robodog/RoboDog/ros2_ws/install/i2cpwm_controller/include/i2cpwm_controller/i2cpwm_controller/msg/detail/servo_array__struct.hpp
[120.756s] -- Installing: /home/robodog/RoboDog/ros2_ws/install/i2cpwm_controller/include/i2cpwm_controller/i2cpwm_controller/msg/detail/position__builder.hpp
[120.757s] -- Installing: /home/robodog/RoboDog/ros2_ws/install/i2cpwm_controller/include/i2cpwm_controller/i2cpwm_controller/msg/detail/servo_config__builder.hpp
[120.758s] -- Installing: /home/robodog/RoboDog/ros2_ws/install/i2cpwm_controller/include/i2cpwm_controller/i2cpwm_controller/msg/detail/position_array__traits.hpp
[120.760s] -- Installing: /home/robodog/RoboDog/ros2_ws/install/i2cpwm_controller/include/i2cpwm_controller/i2cpwm_controller/msg/detail/servo_config_array__builder.hpp
[120.761s] -- Installing: /home/robodog/RoboDog/ros2_ws/install/i2cpwm_controller/include/i2cpwm_controller/i2cpwm_controller/msg/detail/servo_config_array__struct.hpp
[120.762s] -- Installing: /home/robodog/RoboDog/ros2_ws/install/i2cpwm_controller/include/i2cpwm_controller/i2cpwm_controller/msg/detail/servo__builder.hpp
[120.763s] -- Installing: /home/robodog/RoboDog/ros2_ws/install/i2cpwm_controller/include/i2cpwm_controller/i2cpwm_controller/msg/servo_config_array.hpp
[120.764s] -- Installing: /home/robodog/RoboDog/ros2_ws/install/i2cpwm_controller/include/i2cpwm_controller/i2cpwm_controller/msg/servo_config.hpp
[120.765s] -- Up-to-date: /home/robodog/RoboDog/ros2_ws/install/i2cpwm_controller/include/i2cpwm_controller/i2cpwm_controller
[120.766s] -- Up-to-date: /home/robodog/RoboDog/ros2_ws/install/i2cpwm_controller/include/i2cpwm_controller/i2cpwm_controller/srv
[120.766s] -- Up-to-date: /home/robodog/RoboDog/ros2_ws/install/i2cpwm_controller/include/i2cpwm_controller/i2cpwm_controller/srv/detail
[120.767s] -- Installing: /home/robodog/RoboDog/ros2_ws/install/i2cpwm_controller/include/i2cpwm_controller/i2cpwm_controller/srv/detail/stop_servos__rosidl_typesupport_fastrtps_cpp.hpp
[120.768s] -- Installing: /home/robodog/RoboDog/ros2_ws/install/i2cpwm_controller/include/i2cpwm_controller/i2cpwm_controller/srv/detail/drive_mode__rosidl_typesupport_fastrtps_cpp.hpp
[120.770s] -- Installing: /home/robodog/RoboDog/ros2_ws/install/i2cpwm_controller/include/i2cpwm_controller/i2cpwm_controller/srv/detail/dds_fastrtps
[120.771s] -- Installing: /home/robodog/RoboDog/ros2_ws/install/i2cpwm_controller/include/i2cpwm_controller/i2cpwm_controller/srv/detail/int_value__rosidl_typesupport_fastrtps_cpp.hpp
[120.772s] -- Installing: /home/robodog/RoboDog/ros2_ws/install/i2cpwm_controller/include/i2cpwm_controller/i2cpwm_controller/srv/detail/servos_config__rosidl_typesupport_fastrtps_cpp.hpp
[120.773s] -- Up-to-date: /home/robodog/RoboDog/ros2_ws/install/i2cpwm_controller/include/i2cpwm_controller/i2cpwm_controller/msg
[120.774s] -- Installing: /home/robodog/RoboDog/ros2_ws/install/i2cpwm_controller/include/i2cpwm_controller/i2cpwm_controller/msg/rosidl_typesupport_fastrtps_cpp__visibility_control.h
[120.775s] -- Up-to-date: /home/robodog/RoboDog/ros2_ws/install/i2cpwm_controller/include/i2cpwm_controller/i2cpwm_controller/msg/detail
[120.775s] -- Installing: /home/robodog/RoboDog/ros2_ws/install/i2cpwm_controller/include/i2cpwm_controller/i2cpwm_controller/msg/detail/servo_array__rosidl_typesupport_fastrtps_cpp.hpp
[120.777s] -- Installing: /home/robodog/RoboDog/ros2_ws/install/i2cpwm_controller/include/i2cpwm_controller/i2cpwm_controller/msg/detail/servo__rosidl_typesupport_fastrtps_cpp.hpp
[120.778s] -- Installing: /home/robodog/RoboDog/ros2_ws/install/i2cpwm_controller/include/i2cpwm_controller/i2cpwm_controller/msg/detail/position_array__rosidl_typesupport_fastrtps_cpp.hpp
[120.779s] -- Installing: /home/robodog/RoboDog/ros2_ws/install/i2cpwm_controller/include/i2cpwm_controller/i2cpwm_controller/msg/detail/servo_config_array__rosidl_typesupport_fastrtps_cpp.hpp
[120.781s] -- Installing: /home/robodog/RoboDog/ros2_ws/install/i2cpwm_controller/include/i2cpwm_controller/i2cpwm_controller/msg/detail/position__rosidl_typesupport_fastrtps_cpp.hpp
[120.782s] -- Installing: /home/robodog/RoboDog/ros2_ws/install/i2cpwm_controller/include/i2cpwm_controller/i2cpwm_controller/msg/detail/dds_fastrtps
[120.783s] -- Installing: /home/robodog/RoboDog/ros2_ws/install/i2cpwm_controller/include/i2cpwm_controller/i2cpwm_controller/msg/detail/servo_config__rosidl_typesupport_fastrtps_cpp.hpp
[120.785s] -- Installing: /home/robodog/RoboDog/ros2_ws/install/i2cpwm_controller/lib/libi2cpwm_controller__rosidl_typesupport_fastrtps_cpp.so
[120.789s] -- Set runtime path of "/home/robodog/RoboDog/ros2_ws/install/i2cpwm_controller/lib/libi2cpwm_controller__rosidl_typesupport_fastrtps_cpp.so" to ""
[120.789s] -- Up-to-date: /home/robodog/RoboDog/ros2_ws/install/i2cpwm_controller/include/i2cpwm_controller/i2cpwm_controller
[120.790s] -- Up-to-date: /home/robodog/RoboDog/ros2_ws/install/i2cpwm_controller/include/i2cpwm_controller/i2cpwm_controller/srv
[120.790s] -- Up-to-date: /home/robodog/RoboDog/ros2_ws/install/i2cpwm_controller/include/i2cpwm_controller/i2cpwm_controller/srv/detail
[120.790s] -- Installing: /home/robodog/RoboDog/ros2_ws/install/i2cpwm_controller/include/i2cpwm_controller/i2cpwm_controller/srv/detail/servos_config__rosidl_typesupport_introspection_c.h
[120.792s] -- Installing: /home/robodog/RoboDog/ros2_ws/install/i2cpwm_controller/include/i2cpwm_controller/i2cpwm_controller/srv/detail/drive_mode__type_support.c
[120.793s] -- Installing: /home/robodog/RoboDog/ros2_ws/install/i2cpwm_controller/include/i2cpwm_controller/i2cpwm_controller/srv/detail/stop_servos__rosidl_typesupport_introspection_c.h
[120.795s] -- Installing: /home/robodog/RoboDog/ros2_ws/install/i2cpwm_controller/include/i2cpwm_controller/i2cpwm_controller/srv/detail/int_value__type_support.c
[120.796s] -- Installing: /home/robodog/RoboDog/ros2_ws/install/i2cpwm_controller/include/i2cpwm_controller/i2cpwm_controller/srv/detail/servos_config__type_support.c
[120.797s] -- Installing: /home/robodog/RoboDog/ros2_ws/install/i2cpwm_controller/include/i2cpwm_controller/i2cpwm_controller/srv/detail/stop_servos__type_support.c
[120.798s] -- Installing: /home/robodog/RoboDog/ros2_ws/install/i2cpwm_controller/include/i2cpwm_controller/i2cpwm_controller/srv/detail/int_value__rosidl_typesupport_introspection_c.h
[120.800s] -- Installing: /home/robodog/RoboDog/ros2_ws/install/i2cpwm_controller/include/i2cpwm_controller/i2cpwm_controller/srv/detail/drive_mode__rosidl_typesupport_introspection_c.h
[120.801s] -- Up-to-date: /home/robodog/RoboDog/ros2_ws/install/i2cpwm_controller/include/i2cpwm_controller/i2cpwm_controller/msg
[120.801s] -- Up-to-date: /home/robodog/RoboDog/ros2_ws/install/i2cpwm_controller/include/i2cpwm_controller/i2cpwm_controller/msg/detail
[120.802s] -- Installing: /home/robodog/RoboDog/ros2_ws/install/i2cpwm_controller/include/i2cpwm_controller/i2cpwm_controller/msg/detail/servo_config__type_support.c
[120.803s] -- Installing: /home/robodog/RoboDog/ros2_ws/install/i2cpwm_controller/include/i2cpwm_controller/i2cpwm_controller/msg/detail/servo__type_support.c
[120.805s] -- Installing: /home/robodog/RoboDog/ros2_ws/install/i2cpwm_controller/include/i2cpwm_controller/i2cpwm_controller/msg/detail/position__rosidl_typesupport_introspection_c.h
[120.806s] -- Installing: /home/robodog/RoboDog/ros2_ws/install/i2cpwm_controller/include/i2cpwm_controller/i2cpwm_controller/msg/detail/servo__rosidl_typesupport_introspection_c.h
[120.807s] -- Installing: /home/robodog/RoboDog/ros2_ws/install/i2cpwm_controller/include/i2cpwm_controller/i2cpwm_controller/msg/detail/position_array__rosidl_typesupport_introspection_c.h
[120.808s] -- Installing: /home/robodog/RoboDog/ros2_ws/install/i2cpwm_controller/include/i2cpwm_controller/i2cpwm_controller/msg/detail/servo_config_array__type_support.c
[120.810s] -- Installing: /home/robodog/RoboDog/ros2_ws/install/i2cpwm_controller/include/i2cpwm_controller/i2cpwm_controller/msg/detail/position_array__type_support.c
[120.811s] -- Installing: /home/robodog/RoboDog/ros2_ws/install/i2cpwm_controller/include/i2cpwm_controller/i2cpwm_controller/msg/detail/servo_config_array__rosidl_typesupport_introspection_c.h
[120.812s] -- Installing: /home/robodog/RoboDog/ros2_ws/install/i2cpwm_controller/include/i2cpwm_controller/i2cpwm_controller/msg/detail/servo_array__type_support.c
[120.813s] -- Installing: /home/robodog/RoboDog/ros2_ws/install/i2cpwm_controller/include/i2cpwm_controller/i2cpwm_controller/msg/detail/servo_array__rosidl_typesupport_introspection_c.h
[120.815s] -- Installing: /home/robodog/RoboDog/ros2_ws/install/i2cpwm_controller/include/i2cpwm_controller/i2cpwm_controller/msg/detail/servo_config__rosidl_typesupport_introspection_c.h
[120.816s] -- Installing: /home/robodog/RoboDog/ros2_ws/install/i2cpwm_controller/include/i2cpwm_controller/i2cpwm_controller/msg/detail/position__type_support.c
[120.817s] -- Installing: /home/robodog/RoboDog/ros2_ws/install/i2cpwm_controller/include/i2cpwm_controller/i2cpwm_controller/msg/rosidl_typesupport_introspection_c__visibility_control.h
[120.819s] -- Installing: /home/robodog/RoboDog/ros2_ws/install/i2cpwm_controller/lib/libi2cpwm_controller__rosidl_typesupport_introspection_c.so
[120.822s] -- Set runtime path of "/home/robodog/RoboDog/ros2_ws/install/i2cpwm_controller/lib/libi2cpwm_controller__rosidl_typesupport_introspection_c.so" to ""
[120.823s] -- Installing: /home/robodog/RoboDog/ros2_ws/install/i2cpwm_controller/lib/libi2cpwm_controller__rosidl_typesupport_c.so
[120.826s] -- Set runtime path of "/home/robodog/RoboDog/ros2_ws/install/i2cpwm_controller/lib/libi2cpwm_controller__rosidl_typesupport_c.so" to ""
[120.826s] -- Up-to-date: /home/robodog/RoboDog/ros2_ws/install/i2cpwm_controller/include/i2cpwm_controller/i2cpwm_controller
[120.827s] -- Up-to-date: /home/robodog/RoboDog/ros2_ws/install/i2cpwm_controller/include/i2cpwm_controller/i2cpwm_controller/srv
[120.827s] -- Up-to-date: /home/robodog/RoboDog/ros2_ws/install/i2cpwm_controller/include/i2cpwm_controller/i2cpwm_controller/srv/detail
[120.827s] -- Installing: /home/robodog/RoboDog/ros2_ws/install/i2cpwm_controller/include/i2cpwm_controller/i2cpwm_controller/srv/detail/drive_mode__rosidl_typesupport_introspection_cpp.hpp
[120.829s] -- Installing: /home/robodog/RoboDog/ros2_ws/install/i2cpwm_controller/include/i2cpwm_controller/i2cpwm_controller/srv/detail/stop_servos__rosidl_typesupport_introspection_cpp.hpp
[120.830s] -- Installing: /home/robodog/RoboDog/ros2_ws/install/i2cpwm_controller/include/i2cpwm_controller/i2cpwm_controller/srv/detail/stop_servos__type_support.cpp
[120.831s] -- Installing: /home/robodog/RoboDog/ros2_ws/install/i2cpwm_controller/include/i2cpwm_controller/i2cpwm_controller/srv/detail/servos_config__type_support.cpp
[120.833s] -- Installing: /home/robodog/RoboDog/ros2_ws/install/i2cpwm_controller/include/i2cpwm_controller/i2cpwm_controller/srv/detail/drive_mode__type_support.cpp
[120.834s] -- Installing: /home/robodog/RoboDog/ros2_ws/install/i2cpwm_controller/include/i2cpwm_controller/i2cpwm_controller/srv/detail/int_value__rosidl_typesupport_introspection_cpp.hpp
[120.835s] -- Installing: /home/robodog/RoboDog/ros2_ws/install/i2cpwm_controller/include/i2cpwm_controller/i2cpwm_controller/srv/detail/servos_config__rosidl_typesupport_introspection_cpp.hpp
[120.837s] -- Installing: /home/robodog/RoboDog/ros2_ws/install/i2cpwm_controller/include/i2cpwm_controller/i2cpwm_controller/srv/detail/int_value__type_support.cpp
[120.838s] -- Up-to-date: /home/robodog/RoboDog/ros2_ws/install/i2cpwm_controller/include/i2cpwm_controller/i2cpwm_controller/msg
[120.838s] -- Up-to-date: /home/robodog/RoboDog/ros2_ws/install/i2cpwm_controller/include/i2cpwm_controller/i2cpwm_controller/msg/detail
[120.839s] -- Installing: /home/robodog/RoboDog/ros2_ws/install/i2cpwm_controller/include/i2cpwm_controller/i2cpwm_controller/msg/detail/servo_array__type_support.cpp
[120.840s] -- Installing: /home/robodog/RoboDog/ros2_ws/install/i2cpwm_controller/include/i2cpwm_controller/i2cpwm_controller/msg/detail/servo_array__rosidl_typesupport_introspection_cpp.hpp
[120.842s] -- Installing: /home/robodog/RoboDog/ros2_ws/install/i2cpwm_controller/include/i2cpwm_controller/i2cpwm_controller/msg/detail/servo__type_support.cpp
[120.843s] -- Installing: /home/robodog/RoboDog/ros2_ws/install/i2cpwm_controller/include/i2cpwm_controller/i2cpwm_controller/msg/detail/position_array__rosidl_typesupport_introspection_cpp.hpp
[120.845s] -- Installing: /home/robodog/RoboDog/ros2_ws/install/i2cpwm_controller/include/i2cpwm_controller/i2cpwm_controller/msg/detail/servo_config_array__rosidl_typesupport_introspection_cpp.hpp
[120.846s] -- Installing: /home/robodog/RoboDog/ros2_ws/install/i2cpwm_controller/include/i2cpwm_controller/i2cpwm_controller/msg/detail/position_array__type_support.cpp
[120.847s] -- Installing: /home/robodog/RoboDog/ros2_ws/install/i2cpwm_controller/include/i2cpwm_controller/i2cpwm_controller/msg/detail/servo_config__rosidl_typesupport_introspection_cpp.hpp
[120.849s] -- Installing: /home/robodog/RoboDog/ros2_ws/install/i2cpwm_controller/include/i2cpwm_controller/i2cpwm_controller/msg/detail/servo_config__type_support.cpp
[120.850s] -- Installing: /home/robodog/RoboDog/ros2_ws/install/i2cpwm_controller/include/i2cpwm_controller/i2cpwm_controller/msg/detail/position__rosidl_typesupport_introspection_cpp.hpp
[120.851s] -- Installing: /home/robodog/RoboDog/ros2_ws/install/i2cpwm_controller/include/i2cpwm_controller/i2cpwm_controller/msg/detail/servo__rosidl_typesupport_introspection_cpp.hpp
[120.853s] -- Installing: /home/robodog/RoboDog/ros2_ws/install/i2cpwm_controller/include/i2cpwm_controller/i2cpwm_controller/msg/detail/servo_config_array__type_support.cpp
[120.854s] -- Installing: /home/robodog/RoboDog/ros2_ws/install/i2cpwm_controller/include/i2cpwm_controller/i2cpwm_controller/msg/detail/position__type_support.cpp
[120.856s] -- Installing: /home/robodog/RoboDog/ros2_ws/install/i2cpwm_controller/lib/libi2cpwm_controller__rosidl_typesupport_introspection_cpp.so
[120.861s] -- Set runtime path of "/home/robodog/RoboDog/ros2_ws/install/i2cpwm_controller/lib/libi2cpwm_controller__rosidl_typesupport_introspection_cpp.so" to ""
[120.861s] -- Installing: /home/robodog/RoboDog/ros2_ws/install/i2cpwm_controller/lib/libi2cpwm_controller__rosidl_typesupport_cpp.so
[120.864s] -- Set runtime path of "/home/robodog/RoboDog/ros2_ws/install/i2cpwm_controller/lib/libi2cpwm_controller__rosidl_typesupport_cpp.so" to ""
[120.864s] -- Installing: /home/robodog/RoboDog/ros2_ws/install/i2cpwm_controller/share/i2cpwm_controller/environment/pythonpath.sh
[120.865s] -- Installing: /home/robodog/RoboDog/ros2_ws/install/i2cpwm_controller/share/i2cpwm_controller/environment/pythonpath.dsv
[120.867s] -- Installing: /home/robodog/RoboDog/ros2_ws/install/i2cpwm_controller/local/lib/python3.10/dist-packages/i2cpwm_controller-0.5.1-py3.10.egg-info
[120.868s] -- Installing: /home/robodog/RoboDog/ros2_ws/install/i2cpwm_controller/local/lib/python3.10/dist-packages/i2cpwm_controller-0.5.1-py3.10.egg-info/PKG-INFO
[120.869s] -- Installing: /home/robodog/RoboDog/ros2_ws/install/i2cpwm_controller/local/lib/python3.10/dist-packages/i2cpwm_controller-0.5.1-py3.10.egg-info/top_level.txt
[120.870s] -- Installing: /home/robodog/RoboDog/ros2_ws/install/i2cpwm_controller/local/lib/python3.10/dist-packages/i2cpwm_controller-0.5.1-py3.10.egg-info/dependency_links.txt
[120.871s] -- Installing: /home/robodog/RoboDog/ros2_ws/install/i2cpwm_controller/local/lib/python3.10/dist-packages/i2cpwm_controller-0.5.1-py3.10.egg-info/SOURCES.txt
[120.873s] -- Installing: /home/robodog/RoboDog/ros2_ws/install/i2cpwm_controller/local/lib/python3.10/dist-packages/i2cpwm_controller
[120.874s] -- Installing: /home/robodog/RoboDog/ros2_ws/install/i2cpwm_controller/local/lib/python3.10/dist-packages/i2cpwm_controller/_i2cpwm_controller_s.ep.rosidl_typesupport_introspection_c.c
[120.876s] -- Installing: /home/robodog/RoboDog/ros2_ws/install/i2cpwm_controller/local/lib/python3.10/dist-packages/i2cpwm_controller/srv
[120.876s] -- Installing: /home/robodog/RoboDog/ros2_ws/install/i2cpwm_controller/local/lib/python3.10/dist-packages/i2cpwm_controller/srv/_servos_config_s.c
[120.878s] -- Installing: /home/robodog/RoboDog/ros2_ws/install/i2cpwm_controller/local/lib/python3.10/dist-packages/i2cpwm_controller/srv/_servos_config.py
[120.879s] -- Installing: /home/robodog/RoboDog/ros2_ws/install/i2cpwm_controller/local/lib/python3.10/dist-packages/i2cpwm_controller/srv/__init__.py
[120.880s] -- Installing: /home/robodog/RoboDog/ros2_ws/install/i2cpwm_controller/local/lib/python3.10/dist-packages/i2cpwm_controller/srv/_drive_mode.py
[120.881s] -- Installing: /home/robodog/RoboDog/ros2_ws/install/i2cpwm_controller/local/lib/python3.10/dist-packages/i2cpwm_controller/srv/_stop_servos_s.c
[120.882s] -- Installing: /home/robodog/RoboDog/ros2_ws/install/i2cpwm_controller/local/lib/python3.10/dist-packages/i2cpwm_controller/srv/_int_value_s.c
[120.884s] -- Installing: /home/robodog/RoboDog/ros2_ws/install/i2cpwm_controller/local/lib/python3.10/dist-packages/i2cpwm_controller/srv/_drive_mode_s.c
[120.885s] -- Installing: /home/robodog/RoboDog/ros2_ws/install/i2cpwm_controller/local/lib/python3.10/dist-packages/i2cpwm_controller/srv/_stop_servos.py
[120.886s] -- Installing: /home/robodog/RoboDog/ros2_ws/install/i2cpwm_controller/local/lib/python3.10/dist-packages/i2cpwm_controller/srv/_int_value.py
[120.887s] -- Installing: /home/robodog/RoboDog/ros2_ws/install/i2cpwm_controller/local/lib/python3.10/dist-packages/i2cpwm_controller/_i2cpwm_controller_s.ep.rosidl_typesupport_c.c
[120.889s] -- Installing: /home/robodog/RoboDog/ros2_ws/install/i2cpwm_controller/local/lib/python3.10/dist-packages/i2cpwm_controller/msg
[120.890s] -- Installing: /home/robodog/RoboDog/ros2_ws/install/i2cpwm_controller/local/lib/python3.10/dist-packages/i2cpwm_controller/msg/_servo_array.py
[120.891s] -- Installing: /home/robodog/RoboDog/ros2_ws/install/i2cpwm_controller/local/lib/python3.10/dist-packages/i2cpwm_controller/msg/_servo_array_s.c
[120.892s] -- Installing: /home/robodog/RoboDog/ros2_ws/install/i2cpwm_controller/local/lib/python3.10/dist-packages/i2cpwm_controller/msg/_position_s.c
[120.893s] -- Installing: /home/robodog/RoboDog/ros2_ws/install/i2cpwm_controller/local/lib/python3.10/dist-packages/i2cpwm_controller/msg/_servo_s.c
[120.894s] -- Installing: /home/robodog/RoboDog/ros2_ws/install/i2cpwm_controller/local/lib/python3.10/dist-packages/i2cpwm_controller/msg/_servo_config_array_s.c
[120.896s] -- Installing: /home/robodog/RoboDog/ros2_ws/install/i2cpwm_controller/local/lib/python3.10/dist-packages/i2cpwm_controller/msg/__init__.py
[120.897s] -- Installing: /home/robodog/RoboDog/ros2_ws/install/i2cpwm_controller/local/lib/python3.10/dist-packages/i2cpwm_controller/msg/_position.py
[120.898s] -- Installing: /home/robodog/RoboDog/ros2_ws/install/i2cpwm_controller/local/lib/python3.10/dist-packages/i2cpwm_controller/msg/_position_array_s.c
[120.899s] -- Installing: /home/robodog/RoboDog/ros2_ws/install/i2cpwm_controller/local/lib/python3.10/dist-packages/i2cpwm_controller/msg/_servo.py
[120.900s] -- Installing: /home/robodog/RoboDog/ros2_ws/install/i2cpwm_controller/local/lib/python3.10/dist-packages/i2cpwm_controller/msg/_servo_config_array.py
[120.901s] -- Installing: /home/robodog/RoboDog/ros2_ws/install/i2cpwm_controller/local/lib/python3.10/dist-packages/i2cpwm_controller/msg/_servo_config_s.c
[120.903s] -- Installing: /home/robodog/RoboDog/ros2_ws/install/i2cpwm_controller/local/lib/python3.10/dist-packages/i2cpwm_controller/msg/_servo_config.py
[120.904s] -- Installing: /home/robodog/RoboDog/ros2_ws/install/i2cpwm_controller/local/lib/python3.10/dist-packages/i2cpwm_controller/msg/_position_array.py
[120.905s] -- Installing: /home/robodog/RoboDog/ros2_ws/install/i2cpwm_controller/local/lib/python3.10/dist-packages/i2cpwm_controller/i2cpwm_controller_s__rosidl_typesupport_fastrtps_c.cpython-310-aarch64-linux-gnu.so
[120.907s] -- Installing: /home/robodog/RoboDog/ros2_ws/install/i2cpwm_controller/local/lib/python3.10/dist-packages/i2cpwm_controller/__init__.py
[120.908s] -- Installing: /home/robodog/RoboDog/ros2_ws/install/i2cpwm_controller/local/lib/python3.10/dist-packages/i2cpwm_controller/i2cpwm_controller_s__rosidl_typesupport_c.cpython-310-aarch64-linux-gnu.so
[120.910s] -- Installing: /home/robodog/RoboDog/ros2_ws/install/i2cpwm_controller/local/lib/python3.10/dist-packages/i2cpwm_controller/i2cpwm_controller_s__rosidl_typesupport_introspection_c.cpython-310-aarch64-linux-gnu.so
[120.912s] -- Installing: /home/robodog/RoboDog/ros2_ws/install/i2cpwm_controller/local/lib/python3.10/dist-packages/i2cpwm_controller/_i2cpwm_controller_s.ep.rosidl_typesupport_fastrtps_c.c
[120.914s] -- Installing: /home/robodog/RoboDog/ros2_ws/install/i2cpwm_controller/local/lib/python3.10/dist-packages/i2cpwm_controller/libi2cpwm_controller__rosidl_generator_py.so
[121.109s] Listing '/home/robodog/RoboDog/ros2_ws/install/i2cpwm_controller/local/lib/python3.10/dist-packages/i2cpwm_controller'...
[121.110s] Compiling '/home/robodog/RoboDog/ros2_ws/install/i2cpwm_controller/local/lib/python3.10/dist-packages/i2cpwm_controller/__init__.py'...
[121.111s] Listing '/home/robodog/RoboDog/ros2_ws/install/i2cpwm_controller/local/lib/python3.10/dist-packages/i2cpwm_controller/msg'...
[121.112s] Compiling '/home/robodog/RoboDog/ros2_ws/install/i2cpwm_controller/local/lib/python3.10/dist-packages/i2cpwm_controller/msg/__init__.py'...
[121.113s] Compiling '/home/robodog/RoboDog/ros2_ws/install/i2cpwm_controller/local/lib/python3.10/dist-packages/i2cpwm_controller/msg/_position.py'...
[121.114s] Compiling '/home/robodog/RoboDog/ros2_ws/install/i2cpwm_controller/local/lib/python3.10/dist-packages/i2cpwm_controller/msg/_position_array.py'...
[121.115s] Compiling '/home/robodog/RoboDog/ros2_ws/install/i2cpwm_controller/local/lib/python3.10/dist-packages/i2cpwm_controller/msg/_servo.py'...
[121.116s] Compiling '/home/robodog/RoboDog/ros2_ws/install/i2cpwm_controller/local/lib/python3.10/dist-packages/i2cpwm_controller/msg/_servo_array.py'...
[121.117s] Compiling '/home/robodog/RoboDog/ros2_ws/install/i2cpwm_controller/local/lib/python3.10/dist-packages/i2cpwm_controller/msg/_servo_config.py'...
[121.118s] Compiling '/home/robodog/RoboDog/ros2_ws/install/i2cpwm_controller/local/lib/python3.10/dist-packages/i2cpwm_controller/msg/_servo_config_array.py'...
[121.120s] Listing '/home/robodog/RoboDog/ros2_ws/install/i2cpwm_controller/local/lib/python3.10/dist-packages/i2cpwm_controller/srv'...
[121.120s] Compiling '/home/robodog/RoboDog/ros2_ws/install/i2cpwm_controller/local/lib/python3.10/dist-packages/i2cpwm_controller/srv/__init__.py'...
[121.121s] Compiling '/home/robodog/RoboDog/ros2_ws/install/i2cpwm_controller/local/lib/python3.10/dist-packages/i2cpwm_controller/srv/_drive_mode.py'...
[121.122s] Compiling '/home/robodog/RoboDog/ros2_ws/install/i2cpwm_controller/local/lib/python3.10/dist-packages/i2cpwm_controller/srv/_int_value.py'...
[121.122s] Compiling '/home/robodog/RoboDog/ros2_ws/install/i2cpwm_controller/local/lib/python3.10/dist-packages/i2cpwm_controller/srv/_servos_config.py'...
[121.123s] Compiling '/home/robodog/RoboDog/ros2_ws/install/i2cpwm_controller/local/lib/python3.10/dist-packages/i2cpwm_controller/srv/_stop_servos.py'...
[121.136s] -- Installing: /home/robodog/RoboDog/ros2_ws/install/i2cpwm_controller/local/lib/python3.10/dist-packages/i2cpwm_controller/i2cpwm_controller_s__rosidl_typesupport_fastrtps_c.cpython-310-aarch64-linux-gnu.so
[121.139s] -- Set runtime path of "/home/robodog/RoboDog/ros2_ws/install/i2cpwm_controller/local/lib/python3.10/dist-packages/i2cpwm_controller/i2cpwm_controller_s__rosidl_typesupport_fastrtps_c.cpython-310-aarch64-linux-gnu.so" to ""
[121.141s] -- Installing: /home/robodog/RoboDog/ros2_ws/install/i2cpwm_controller/local/lib/python3.10/dist-packages/i2cpwm_controller/i2cpwm_controller_s__rosidl_typesupport_introspection_c.cpython-310-aarch64-linux-gnu.so
[121.144s] -- Set runtime path of "/home/robodog/RoboDog/ros2_ws/install/i2cpwm_controller/local/lib/python3.10/dist-packages/i2cpwm_controller/i2cpwm_controller_s__rosidl_typesupport_introspection_c.cpython-310-aarch64-linux-gnu.so" to ""
[121.145s] -- Installing: /home/robodog/RoboDog/ros2_ws/install/i2cpwm_controller/local/lib/python3.10/dist-packages/i2cpwm_controller/i2cpwm_controller_s__rosidl_typesupport_c.cpython-310-aarch64-linux-gnu.so
[121.149s] -- Set runtime path of "/home/robodog/RoboDog/ros2_ws/install/i2cpwm_controller/local/lib/python3.10/dist-packages/i2cpwm_controller/i2cpwm_controller_s__rosidl_typesupport_c.cpython-310-aarch64-linux-gnu.so" to ""
[121.149s] -- Installing: /home/robodog/RoboDog/ros2_ws/install/i2cpwm_controller/lib/libi2cpwm_controller__rosidl_generator_py.so
[121.153s] -- Set runtime path of "/home/robodog/RoboDog/ros2_ws/install/i2cpwm_controller/lib/libi2cpwm_controller__rosidl_generator_py.so" to ""
[121.154s] -- Installing: /home/robodog/RoboDog/ros2_ws/install/i2cpwm_controller/share/i2cpwm_controller/msg/Position.idl
[121.155s] -- Installing: /home/robodog/RoboDog/ros2_ws/install/i2cpwm_controller/share/i2cpwm_controller/msg/PositionArray.idl
[121.157s] -- Installing: /home/robodog/RoboDog/ros2_ws/install/i2cpwm_controller/share/i2cpwm_controller/msg/Servo.idl
[121.158s] -- Installing: /home/robodog/RoboDog/ros2_ws/install/i2cpwm_controller/share/i2cpwm_controller/msg/ServoArray.idl
[121.159s] -- Installing: /home/robodog/RoboDog/ros2_ws/install/i2cpwm_controller/share/i2cpwm_controller/msg/ServoConfig.idl
[121.161s] -- Installing: /home/robodog/RoboDog/ros2_ws/install/i2cpwm_controller/share/i2cpwm_controller/msg/ServoConfigArray.idl
[121.162s] -- Installing: /home/robodog/RoboDog/ros2_ws/install/i2cpwm_controller/share/i2cpwm_controller/srv/DriveMode.idl
[121.164s] -- Installing: /home/robodog/RoboDog/ros2_ws/install/i2cpwm_controller/share/i2cpwm_controller/srv/IntValue.idl
[121.165s] -- Installing: /home/robodog/RoboDog/ros2_ws/install/i2cpwm_controller/share/i2cpwm_controller/srv/ServosConfig.idl
[121.166s] -- Installing: /home/robodog/RoboDog/ros2_ws/install/i2cpwm_controller/share/i2cpwm_controller/srv/StopServos.idl
[121.167s] -- Installing: /home/robodog/RoboDog/ros2_ws/install/i2cpwm_controller/share/i2cpwm_controller/msg/Position.msg
[121.168s] -- Installing: /home/robodog/RoboDog/ros2_ws/install/i2cpwm_controller/share/i2cpwm_controller/msg/PositionArray.msg
[121.170s] -- Installing: /home/robodog/RoboDog/ros2_ws/install/i2cpwm_controller/share/i2cpwm_controller/msg/Servo.msg
[121.171s] -- Installing: /home/robodog/RoboDog/ros2_ws/install/i2cpwm_controller/share/i2cpwm_controller/msg/ServoArray.msg
[121.172s] -- Installing: /home/robodog/RoboDog/ros2_ws/install/i2cpwm_controller/share/i2cpwm_controller/msg/ServoConfig.msg
[121.173s] -- Installing: /home/robodog/RoboDog/ros2_ws/install/i2cpwm_controller/share/i2cpwm_controller/msg/ServoConfigArray.msg
[121.174s] -- Installing: /home/robodog/RoboDog/ros2_ws/install/i2cpwm_controller/share/i2cpwm_controller/srv/DriveMode.srv
[121.176s] -- Installing: /home/robodog/RoboDog/ros2_ws/install/i2cpwm_controller/share/i2cpwm_controller/srv/DriveMode_Request.msg
[121.177s] -- Installing: /home/robodog/RoboDog/ros2_ws/install/i2cpwm_controller/share/i2cpwm_controller/srv/DriveMode_Response.msg
[121.178s] -- Installing: /home/robodog/RoboDog/ros2_ws/install/i2cpwm_controller/share/i2cpwm_controller/srv/IntValue.srv
[121.179s] -- Installing: /home/robodog/RoboDog/ros2_ws/install/i2cpwm_controller/share/i2cpwm_controller/srv/IntValue_Request.msg
[121.181s] -- Installing: /home/robodog/RoboDog/ros2_ws/install/i2cpwm_controller/share/i2cpwm_controller/srv/IntValue_Response.msg
[121.182s] -- Installing: /home/robodog/RoboDog/ros2_ws/install/i2cpwm_controller/share/i2cpwm_controller/srv/ServosConfig.srv
[121.183s] -- Installing: /home/robodog/RoboDog/ros2_ws/install/i2cpwm_controller/share/i2cpwm_controller/srv/ServosConfig_Request.msg
[121.184s] -- Installing: /home/robodog/RoboDog/ros2_ws/install/i2cpwm_controller/share/i2cpwm_controller/srv/ServosConfig_Response.msg
[121.186s] -- Installing: /home/robodog/RoboDog/ros2_ws/install/i2cpwm_controller/share/i2cpwm_controller/srv/StopServos.srv
[121.187s] -- Installing: /home/robodog/RoboDog/ros2_ws/install/i2cpwm_controller/share/i2cpwm_controller/srv/StopServos_Request.msg
[121.189s] -- Installing: /home/robodog/RoboDog/ros2_ws/install/i2cpwm_controller/share/i2cpwm_controller/srv/StopServos_Response.msg
[121.190s] -- Installing: /home/robodog/RoboDog/ros2_ws/install/i2cpwm_controller/lib/libi2cpwm_controller_lib.so
[121.300s] -- Set runtime path of "/home/robodog/RoboDog/ros2_ws/install/i2cpwm_controller/lib/libi2cpwm_controller_lib.so" to ""
[121.301s] -- Installing: /home/robodog/RoboDog/ros2_ws/install/i2cpwm_controller/lib/i2cpwm_controller/i2cpwm_controller_node
[121.306s] -- Set runtime path of "/home/robodog/RoboDog/ros2_ws/install/i2cpwm_controller/lib/i2cpwm_controller/i2cpwm_controller_node" to ""
[121.307s] -- Installing: /home/robodog/RoboDog/ros2_ws/install/i2cpwm_controller/share/i2cpwm_controller/launch
[121.307s] -- Installing: /home/robodog/RoboDog/ros2_ws/install/i2cpwm_controller/share/i2cpwm_controller/launch/i2cpwm_controller.launch.py
[121.310s] -- Installing: /home/robodog/RoboDog/ros2_ws/install/i2cpwm_controller/share/ament_index/resource_index/package_run_dependencies/i2cpwm_controller
[121.312s] -- Installing: /home/robodog/RoboDog/ros2_ws/install/i2cpwm_controller/share/ament_index/resource_index/parent_prefix_path/i2cpwm_controller
[121.314s] -- Installing: /home/robodog/RoboDog/ros2_ws/install/i2cpwm_controller/share/i2cpwm_controller/environment/ament_prefix_path.sh
[121.315s] -- Installing: /home/robodog/RoboDog/ros2_ws/install/i2cpwm_controller/share/i2cpwm_controller/environment/ament_prefix_path.dsv
[121.317s] -- Installing: /home/robodog/RoboDog/ros2_ws/install/i2cpwm_controller/share/i2cpwm_controller/environment/path.sh
[121.318s] -- Installing: /home/robodog/RoboDog/ros2_ws/install/i2cpwm_controller/share/i2cpwm_controller/environment/path.dsv
[121.320s] -- Installing: /home/robodog/RoboDog/ros2_ws/install/i2cpwm_controller/share/i2cpwm_controller/local_setup.bash
[121.321s] -- Installing: /home/robodog/RoboDog/ros2_ws/install/i2cpwm_controller/share/i2cpwm_controller/local_setup.sh
[121.322s] -- Installing: /home/robodog/RoboDog/ros2_ws/install/i2cpwm_controller/share/i2cpwm_controller/local_setup.zsh
[121.324s] -- Installing: /home/robodog/RoboDog/ros2_ws/install/i2cpwm_controller/share/i2cpwm_controller/local_setup.dsv
[121.325s] -- Installing: /home/robodog/RoboDog/ros2_ws/install/i2cpwm_controller/share/i2cpwm_controller/package.dsv
[121.326s] -- Installing: /home/robodog/RoboDog/ros2_ws/install/i2cpwm_controller/share/ament_index/resource_index/packages/i2cpwm_controller
[121.328s] -- Installing: /home/robodog/RoboDog/ros2_ws/install/i2cpwm_controller/share/i2cpwm_controller/cmake/export_i2cpwm_controller__rosidl_generator_cExport.cmake
[121.330s] -- Installing: /home/robodog/RoboDog/ros2_ws/install/i2cpwm_controller/share/i2cpwm_controller/cmake/export_i2cpwm_controller__rosidl_generator_cExport-noconfig.cmake
[121.331s] -- Installing: /home/robodog/RoboDog/ros2_ws/install/i2cpwm_controller/share/i2cpwm_controller/cmake/export_i2cpwm_controller__rosidl_typesupport_fastrtps_cExport.cmake
[121.333s] -- Installing: /home/robodog/RoboDog/ros2_ws/install/i2cpwm_controller/share/i2cpwm_controller/cmake/export_i2cpwm_controller__rosidl_typesupport_fastrtps_cExport-noconfig.cmake
[121.335s] -- Installing: /home/robodog/RoboDog/ros2_ws/install/i2cpwm_controller/share/i2cpwm_controller/cmake/export_i2cpwm_controller__rosidl_generator_cppExport.cmake
[121.336s] -- Installing: /home/robodog/RoboDog/ros2_ws/install/i2cpwm_controller/share/i2cpwm_controller/cmake/export_i2cpwm_controller__rosidl_typesupport_fastrtps_cppExport.cmake
[121.338s] -- Installing: /home/robodog/RoboDog/ros2_ws/install/i2cpwm_controller/share/i2cpwm_controller/cmake/export_i2cpwm_controller__rosidl_typesupport_fastrtps_cppExport-noconfig.cmake
[121.340s] -- Installing: /home/robodog/RoboDog/ros2_ws/install/i2cpwm_controller/share/i2cpwm_controller/cmake/i2cpwm_controller__rosidl_typesupport_introspection_cExport.cmake
[121.341s] -- Installing: /home/robodog/RoboDog/ros2_ws/install/i2cpwm_controller/share/i2cpwm_controller/cmake/i2cpwm_controller__rosidl_typesupport_introspection_cExport-noconfig.cmake
[121.343s] -- Installing: /home/robodog/RoboDog/ros2_ws/install/i2cpwm_controller/share/i2cpwm_controller/cmake/i2cpwm_controller__rosidl_typesupport_cExport.cmake
[121.345s] -- Installing: /home/robodog/RoboDog/ros2_ws/install/i2cpwm_controller/share/i2cpwm_controller/cmake/i2cpwm_controller__rosidl_typesupport_cExport-noconfig.cmake
[121.346s] -- Installing: /home/robodog/RoboDog/ros2_ws/install/i2cpwm_controller/share/i2cpwm_controller/cmake/i2cpwm_controller__rosidl_typesupport_introspection_cppExport.cmake
[121.348s] -- Installing: /home/robodog/RoboDog/ros2_ws/install/i2cpwm_controller/share/i2cpwm_controller/cmake/i2cpwm_controller__rosidl_typesupport_introspection_cppExport-noconfig.cmake
[121.350s] -- Installing: /home/robodog/RoboDog/ros2_ws/install/i2cpwm_controller/share/i2cpwm_controller/cmake/i2cpwm_controller__rosidl_typesupport_cppExport.cmake
[121.351s] -- Installing: /home/robodog/RoboDog/ros2_ws/install/i2cpwm_controller/share/i2cpwm_controller/cmake/i2cpwm_controller__rosidl_typesupport_cppExport-noconfig.cmake
[121.353s] -- Installing: /home/robodog/RoboDog/ros2_ws/install/i2cpwm_controller/share/i2cpwm_controller/cmake/export_i2cpwm_controller__rosidl_generator_pyExport.cmake
[121.355s] -- Installing: /home/robodog/RoboDog/ros2_ws/install/i2cpwm_controller/share/i2cpwm_controller/cmake/export_i2cpwm_controller__rosidl_generator_pyExport-noconfig.cmake
[121.356s] -- Installing: /home/robodog/RoboDog/ros2_ws/install/i2cpwm_controller/share/i2cpwm_controller/cmake/export_i2cpwm_controllerExport.cmake
[121.358s] -- Installing: /home/robodog/RoboDog/ros2_ws/install/i2cpwm_controller/share/i2cpwm_controller/cmake/export_i2cpwm_controllerExport-noconfig.cmake
[121.359s] -- Installing: /home/robodog/RoboDog/ros2_ws/install/i2cpwm_controller/share/i2cpwm_controller/cmake/rosidl_cmake-extras.cmake
[121.361s] -- Installing: /home/robodog/RoboDog/ros2_ws/install/i2cpwm_controller/share/i2cpwm_controller/cmake/ament_cmake_export_dependencies-extras.cmake
[121.362s] -- Installing: /home/robodog/RoboDog/ros2_ws/install/i2cpwm_controller/share/i2cpwm_controller/cmake/ament_cmake_export_include_directories-extras.cmake
[121.364s] -- Installing: /home/robodog/RoboDog/ros2_ws/install/i2cpwm_controller/share/i2cpwm_controller/cmake/ament_cmake_export_libraries-extras.cmake
[121.365s] -- Installing: /home/robodog/RoboDog/ros2_ws/install/i2cpwm_controller/share/i2cpwm_controller/cmake/ament_cmake_export_targets-extras.cmake
[121.367s] -- Installing: /home/robodog/RoboDog/ros2_ws/install/i2cpwm_controller/share/i2cpwm_controller/cmake/rosidl_cmake_export_typesupport_targets-extras.cmake
[121.368s] -- Installing: /home/robodog/RoboDog/ros2_ws/install/i2cpwm_controller/share/i2cpwm_controller/cmake/rosidl_cmake_export_typesupport_libraries-extras.cmake
[121.370s] -- Installing: /home/robodog/RoboDog/ros2_ws/install/i2cpwm_controller/share/i2cpwm_controller/cmake/i2cpwm_controllerConfig.cmake
[121.371s] -- Installing: /home/robodog/RoboDog/ros2_ws/install/i2cpwm_controller/share/i2cpwm_controller/cmake/i2cpwm_controllerConfig-version.cmake
[121.372s] -- Installing: /home/robodog/RoboDog/ros2_ws/install/i2cpwm_controller/share/i2cpwm_controller/package.xml
[121.380s] Invoked command in '/home/robodog/RoboDog/ros2_ws/build/i2cpwm_controller' returned '0': CMAKE_PREFIX_PATH=${CMAKE_PREFIX_PATH}:/home/robodog/RoboDog/ros2_ws/install/servo_calibration:/opt/ros/humble /usr/bin/cmake --install /home/robodog/RoboDog/ros2_ws/build/i2cpwm_controller
