-- The C compiler identification is GNU 11.4.0
-- The CXX compiler identification is GNU 11.4.0
-- Detecting C compiler ABI info
-- Detecting C compiler ABI info - done
-- Check for working C compiler: /usr/bin/cc - skipped
-- Detecting C compile features
-- Detecting C compile features - done
-- Detecting CXX compiler ABI info
-- Detecting CXX compiler ABI info - done
-- Check for working CXX compiler: /usr/bin/c++ - skipped
-- Detecting CXX compile features
-- Detecting CXX compile features - done
-- Found ament_cmake: 1.3.10 (/opt/ros/humble/share/ament_cmake/cmake)
-- Found Python3: /usr/bin/python3 (found version "3.10.12") found components: Interpreter 
-- Found rclcpp: 16.0.10 (/opt/ros/humble/share/rclcpp/cmake)
-- Found rosidl_generator_c: 3.1.5 (/opt/ros/humble/share/rosidl_generator_c/cmake)
-- Found rosidl_adapter: 3.1.5 (/opt/ros/humble/share/rosidl_adapter/cmake)
-- Found rosidl_generator_cpp: 3.1.5 (/opt/ros/humble/share/rosidl_generator_cpp/cmake)
-- Using all available rosidl_typesupport_c: rosidl_typesupport_fastrtps_c;rosidl_typesupport_introspection_c
-- Using all available rosidl_typesupport_cpp: rosidl_typesupport_fastrtps_cpp;rosidl_typesupport_introspection_cpp
-- Found rmw_implementation_cmake: 6.1.2 (/opt/ros/humble/share/rmw_implementation_cmake/cmake)
-- Found rmw_fastrtps_cpp: 6.2.7 (/opt/ros/humble/share/rmw_fastrtps_cpp/cmake)
-- Found OpenSSL: /usr/lib/aarch64-linux-gnu/libcrypto.so (found version "3.0.2")  
-- Found FastRTPS: /opt/ros/humble/include  
-- Using RMW implementation 'rmw_fastrtps_cpp' as default
-- Looking for pthread.h
-- Looking for pthread.h - found
-- Performing Test CMAKE_HAVE_LIBC_PTHREAD
-- Performing Test CMAKE_HAVE_LIBC_PTHREAD - Success
-- Found Threads: TRUE  
-- Found geometry_msgs: 4.2.4 (/opt/ros/humble/share/geometry_msgs/cmake)
-- Found tf2: 0.25.8 (/opt/ros/humble/share/tf2/cmake)
-- Found tf2_ros: 0.25.8 (/opt/ros/humble/share/tf2_ros/cmake)
-- Found tf2_geometry_msgs: 0.25.8 (/opt/ros/humble/share/tf2_geometry_msgs/cmake)
-- Found eigen3_cmake_module: 0.1.1 (/opt/ros/humble/share/eigen3_cmake_module/cmake)
-- Found Eigen3: TRUE (found version "3.4.0") 
-- Ensuring Eigen3 include directory is part of orocos-kdl CMake target
-- Found tf2_eigen: 0.25.8 (/opt/ros/humble/share/tf2_eigen/cmake)
-- Found i2cpwm_controller: 0.5.1 (/home/robodog/RoboDog/ros2_ws/install/i2cpwm_controller/share/i2cpwm_controller/cmake)
-- Configuring done
-- Generating done
-- Build files have been written to: /home/robodog/RoboDog/ros2_ws/build/motion_cmd/libs/spot_micro_kinematics_cpp/3rd_party/google-test/googletest-download
[ 11%] Creating directories for 'googletest'
[ 22%] Performing download step (download, verify and extract) for 'googletest'
-- Downloading...
   dst='/home/robodog/RoboDog/ros2_ws/build/motion_cmd/libs/spot_micro_kinematics_cpp/3rd_party/google-test/googletest-download/googletest-prefix/src/703bd9caab50b139428cea1aaff9974ebee5742e.tar.gz'
   timeout='none'
   inactivity timeout='none'
-- Using src='https://github.com/google/googletest/archive/703bd9caab50b139428cea1aaff9974ebee5742e.tar.gz'
-- Downloading... done
-- extracting...
     src='/home/robodog/RoboDog/ros2_ws/build/motion_cmd/libs/spot_micro_kinematics_cpp/3rd_party/google-test/googletest-download/googletest-prefix/src/703bd9caab50b139428cea1aaff9974ebee5742e.tar.gz'
     dst='/home/robodog/RoboDog/ros2_ws/build/motion_cmd/libs/spot_micro_kinematics_cpp/3rd_party/google-test/googletest-src'
-- extracting... [tar xfz]
-- extracting... [analysis]
-- extracting... [rename]
-- extracting... [clean up]
-- extracting... done
[ 33%] No update step for 'googletest'
[ 44%] No patch step for 'googletest'
[ 55%] No configure step for 'googletest'
[ 66%] No build step for 'googletest'
[ 77%] No install step for 'googletest'
[ 88%] No test step for 'googletest'
[100%] Completed 'googletest'
[100%] Built target googletest
-- Found PythonInterp: /usr/bin/python3.10 (found version "3.10.12") 
-- Configuring done
-- Generating done
-- Build files have been written to: /home/robodog/RoboDog/ros2_ws/build/motion_cmd
/usr/bin/cmake -S/home/robodog/RoboDog/ros2_ws/src/motion_cmd -B/home/robodog/RoboDog/ros2_ws/build/motion_cmd --check-build-system CMakeFiles/Makefile.cmake 0
/usr/bin/cmake -E cmake_progress_start /home/robodog/RoboDog/ros2_ws/build/motion_cmd/CMakeFiles /home/robodog/RoboDog/ros2_ws/build/motion_cmd//CMakeFiles/progress.marks
/usr/bin/gmake  -f CMakeFiles/Makefile2 all
gmake[1]: Entering directory '/home/robodog/RoboDog/ros2_ws/build/motion_cmd'
/usr/bin/gmake  -f libs/spot_micro_kinematics_cpp/CMakeFiles/spot_micro_kinematics.dir/build.make libs/spot_micro_kinematics_cpp/CMakeFiles/spot_micro_kinematics.dir/depend
/usr/bin/gmake  -f libs/spot_micro_kinematics_cpp/3rd_party/google-test/googletest-build/googletest/CMakeFiles/gtest.dir/build.make libs/spot_micro_kinematics_cpp/3rd_party/google-test/googletest-build/googletest/CMakeFiles/gtest.dir/depend
gmake[2]: Entering directory '/home/robodog/RoboDog/ros2_ws/build/motion_cmd'
cd /home/robodog/RoboDog/ros2_ws/build/motion_cmd && /usr/bin/cmake -E cmake_depends "Unix Makefiles" /home/robodog/RoboDog/ros2_ws/src/motion_cmd /home/robodog/RoboDog/ros2_ws/src/motion_cmd/libs/spot_micro_kinematics_cpp /home/robodog/RoboDog/ros2_ws/build/motion_cmd /home/robodog/RoboDog/ros2_ws/build/motion_cmd/libs/spot_micro_kinematics_cpp /home/robodog/RoboDog/ros2_ws/build/motion_cmd/libs/spot_micro_kinematics_cpp/CMakeFiles/spot_micro_kinematics.dir/DependInfo.cmake --color=
gmake[2]: Entering directory '/home/robodog/RoboDog/ros2_ws/build/motion_cmd'
cd /home/robodog/RoboDog/ros2_ws/build/motion_cmd && /usr/bin/cmake -E cmake_depends "Unix Makefiles" /home/robodog/RoboDog/ros2_ws/src/motion_cmd /home/robodog/RoboDog/ros2_ws/build/motion_cmd/libs/spot_micro_kinematics_cpp/3rd_party/google-test/googletest-src/googletest /home/robodog/RoboDog/ros2_ws/build/motion_cmd /home/robodog/RoboDog/ros2_ws/build/motion_cmd/libs/spot_micro_kinematics_cpp/3rd_party/google-test/googletest-build/googletest /home/robodog/RoboDog/ros2_ws/build/motion_cmd/libs/spot_micro_kinematics_cpp/3rd_party/google-test/googletest-build/googletest/CMakeFiles/gtest.dir/DependInfo.cmake --color=
gmake[2]: Leaving directory '/home/robodog/RoboDog/ros2_ws/build/motion_cmd'
gmake[2]: Leaving directory '/home/robodog/RoboDog/ros2_ws/build/motion_cmd'
/usr/bin/gmake  -f libs/spot_micro_kinematics_cpp/CMakeFiles/spot_micro_kinematics.dir/build.make libs/spot_micro_kinematics_cpp/CMakeFiles/spot_micro_kinematics.dir/build
/usr/bin/gmake  -f libs/spot_micro_kinematics_cpp/3rd_party/google-test/googletest-build/googletest/CMakeFiles/gtest.dir/build.make libs/spot_micro_kinematics_cpp/3rd_party/google-test/googletest-build/googletest/CMakeFiles/gtest.dir/build
gmake[2]: Entering directory '/home/robodog/RoboDog/ros2_ws/build/motion_cmd'
gmake[2]: Entering directory '/home/robodog/RoboDog/ros2_ws/build/motion_cmd'
[  6%] [32mBuilding CXX object libs/spot_micro_kinematics_cpp/3rd_party/google-test/googletest-build/googletest/CMakeFiles/gtest.dir/src/gtest-all.cc.o[0m
[  6%] [32mBuilding CXX object libs/spot_micro_kinematics_cpp/CMakeFiles/spot_micro_kinematics.dir/src/spot_micro_kinematics.cpp.o[0m
cd /home/robodog/RoboDog/ros2_ws/build/motion_cmd/libs/spot_micro_kinematics_cpp && /usr/bin/c++  -I/home/robodog/RoboDog/ros2_ws/src/motion_cmd/libs/spot_micro_kinematics_cpp/include -Wno-error=maybe-uninitialized -std=gnu++14 -MD -MT libs/spot_micro_kinematics_cpp/CMakeFiles/spot_micro_kinematics.dir/src/spot_micro_kinematics.cpp.o -MF CMakeFiles/spot_micro_kinematics.dir/src/spot_micro_kinematics.cpp.o.d -o CMakeFiles/spot_micro_kinematics.dir/src/spot_micro_kinematics.cpp.o -c /home/robodog/RoboDog/ros2_ws/src/motion_cmd/libs/spot_micro_kinematics_cpp/src/spot_micro_kinematics.cpp
cd /home/robodog/RoboDog/ros2_ws/build/motion_cmd/libs/spot_micro_kinematics_cpp/3rd_party/google-test/googletest-build/googletest && /usr/bin/c++  -I/home/robodog/RoboDog/ros2_ws/build/motion_cmd/libs/spot_micro_kinematics_cpp/3rd_party/google-test/googletest-src/googletest/include -I/home/robodog/RoboDog/ros2_ws/build/motion_cmd/libs/spot_micro_kinematics_cpp/3rd_party/google-test/googletest-src/googletest -Wall -Wshadow -Werror -Wno-error=dangling-else -DGTEST_HAS_PTHREAD=1 -fexceptions -Wextra -Wno-unused-parameter -Wno-missing-field-initializers -Wno-error=maybe-uninitialized -std=c++11 -MD -MT libs/spot_micro_kinematics_cpp/3rd_party/google-test/googletest-build/googletest/CMakeFiles/gtest.dir/src/gtest-all.cc.o -MF CMakeFiles/gtest.dir/src/gtest-all.cc.o.d -o CMakeFiles/gtest.dir/src/gtest-all.cc.o -c /home/robodog/RoboDog/ros2_ws/build/motion_cmd/libs/spot_micro_kinematics_cpp/3rd_party/google-test/googletest-src/googletest/src/gtest-all.cc
[ 10%] [32mBuilding CXX object libs/spot_micro_kinematics_cpp/CMakeFiles/spot_micro_kinematics.dir/src/spot_micro_leg.cpp.o[0m
cd /home/robodog/RoboDog/ros2_ws/build/motion_cmd/libs/spot_micro_kinematics_cpp && /usr/bin/c++  -I/home/robodog/RoboDog/ros2_ws/src/motion_cmd/libs/spot_micro_kinematics_cpp/include -Wno-error=maybe-uninitialized -std=gnu++14 -MD -MT libs/spot_micro_kinematics_cpp/CMakeFiles/spot_micro_kinematics.dir/src/spot_micro_leg.cpp.o -MF CMakeFiles/spot_micro_kinematics.dir/src/spot_micro_leg.cpp.o.d -o CMakeFiles/spot_micro_kinematics.dir/src/spot_micro_leg.cpp.o -c /home/robodog/RoboDog/ros2_ws/src/motion_cmd/libs/spot_micro_kinematics_cpp/src/spot_micro_leg.cpp
[ 13%] [32mBuilding CXX object libs/spot_micro_kinematics_cpp/CMakeFiles/spot_micro_kinematics.dir/src/utils.cpp.o[0m
cd /home/robodog/RoboDog/ros2_ws/build/motion_cmd/libs/spot_micro_kinematics_cpp && /usr/bin/c++  -I/home/robodog/RoboDog/ros2_ws/src/motion_cmd/libs/spot_micro_kinematics_cpp/include -Wno-error=maybe-uninitialized -std=gnu++14 -MD -MT libs/spot_micro_kinematics_cpp/CMakeFiles/spot_micro_kinematics.dir/src/utils.cpp.o -MF CMakeFiles/spot_micro_kinematics.dir/src/utils.cpp.o.d -o CMakeFiles/spot_micro_kinematics.dir/src/utils.cpp.o -c /home/robodog/RoboDog/ros2_ws/src/motion_cmd/libs/spot_micro_kinematics_cpp/src/utils.cpp
[ 17%] [32m[1mLinking CXX static library libspot_micro_kinematics.a[0m
cd /home/robodog/RoboDog/ros2_ws/build/motion_cmd/libs/spot_micro_kinematics_cpp && /usr/bin/cmake -P CMakeFiles/spot_micro_kinematics.dir/cmake_clean_target.cmake
cd /home/robodog/RoboDog/ros2_ws/build/motion_cmd/libs/spot_micro_kinematics_cpp && /usr/bin/cmake -E cmake_link_script CMakeFiles/spot_micro_kinematics.dir/link.txt --verbose=1
/usr/bin/ar qc libspot_micro_kinematics.a CMakeFiles/spot_micro_kinematics.dir/src/spot_micro_kinematics.cpp.o CMakeFiles/spot_micro_kinematics.dir/src/utils.cpp.o CMakeFiles/spot_micro_kinematics.dir/src/spot_micro_leg.cpp.o
/usr/bin/ranlib libspot_micro_kinematics.a
gmake[2]: Leaving directory '/home/robodog/RoboDog/ros2_ws/build/motion_cmd'
[ 17%] Built target spot_micro_kinematics
/usr/bin/gmake  -f CMakeFiles/smfsm.dir/build.make CMakeFiles/smfsm.dir/depend
gmake[2]: Entering directory '/home/robodog/RoboDog/ros2_ws/build/motion_cmd'
cd /home/robodog/RoboDog/ros2_ws/build/motion_cmd && /usr/bin/cmake -E cmake_depends "Unix Makefiles" /home/robodog/RoboDog/ros2_ws/src/motion_cmd /home/robodog/RoboDog/ros2_ws/src/motion_cmd /home/robodog/RoboDog/ros2_ws/build/motion_cmd /home/robodog/RoboDog/ros2_ws/build/motion_cmd /home/robodog/RoboDog/ros2_ws/build/motion_cmd/CMakeFiles/smfsm.dir/DependInfo.cmake --color=
gmake[2]: Leaving directory '/home/robodog/RoboDog/ros2_ws/build/motion_cmd'
/usr/bin/gmake  -f CMakeFiles/smfsm.dir/build.make CMakeFiles/smfsm.dir/build
gmake[2]: Entering directory '/home/robodog/RoboDog/ros2_ws/build/motion_cmd'
[ 20%] [32mBuilding CXX object CMakeFiles/smfsm.dir/src/smfsm/state.cpp.o[0m
[ 24%] [32mBuilding CXX object CMakeFiles/smfsm.dir/src/smfsm/idle.cpp.o[0m
/usr/bin/c++ -DDEFAULT_RMW_IMPLEMENTATION=rmw_fastrtps_cpp -DRCUTILS_ENABLE_FAULT_INJECTION -I/home/robodog/RoboDog/ros2_ws/src/motion_cmd/include/motion_cmd -I/home/robodog/RoboDog/ros2_ws/src/motion_cmd/src/smfsm -I/home/robodog/RoboDog/ros2_ws/src/motion_cmd/src/rate_limited_first_order_filter -I/home/robodog/RoboDog/ros2_ws/src/motion_cmd/libs/spot_micro_kinematics_cpp/include -isystem /usr/include/eigen3 -isystem /home/robodog/RoboDog/ros2_ws/install/i2cpwm_controller/include/i2cpwm_controller -isystem /home/robodog/RoboDog/ros2_ws/install/i2cpwm_controller/include -isystem /opt/ros/humble/include/rclcpp -isystem /opt/ros/humble/include/std_msgs -isystem /opt/ros/humble/include/geometry_msgs -isystem /opt/ros/humble/include/tf2 -isystem /opt/ros/humble/include/tf2_ros -isystem /opt/ros/humble/include/tf2_geometry_msgs -isystem /opt/ros/humble/include/tf2_eigen -isystem /opt/ros/humble/include/builtin_interfaces -isystem /opt/ros/humble/include/rosidl_runtime_c -isystem /opt/ros/humble/include/rcutils -isystem /opt/ros/humble/include/rosidl_typesupport_interface -isystem /opt/ros/humble/include/fastcdr -isystem /opt/ros/humble/include/rosidl_runtime_cpp -isystem /opt/ros/humble/include/rosidl_typesupport_fastrtps_cpp -isystem /opt/ros/humble/include/rmw -isystem /opt/ros/humble/include/rosidl_typesupport_fastrtps_c -isystem /opt/ros/humble/include/rosidl_typesupport_introspection_c -isystem /opt/ros/humble/include/rosidl_typesupport_introspection_cpp -isystem /opt/ros/humble/include/message_filters -isystem /opt/ros/humble/include/ament_index_cpp -isystem /opt/ros/humble/include/libstatistics_collector -isystem /opt/ros/humble/include/rcl -isystem /opt/ros/humble/include/rcl_interfaces -isystem /opt/ros/humble/include/rcl_logging_interface -isystem /opt/ros/humble/include/rcl_yaml_param_parser -isystem /opt/ros/humble/include/libyaml_vendor -isystem /opt/ros/humble/include/tracetools -isystem /opt/ros/humble/include/rcpputils -isystem /opt/ros/humble/include/statistics_msgs -isystem /opt/ros/humble/include/rosgraph_msgs -isystem /opt/ros/humble/include/rosidl_typesupport_cpp -isystem /opt/ros/humble/include/rosidl_typesupport_c -isystem /opt/ros/humble/include/rclcpp_action -isystem /opt/ros/humble/include/action_msgs -isystem /opt/ros/humble/include/unique_identifier_msgs -isystem /opt/ros/humble/include/rcl_action -isystem /opt/ros/humble/include/tf2_msgs -isystem /opt/ros/humble/include/std_srvs -Wno-error=maybe-uninitialized -std=gnu++17 -MD -MT CMakeFiles/smfsm.dir/src/smfsm/state.cpp.o -MF CMakeFiles/smfsm.dir/src/smfsm/state.cpp.o.d -o CMakeFiles/smfsm.dir/src/smfsm/state.cpp.o -c /home/robodog/RoboDog/ros2_ws/src/motion_cmd/src/smfsm/state.cpp
[ 27%] [32mBuilding CXX object CMakeFiles/smfsm.dir/src/smfsm/stand.cpp.o[0m
/usr/bin/c++ -DDEFAULT_RMW_IMPLEMENTATION=rmw_fastrtps_cpp -DRCUTILS_ENABLE_FAULT_INJECTION -I/home/robodog/RoboDog/ros2_ws/src/motion_cmd/include/motion_cmd -I/home/robodog/RoboDog/ros2_ws/src/motion_cmd/src/smfsm -I/home/robodog/RoboDog/ros2_ws/src/motion_cmd/src/rate_limited_first_order_filter -I/home/robodog/RoboDog/ros2_ws/src/motion_cmd/libs/spot_micro_kinematics_cpp/include -isystem /usr/include/eigen3 -isystem /home/robodog/RoboDog/ros2_ws/install/i2cpwm_controller/include/i2cpwm_controller -isystem /home/robodog/RoboDog/ros2_ws/install/i2cpwm_controller/include -isystem /opt/ros/humble/include/rclcpp -isystem /opt/ros/humble/include/std_msgs -isystem /opt/ros/humble/include/geometry_msgs -isystem /opt/ros/humble/include/tf2 -isystem /opt/ros/humble/include/tf2_ros -isystem /opt/ros/humble/include/tf2_geometry_msgs -isystem /opt/ros/humble/include/tf2_eigen -isystem /opt/ros/humble/include/builtin_interfaces -isystem /opt/ros/humble/include/rosidl_runtime_c -isystem /opt/ros/humble/include/rcutils -isystem /opt/ros/humble/include/rosidl_typesupport_interface -isystem /opt/ros/humble/include/fastcdr -isystem /opt/ros/humble/include/rosidl_runtime_cpp -isystem /opt/ros/humble/include/rosidl_typesupport_fastrtps_cpp -isystem /opt/ros/humble/include/rmw -isystem /opt/ros/humble/include/rosidl_typesupport_fastrtps_c -isystem /opt/ros/humble/include/rosidl_typesupport_introspection_c -isystem /opt/ros/humble/include/rosidl_typesupport_introspection_cpp -isystem /opt/ros/humble/include/message_filters -isystem /opt/ros/humble/include/ament_index_cpp -isystem /opt/ros/humble/include/libstatistics_collector -isystem /opt/ros/humble/include/rcl -isystem /opt/ros/humble/include/rcl_interfaces -isystem /opt/ros/humble/include/rcl_logging_interface -isystem /opt/ros/humble/include/rcl_yaml_param_parser -isystem /opt/ros/humble/include/libyaml_vendor -isystem /opt/ros/humble/include/tracetools -isystem /opt/ros/humble/include/rcpputils -isystem /opt/ros/humble/include/statistics_msgs -isystem /opt/ros/humble/include/rosgraph_msgs -isystem /opt/ros/humble/include/rosidl_typesupport_cpp -isystem /opt/ros/humble/include/rosidl_typesupport_c -isystem /opt/ros/humble/include/rclcpp_action -isystem /opt/ros/humble/include/action_msgs -isystem /opt/ros/humble/include/unique_identifier_msgs -isystem /opt/ros/humble/include/rcl_action -isystem /opt/ros/humble/include/tf2_msgs -isystem /opt/ros/humble/include/std_srvs -Wno-error=maybe-uninitialized -std=gnu++17 -MD -MT CMakeFiles/smfsm.dir/src/smfsm/stand.cpp.o -MF CMakeFiles/smfsm.dir/src/smfsm/stand.cpp.o.d -o CMakeFiles/smfsm.dir/src/smfsm/stand.cpp.o -c /home/robodog/RoboDog/ros2_ws/src/motion_cmd/src/smfsm/stand.cpp
/usr/bin/c++ -DDEFAULT_RMW_IMPLEMENTATION=rmw_fastrtps_cpp -DRCUTILS_ENABLE_FAULT_INJECTION -I/home/robodog/RoboDog/ros2_ws/src/motion_cmd/include/motion_cmd -I/home/robodog/RoboDog/ros2_ws/src/motion_cmd/src/smfsm -I/home/robodog/RoboDog/ros2_ws/src/motion_cmd/src/rate_limited_first_order_filter -I/home/robodog/RoboDog/ros2_ws/src/motion_cmd/libs/spot_micro_kinematics_cpp/include -isystem /usr/include/eigen3 -isystem /home/robodog/RoboDog/ros2_ws/install/i2cpwm_controller/include/i2cpwm_controller -isystem /home/robodog/RoboDog/ros2_ws/install/i2cpwm_controller/include -isystem /opt/ros/humble/include/rclcpp -isystem /opt/ros/humble/include/std_msgs -isystem /opt/ros/humble/include/geometry_msgs -isystem /opt/ros/humble/include/tf2 -isystem /opt/ros/humble/include/tf2_ros -isystem /opt/ros/humble/include/tf2_geometry_msgs -isystem /opt/ros/humble/include/tf2_eigen -isystem /opt/ros/humble/include/builtin_interfaces -isystem /opt/ros/humble/include/rosidl_runtime_c -isystem /opt/ros/humble/include/rcutils -isystem /opt/ros/humble/include/rosidl_typesupport_interface -isystem /opt/ros/humble/include/fastcdr -isystem /opt/ros/humble/include/rosidl_runtime_cpp -isystem /opt/ros/humble/include/rosidl_typesupport_fastrtps_cpp -isystem /opt/ros/humble/include/rmw -isystem /opt/ros/humble/include/rosidl_typesupport_fastrtps_c -isystem /opt/ros/humble/include/rosidl_typesupport_introspection_c -isystem /opt/ros/humble/include/rosidl_typesupport_introspection_cpp -isystem /opt/ros/humble/include/message_filters -isystem /opt/ros/humble/include/ament_index_cpp -isystem /opt/ros/humble/include/libstatistics_collector -isystem /opt/ros/humble/include/rcl -isystem /opt/ros/humble/include/rcl_interfaces -isystem /opt/ros/humble/include/rcl_logging_interface -isystem /opt/ros/humble/include/rcl_yaml_param_parser -isystem /opt/ros/humble/include/libyaml_vendor -isystem /opt/ros/humble/include/tracetools -isystem /opt/ros/humble/include/rcpputils -isystem /opt/ros/humble/include/statistics_msgs -isystem /opt/ros/humble/include/rosgraph_msgs -isystem /opt/ros/humble/include/rosidl_typesupport_cpp -isystem /opt/ros/humble/include/rosidl_typesupport_c -isystem /opt/ros/humble/include/rclcpp_action -isystem /opt/ros/humble/include/action_msgs -isystem /opt/ros/humble/include/unique_identifier_msgs -isystem /opt/ros/humble/include/rcl_action -isystem /opt/ros/humble/include/tf2_msgs -isystem /opt/ros/humble/include/std_srvs -Wno-error=maybe-uninitialized -std=gnu++17 -MD -MT CMakeFiles/smfsm.dir/src/smfsm/idle.cpp.o -MF CMakeFiles/smfsm.dir/src/smfsm/idle.cpp.o.d -o CMakeFiles/smfsm.dir/src/smfsm/idle.cpp.o -c /home/robodog/RoboDog/ros2_ws/src/motion_cmd/src/smfsm/idle.cpp
[ 31%] [32m[1mLinking CXX static library ../../../../../../lib/libgtest.a[0m
cd /home/robodog/RoboDog/ros2_ws/build/motion_cmd/libs/spot_micro_kinematics_cpp/3rd_party/google-test/googletest-build/googletest && /usr/bin/cmake -P CMakeFiles/gtest.dir/cmake_clean_target.cmake
cd /home/robodog/RoboDog/ros2_ws/build/motion_cmd/libs/spot_micro_kinematics_cpp/3rd_party/google-test/googletest-build/googletest && /usr/bin/cmake -E cmake_link_script CMakeFiles/gtest.dir/link.txt --verbose=1
/usr/bin/ar qc ../../../../../../lib/libgtest.a CMakeFiles/gtest.dir/src/gtest-all.cc.o
/usr/bin/ranlib ../../../../../../lib/libgtest.a
gmake[2]: Leaving directory '/home/robodog/RoboDog/ros2_ws/build/motion_cmd'
[ 31%] Built target gtest
/usr/bin/gmake  -f libs/spot_micro_kinematics_cpp/3rd_party/google-test/googletest-build/googletest/CMakeFiles/gtest_main.dir/build.make libs/spot_micro_kinematics_cpp/3rd_party/google-test/googletest-build/googletest/CMakeFiles/gtest_main.dir/depend
gmake[2]: Entering directory '/home/robodog/RoboDog/ros2_ws/build/motion_cmd'
cd /home/robodog/RoboDog/ros2_ws/build/motion_cmd && /usr/bin/cmake -E cmake_depends "Unix Makefiles" /home/robodog/RoboDog/ros2_ws/src/motion_cmd /home/robodog/RoboDog/ros2_ws/build/motion_cmd/libs/spot_micro_kinematics_cpp/3rd_party/google-test/googletest-src/googletest /home/robodog/RoboDog/ros2_ws/build/motion_cmd /home/robodog/RoboDog/ros2_ws/build/motion_cmd/libs/spot_micro_kinematics_cpp/3rd_party/google-test/googletest-build/googletest /home/robodog/RoboDog/ros2_ws/build/motion_cmd/libs/spot_micro_kinematics_cpp/3rd_party/google-test/googletest-build/googletest/CMakeFiles/gtest_main.dir/DependInfo.cmake --color=
gmake[2]: Leaving directory '/home/robodog/RoboDog/ros2_ws/build/motion_cmd'
/usr/bin/gmake  -f libs/spot_micro_kinematics_cpp/3rd_party/google-test/googletest-build/googletest/CMakeFiles/gtest_main.dir/build.make libs/spot_micro_kinematics_cpp/3rd_party/google-test/googletest-build/googletest/CMakeFiles/gtest_main.dir/build
gmake[2]: Entering directory '/home/robodog/RoboDog/ros2_ws/build/motion_cmd'
[ 34%] [32mBuilding CXX object libs/spot_micro_kinematics_cpp/3rd_party/google-test/googletest-build/googletest/CMakeFiles/gtest_main.dir/src/gtest_main.cc.o[0m
cd /home/robodog/RoboDog/ros2_ws/build/motion_cmd/libs/spot_micro_kinematics_cpp/3rd_party/google-test/googletest-build/googletest && /usr/bin/c++  -isystem /home/robodog/RoboDog/ros2_ws/build/motion_cmd/libs/spot_micro_kinematics_cpp/3rd_party/google-test/googletest-src/googletest/include -isystem /home/robodog/RoboDog/ros2_ws/build/motion_cmd/libs/spot_micro_kinematics_cpp/3rd_party/google-test/googletest-src/googletest -Wall -Wshadow -Werror -Wno-error=dangling-else -DGTEST_HAS_PTHREAD=1 -fexceptions -Wextra -Wno-unused-parameter -Wno-missing-field-initializers -Wno-error=maybe-uninitialized -std=c++11 -MD -MT libs/spot_micro_kinematics_cpp/3rd_party/google-test/googletest-build/googletest/CMakeFiles/gtest_main.dir/src/gtest_main.cc.o -MF CMakeFiles/gtest_main.dir/src/gtest_main.cc.o.d -o CMakeFiles/gtest_main.dir/src/gtest_main.cc.o -c /home/robodog/RoboDog/ros2_ws/build/motion_cmd/libs/spot_micro_kinematics_cpp/3rd_party/google-test/googletest-src/googletest/src/gtest_main.cc
[ 37%] [32m[1mLinking CXX static library ../../../../../../lib/libgtest_main.a[0m
cd /home/robodog/RoboDog/ros2_ws/build/motion_cmd/libs/spot_micro_kinematics_cpp/3rd_party/google-test/googletest-build/googletest && /usr/bin/cmake -P CMakeFiles/gtest_main.dir/cmake_clean_target.cmake
cd /home/robodog/RoboDog/ros2_ws/build/motion_cmd/libs/spot_micro_kinematics_cpp/3rd_party/google-test/googletest-build/googletest && /usr/bin/cmake -E cmake_link_script CMakeFiles/gtest_main.dir/link.txt --verbose=1
/usr/bin/ar qc ../../../../../../lib/libgtest_main.a CMakeFiles/gtest_main.dir/src/gtest_main.cc.o
/usr/bin/ranlib ../../../../../../lib/libgtest_main.a
gmake[2]: Leaving directory '/home/robodog/RoboDog/ros2_ws/build/motion_cmd'
[ 37%] Built target gtest_main
/usr/bin/gmake  -f libs/spot_micro_kinematics_cpp/3rd_party/google-test/googletest-build/googlemock/CMakeFiles/gmock.dir/build.make libs/spot_micro_kinematics_cpp/3rd_party/google-test/googletest-build/googlemock/CMakeFiles/gmock.dir/depend
gmake[2]: Entering directory '/home/robodog/RoboDog/ros2_ws/build/motion_cmd'
cd /home/robodog/RoboDog/ros2_ws/build/motion_cmd && /usr/bin/cmake -E cmake_depends "Unix Makefiles" /home/robodog/RoboDog/ros2_ws/src/motion_cmd /home/robodog/RoboDog/ros2_ws/build/motion_cmd/libs/spot_micro_kinematics_cpp/3rd_party/google-test/googletest-src/googlemock /home/robodog/RoboDog/ros2_ws/build/motion_cmd /home/robodog/RoboDog/ros2_ws/build/motion_cmd/libs/spot_micro_kinematics_cpp/3rd_party/google-test/googletest-build/googlemock /home/robodog/RoboDog/ros2_ws/build/motion_cmd/libs/spot_micro_kinematics_cpp/3rd_party/google-test/googletest-build/googlemock/CMakeFiles/gmock.dir/DependInfo.cmake --color=
gmake[2]: Leaving directory '/home/robodog/RoboDog/ros2_ws/build/motion_cmd'
/usr/bin/gmake  -f libs/spot_micro_kinematics_cpp/3rd_party/google-test/googletest-build/googlemock/CMakeFiles/gmock.dir/build.make libs/spot_micro_kinematics_cpp/3rd_party/google-test/googletest-build/googlemock/CMakeFiles/gmock.dir/build
gmake[2]: Entering directory '/home/robodog/RoboDog/ros2_ws/build/motion_cmd'
[ 41%] [32mBuilding CXX object libs/spot_micro_kinematics_cpp/3rd_party/google-test/googletest-build/googlemock/CMakeFiles/gmock.dir/src/gmock-all.cc.o[0m
cd /home/robodog/RoboDog/ros2_ws/build/motion_cmd/libs/spot_micro_kinematics_cpp/3rd_party/google-test/googletest-build/googlemock && /usr/bin/c++  -I/home/robodog/RoboDog/ros2_ws/build/motion_cmd/libs/spot_micro_kinematics_cpp/3rd_party/google-test/googletest-src/googlemock/include -I/home/robodog/RoboDog/ros2_ws/build/motion_cmd/libs/spot_micro_kinematics_cpp/3rd_party/google-test/googletest-src/googlemock -isystem /home/robodog/RoboDog/ros2_ws/build/motion_cmd/libs/spot_micro_kinematics_cpp/3rd_party/google-test/googletest-src/googletest/include -isystem /home/robodog/RoboDog/ros2_ws/build/motion_cmd/libs/spot_micro_kinematics_cpp/3rd_party/google-test/googletest-src/googletest -Wall -Wshadow -Werror -Wno-error=dangling-else -DGTEST_HAS_PTHREAD=1 -fexceptions -Wextra -Wno-unused-parameter -Wno-missing-field-initializers -Wno-error=maybe-uninitialized -std=c++11 -MD -MT libs/spot_micro_kinematics_cpp/3rd_party/google-test/googletest-build/googlemock/CMakeFiles/gmock.dir/src/gmock-all.cc.o -MF CMakeFiles/gmock.dir/src/gmock-all.cc.o.d -o CMakeFiles/gmock.dir/src/gmock-all.cc.o -c /home/robodog/RoboDog/ros2_ws/build/motion_cmd/libs/spot_micro_kinematics_cpp/3rd_party/google-test/googletest-src/googlemock/src/gmock-all.cc
[ 44%] [32m[1mLinking CXX static library ../../../../../../lib/libgmock.a[0m
cd /home/robodog/RoboDog/ros2_ws/build/motion_cmd/libs/spot_micro_kinematics_cpp/3rd_party/google-test/googletest-build/googlemock && /usr/bin/cmake -P CMakeFiles/gmock.dir/cmake_clean_target.cmake
cd /home/robodog/RoboDog/ros2_ws/build/motion_cmd/libs/spot_micro_kinematics_cpp/3rd_party/google-test/googletest-build/googlemock && /usr/bin/cmake -E cmake_link_script CMakeFiles/gmock.dir/link.txt --verbose=1
/usr/bin/ar qc ../../../../../../lib/libgmock.a CMakeFiles/gmock.dir/src/gmock-all.cc.o
/usr/bin/ranlib ../../../../../../lib/libgmock.a
gmake[2]: Leaving directory '/home/robodog/RoboDog/ros2_ws/build/motion_cmd'
[ 44%] Built target gmock
/usr/bin/gmake  -f libs/spot_micro_kinematics_cpp/CMakeFiles/test_utils.dir/build.make libs/spot_micro_kinematics_cpp/CMakeFiles/test_utils.dir/depend
gmake[2]: Entering directory '/home/robodog/RoboDog/ros2_ws/build/motion_cmd'
cd /home/robodog/RoboDog/ros2_ws/build/motion_cmd && /usr/bin/cmake -E cmake_depends "Unix Makefiles" /home/robodog/RoboDog/ros2_ws/src/motion_cmd /home/robodog/RoboDog/ros2_ws/src/motion_cmd/libs/spot_micro_kinematics_cpp /home/robodog/RoboDog/ros2_ws/build/motion_cmd /home/robodog/RoboDog/ros2_ws/build/motion_cmd/libs/spot_micro_kinematics_cpp /home/robodog/RoboDog/ros2_ws/build/motion_cmd/libs/spot_micro_kinematics_cpp/CMakeFiles/test_utils.dir/DependInfo.cmake --color=
gmake[2]: Leaving directory '/home/robodog/RoboDog/ros2_ws/build/motion_cmd'
/usr/bin/gmake  -f libs/spot_micro_kinematics_cpp/CMakeFiles/test_utils.dir/build.make libs/spot_micro_kinematics_cpp/CMakeFiles/test_utils.dir/build
gmake[2]: Entering directory '/home/robodog/RoboDog/ros2_ws/build/motion_cmd'
[ 48%] [32mBuilding CXX object libs/spot_micro_kinematics_cpp/CMakeFiles/test_utils.dir/tests/test_utils.cpp.o[0m
cd /home/robodog/RoboDog/ros2_ws/build/motion_cmd/libs/spot_micro_kinematics_cpp && /usr/bin/c++  -I/home/robodog/RoboDog/ros2_ws/src/motion_cmd/libs/spot_micro_kinematics_cpp/include -isystem /home/robodog/RoboDog/ros2_ws/build/motion_cmd/libs/spot_micro_kinematics_cpp/3rd_party/google-test/googletest-src/googletest/include -isystem /home/robodog/RoboDog/ros2_ws/build/motion_cmd/libs/spot_micro_kinematics_cpp/3rd_party/google-test/googletest-src/googletest -Wno-error=maybe-uninitialized -std=gnu++14 -MD -MT libs/spot_micro_kinematics_cpp/CMakeFiles/test_utils.dir/tests/test_utils.cpp.o -MF CMakeFiles/test_utils.dir/tests/test_utils.cpp.o.d -o CMakeFiles/test_utils.dir/tests/test_utils.cpp.o -c /home/robodog/RoboDog/ros2_ws/src/motion_cmd/libs/spot_micro_kinematics_cpp/tests/test_utils.cpp
[ 51%] [32mBuilding CXX object CMakeFiles/smfsm.dir/src/smfsm/transition_stand.cpp.o[0m
/usr/bin/c++ -DDEFAULT_RMW_IMPLEMENTATION=rmw_fastrtps_cpp -DRCUTILS_ENABLE_FAULT_INJECTION -I/home/robodog/RoboDog/ros2_ws/src/motion_cmd/include/motion_cmd -I/home/robodog/RoboDog/ros2_ws/src/motion_cmd/src/smfsm -I/home/robodog/RoboDog/ros2_ws/src/motion_cmd/src/rate_limited_first_order_filter -I/home/robodog/RoboDog/ros2_ws/src/motion_cmd/libs/spot_micro_kinematics_cpp/include -isystem /usr/include/eigen3 -isystem /home/robodog/RoboDog/ros2_ws/install/i2cpwm_controller/include/i2cpwm_controller -isystem /home/robodog/RoboDog/ros2_ws/install/i2cpwm_controller/include -isystem /opt/ros/humble/include/rclcpp -isystem /opt/ros/humble/include/std_msgs -isystem /opt/ros/humble/include/geometry_msgs -isystem /opt/ros/humble/include/tf2 -isystem /opt/ros/humble/include/tf2_ros -isystem /opt/ros/humble/include/tf2_geometry_msgs -isystem /opt/ros/humble/include/tf2_eigen -isystem /opt/ros/humble/include/builtin_interfaces -isystem /opt/ros/humble/include/rosidl_runtime_c -isystem /opt/ros/humble/include/rcutils -isystem /opt/ros/humble/include/rosidl_typesupport_interface -isystem /opt/ros/humble/include/fastcdr -isystem /opt/ros/humble/include/rosidl_runtime_cpp -isystem /opt/ros/humble/include/rosidl_typesupport_fastrtps_cpp -isystem /opt/ros/humble/include/rmw -isystem /opt/ros/humble/include/rosidl_typesupport_fastrtps_c -isystem /opt/ros/humble/include/rosidl_typesupport_introspection_c -isystem /opt/ros/humble/include/rosidl_typesupport_introspection_cpp -isystem /opt/ros/humble/include/message_filters -isystem /opt/ros/humble/include/ament_index_cpp -isystem /opt/ros/humble/include/libstatistics_collector -isystem /opt/ros/humble/include/rcl -isystem /opt/ros/humble/include/rcl_interfaces -isystem /opt/ros/humble/include/rcl_logging_interface -isystem /opt/ros/humble/include/rcl_yaml_param_parser -isystem /opt/ros/humble/include/libyaml_vendor -isystem /opt/ros/humble/include/tracetools -isystem /opt/ros/humble/include/rcpputils -isystem /opt/ros/humble/include/statistics_msgs -isystem /opt/ros/humble/include/rosgraph_msgs -isystem /opt/ros/humble/include/rosidl_typesupport_cpp -isystem /opt/ros/humble/include/rosidl_typesupport_c -isystem /opt/ros/humble/include/rclcpp_action -isystem /opt/ros/humble/include/action_msgs -isystem /opt/ros/humble/include/unique_identifier_msgs -isystem /opt/ros/humble/include/rcl_action -isystem /opt/ros/humble/include/tf2_msgs -isystem /opt/ros/humble/include/std_srvs -Wno-error=maybe-uninitialized -std=gnu++17 -MD -MT CMakeFiles/smfsm.dir/src/smfsm/transition_stand.cpp.o -MF CMakeFiles/smfsm.dir/src/smfsm/transition_stand.cpp.o.d -o CMakeFiles/smfsm.dir/src/smfsm/transition_stand.cpp.o -c /home/robodog/RoboDog/ros2_ws/src/motion_cmd/src/smfsm/transition_stand.cpp
[ 55%] [32mBuilding CXX object CMakeFiles/smfsm.dir/src/smfsm/transition_idle.cpp.o[0m
/usr/bin/c++ -DDEFAULT_RMW_IMPLEMENTATION=rmw_fastrtps_cpp -DRCUTILS_ENABLE_FAULT_INJECTION -I/home/robodog/RoboDog/ros2_ws/src/motion_cmd/include/motion_cmd -I/home/robodog/RoboDog/ros2_ws/src/motion_cmd/src/smfsm -I/home/robodog/RoboDog/ros2_ws/src/motion_cmd/src/rate_limited_first_order_filter -I/home/robodog/RoboDog/ros2_ws/src/motion_cmd/libs/spot_micro_kinematics_cpp/include -isystem /usr/include/eigen3 -isystem /home/robodog/RoboDog/ros2_ws/install/i2cpwm_controller/include/i2cpwm_controller -isystem /home/robodog/RoboDog/ros2_ws/install/i2cpwm_controller/include -isystem /opt/ros/humble/include/rclcpp -isystem /opt/ros/humble/include/std_msgs -isystem /opt/ros/humble/include/geometry_msgs -isystem /opt/ros/humble/include/tf2 -isystem /opt/ros/humble/include/tf2_ros -isystem /opt/ros/humble/include/tf2_geometry_msgs -isystem /opt/ros/humble/include/tf2_eigen -isystem /opt/ros/humble/include/builtin_interfaces -isystem /opt/ros/humble/include/rosidl_runtime_c -isystem /opt/ros/humble/include/rcutils -isystem /opt/ros/humble/include/rosidl_typesupport_interface -isystem /opt/ros/humble/include/fastcdr -isystem /opt/ros/humble/include/rosidl_runtime_cpp -isystem /opt/ros/humble/include/rosidl_typesupport_fastrtps_cpp -isystem /opt/ros/humble/include/rmw -isystem /opt/ros/humble/include/rosidl_typesupport_fastrtps_c -isystem /opt/ros/humble/include/rosidl_typesupport_introspection_c -isystem /opt/ros/humble/include/rosidl_typesupport_introspection_cpp -isystem /opt/ros/humble/include/message_filters -isystem /opt/ros/humble/include/ament_index_cpp -isystem /opt/ros/humble/include/libstatistics_collector -isystem /opt/ros/humble/include/rcl -isystem /opt/ros/humble/include/rcl_interfaces -isystem /opt/ros/humble/include/rcl_logging_interface -isystem /opt/ros/humble/include/rcl_yaml_param_parser -isystem /opt/ros/humble/include/libyaml_vendor -isystem /opt/ros/humble/include/tracetools -isystem /opt/ros/humble/include/rcpputils -isystem /opt/ros/humble/include/statistics_msgs -isystem /opt/ros/humble/include/rosgraph_msgs -isystem /opt/ros/humble/include/rosidl_typesupport_cpp -isystem /opt/ros/humble/include/rosidl_typesupport_c -isystem /opt/ros/humble/include/rclcpp_action -isystem /opt/ros/humble/include/action_msgs -isystem /opt/ros/humble/include/unique_identifier_msgs -isystem /opt/ros/humble/include/rcl_action -isystem /opt/ros/humble/include/tf2_msgs -isystem /opt/ros/humble/include/std_srvs -Wno-error=maybe-uninitialized -std=gnu++17 -MD -MT CMakeFiles/smfsm.dir/src/smfsm/transition_idle.cpp.o -MF CMakeFiles/smfsm.dir/src/smfsm/transition_idle.cpp.o.d -o CMakeFiles/smfsm.dir/src/smfsm/transition_idle.cpp.o -c /home/robodog/RoboDog/ros2_ws/src/motion_cmd/src/smfsm/transition_idle.cpp
[ 58%] [32mBuilding CXX object CMakeFiles/smfsm.dir/src/smfsm/walk.cpp.o[0m
/usr/bin/c++ -DDEFAULT_RMW_IMPLEMENTATION=rmw_fastrtps_cpp -DRCUTILS_ENABLE_FAULT_INJECTION -I/home/robodog/RoboDog/ros2_ws/src/motion_cmd/include/motion_cmd -I/home/robodog/RoboDog/ros2_ws/src/motion_cmd/src/smfsm -I/home/robodog/RoboDog/ros2_ws/src/motion_cmd/src/rate_limited_first_order_filter -I/home/robodog/RoboDog/ros2_ws/src/motion_cmd/libs/spot_micro_kinematics_cpp/include -isystem /usr/include/eigen3 -isystem /home/robodog/RoboDog/ros2_ws/install/i2cpwm_controller/include/i2cpwm_controller -isystem /home/robodog/RoboDog/ros2_ws/install/i2cpwm_controller/include -isystem /opt/ros/humble/include/rclcpp -isystem /opt/ros/humble/include/std_msgs -isystem /opt/ros/humble/include/geometry_msgs -isystem /opt/ros/humble/include/tf2 -isystem /opt/ros/humble/include/tf2_ros -isystem /opt/ros/humble/include/tf2_geometry_msgs -isystem /opt/ros/humble/include/tf2_eigen -isystem /opt/ros/humble/include/builtin_interfaces -isystem /opt/ros/humble/include/rosidl_runtime_c -isystem /opt/ros/humble/include/rcutils -isystem /opt/ros/humble/include/rosidl_typesupport_interface -isystem /opt/ros/humble/include/fastcdr -isystem /opt/ros/humble/include/rosidl_runtime_cpp -isystem /opt/ros/humble/include/rosidl_typesupport_fastrtps_cpp -isystem /opt/ros/humble/include/rmw -isystem /opt/ros/humble/include/rosidl_typesupport_fastrtps_c -isystem /opt/ros/humble/include/rosidl_typesupport_introspection_c -isystem /opt/ros/humble/include/rosidl_typesupport_introspection_cpp -isystem /opt/ros/humble/include/message_filters -isystem /opt/ros/humble/include/ament_index_cpp -isystem /opt/ros/humble/include/libstatistics_collector -isystem /opt/ros/humble/include/rcl -isystem /opt/ros/humble/include/rcl_interfaces -isystem /opt/ros/humble/include/rcl_logging_interface -isystem /opt/ros/humble/include/rcl_yaml_param_parser -isystem /opt/ros/humble/include/libyaml_vendor -isystem /opt/ros/humble/include/tracetools -isystem /opt/ros/humble/include/rcpputils -isystem /opt/ros/humble/include/statistics_msgs -isystem /opt/ros/humble/include/rosgraph_msgs -isystem /opt/ros/humble/include/rosidl_typesupport_cpp -isystem /opt/ros/humble/include/rosidl_typesupport_c -isystem /opt/ros/humble/include/rclcpp_action -isystem /opt/ros/humble/include/action_msgs -isystem /opt/ros/humble/include/unique_identifier_msgs -isystem /opt/ros/humble/include/rcl_action -isystem /opt/ros/humble/include/tf2_msgs -isystem /opt/ros/humble/include/std_srvs -Wno-error=maybe-uninitialized -std=gnu++17 -MD -MT CMakeFiles/smfsm.dir/src/smfsm/walk.cpp.o -MF CMakeFiles/smfsm.dir/src/smfsm/walk.cpp.o.d -o CMakeFiles/smfsm.dir/src/smfsm/walk.cpp.o -c /home/robodog/RoboDog/ros2_ws/src/motion_cmd/src/smfsm/walk.cpp
[ 62%] [32m[1mLinking CXX executable test_utils[0m
cd /home/robodog/RoboDog/ros2_ws/build/motion_cmd/libs/spot_micro_kinematics_cpp && /usr/bin/cmake -E cmake_link_script CMakeFiles/test_utils.dir/link.txt --verbose=1
/usr/bin/c++ CMakeFiles/test_utils.dir/tests/test_utils.cpp.o -o test_utils  libspot_micro_kinematics.a ../../lib/libgtest.a ../../lib/libgtest_main.a ../../lib/libgtest.a 
gmake[2]: Leaving directory '/home/robodog/RoboDog/ros2_ws/build/motion_cmd'
[ 62%] Built target test_utils
/usr/bin/gmake  -f libs/spot_micro_kinematics_cpp/CMakeFiles/test_spot_micro_leg.dir/build.make libs/spot_micro_kinematics_cpp/CMakeFiles/test_spot_micro_leg.dir/depend
gmake[2]: Entering directory '/home/robodog/RoboDog/ros2_ws/build/motion_cmd'
cd /home/robodog/RoboDog/ros2_ws/build/motion_cmd && /usr/bin/cmake -E cmake_depends "Unix Makefiles" /home/robodog/RoboDog/ros2_ws/src/motion_cmd /home/robodog/RoboDog/ros2_ws/src/motion_cmd/libs/spot_micro_kinematics_cpp /home/robodog/RoboDog/ros2_ws/build/motion_cmd /home/robodog/RoboDog/ros2_ws/build/motion_cmd/libs/spot_micro_kinematics_cpp /home/robodog/RoboDog/ros2_ws/build/motion_cmd/libs/spot_micro_kinematics_cpp/CMakeFiles/test_spot_micro_leg.dir/DependInfo.cmake --color=
gmake[2]: Leaving directory '/home/robodog/RoboDog/ros2_ws/build/motion_cmd'
/usr/bin/gmake  -f libs/spot_micro_kinematics_cpp/CMakeFiles/test_spot_micro_leg.dir/build.make libs/spot_micro_kinematics_cpp/CMakeFiles/test_spot_micro_leg.dir/build
gmake[2]: Entering directory '/home/robodog/RoboDog/ros2_ws/build/motion_cmd'
[ 65%] [32mBuilding CXX object libs/spot_micro_kinematics_cpp/CMakeFiles/test_spot_micro_leg.dir/tests/test_spot_micro_leg.cpp.o[0m
cd /home/robodog/RoboDog/ros2_ws/build/motion_cmd/libs/spot_micro_kinematics_cpp && /usr/bin/c++  -I/home/robodog/RoboDog/ros2_ws/src/motion_cmd/libs/spot_micro_kinematics_cpp/include -isystem /home/robodog/RoboDog/ros2_ws/build/motion_cmd/libs/spot_micro_kinematics_cpp/3rd_party/google-test/googletest-src/googletest/include -isystem /home/robodog/RoboDog/ros2_ws/build/motion_cmd/libs/spot_micro_kinematics_cpp/3rd_party/google-test/googletest-src/googletest -Wno-error=maybe-uninitialized -std=gnu++14 -MD -MT libs/spot_micro_kinematics_cpp/CMakeFiles/test_spot_micro_leg.dir/tests/test_spot_micro_leg.cpp.o -MF CMakeFiles/test_spot_micro_leg.dir/tests/test_spot_micro_leg.cpp.o.d -o CMakeFiles/test_spot_micro_leg.dir/tests/test_spot_micro_leg.cpp.o -c /home/robodog/RoboDog/ros2_ws/src/motion_cmd/libs/spot_micro_kinematics_cpp/tests/test_spot_micro_leg.cpp
[ 68%] [32m[1mLinking CXX executable test_spot_micro_leg[0m
cd /home/robodog/RoboDog/ros2_ws/build/motion_cmd/libs/spot_micro_kinematics_cpp && /usr/bin/cmake -E cmake_link_script CMakeFiles/test_spot_micro_leg.dir/link.txt --verbose=1
/usr/bin/c++ CMakeFiles/test_spot_micro_leg.dir/tests/test_spot_micro_leg.cpp.o -o test_spot_micro_leg  libspot_micro_kinematics.a ../../lib/libgtest.a ../../lib/libgtest_main.a ../../lib/libgtest.a 
gmake[2]: Leaving directory '/home/robodog/RoboDog/ros2_ws/build/motion_cmd'
[ 68%] Built target test_spot_micro_leg
/usr/bin/gmake  -f libs/spot_micro_kinematics_cpp/CMakeFiles/test_spot_micro_kinematics.dir/build.make libs/spot_micro_kinematics_cpp/CMakeFiles/test_spot_micro_kinematics.dir/depend
gmake[2]: Entering directory '/home/robodog/RoboDog/ros2_ws/build/motion_cmd'
cd /home/robodog/RoboDog/ros2_ws/build/motion_cmd && /usr/bin/cmake -E cmake_depends "Unix Makefiles" /home/robodog/RoboDog/ros2_ws/src/motion_cmd /home/robodog/RoboDog/ros2_ws/src/motion_cmd/libs/spot_micro_kinematics_cpp /home/robodog/RoboDog/ros2_ws/build/motion_cmd /home/robodog/RoboDog/ros2_ws/build/motion_cmd/libs/spot_micro_kinematics_cpp /home/robodog/RoboDog/ros2_ws/build/motion_cmd/libs/spot_micro_kinematics_cpp/CMakeFiles/test_spot_micro_kinematics.dir/DependInfo.cmake --color=
gmake[2]: Leaving directory '/home/robodog/RoboDog/ros2_ws/build/motion_cmd'
/usr/bin/gmake  -f libs/spot_micro_kinematics_cpp/CMakeFiles/test_spot_micro_kinematics.dir/build.make libs/spot_micro_kinematics_cpp/CMakeFiles/test_spot_micro_kinematics.dir/build
gmake[2]: Entering directory '/home/robodog/RoboDog/ros2_ws/build/motion_cmd'
[ 72%] [32mBuilding CXX object libs/spot_micro_kinematics_cpp/CMakeFiles/test_spot_micro_kinematics.dir/tests/test_spot_micro_kinematics.cpp.o[0m
cd /home/robodog/RoboDog/ros2_ws/build/motion_cmd/libs/spot_micro_kinematics_cpp && /usr/bin/c++  -I/home/robodog/RoboDog/ros2_ws/src/motion_cmd/libs/spot_micro_kinematics_cpp/include -isystem /home/robodog/RoboDog/ros2_ws/build/motion_cmd/libs/spot_micro_kinematics_cpp/3rd_party/google-test/googletest-src/googletest/include -isystem /home/robodog/RoboDog/ros2_ws/build/motion_cmd/libs/spot_micro_kinematics_cpp/3rd_party/google-test/googletest-src/googletest -Wno-error=maybe-uninitialized -std=gnu++14 -MD -MT libs/spot_micro_kinematics_cpp/CMakeFiles/test_spot_micro_kinematics.dir/tests/test_spot_micro_kinematics.cpp.o -MF CMakeFiles/test_spot_micro_kinematics.dir/tests/test_spot_micro_kinematics.cpp.o.d -o CMakeFiles/test_spot_micro_kinematics.dir/tests/test_spot_micro_kinematics.cpp.o -c /home/robodog/RoboDog/ros2_ws/src/motion_cmd/libs/spot_micro_kinematics_cpp/tests/test_spot_micro_kinematics.cpp
/usr/bin/gmake  -f libs/spot_micro_kinematics_cpp/3rd_party/google-test/googletest-build/googlemock/CMakeFiles/gmock_main.dir/build.make libs/spot_micro_kinematics_cpp/3rd_party/google-test/googletest-build/googlemock/CMakeFiles/gmock_main.dir/depend
gmake[2]: Entering directory '/home/robodog/RoboDog/ros2_ws/build/motion_cmd'
cd /home/robodog/RoboDog/ros2_ws/build/motion_cmd && /usr/bin/cmake -E cmake_depends "Unix Makefiles" /home/robodog/RoboDog/ros2_ws/src/motion_cmd /home/robodog/RoboDog/ros2_ws/build/motion_cmd/libs/spot_micro_kinematics_cpp/3rd_party/google-test/googletest-src/googlemock /home/robodog/RoboDog/ros2_ws/build/motion_cmd /home/robodog/RoboDog/ros2_ws/build/motion_cmd/libs/spot_micro_kinematics_cpp/3rd_party/google-test/googletest-build/googlemock /home/robodog/RoboDog/ros2_ws/build/motion_cmd/libs/spot_micro_kinematics_cpp/3rd_party/google-test/googletest-build/googlemock/CMakeFiles/gmock_main.dir/DependInfo.cmake --color=
gmake[2]: Leaving directory '/home/robodog/RoboDog/ros2_ws/build/motion_cmd'
/usr/bin/gmake  -f libs/spot_micro_kinematics_cpp/3rd_party/google-test/googletest-build/googlemock/CMakeFiles/gmock_main.dir/build.make libs/spot_micro_kinematics_cpp/3rd_party/google-test/googletest-build/googlemock/CMakeFiles/gmock_main.dir/build
gmake[2]: Entering directory '/home/robodog/RoboDog/ros2_ws/build/motion_cmd'
[ 75%] [32mBuilding CXX object libs/spot_micro_kinematics_cpp/3rd_party/google-test/googletest-build/googlemock/CMakeFiles/gmock_main.dir/src/gmock_main.cc.o[0m
cd /home/robodog/RoboDog/ros2_ws/build/motion_cmd/libs/spot_micro_kinematics_cpp/3rd_party/google-test/googletest-build/googlemock && /usr/bin/c++  -isystem /home/robodog/RoboDog/ros2_ws/build/motion_cmd/libs/spot_micro_kinematics_cpp/3rd_party/google-test/googletest-src/googlemock/include -isystem /home/robodog/RoboDog/ros2_ws/build/motion_cmd/libs/spot_micro_kinematics_cpp/3rd_party/google-test/googletest-src/googlemock -isystem /home/robodog/RoboDog/ros2_ws/build/motion_cmd/libs/spot_micro_kinematics_cpp/3rd_party/google-test/googletest-src/googletest/include -isystem /home/robodog/RoboDog/ros2_ws/build/motion_cmd/libs/spot_micro_kinematics_cpp/3rd_party/google-test/googletest-src/googletest -Wall -Wshadow -Werror -Wno-error=dangling-else -DGTEST_HAS_PTHREAD=1 -fexceptions -Wextra -Wno-unused-parameter -Wno-missing-field-initializers -Wno-error=maybe-uninitialized -std=c++11 -MD -MT libs/spot_micro_kinematics_cpp/3rd_party/google-test/googletest-build/googlemock/CMakeFiles/gmock_main.dir/src/gmock_main.cc.o -MF CMakeFiles/gmock_main.dir/src/gmock_main.cc.o.d -o CMakeFiles/gmock_main.dir/src/gmock_main.cc.o -c /home/robodog/RoboDog/ros2_ws/build/motion_cmd/libs/spot_micro_kinematics_cpp/3rd_party/google-test/googletest-src/googlemock/src/gmock_main.cc
[ 79%] [32m[1mLinking CXX static library ../../../../../../lib/libgmock_main.a[0m
cd /home/robodog/RoboDog/ros2_ws/build/motion_cmd/libs/spot_micro_kinematics_cpp/3rd_party/google-test/googletest-build/googlemock && /usr/bin/cmake -P CMakeFiles/gmock_main.dir/cmake_clean_target.cmake
cd /home/robodog/RoboDog/ros2_ws/build/motion_cmd/libs/spot_micro_kinematics_cpp/3rd_party/google-test/googletest-build/googlemock && /usr/bin/cmake -E cmake_link_script CMakeFiles/gmock_main.dir/link.txt --verbose=1
/usr/bin/ar qc ../../../../../../lib/libgmock_main.a CMakeFiles/gmock_main.dir/src/gmock_main.cc.o
/usr/bin/ranlib ../../../../../../lib/libgmock_main.a
gmake[2]: Leaving directory '/home/robodog/RoboDog/ros2_ws/build/motion_cmd'
[ 79%] Built target gmock_main
[ 82%] [32m[1mLinking CXX static library libsmfsm.a[0m
/usr/bin/cmake -P CMakeFiles/smfsm.dir/cmake_clean_target.cmake
/usr/bin/cmake -E cmake_link_script CMakeFiles/smfsm.dir/link.txt --verbose=1
/usr/bin/ar qc libsmfsm.a CMakeFiles/smfsm.dir/src/smfsm/state.cpp.o CMakeFiles/smfsm.dir/src/smfsm/idle.cpp.o CMakeFiles/smfsm.dir/src/smfsm/stand.cpp.o CMakeFiles/smfsm.dir/src/smfsm/transition_stand.cpp.o CMakeFiles/smfsm.dir/src/smfsm/transition_idle.cpp.o CMakeFiles/smfsm.dir/src/smfsm/walk.cpp.o
/usr/bin/ranlib libsmfsm.a
gmake[2]: Leaving directory '/home/robodog/RoboDog/ros2_ws/build/motion_cmd'
[ 82%] Built target smfsm
/usr/bin/gmake  -f CMakeFiles/motion_cmd_node.dir/build.make CMakeFiles/motion_cmd_node.dir/depend
gmake[2]: Entering directory '/home/robodog/RoboDog/ros2_ws/build/motion_cmd'
cd /home/robodog/RoboDog/ros2_ws/build/motion_cmd && /usr/bin/cmake -E cmake_depends "Unix Makefiles" /home/robodog/RoboDog/ros2_ws/src/motion_cmd /home/robodog/RoboDog/ros2_ws/src/motion_cmd /home/robodog/RoboDog/ros2_ws/build/motion_cmd /home/robodog/RoboDog/ros2_ws/build/motion_cmd /home/robodog/RoboDog/ros2_ws/build/motion_cmd/CMakeFiles/motion_cmd_node.dir/DependInfo.cmake --color=
gmake[2]: Leaving directory '/home/robodog/RoboDog/ros2_ws/build/motion_cmd'
/usr/bin/gmake  -f CMakeFiles/motion_cmd_node.dir/build.make CMakeFiles/motion_cmd_node.dir/build
gmake[2]: Entering directory '/home/robodog/RoboDog/ros2_ws/build/motion_cmd'
[ 86%] [32mBuilding CXX object CMakeFiles/motion_cmd_node.dir/src/motion_cmd.cpp.o[0m
[ 89%] [32mBuilding CXX object CMakeFiles/motion_cmd_node.dir/src/main.cpp.o[0m
/usr/bin/c++ -DDEFAULT_RMW_IMPLEMENTATION=rmw_fastrtps_cpp -DRCUTILS_ENABLE_FAULT_INJECTION -I/home/robodog/RoboDog/ros2_ws/src/motion_cmd/include/motion_cmd -I/home/robodog/RoboDog/ros2_ws/src/motion_cmd/src/smfsm -I/home/robodog/RoboDog/ros2_ws/src/motion_cmd/src/rate_limited_first_order_filter -I/home/robodog/RoboDog/ros2_ws/src/motion_cmd/libs/spot_micro_kinematics_cpp/include -isystem /usr/include/eigen3 -isystem /home/robodog/RoboDog/ros2_ws/install/i2cpwm_controller/include/i2cpwm_controller -isystem /home/robodog/RoboDog/ros2_ws/install/i2cpwm_controller/include -isystem /opt/ros/humble/include/rclcpp -isystem /opt/ros/humble/include/std_msgs -isystem /opt/ros/humble/include/geometry_msgs -isystem /opt/ros/humble/include/tf2 -isystem /opt/ros/humble/include/tf2_ros -isystem /opt/ros/humble/include/tf2_geometry_msgs -isystem /opt/ros/humble/include/tf2_eigen -isystem /opt/ros/humble/include/builtin_interfaces -isystem /opt/ros/humble/include/rosidl_runtime_c -isystem /opt/ros/humble/include/rcutils -isystem /opt/ros/humble/include/rosidl_typesupport_interface -isystem /opt/ros/humble/include/fastcdr -isystem /opt/ros/humble/include/rosidl_runtime_cpp -isystem /opt/ros/humble/include/rosidl_typesupport_fastrtps_cpp -isystem /opt/ros/humble/include/rmw -isystem /opt/ros/humble/include/rosidl_typesupport_fastrtps_c -isystem /opt/ros/humble/include/rosidl_typesupport_introspection_c -isystem /opt/ros/humble/include/rosidl_typesupport_introspection_cpp -isystem /opt/ros/humble/include/message_filters -isystem /opt/ros/humble/include/ament_index_cpp -isystem /opt/ros/humble/include/libstatistics_collector -isystem /opt/ros/humble/include/rcl -isystem /opt/ros/humble/include/rcl_interfaces -isystem /opt/ros/humble/include/rcl_logging_interface -isystem /opt/ros/humble/include/rcl_yaml_param_parser -isystem /opt/ros/humble/include/libyaml_vendor -isystem /opt/ros/humble/include/tracetools -isystem /opt/ros/humble/include/rcpputils -isystem /opt/ros/humble/include/statistics_msgs -isystem /opt/ros/humble/include/rosgraph_msgs -isystem /opt/ros/humble/include/rosidl_typesupport_cpp -isystem /opt/ros/humble/include/rosidl_typesupport_c -isystem /opt/ros/humble/include/rclcpp_action -isystem /opt/ros/humble/include/action_msgs -isystem /opt/ros/humble/include/unique_identifier_msgs -isystem /opt/ros/humble/include/rcl_action -isystem /opt/ros/humble/include/tf2_msgs -isystem /opt/ros/humble/include/std_srvs -Wno-error=maybe-uninitialized -std=gnu++17 -MD -MT CMakeFiles/motion_cmd_node.dir/src/motion_cmd.cpp.o -MF CMakeFiles/motion_cmd_node.dir/src/motion_cmd.cpp.o.d -o CMakeFiles/motion_cmd_node.dir/src/motion_cmd.cpp.o -c /home/robodog/RoboDog/ros2_ws/src/motion_cmd/src/motion_cmd.cpp
[ 93%] [32mBuilding CXX object CMakeFiles/motion_cmd_node.dir/src/utils.cpp.o[0m
/usr/bin/c++ -DDEFAULT_RMW_IMPLEMENTATION=rmw_fastrtps_cpp -DRCUTILS_ENABLE_FAULT_INJECTION -I/home/robodog/RoboDog/ros2_ws/src/motion_cmd/include/motion_cmd -I/home/robodog/RoboDog/ros2_ws/src/motion_cmd/src/smfsm -I/home/robodog/RoboDog/ros2_ws/src/motion_cmd/src/rate_limited_first_order_filter -I/home/robodog/RoboDog/ros2_ws/src/motion_cmd/libs/spot_micro_kinematics_cpp/include -isystem /usr/include/eigen3 -isystem /home/robodog/RoboDog/ros2_ws/install/i2cpwm_controller/include/i2cpwm_controller -isystem /home/robodog/RoboDog/ros2_ws/install/i2cpwm_controller/include -isystem /opt/ros/humble/include/rclcpp -isystem /opt/ros/humble/include/std_msgs -isystem /opt/ros/humble/include/geometry_msgs -isystem /opt/ros/humble/include/tf2 -isystem /opt/ros/humble/include/tf2_ros -isystem /opt/ros/humble/include/tf2_geometry_msgs -isystem /opt/ros/humble/include/tf2_eigen -isystem /opt/ros/humble/include/builtin_interfaces -isystem /opt/ros/humble/include/rosidl_runtime_c -isystem /opt/ros/humble/include/rcutils -isystem /opt/ros/humble/include/rosidl_typesupport_interface -isystem /opt/ros/humble/include/fastcdr -isystem /opt/ros/humble/include/rosidl_runtime_cpp -isystem /opt/ros/humble/include/rosidl_typesupport_fastrtps_cpp -isystem /opt/ros/humble/include/rmw -isystem /opt/ros/humble/include/rosidl_typesupport_fastrtps_c -isystem /opt/ros/humble/include/rosidl_typesupport_introspection_c -isystem /opt/ros/humble/include/rosidl_typesupport_introspection_cpp -isystem /opt/ros/humble/include/message_filters -isystem /opt/ros/humble/include/ament_index_cpp -isystem /opt/ros/humble/include/libstatistics_collector -isystem /opt/ros/humble/include/rcl -isystem /opt/ros/humble/include/rcl_interfaces -isystem /opt/ros/humble/include/rcl_logging_interface -isystem /opt/ros/humble/include/rcl_yaml_param_parser -isystem /opt/ros/humble/include/libyaml_vendor -isystem /opt/ros/humble/include/tracetools -isystem /opt/ros/humble/include/rcpputils -isystem /opt/ros/humble/include/statistics_msgs -isystem /opt/ros/humble/include/rosgraph_msgs -isystem /opt/ros/humble/include/rosidl_typesupport_cpp -isystem /opt/ros/humble/include/rosidl_typesupport_c -isystem /opt/ros/humble/include/rclcpp_action -isystem /opt/ros/humble/include/action_msgs -isystem /opt/ros/humble/include/unique_identifier_msgs -isystem /opt/ros/humble/include/rcl_action -isystem /opt/ros/humble/include/tf2_msgs -isystem /opt/ros/humble/include/std_srvs -Wno-error=maybe-uninitialized -std=gnu++17 -MD -MT CMakeFiles/motion_cmd_node.dir/src/main.cpp.o -MF CMakeFiles/motion_cmd_node.dir/src/main.cpp.o.d -o CMakeFiles/motion_cmd_node.dir/src/main.cpp.o -c /home/robodog/RoboDog/ros2_ws/src/motion_cmd/src/main.cpp
/usr/bin/c++ -DDEFAULT_RMW_IMPLEMENTATION=rmw_fastrtps_cpp -DRCUTILS_ENABLE_FAULT_INJECTION -I/home/robodog/RoboDog/ros2_ws/src/motion_cmd/include/motion_cmd -I/home/robodog/RoboDog/ros2_ws/src/motion_cmd/src/smfsm -I/home/robodog/RoboDog/ros2_ws/src/motion_cmd/src/rate_limited_first_order_filter -I/home/robodog/RoboDog/ros2_ws/src/motion_cmd/libs/spot_micro_kinematics_cpp/include -isystem /usr/include/eigen3 -isystem /home/robodog/RoboDog/ros2_ws/install/i2cpwm_controller/include/i2cpwm_controller -isystem /home/robodog/RoboDog/ros2_ws/install/i2cpwm_controller/include -isystem /opt/ros/humble/include/rclcpp -isystem /opt/ros/humble/include/std_msgs -isystem /opt/ros/humble/include/geometry_msgs -isystem /opt/ros/humble/include/tf2 -isystem /opt/ros/humble/include/tf2_ros -isystem /opt/ros/humble/include/tf2_geometry_msgs -isystem /opt/ros/humble/include/tf2_eigen -isystem /opt/ros/humble/include/builtin_interfaces -isystem /opt/ros/humble/include/rosidl_runtime_c -isystem /opt/ros/humble/include/rcutils -isystem /opt/ros/humble/include/rosidl_typesupport_interface -isystem /opt/ros/humble/include/fastcdr -isystem /opt/ros/humble/include/rosidl_runtime_cpp -isystem /opt/ros/humble/include/rosidl_typesupport_fastrtps_cpp -isystem /opt/ros/humble/include/rmw -isystem /opt/ros/humble/include/rosidl_typesupport_fastrtps_c -isystem /opt/ros/humble/include/rosidl_typesupport_introspection_c -isystem /opt/ros/humble/include/rosidl_typesupport_introspection_cpp -isystem /opt/ros/humble/include/message_filters -isystem /opt/ros/humble/include/ament_index_cpp -isystem /opt/ros/humble/include/libstatistics_collector -isystem /opt/ros/humble/include/rcl -isystem /opt/ros/humble/include/rcl_interfaces -isystem /opt/ros/humble/include/rcl_logging_interface -isystem /opt/ros/humble/include/rcl_yaml_param_parser -isystem /opt/ros/humble/include/libyaml_vendor -isystem /opt/ros/humble/include/tracetools -isystem /opt/ros/humble/include/rcpputils -isystem /opt/ros/humble/include/statistics_msgs -isystem /opt/ros/humble/include/rosgraph_msgs -isystem /opt/ros/humble/include/rosidl_typesupport_cpp -isystem /opt/ros/humble/include/rosidl_typesupport_c -isystem /opt/ros/humble/include/rclcpp_action -isystem /opt/ros/humble/include/action_msgs -isystem /opt/ros/humble/include/unique_identifier_msgs -isystem /opt/ros/humble/include/rcl_action -isystem /opt/ros/humble/include/tf2_msgs -isystem /opt/ros/humble/include/std_srvs -Wno-error=maybe-uninitialized -std=gnu++17 -MD -MT CMakeFiles/motion_cmd_node.dir/src/utils.cpp.o -MF CMakeFiles/motion_cmd_node.dir/src/utils.cpp.o.d -o CMakeFiles/motion_cmd_node.dir/src/utils.cpp.o -c /home/robodog/RoboDog/ros2_ws/src/motion_cmd/src/utils.cpp
[ 96%] [32m[1mLinking CXX executable test_spot_micro_kinematics[0m
cd /home/robodog/RoboDog/ros2_ws/build/motion_cmd/libs/spot_micro_kinematics_cpp && /usr/bin/cmake -E cmake_link_script CMakeFiles/test_spot_micro_kinematics.dir/link.txt --verbose=1
/usr/bin/c++ CMakeFiles/test_spot_micro_kinematics.dir/tests/test_spot_micro_kinematics.cpp.o -o test_spot_micro_kinematics  libspot_micro_kinematics.a ../../lib/libgtest.a ../../lib/libgtest_main.a ../../lib/libgtest.a 
gmake[2]: Leaving directory '/home/robodog/RoboDog/ros2_ws/build/motion_cmd'
[ 96%] Built target test_spot_micro_kinematics
[100%] [32m[1mLinking CXX executable motion_cmd_node[0m
/usr/bin/cmake -E cmake_link_script CMakeFiles/motion_cmd_node.dir/link.txt --verbose=1
/usr/bin/c++ CMakeFiles/motion_cmd_node.dir/src/motion_cmd.cpp.o CMakeFiles/motion_cmd_node.dir/src/main.cpp.o CMakeFiles/motion_cmd_node.dir/src/utils.cpp.o -o motion_cmd_node   -L/opt/ros/humble/lib  -Wl,-rpath,/opt/ros/humble/lib:/home/robodog/RoboDog/ros2_ws/install/i2cpwm_controller/lib: libsmfsm.a libs/spot_micro_kinematics_cpp/libspot_micro_kinematics.a -li2cpwm_controller_lib -ltf2_eigen_kdl /home/robodog/RoboDog/ros2_ws/install/i2cpwm_controller/lib/libi2cpwm_controller__rosidl_typesupport_fastrtps_c.so /home/robodog/RoboDog/ros2_ws/install/i2cpwm_controller/lib/libi2cpwm_controller__rosidl_typesupport_fastrtps_cpp.so /home/robodog/RoboDog/ros2_ws/install/i2cpwm_controller/lib/libi2cpwm_controller__rosidl_typesupport_introspection_c.so /home/robodog/RoboDog/ros2_ws/install/i2cpwm_controller/lib/libi2cpwm_controller__rosidl_typesupport_introspection_cpp.so /home/robodog/RoboDog/ros2_ws/install/i2cpwm_controller/lib/libi2cpwm_controller__rosidl_generator_py.so /home/robodog/RoboDog/ros2_ws/install/i2cpwm_controller/lib/libi2cpwm_controller_lib.so /opt/ros/humble/lib/libstatic_transform_broadcaster_node.so /usr/lib/aarch64-linux-gnu/liborocos-kdl.so /home/robodog/RoboDog/ros2_ws/install/i2cpwm_controller/lib/libi2cpwm_controller__rosidl_typesupport_c.so /home/robodog/RoboDog/ros2_ws/install/i2cpwm_controller/lib/libi2cpwm_controller__rosidl_generator_c.so /home/robodog/RoboDog/ros2_ws/install/i2cpwm_controller/lib/libi2cpwm_controller__rosidl_typesupport_cpp.so /opt/ros/humble/lib/libstd_srvs__rosidl_typesupport_fastrtps_c.so /opt/ros/humble/lib/libstd_srvs__rosidl_typesupport_fastrtps_cpp.so /opt/ros/humble/lib/libstd_srvs__rosidl_typesupport_introspection_c.so /opt/ros/humble/lib/libstd_srvs__rosidl_typesupport_introspection_cpp.so /opt/ros/humble/lib/libstd_srvs__rosidl_typesupport_cpp.so /opt/ros/humble/lib/libstd_srvs__rosidl_generator_py.so /opt/ros/humble/lib/libstd_srvs__rosidl_typesupport_c.so /opt/ros/humble/lib/libstd_srvs__rosidl_generator_c.so /usr/lib/aarch64-linux-gnu/libi2c.so /opt/ros/humble/lib/libtf2_ros.so /opt/ros/humble/lib/libtf2.so /opt/ros/humble/lib/libmessage_filters.so /opt/ros/humble/lib/librclcpp_action.so /opt/ros/humble/lib/librclcpp.so /opt/ros/humble/lib/liblibstatistics_collector.so /opt/ros/humble/lib/librosgraph_msgs__rosidl_typesupport_fastrtps_c.so /opt/ros/humble/lib/librosgraph_msgs__rosidl_typesupport_fastrtps_cpp.so /opt/ros/humble/lib/librosgraph_msgs__rosidl_typesupport_introspection_c.so /opt/ros/humble/lib/librosgraph_msgs__rosidl_typesupport_introspection_cpp.so /opt/ros/humble/lib/librosgraph_msgs__rosidl_typesupport_cpp.so /opt/ros/humble/lib/librosgraph_msgs__rosidl_generator_py.so /opt/ros/humble/lib/librosgraph_msgs__rosidl_typesupport_c.so /opt/ros/humble/lib/librosgraph_msgs__rosidl_generator_c.so /opt/ros/humble/lib/libstatistics_msgs__rosidl_typesupport_fastrtps_c.so /opt/ros/humble/lib/libstatistics_msgs__rosidl_typesupport_fastrtps_cpp.so /opt/ros/humble/lib/libstatistics_msgs__rosidl_typesupport_introspection_c.so /opt/ros/humble/lib/libstatistics_msgs__rosidl_typesupport_introspection_cpp.so /opt/ros/humble/lib/libstatistics_msgs__rosidl_typesupport_cpp.so /opt/ros/humble/lib/libstatistics_msgs__rosidl_generator_py.so /opt/ros/humble/lib/libstatistics_msgs__rosidl_typesupport_c.so /opt/ros/humble/lib/libstatistics_msgs__rosidl_generator_c.so /opt/ros/humble/lib/librcl_action.so /opt/ros/humble/lib/librcl.so /opt/ros/humble/lib/librcl_interfaces__rosidl_typesupport_fastrtps_c.so /opt/ros/humble/lib/librcl_interfaces__rosidl_typesupport_introspection_c.so /opt/ros/humble/lib/librcl_interfaces__rosidl_typesupport_fastrtps_cpp.so /opt/ros/humble/lib/librcl_interfaces__rosidl_typesupport_introspection_cpp.so /opt/ros/humble/lib/librcl_interfaces__rosidl_typesupport_cpp.so /opt/ros/humble/lib/librcl_interfaces__rosidl_generator_py.so /opt/ros/humble/lib/librcl_interfaces__rosidl_typesupport_c.so /opt/ros/humble/lib/librcl_interfaces__rosidl_generator_c.so /opt/ros/humble/lib/librcl_yaml_param_parser.so /opt/ros/humble/lib/libyaml.so /opt/ros/humble/lib/libtracetools.so /opt/ros/humble/lib/librmw_implementation.so /opt/ros/humble/lib/libament_index_cpp.so /opt/ros/humble/lib/librcl_logging_spdlog.so /opt/ros/humble/lib/librcl_logging_interface.so /opt/ros/humble/lib/libtf2_msgs__rosidl_typesupport_fastrtps_c.so /opt/ros/humble/lib/libaction_msgs__rosidl_typesupport_fastrtps_c.so /opt/ros/humble/lib/libunique_identifier_msgs__rosidl_typesupport_fastrtps_c.so /opt/ros/humble/lib/libtf2_msgs__rosidl_typesupport_introspection_c.so /opt/ros/humble/lib/libaction_msgs__rosidl_typesupport_introspection_c.so /opt/ros/humble/lib/libunique_identifier_msgs__rosidl_typesupport_introspection_c.so /opt/ros/humble/lib/libtf2_msgs__rosidl_typesupport_fastrtps_cpp.so /opt/ros/humble/lib/libaction_msgs__rosidl_typesupport_fastrtps_cpp.so /opt/ros/humble/lib/libunique_identifier_msgs__rosidl_typesupport_fastrtps_cpp.so /opt/ros/humble/lib/libtf2_msgs__rosidl_typesupport_introspection_cpp.so /opt/ros/humble/lib/libaction_msgs__rosidl_typesupport_introspection_cpp.so /opt/ros/humble/lib/libunique_identifier_msgs__rosidl_typesupport_introspection_cpp.so /opt/ros/humble/lib/libtf2_msgs__rosidl_typesupport_cpp.so /opt/ros/humble/lib/libaction_msgs__rosidl_typesupport_cpp.so /opt/ros/humble/lib/libunique_identifier_msgs__rosidl_typesupport_cpp.so /opt/ros/humble/lib/libtf2_msgs__rosidl_generator_py.so /opt/ros/humble/lib/libtf2_msgs__rosidl_typesupport_c.so /opt/ros/humble/lib/libtf2_msgs__rosidl_generator_c.so /opt/ros/humble/lib/libaction_msgs__rosidl_generator_py.so /opt/ros/humble/lib/libaction_msgs__rosidl_typesupport_c.so /opt/ros/humble/lib/libaction_msgs__rosidl_generator_c.so /opt/ros/humble/lib/libunique_identifier_msgs__rosidl_generator_py.so /opt/ros/humble/lib/libunique_identifier_msgs__rosidl_typesupport_c.so /opt/ros/humble/lib/libunique_identifier_msgs__rosidl_generator_c.so /opt/ros/humble/lib/libgeometry_msgs__rosidl_typesupport_fastrtps_c.so /opt/ros/humble/lib/libstd_msgs__rosidl_typesupport_fastrtps_c.so /opt/ros/humble/lib/libbuiltin_interfaces__rosidl_typesupport_fastrtps_c.so /opt/ros/humble/lib/librosidl_typesupport_fastrtps_c.so /opt/ros/humble/lib/libgeometry_msgs__rosidl_typesupport_introspection_c.so /opt/ros/humble/lib/libstd_msgs__rosidl_typesupport_introspection_c.so /opt/ros/humble/lib/libbuiltin_interfaces__rosidl_typesupport_introspection_c.so /opt/ros/humble/lib/libgeometry_msgs__rosidl_typesupport_fastrtps_cpp.so /opt/ros/humble/lib/libstd_msgs__rosidl_typesupport_fastrtps_cpp.so /opt/ros/humble/lib/libbuiltin_interfaces__rosidl_typesupport_fastrtps_cpp.so /opt/ros/humble/lib/librosidl_typesupport_fastrtps_cpp.so /opt/ros/humble/lib/libfastcdr.so.1.0.24 /opt/ros/humble/lib/librmw.so /opt/ros/humble/lib/libgeometry_msgs__rosidl_typesupport_introspection_cpp.so /opt/ros/humble/lib/libstd_msgs__rosidl_typesupport_introspection_cpp.so /opt/ros/humble/lib/libbuiltin_interfaces__rosidl_typesupport_introspection_cpp.so /opt/ros/humble/lib/librosidl_typesupport_introspection_cpp.so /opt/ros/humble/lib/librosidl_typesupport_introspection_c.so /opt/ros/humble/lib/libgeometry_msgs__rosidl_typesupport_cpp.so /opt/ros/humble/lib/libstd_msgs__rosidl_typesupport_cpp.so /opt/ros/humble/lib/libbuiltin_interfaces__rosidl_typesupport_cpp.so /opt/ros/humble/lib/librosidl_typesupport_cpp.so /opt/ros/humble/lib/libgeometry_msgs__rosidl_generator_py.so /opt/ros/humble/lib/libstd_msgs__rosidl_generator_py.so /opt/ros/humble/lib/libgeometry_msgs__rosidl_typesupport_c.so /opt/ros/humble/lib/libstd_msgs__rosidl_typesupport_c.so /opt/ros/humble/lib/libgeometry_msgs__rosidl_generator_c.so /opt/ros/humble/lib/libstd_msgs__rosidl_generator_c.so /opt/ros/humble/lib/libbuiltin_interfaces__rosidl_generator_py.so /opt/ros/humble/lib/libbuiltin_interfaces__rosidl_typesupport_c.so /opt/ros/humble/lib/libbuiltin_interfaces__rosidl_generator_c.so /opt/ros/humble/lib/librosidl_typesupport_c.so /opt/ros/humble/lib/librcpputils.so /opt/ros/humble/lib/librosidl_runtime_c.so /opt/ros/humble/lib/librcutils.so -ldl /usr/lib/aarch64-linux-gnu/libpython3.10.so 
gmake[2]: Leaving directory '/home/robodog/RoboDog/ros2_ws/build/motion_cmd'
gmake[1]: Leaving directory '/home/robodog/RoboDog/ros2_ws/build/motion_cmd'
