[2.615s] Invoking command in '/home/robodog/RoboDog/ros2_ws/src/servo_calibration': CMAKE_PREFIX_PATH=/home/robodog/RoboDog/ros2_ws/install/i2cpwm_controller:/home/robodog/RoboDog/ros2_ws/install/servo_calibration PYTHONPATH=/home/robodog/RoboDog/ros2_ws/build/servo_calibration/prefix_override:/usr/lib/python3/dist-packages/colcon_core/task/python/colcon_distutils_commands:/home/robodog/RoboDog/ros2_ws/install/servo_calibration/lib/python3.10/site-packages:${PYTHONPATH} /usr/bin/python3 -W ignore:setup.py install is deprecated setup.py egg_info --egg-base ../../build/servo_calibration build --build-base /home/robodog/RoboDog/ros2_ws/build/servo_calibration/build install --record /home/robodog/RoboDog/ros2_ws/build/servo_calibration/install.log --single-version-externally-managed install_data
[3.653s] running egg_info
[3.655s] creating ../../build/servo_calibration/servo_calibration.egg-info
[3.656s] writing ../../build/servo_calibration/servo_calibration.egg-info/PKG-INFO
[3.658s] writing dependency_links to ../../build/servo_calibration/servo_calibration.egg-info/dependency_links.txt
[3.659s] writing entry points to ../../build/servo_calibration/servo_calibration.egg-info/entry_points.txt
[3.659s] writing requirements to ../../build/servo_calibration/servo_calibration.egg-info/requires.txt
[3.660s] writing top-level names to ../../build/servo_calibration/servo_calibration.egg-info/top_level.txt
[3.661s] writing manifest file '../../build/servo_calibration/servo_calibration.egg-info/SOURCES.txt'
[3.669s] reading manifest file '../../build/servo_calibration/servo_calibration.egg-info/SOURCES.txt'
[3.670s] adding license file 'LICENSE'
[3.672s] writing manifest file '../../build/servo_calibration/servo_calibration.egg-info/SOURCES.txt'
[3.673s] running build
[3.674s] running build_py
[3.675s] creating /home/robodog/RoboDog/ros2_ws/build/servo_calibration/build
[3.675s] creating /home/robodog/RoboDog/ros2_ws/build/servo_calibration/build/lib
[3.676s] creating /home/robodog/RoboDog/ros2_ws/build/servo_calibration/build/lib/servo_calibration
[3.676s] copying servo_calibration/__init__.py -> /home/robodog/RoboDog/ros2_ws/build/servo_calibration/build/lib/servo_calibration
[3.676s] copying servo_calibration/servo_calib_test.py -> /home/robodog/RoboDog/ros2_ws/build/servo_calibration/build/lib/servo_calibration
[3.677s] copying servo_calibration/servo_move_keyboard.py -> /home/robodog/RoboDog/ros2_ws/build/servo_calibration/build/lib/servo_calibration
[3.678s] running install
[3.679s] running install_lib
[3.682s] creating /home/robodog/RoboDog/ros2_ws/install/servo_calibration/lib/python3.10/site-packages/servo_calibration
[3.683s] copying /home/robodog/RoboDog/ros2_ws/build/servo_calibration/build/lib/servo_calibration/__init__.py -> /home/robodog/RoboDog/ros2_ws/install/servo_calibration/lib/python3.10/site-packages/servo_calibration
[3.683s] copying /home/robodog/RoboDog/ros2_ws/build/servo_calibration/build/lib/servo_calibration/servo_calib_test.py -> /home/robodog/RoboDog/ros2_ws/install/servo_calibration/lib/python3.10/site-packages/servo_calibration
[3.684s] copying /home/robodog/RoboDog/ros2_ws/build/servo_calibration/build/lib/servo_calibration/servo_move_keyboard.py -> /home/robodog/RoboDog/ros2_ws/install/servo_calibration/lib/python3.10/site-packages/servo_calibration
[3.687s] byte-compiling /home/robodog/RoboDog/ros2_ws/install/servo_calibration/lib/python3.10/site-packages/servo_calibration/__init__.py to __init__.cpython-310.pyc
[3.688s] byte-compiling /home/robodog/RoboDog/ros2_ws/install/servo_calibration/lib/python3.10/site-packages/servo_calibration/servo_calib_test.py to servo_calib_test.cpython-310.pyc
[3.695s] byte-compiling /home/robodog/RoboDog/ros2_ws/install/servo_calibration/lib/python3.10/site-packages/servo_calibration/servo_move_keyboard.py to servo_move_keyboard.cpython-310.pyc
[3.700s] running install_data
[3.701s] creating /home/robodog/RoboDog/ros2_ws/install/servo_calibration/share/ament_index
[3.701s] creating /home/robodog/RoboDog/ros2_ws/install/servo_calibration/share/ament_index/resource_index
[3.702s] creating /home/robodog/RoboDog/ros2_ws/install/servo_calibration/share/ament_index/resource_index/packages
[3.703s] copying resource/servo_calibration -> /home/robodog/RoboDog/ros2_ws/install/servo_calibration/share/ament_index/resource_index/packages
[3.703s] copying package.xml -> /home/robodog/RoboDog/ros2_ws/install/servo_calibration/share/servo_calibration
[3.703s] running install_egg_info
[3.710s] Copying ../../build/servo_calibration/servo_calibration.egg-info to /home/robodog/RoboDog/ros2_ws/install/servo_calibration/lib/python3.10/site-packages/servo_calibration-0.0.0-py3.10.egg-info
[3.715s] running install_scripts
[3.794s] Installing servo_calib_node script to /home/robodog/RoboDog/ros2_ws/install/servo_calibration/lib/servo_calibration
[3.796s] writing list of installed files to '/home/robodog/RoboDog/ros2_ws/build/servo_calibration/install.log'
[3.908s] Invoked command in '/home/robodog/RoboDog/ros2_ws/src/servo_calibration' returned '0': CMAKE_PREFIX_PATH=/home/robodog/RoboDog/ros2_ws/install/i2cpwm_controller:/home/robodog/RoboDog/ros2_ws/install/servo_calibration PYTHONPATH=/home/robodog/RoboDog/ros2_ws/build/servo_calibration/prefix_override:/usr/lib/python3/dist-packages/colcon_core/task/python/colcon_distutils_commands:/home/robodog/RoboDog/ros2_ws/install/servo_calibration/lib/python3.10/site-packages:${PYTHONPATH} /usr/bin/python3 -W ignore:setup.py install is deprecated setup.py egg_info --egg-base ../../build/servo_calibration build --build-base /home/robodog/RoboDog/ros2_ws/build/servo_calibration/build install --record /home/robodog/RoboDog/ros2_ws/build/servo_calibration/install.log --single-version-externally-managed install_data
