[0.050s] Invoking command in '/home/robodog/RoboDog/ros2_ws/build/i2cpwm_controller': CMAKE_PREFIX_PATH=${CMAKE_PREFIX_PATH}:/home/robodog/RoboDog/ros2_ws/install/servo_calibration:/opt/ros/humble /usr/bin/cmake --build /home/robodog/RoboDog/ros2_ws/build/i2cpwm_controller -- -j4 -l4
[0.296s] [  0%] Built target i2cpwm_controller__cpp
[0.316s] [ 12%] Built target i2cpwm_controller__rosidl_generator_c
[0.375s] [ 12%] Built target ament_cmake_python_copy_i2cpwm_controller
[0.433s] [ 24%] Built target i2cpwm_controller__rosidl_typesupport_cpp
[0.455s] [ 35%] Built target i2cpwm_controller__rosidl_typesupport_fastrtps_cpp
[0.476s] [ 47%] Built target i2cpwm_controller__rosidl_typesupport_introspection_cpp
[0.522s] [ 58%] Built target i2cpwm_controller__rosidl_typesupport_fastrtps_c
[0.557s] [ 69%] Built target i2cpwm_controller__rosidl_typesupport_introspection_c
[0.571s] [ 80%] Built target i2cpwm_controller__rosidl_typesupport_c
[0.591s] [35m[1mConsolidate compiler generated dependencies of target i2cpwm_controller_node[0m
[0.668s] [ 80%] Built target i2cpwm_controller
[0.712s] [ 81%] [32mBuilding CXX object CMakeFiles/i2cpwm_controller_node.dir/src/i2cpwm_controller.cpp.o[0m
[0.775s] [ 82%] Built target i2cpwm_controller__py
[0.907s] [ 92%] Built target i2cpwm_controller__rosidl_generator_py
[1.030s] [ 94%] Built target i2cpwm_controller__rosidl_typesupport_fastrtps_c__pyext
[1.037s] [ 96%] Built target i2cpwm_controller__rosidl_typesupport_introspection_c__pyext
[1.141s] [ 98%] Built target i2cpwm_controller__rosidl_typesupport_c__pyext
[1.747s] running egg_info
[1.752s] writing i2cpwm_controller.egg-info/PKG-INFO
[1.755s] writing dependency_links to i2cpwm_controller.egg-info/dependency_links.txt
[1.755s] writing top-level names to i2cpwm_controller.egg-info/top_level.txt
[1.765s] reading manifest file 'i2cpwm_controller.egg-info/SOURCES.txt'
[1.769s] writing manifest file 'i2cpwm_controller.egg-info/SOURCES.txt'
[1.902s] [ 98%] Built target ament_cmake_python_build_i2cpwm_controller_egg
[52.173s] [ 99%] [32m[1mLinking CXX executable i2cpwm_controller_node[0m
[55.260s] [100%] Built target i2cpwm_controller_node
[55.310s] Invoked command in '/home/robodog/RoboDog/ros2_ws/build/i2cpwm_controller' returned '0': CMAKE_PREFIX_PATH=${CMAKE_PREFIX_PATH}:/home/robodog/RoboDog/ros2_ws/install/servo_calibration:/opt/ros/humble /usr/bin/cmake --build /home/robodog/RoboDog/ros2_ws/build/i2cpwm_controller -- -j4 -l4
[56.664s] Invoking command in '/home/robodog/RoboDog/ros2_ws/build/i2cpwm_controller': CMAKE_PREFIX_PATH=${CMAKE_PREFIX_PATH}:/home/robodog/RoboDog/ros2_ws/install/servo_calibration:/opt/ros/humble /usr/bin/cmake --install /home/robodog/RoboDog/ros2_ws/build/i2cpwm_controller
[56.696s] -- Install configuration: ""
[56.696s] -- Up-to-date: /home/robodog/RoboDog/ros2_ws/install/i2cpwm_controller/share/ament_index/resource_index/rosidl_interfaces/i2cpwm_controller
[56.697s] -- Up-to-date: /home/robodog/RoboDog/ros2_ws/install/i2cpwm_controller/include/i2cpwm_controller/i2cpwm_controller
[56.697s] -- Up-to-date: /home/robodog/RoboDog/ros2_ws/install/i2cpwm_controller/include/i2cpwm_controller/i2cpwm_controller/srv
[56.698s] -- Up-to-date: /home/robodog/RoboDog/ros2_ws/install/i2cpwm_controller/include/i2cpwm_controller/i2cpwm_controller/srv/stop_servos.h
[56.698s] -- Up-to-date: /home/robodog/RoboDog/ros2_ws/install/i2cpwm_controller/include/i2cpwm_controller/i2cpwm_controller/srv/servos_config.h
[56.699s] -- Up-to-date: /home/robodog/RoboDog/ros2_ws/install/i2cpwm_controller/include/i2cpwm_controller/i2cpwm_controller/srv/detail
[56.699s] -- Up-to-date: /home/robodog/RoboDog/ros2_ws/install/i2cpwm_controller/include/i2cpwm_controller/i2cpwm_controller/srv/detail/drive_mode__struct.h
[56.700s] -- Up-to-date: /home/robodog/RoboDog/ros2_ws/install/i2cpwm_controller/include/i2cpwm_controller/i2cpwm_controller/srv/detail/servos_config__type_support.h
[56.700s] -- Up-to-date: /home/robodog/RoboDog/ros2_ws/install/i2cpwm_controller/include/i2cpwm_controller/i2cpwm_controller/srv/detail/int_value__functions.c
[56.700s] -- Up-to-date: /home/robodog/RoboDog/ros2_ws/install/i2cpwm_controller/include/i2cpwm_controller/i2cpwm_controller/srv/detail/drive_mode__functions.h
[56.701s] -- Up-to-date: /home/robodog/RoboDog/ros2_ws/install/i2cpwm_controller/include/i2cpwm_controller/i2cpwm_controller/srv/detail/servos_config__functions.h
[56.701s] -- Up-to-date: /home/robodog/RoboDog/ros2_ws/install/i2cpwm_controller/include/i2cpwm_controller/i2cpwm_controller/srv/detail/stop_servos__functions.c
[56.702s] -- Up-to-date: /home/robodog/RoboDog/ros2_ws/install/i2cpwm_controller/include/i2cpwm_controller/i2cpwm_controller/srv/detail/stop_servos__struct.h
[56.702s] -- Up-to-date: /home/robodog/RoboDog/ros2_ws/install/i2cpwm_controller/include/i2cpwm_controller/i2cpwm_controller/srv/detail/drive_mode__type_support.h
[56.703s] -- Up-to-date: /home/robodog/RoboDog/ros2_ws/install/i2cpwm_controller/include/i2cpwm_controller/i2cpwm_controller/srv/detail/stop_servos__type_support.h
[56.703s] -- Up-to-date: /home/robodog/RoboDog/ros2_ws/install/i2cpwm_controller/include/i2cpwm_controller/i2cpwm_controller/srv/detail/servos_config__functions.c
[56.703s] -- Up-to-date: /home/robodog/RoboDog/ros2_ws/install/i2cpwm_controller/include/i2cpwm_controller/i2cpwm_controller/srv/detail/servos_config__struct.h
[56.704s] -- Up-to-date: /home/robodog/RoboDog/ros2_ws/install/i2cpwm_controller/include/i2cpwm_controller/i2cpwm_controller/srv/detail/drive_mode__functions.c
[56.704s] -- Up-to-date: /home/robodog/RoboDog/ros2_ws/install/i2cpwm_controller/include/i2cpwm_controller/i2cpwm_controller/srv/detail/int_value__type_support.h
[56.705s] -- Up-to-date: /home/robodog/RoboDog/ros2_ws/install/i2cpwm_controller/include/i2cpwm_controller/i2cpwm_controller/srv/detail/int_value__functions.h
[56.705s] -- Up-to-date: /home/robodog/RoboDog/ros2_ws/install/i2cpwm_controller/include/i2cpwm_controller/i2cpwm_controller/srv/detail/int_value__struct.h
[56.706s] -- Up-to-date: /home/robodog/RoboDog/ros2_ws/install/i2cpwm_controller/include/i2cpwm_controller/i2cpwm_controller/srv/detail/stop_servos__functions.h
[56.706s] -- Up-to-date: /home/robodog/RoboDog/ros2_ws/install/i2cpwm_controller/include/i2cpwm_controller/i2cpwm_controller/srv/int_value.h
[56.707s] -- Up-to-date: /home/robodog/RoboDog/ros2_ws/install/i2cpwm_controller/include/i2cpwm_controller/i2cpwm_controller/srv/drive_mode.h
[56.707s] -- Up-to-date: /home/robodog/RoboDog/ros2_ws/install/i2cpwm_controller/include/i2cpwm_controller/i2cpwm_controller/msg
[56.707s] -- Up-to-date: /home/robodog/RoboDog/ros2_ws/install/i2cpwm_controller/include/i2cpwm_controller/i2cpwm_controller/msg/position.h
[56.708s] -- Up-to-date: /home/robodog/RoboDog/ros2_ws/install/i2cpwm_controller/include/i2cpwm_controller/i2cpwm_controller/msg/servo_config.h
[56.708s] -- Up-to-date: /home/robodog/RoboDog/ros2_ws/install/i2cpwm_controller/include/i2cpwm_controller/i2cpwm_controller/msg/servo.h
[56.708s] -- Up-to-date: /home/robodog/RoboDog/ros2_ws/install/i2cpwm_controller/include/i2cpwm_controller/i2cpwm_controller/msg/rosidl_generator_c__visibility_control.h
[56.709s] -- Up-to-date: /home/robodog/RoboDog/ros2_ws/install/i2cpwm_controller/include/i2cpwm_controller/i2cpwm_controller/msg/servo_config_array.h
[56.709s] -- Up-to-date: /home/robodog/RoboDog/ros2_ws/install/i2cpwm_controller/include/i2cpwm_controller/i2cpwm_controller/msg/servo_array.h
[56.710s] -- Up-to-date: /home/robodog/RoboDog/ros2_ws/install/i2cpwm_controller/include/i2cpwm_controller/i2cpwm_controller/msg/position_array.h
[56.710s] -- Up-to-date: /home/robodog/RoboDog/ros2_ws/install/i2cpwm_controller/include/i2cpwm_controller/i2cpwm_controller/msg/detail
[56.711s] -- Up-to-date: /home/robodog/RoboDog/ros2_ws/install/i2cpwm_controller/include/i2cpwm_controller/i2cpwm_controller/msg/detail/servo__type_support.h
[56.711s] -- Up-to-date: /home/robodog/RoboDog/ros2_ws/install/i2cpwm_controller/include/i2cpwm_controller/i2cpwm_controller/msg/detail/servo_config_array__struct.h
[56.712s] -- Up-to-date: /home/robodog/RoboDog/ros2_ws/install/i2cpwm_controller/include/i2cpwm_controller/i2cpwm_controller/msg/detail/position__struct.h
[56.712s] -- Up-to-date: /home/robodog/RoboDog/ros2_ws/install/i2cpwm_controller/include/i2cpwm_controller/i2cpwm_controller/msg/detail/servo_array__struct.h
[56.712s] -- Up-to-date: /home/robodog/RoboDog/ros2_ws/install/i2cpwm_controller/include/i2cpwm_controller/i2cpwm_controller/msg/detail/position_array__functions.c
[56.713s] -- Up-to-date: /home/robodog/RoboDog/ros2_ws/install/i2cpwm_controller/include/i2cpwm_controller/i2cpwm_controller/msg/detail/servo_array__functions.c
[56.713s] -- Up-to-date: /home/robodog/RoboDog/ros2_ws/install/i2cpwm_controller/include/i2cpwm_controller/i2cpwm_controller/msg/detail/servo__functions.h
[56.714s] -- Up-to-date: /home/robodog/RoboDog/ros2_ws/install/i2cpwm_controller/include/i2cpwm_controller/i2cpwm_controller/msg/detail/servo_config_array__type_support.h
[56.714s] -- Up-to-date: /home/robodog/RoboDog/ros2_ws/install/i2cpwm_controller/include/i2cpwm_controller/i2cpwm_controller/msg/detail/servo__functions.c
[56.715s] -- Up-to-date: /home/robodog/RoboDog/ros2_ws/install/i2cpwm_controller/include/i2cpwm_controller/i2cpwm_controller/msg/detail/position_array__struct.h
[56.715s] -- Up-to-date: /home/robodog/RoboDog/ros2_ws/install/i2cpwm_controller/include/i2cpwm_controller/i2cpwm_controller/msg/detail/servo_array__type_support.h
[56.716s] -- Up-to-date: /home/robodog/RoboDog/ros2_ws/install/i2cpwm_controller/include/i2cpwm_controller/i2cpwm_controller/msg/detail/servo_config__struct.h
[56.716s] -- Up-to-date: /home/robodog/RoboDog/ros2_ws/install/i2cpwm_controller/include/i2cpwm_controller/i2cpwm_controller/msg/detail/servo_config_array__functions.c
[56.716s] -- Up-to-date: /home/robodog/RoboDog/ros2_ws/install/i2cpwm_controller/include/i2cpwm_controller/i2cpwm_controller/msg/detail/servo_config__type_support.h
[56.717s] -- Up-to-date: /home/robodog/RoboDog/ros2_ws/install/i2cpwm_controller/include/i2cpwm_controller/i2cpwm_controller/msg/detail/position__functions.c
[56.717s] -- Up-to-date: /home/robodog/RoboDog/ros2_ws/install/i2cpwm_controller/include/i2cpwm_controller/i2cpwm_controller/msg/detail/servo_array__functions.h
[56.717s] -- Up-to-date: /home/robodog/RoboDog/ros2_ws/install/i2cpwm_controller/include/i2cpwm_controller/i2cpwm_controller/msg/detail/servo_config__functions.h
[56.718s] -- Up-to-date: /home/robodog/RoboDog/ros2_ws/install/i2cpwm_controller/include/i2cpwm_controller/i2cpwm_controller/msg/detail/servo_config__functions.c
[56.718s] -- Up-to-date: /home/robodog/RoboDog/ros2_ws/install/i2cpwm_controller/include/i2cpwm_controller/i2cpwm_controller/msg/detail/position_array__functions.h
[56.719s] -- Up-to-date: /home/robodog/RoboDog/ros2_ws/install/i2cpwm_controller/include/i2cpwm_controller/i2cpwm_controller/msg/detail/position__type_support.h
[56.719s] -- Up-to-date: /home/robodog/RoboDog/ros2_ws/install/i2cpwm_controller/include/i2cpwm_controller/i2cpwm_controller/msg/detail/servo_config_array__functions.h
[56.719s] -- Up-to-date: /home/robodog/RoboDog/ros2_ws/install/i2cpwm_controller/include/i2cpwm_controller/i2cpwm_controller/msg/detail/position__functions.h
[56.720s] -- Up-to-date: /home/robodog/RoboDog/ros2_ws/install/i2cpwm_controller/include/i2cpwm_controller/i2cpwm_controller/msg/detail/servo__struct.h
[56.720s] -- Up-to-date: /home/robodog/RoboDog/ros2_ws/install/i2cpwm_controller/include/i2cpwm_controller/i2cpwm_controller/msg/detail/position_array__type_support.h
[56.721s] -- Up-to-date: /home/robodog/RoboDog/ros2_ws/install/i2cpwm_controller/share/i2cpwm_controller/environment/library_path.sh
[56.721s] -- Up-to-date: /home/robodog/RoboDog/ros2_ws/install/i2cpwm_controller/share/i2cpwm_controller/environment/library_path.dsv
[56.722s] -- Up-to-date: /home/robodog/RoboDog/ros2_ws/install/i2cpwm_controller/lib/libi2cpwm_controller__rosidl_generator_c.so
[56.722s] -- Up-to-date: /home/robodog/RoboDog/ros2_ws/install/i2cpwm_controller/include/i2cpwm_controller/i2cpwm_controller
[56.722s] -- Up-to-date: /home/robodog/RoboDog/ros2_ws/install/i2cpwm_controller/include/i2cpwm_controller/i2cpwm_controller/srv
[56.723s] -- Up-to-date: /home/robodog/RoboDog/ros2_ws/install/i2cpwm_controller/include/i2cpwm_controller/i2cpwm_controller/srv/detail
[56.723s] -- Up-to-date: /home/robodog/RoboDog/ros2_ws/install/i2cpwm_controller/include/i2cpwm_controller/i2cpwm_controller/srv/detail/stop_servos__rosidl_typesupport_fastrtps_c.h
[56.724s] -- Up-to-date: /home/robodog/RoboDog/ros2_ws/install/i2cpwm_controller/include/i2cpwm_controller/i2cpwm_controller/srv/detail/drive_mode__rosidl_typesupport_fastrtps_c.h
[56.724s] -- Up-to-date: /home/robodog/RoboDog/ros2_ws/install/i2cpwm_controller/include/i2cpwm_controller/i2cpwm_controller/srv/detail/servos_config__rosidl_typesupport_fastrtps_c.h
[56.724s] -- Up-to-date: /home/robodog/RoboDog/ros2_ws/install/i2cpwm_controller/include/i2cpwm_controller/i2cpwm_controller/srv/detail/int_value__rosidl_typesupport_fastrtps_c.h
[56.725s] -- Up-to-date: /home/robodog/RoboDog/ros2_ws/install/i2cpwm_controller/include/i2cpwm_controller/i2cpwm_controller/msg
[56.725s] -- Up-to-date: /home/robodog/RoboDog/ros2_ws/install/i2cpwm_controller/include/i2cpwm_controller/i2cpwm_controller/msg/detail
[56.725s] -- Up-to-date: /home/robodog/RoboDog/ros2_ws/install/i2cpwm_controller/include/i2cpwm_controller/i2cpwm_controller/msg/detail/position__rosidl_typesupport_fastrtps_c.h
[56.726s] -- Up-to-date: /home/robodog/RoboDog/ros2_ws/install/i2cpwm_controller/include/i2cpwm_controller/i2cpwm_controller/msg/detail/position_array__rosidl_typesupport_fastrtps_c.h
[56.726s] -- Up-to-date: /home/robodog/RoboDog/ros2_ws/install/i2cpwm_controller/include/i2cpwm_controller/i2cpwm_controller/msg/detail/servo_config__rosidl_typesupport_fastrtps_c.h
[56.727s] -- Up-to-date: /home/robodog/RoboDog/ros2_ws/install/i2cpwm_controller/include/i2cpwm_controller/i2cpwm_controller/msg/detail/servo_array__rosidl_typesupport_fastrtps_c.h
[56.727s] -- Up-to-date: /home/robodog/RoboDog/ros2_ws/install/i2cpwm_controller/include/i2cpwm_controller/i2cpwm_controller/msg/detail/servo__rosidl_typesupport_fastrtps_c.h
[56.727s] -- Up-to-date: /home/robodog/RoboDog/ros2_ws/install/i2cpwm_controller/include/i2cpwm_controller/i2cpwm_controller/msg/detail/servo_config_array__rosidl_typesupport_fastrtps_c.h
[56.728s] -- Up-to-date: /home/robodog/RoboDog/ros2_ws/install/i2cpwm_controller/include/i2cpwm_controller/i2cpwm_controller/msg/rosidl_typesupport_fastrtps_c__visibility_control.h
[56.728s] -- Up-to-date: /home/robodog/RoboDog/ros2_ws/install/i2cpwm_controller/lib/libi2cpwm_controller__rosidl_typesupport_fastrtps_c.so
[56.729s] -- Up-to-date: /home/robodog/RoboDog/ros2_ws/install/i2cpwm_controller/include/i2cpwm_controller/i2cpwm_controller
[56.729s] -- Up-to-date: /home/robodog/RoboDog/ros2_ws/install/i2cpwm_controller/include/i2cpwm_controller/i2cpwm_controller/srv
[56.729s] -- Up-to-date: /home/robodog/RoboDog/ros2_ws/install/i2cpwm_controller/include/i2cpwm_controller/i2cpwm_controller/srv/servos_config.hpp
[56.730s] -- Up-to-date: /home/robodog/RoboDog/ros2_ws/install/i2cpwm_controller/include/i2cpwm_controller/i2cpwm_controller/srv/stop_servos.hpp
[56.731s] -- Up-to-date: /home/robodog/RoboDog/ros2_ws/install/i2cpwm_controller/include/i2cpwm_controller/i2cpwm_controller/srv/detail
[56.731s] -- Up-to-date: /home/robodog/RoboDog/ros2_ws/install/i2cpwm_controller/include/i2cpwm_controller/i2cpwm_controller/srv/detail/int_value__struct.hpp
[56.731s] -- Up-to-date: /home/robodog/RoboDog/ros2_ws/install/i2cpwm_controller/include/i2cpwm_controller/i2cpwm_controller/srv/detail/int_value__traits.hpp
[56.732s] -- Up-to-date: /home/robodog/RoboDog/ros2_ws/install/i2cpwm_controller/include/i2cpwm_controller/i2cpwm_controller/srv/detail/stop_servos__builder.hpp
[56.732s] -- Up-to-date: /home/robodog/RoboDog/ros2_ws/install/i2cpwm_controller/include/i2cpwm_controller/i2cpwm_controller/srv/detail/stop_servos__struct.hpp
[56.733s] -- Up-to-date: /home/robodog/RoboDog/ros2_ws/install/i2cpwm_controller/include/i2cpwm_controller/i2cpwm_controller/srv/detail/stop_servos__traits.hpp
[56.733s] -- Up-to-date: /home/robodog/RoboDog/ros2_ws/install/i2cpwm_controller/include/i2cpwm_controller/i2cpwm_controller/srv/detail/drive_mode__builder.hpp
[56.734s] -- Up-to-date: /home/robodog/RoboDog/ros2_ws/install/i2cpwm_controller/include/i2cpwm_controller/i2cpwm_controller/srv/detail/servos_config__traits.hpp
[56.734s] -- Up-to-date: /home/robodog/RoboDog/ros2_ws/install/i2cpwm_controller/include/i2cpwm_controller/i2cpwm_controller/srv/detail/servos_config__builder.hpp
[56.734s] -- Up-to-date: /home/robodog/RoboDog/ros2_ws/install/i2cpwm_controller/include/i2cpwm_controller/i2cpwm_controller/srv/detail/int_value__builder.hpp
[56.735s] -- Up-to-date: /home/robodog/RoboDog/ros2_ws/install/i2cpwm_controller/include/i2cpwm_controller/i2cpwm_controller/srv/detail/drive_mode__traits.hpp
[56.735s] -- Up-to-date: /home/robodog/RoboDog/ros2_ws/install/i2cpwm_controller/include/i2cpwm_controller/i2cpwm_controller/srv/detail/drive_mode__struct.hpp
[56.736s] -- Up-to-date: /home/robodog/RoboDog/ros2_ws/install/i2cpwm_controller/include/i2cpwm_controller/i2cpwm_controller/srv/detail/servos_config__struct.hpp
[56.736s] -- Up-to-date: /home/robodog/RoboDog/ros2_ws/install/i2cpwm_controller/include/i2cpwm_controller/i2cpwm_controller/srv/drive_mode.hpp
[56.737s] -- Up-to-date: /home/robodog/RoboDog/ros2_ws/install/i2cpwm_controller/include/i2cpwm_controller/i2cpwm_controller/srv/int_value.hpp
[56.737s] -- Up-to-date: /home/robodog/RoboDog/ros2_ws/install/i2cpwm_controller/include/i2cpwm_controller/i2cpwm_controller/msg
[56.737s] -- Up-to-date: /home/robodog/RoboDog/ros2_ws/install/i2cpwm_controller/include/i2cpwm_controller/i2cpwm_controller/msg/servo_array.hpp
[56.738s] -- Up-to-date: /home/robodog/RoboDog/ros2_ws/install/i2cpwm_controller/include/i2cpwm_controller/i2cpwm_controller/msg/position_array.hpp
[56.738s] -- Up-to-date: /home/robodog/RoboDog/ros2_ws/install/i2cpwm_controller/include/i2cpwm_controller/i2cpwm_controller/msg/position.hpp
[56.739s] -- Up-to-date: /home/robodog/RoboDog/ros2_ws/install/i2cpwm_controller/include/i2cpwm_controller/i2cpwm_controller/msg/servo.hpp
[56.739s] -- Up-to-date: /home/robodog/RoboDog/ros2_ws/install/i2cpwm_controller/include/i2cpwm_controller/i2cpwm_controller/msg/detail
[56.740s] -- Up-to-date: /home/robodog/RoboDog/ros2_ws/install/i2cpwm_controller/include/i2cpwm_controller/i2cpwm_controller/msg/detail/position__struct.hpp
[56.740s] -- Up-to-date: /home/robodog/RoboDog/ros2_ws/install/i2cpwm_controller/include/i2cpwm_controller/i2cpwm_controller/msg/detail/position__traits.hpp
[56.741s] -- Up-to-date: /home/robodog/RoboDog/ros2_ws/install/i2cpwm_controller/include/i2cpwm_controller/i2cpwm_controller/msg/detail/servo_config__traits.hpp
[56.741s] -- Up-to-date: /home/robodog/RoboDog/ros2_ws/install/i2cpwm_controller/include/i2cpwm_controller/i2cpwm_controller/msg/detail/servo__traits.hpp
[56.741s] -- Up-to-date: /home/robodog/RoboDog/ros2_ws/install/i2cpwm_controller/include/i2cpwm_controller/i2cpwm_controller/msg/detail/servo_array__traits.hpp
[56.742s] -- Up-to-date: /home/robodog/RoboDog/ros2_ws/install/i2cpwm_controller/include/i2cpwm_controller/i2cpwm_controller/msg/detail/servo_config_array__traits.hpp
[56.742s] -- Up-to-date: /home/robodog/RoboDog/ros2_ws/install/i2cpwm_controller/include/i2cpwm_controller/i2cpwm_controller/msg/detail/position_array__struct.hpp
[56.743s] -- Up-to-date: /home/robodog/RoboDog/ros2_ws/install/i2cpwm_controller/include/i2cpwm_controller/i2cpwm_controller/msg/detail/servo__struct.hpp
[56.743s] -- Up-to-date: /home/robodog/RoboDog/ros2_ws/install/i2cpwm_controller/include/i2cpwm_controller/i2cpwm_controller/msg/detail/servo_array__builder.hpp
[56.743s] -- Up-to-date: /home/robodog/RoboDog/ros2_ws/install/i2cpwm_controller/include/i2cpwm_controller/i2cpwm_controller/msg/detail/position_array__builder.hpp
[56.744s] -- Up-to-date: /home/robodog/RoboDog/ros2_ws/install/i2cpwm_controller/include/i2cpwm_controller/i2cpwm_controller/msg/detail/servo_config__struct.hpp
[56.744s] -- Up-to-date: /home/robodog/RoboDog/ros2_ws/install/i2cpwm_controller/include/i2cpwm_controller/i2cpwm_controller/msg/detail/servo_array__struct.hpp
[56.745s] -- Up-to-date: /home/robodog/RoboDog/ros2_ws/install/i2cpwm_controller/include/i2cpwm_controller/i2cpwm_controller/msg/detail/position__builder.hpp
[56.745s] -- Up-to-date: /home/robodog/RoboDog/ros2_ws/install/i2cpwm_controller/include/i2cpwm_controller/i2cpwm_controller/msg/detail/servo_config__builder.hpp
[56.745s] -- Up-to-date: /home/robodog/RoboDog/ros2_ws/install/i2cpwm_controller/include/i2cpwm_controller/i2cpwm_controller/msg/detail/position_array__traits.hpp
[56.746s] -- Up-to-date: /home/robodog/RoboDog/ros2_ws/install/i2cpwm_controller/include/i2cpwm_controller/i2cpwm_controller/msg/detail/servo_config_array__builder.hpp
[56.746s] -- Up-to-date: /home/robodog/RoboDog/ros2_ws/install/i2cpwm_controller/include/i2cpwm_controller/i2cpwm_controller/msg/detail/servo_config_array__struct.hpp
[56.747s] -- Up-to-date: /home/robodog/RoboDog/ros2_ws/install/i2cpwm_controller/include/i2cpwm_controller/i2cpwm_controller/msg/detail/servo__builder.hpp
[56.747s] -- Up-to-date: /home/robodog/RoboDog/ros2_ws/install/i2cpwm_controller/include/i2cpwm_controller/i2cpwm_controller/msg/servo_config_array.hpp
[56.748s] -- Up-to-date: /home/robodog/RoboDog/ros2_ws/install/i2cpwm_controller/include/i2cpwm_controller/i2cpwm_controller/msg/servo_config.hpp
[56.748s] -- Up-to-date: /home/robodog/RoboDog/ros2_ws/install/i2cpwm_controller/include/i2cpwm_controller/i2cpwm_controller
[56.748s] -- Up-to-date: /home/robodog/RoboDog/ros2_ws/install/i2cpwm_controller/include/i2cpwm_controller/i2cpwm_controller/srv
[56.749s] -- Up-to-date: /home/robodog/RoboDog/ros2_ws/install/i2cpwm_controller/include/i2cpwm_controller/i2cpwm_controller/srv/detail
[56.749s] -- Up-to-date: /home/robodog/RoboDog/ros2_ws/install/i2cpwm_controller/include/i2cpwm_controller/i2cpwm_controller/srv/detail/stop_servos__rosidl_typesupport_fastrtps_cpp.hpp
[56.749s] -- Up-to-date: /home/robodog/RoboDog/ros2_ws/install/i2cpwm_controller/include/i2cpwm_controller/i2cpwm_controller/srv/detail/drive_mode__rosidl_typesupport_fastrtps_cpp.hpp
[56.750s] -- Up-to-date: /home/robodog/RoboDog/ros2_ws/install/i2cpwm_controller/include/i2cpwm_controller/i2cpwm_controller/srv/detail/dds_fastrtps
[56.750s] -- Up-to-date: /home/robodog/RoboDog/ros2_ws/install/i2cpwm_controller/include/i2cpwm_controller/i2cpwm_controller/srv/detail/int_value__rosidl_typesupport_fastrtps_cpp.hpp
[56.751s] -- Up-to-date: /home/robodog/RoboDog/ros2_ws/install/i2cpwm_controller/include/i2cpwm_controller/i2cpwm_controller/srv/detail/servos_config__rosidl_typesupport_fastrtps_cpp.hpp
[56.751s] -- Up-to-date: /home/robodog/RoboDog/ros2_ws/install/i2cpwm_controller/include/i2cpwm_controller/i2cpwm_controller/msg
[56.751s] -- Up-to-date: /home/robodog/RoboDog/ros2_ws/install/i2cpwm_controller/include/i2cpwm_controller/i2cpwm_controller/msg/rosidl_typesupport_fastrtps_cpp__visibility_control.h
[56.752s] -- Up-to-date: /home/robodog/RoboDog/ros2_ws/install/i2cpwm_controller/include/i2cpwm_controller/i2cpwm_controller/msg/detail
[56.752s] -- Up-to-date: /home/robodog/RoboDog/ros2_ws/install/i2cpwm_controller/include/i2cpwm_controller/i2cpwm_controller/msg/detail/servo_array__rosidl_typesupport_fastrtps_cpp.hpp
[56.752s] -- Up-to-date: /home/robodog/RoboDog/ros2_ws/install/i2cpwm_controller/include/i2cpwm_controller/i2cpwm_controller/msg/detail/servo__rosidl_typesupport_fastrtps_cpp.hpp
[56.753s] -- Up-to-date: /home/robodog/RoboDog/ros2_ws/install/i2cpwm_controller/include/i2cpwm_controller/i2cpwm_controller/msg/detail/position_array__rosidl_typesupport_fastrtps_cpp.hpp
[56.753s] -- Up-to-date: /home/robodog/RoboDog/ros2_ws/install/i2cpwm_controller/include/i2cpwm_controller/i2cpwm_controller/msg/detail/servo_config_array__rosidl_typesupport_fastrtps_cpp.hpp
[56.754s] -- Up-to-date: /home/robodog/RoboDog/ros2_ws/install/i2cpwm_controller/include/i2cpwm_controller/i2cpwm_controller/msg/detail/position__rosidl_typesupport_fastrtps_cpp.hpp
[56.754s] -- Up-to-date: /home/robodog/RoboDog/ros2_ws/install/i2cpwm_controller/include/i2cpwm_controller/i2cpwm_controller/msg/detail/dds_fastrtps
[56.755s] -- Up-to-date: /home/robodog/RoboDog/ros2_ws/install/i2cpwm_controller/include/i2cpwm_controller/i2cpwm_controller/msg/detail/servo_config__rosidl_typesupport_fastrtps_cpp.hpp
[56.755s] -- Up-to-date: /home/robodog/RoboDog/ros2_ws/install/i2cpwm_controller/lib/libi2cpwm_controller__rosidl_typesupport_fastrtps_cpp.so
[56.755s] -- Up-to-date: /home/robodog/RoboDog/ros2_ws/install/i2cpwm_controller/include/i2cpwm_controller/i2cpwm_controller
[56.756s] -- Up-to-date: /home/robodog/RoboDog/ros2_ws/install/i2cpwm_controller/include/i2cpwm_controller/i2cpwm_controller/srv
[56.756s] -- Up-to-date: /home/robodog/RoboDog/ros2_ws/install/i2cpwm_controller/include/i2cpwm_controller/i2cpwm_controller/srv/detail
[56.757s] -- Up-to-date: /home/robodog/RoboDog/ros2_ws/install/i2cpwm_controller/include/i2cpwm_controller/i2cpwm_controller/srv/detail/servos_config__rosidl_typesupport_introspection_c.h
[56.757s] -- Up-to-date: /home/robodog/RoboDog/ros2_ws/install/i2cpwm_controller/include/i2cpwm_controller/i2cpwm_controller/srv/detail/drive_mode__type_support.c
[56.757s] -- Up-to-date: /home/robodog/RoboDog/ros2_ws/install/i2cpwm_controller/include/i2cpwm_controller/i2cpwm_controller/srv/detail/stop_servos__rosidl_typesupport_introspection_c.h
[56.758s] -- Up-to-date: /home/robodog/RoboDog/ros2_ws/install/i2cpwm_controller/include/i2cpwm_controller/i2cpwm_controller/srv/detail/int_value__type_support.c
[56.758s] -- Up-to-date: /home/robodog/RoboDog/ros2_ws/install/i2cpwm_controller/include/i2cpwm_controller/i2cpwm_controller/srv/detail/servos_config__type_support.c
[56.759s] -- Up-to-date: /home/robodog/RoboDog/ros2_ws/install/i2cpwm_controller/include/i2cpwm_controller/i2cpwm_controller/srv/detail/stop_servos__type_support.c
[56.759s] -- Up-to-date: /home/robodog/RoboDog/ros2_ws/install/i2cpwm_controller/include/i2cpwm_controller/i2cpwm_controller/srv/detail/int_value__rosidl_typesupport_introspection_c.h
[56.760s] -- Up-to-date: /home/robodog/RoboDog/ros2_ws/install/i2cpwm_controller/include/i2cpwm_controller/i2cpwm_controller/srv/detail/drive_mode__rosidl_typesupport_introspection_c.h
[56.760s] -- Up-to-date: /home/robodog/RoboDog/ros2_ws/install/i2cpwm_controller/include/i2cpwm_controller/i2cpwm_controller/msg
[56.760s] -- Up-to-date: /home/robodog/RoboDog/ros2_ws/install/i2cpwm_controller/include/i2cpwm_controller/i2cpwm_controller/msg/detail
[56.761s] -- Up-to-date: /home/robodog/RoboDog/ros2_ws/install/i2cpwm_controller/include/i2cpwm_controller/i2cpwm_controller/msg/detail/servo_config__type_support.c
[56.761s] -- Up-to-date: /home/robodog/RoboDog/ros2_ws/install/i2cpwm_controller/include/i2cpwm_controller/i2cpwm_controller/msg/detail/servo__type_support.c
[56.762s] -- Up-to-date: /home/robodog/RoboDog/ros2_ws/install/i2cpwm_controller/include/i2cpwm_controller/i2cpwm_controller/msg/detail/position__rosidl_typesupport_introspection_c.h
[56.762s] -- Up-to-date: /home/robodog/RoboDog/ros2_ws/install/i2cpwm_controller/include/i2cpwm_controller/i2cpwm_controller/msg/detail/servo__rosidl_typesupport_introspection_c.h
[56.762s] -- Up-to-date: /home/robodog/RoboDog/ros2_ws/install/i2cpwm_controller/include/i2cpwm_controller/i2cpwm_controller/msg/detail/position_array__rosidl_typesupport_introspection_c.h
[56.763s] -- Up-to-date: /home/robodog/RoboDog/ros2_ws/install/i2cpwm_controller/include/i2cpwm_controller/i2cpwm_controller/msg/detail/servo_config_array__type_support.c
[56.763s] -- Up-to-date: /home/robodog/RoboDog/ros2_ws/install/i2cpwm_controller/include/i2cpwm_controller/i2cpwm_controller/msg/detail/position_array__type_support.c
[56.764s] -- Up-to-date: /home/robodog/RoboDog/ros2_ws/install/i2cpwm_controller/include/i2cpwm_controller/i2cpwm_controller/msg/detail/servo_config_array__rosidl_typesupport_introspection_c.h
[56.764s] -- Up-to-date: /home/robodog/RoboDog/ros2_ws/install/i2cpwm_controller/include/i2cpwm_controller/i2cpwm_controller/msg/detail/servo_array__type_support.c
[56.764s] -- Up-to-date: /home/robodog/RoboDog/ros2_ws/install/i2cpwm_controller/include/i2cpwm_controller/i2cpwm_controller/msg/detail/servo_array__rosidl_typesupport_introspection_c.h
[56.764s] -- Up-to-date: /home/robodog/RoboDog/ros2_ws/install/i2cpwm_controller/include/i2cpwm_controller/i2cpwm_controller/msg/detail/servo_config__rosidl_typesupport_introspection_c.h
[56.765s] -- Up-to-date: /home/robodog/RoboDog/ros2_ws/install/i2cpwm_controller/include/i2cpwm_controller/i2cpwm_controller/msg/detail/position__type_support.c
[56.765s] -- Up-to-date: /home/robodog/RoboDog/ros2_ws/install/i2cpwm_controller/include/i2cpwm_controller/i2cpwm_controller/msg/rosidl_typesupport_introspection_c__visibility_control.h
[56.766s] -- Up-to-date: /home/robodog/RoboDog/ros2_ws/install/i2cpwm_controller/lib/libi2cpwm_controller__rosidl_typesupport_introspection_c.so
[56.766s] -- Up-to-date: /home/robodog/RoboDog/ros2_ws/install/i2cpwm_controller/lib/libi2cpwm_controller__rosidl_typesupport_c.so
[56.767s] -- Up-to-date: /home/robodog/RoboDog/ros2_ws/install/i2cpwm_controller/include/i2cpwm_controller/i2cpwm_controller
[56.767s] -- Up-to-date: /home/robodog/RoboDog/ros2_ws/install/i2cpwm_controller/include/i2cpwm_controller/i2cpwm_controller/srv
[56.767s] -- Up-to-date: /home/robodog/RoboDog/ros2_ws/install/i2cpwm_controller/include/i2cpwm_controller/i2cpwm_controller/srv/detail
[56.768s] -- Up-to-date: /home/robodog/RoboDog/ros2_ws/install/i2cpwm_controller/include/i2cpwm_controller/i2cpwm_controller/srv/detail/drive_mode__rosidl_typesupport_introspection_cpp.hpp
[56.768s] -- Up-to-date: /home/robodog/RoboDog/ros2_ws/install/i2cpwm_controller/include/i2cpwm_controller/i2cpwm_controller/srv/detail/stop_servos__rosidl_typesupport_introspection_cpp.hpp
[56.769s] -- Up-to-date: /home/robodog/RoboDog/ros2_ws/install/i2cpwm_controller/include/i2cpwm_controller/i2cpwm_controller/srv/detail/stop_servos__type_support.cpp
[56.769s] -- Up-to-date: /home/robodog/RoboDog/ros2_ws/install/i2cpwm_controller/include/i2cpwm_controller/i2cpwm_controller/srv/detail/servos_config__type_support.cpp
[56.769s] -- Up-to-date: /home/robodog/RoboDog/ros2_ws/install/i2cpwm_controller/include/i2cpwm_controller/i2cpwm_controller/srv/detail/drive_mode__type_support.cpp
[56.770s] -- Up-to-date: /home/robodog/RoboDog/ros2_ws/install/i2cpwm_controller/include/i2cpwm_controller/i2cpwm_controller/srv/detail/int_value__rosidl_typesupport_introspection_cpp.hpp
[56.770s] -- Up-to-date: /home/robodog/RoboDog/ros2_ws/install/i2cpwm_controller/include/i2cpwm_controller/i2cpwm_controller/srv/detail/servos_config__rosidl_typesupport_introspection_cpp.hpp
[56.771s] -- Up-to-date: /home/robodog/RoboDog/ros2_ws/install/i2cpwm_controller/include/i2cpwm_controller/i2cpwm_controller/srv/detail/int_value__type_support.cpp
[56.771s] -- Up-to-date: /home/robodog/RoboDog/ros2_ws/install/i2cpwm_controller/include/i2cpwm_controller/i2cpwm_controller/msg
[56.772s] -- Up-to-date: /home/robodog/RoboDog/ros2_ws/install/i2cpwm_controller/include/i2cpwm_controller/i2cpwm_controller/msg/detail
[56.772s] -- Up-to-date: /home/robodog/RoboDog/ros2_ws/install/i2cpwm_controller/include/i2cpwm_controller/i2cpwm_controller/msg/detail/servo_array__type_support.cpp
[56.772s] -- Up-to-date: /home/robodog/RoboDog/ros2_ws/install/i2cpwm_controller/include/i2cpwm_controller/i2cpwm_controller/msg/detail/servo_array__rosidl_typesupport_introspection_cpp.hpp
[56.773s] -- Up-to-date: /home/robodog/RoboDog/ros2_ws/install/i2cpwm_controller/include/i2cpwm_controller/i2cpwm_controller/msg/detail/servo__type_support.cpp
[56.773s] -- Up-to-date: /home/robodog/RoboDog/ros2_ws/install/i2cpwm_controller/include/i2cpwm_controller/i2cpwm_controller/msg/detail/position_array__rosidl_typesupport_introspection_cpp.hpp
[56.773s] -- Up-to-date: /home/robodog/RoboDog/ros2_ws/install/i2cpwm_controller/include/i2cpwm_controller/i2cpwm_controller/msg/detail/servo_config_array__rosidl_typesupport_introspection_cpp.hpp
[56.774s] -- Up-to-date: /home/robodog/RoboDog/ros2_ws/install/i2cpwm_controller/include/i2cpwm_controller/i2cpwm_controller/msg/detail/position_array__type_support.cpp
[56.774s] -- Up-to-date: /home/robodog/RoboDog/ros2_ws/install/i2cpwm_controller/include/i2cpwm_controller/i2cpwm_controller/msg/detail/servo_config__rosidl_typesupport_introspection_cpp.hpp
[56.775s] -- Up-to-date: /home/robodog/RoboDog/ros2_ws/install/i2cpwm_controller/include/i2cpwm_controller/i2cpwm_controller/msg/detail/servo_config__type_support.cpp
[56.775s] -- Up-to-date: /home/robodog/RoboDog/ros2_ws/install/i2cpwm_controller/include/i2cpwm_controller/i2cpwm_controller/msg/detail/position__rosidl_typesupport_introspection_cpp.hpp
[56.776s] -- Up-to-date: /home/robodog/RoboDog/ros2_ws/install/i2cpwm_controller/include/i2cpwm_controller/i2cpwm_controller/msg/detail/servo__rosidl_typesupport_introspection_cpp.hpp
[56.776s] -- Up-to-date: /home/robodog/RoboDog/ros2_ws/install/i2cpwm_controller/include/i2cpwm_controller/i2cpwm_controller/msg/detail/servo_config_array__type_support.cpp
[56.776s] -- Up-to-date: /home/robodog/RoboDog/ros2_ws/install/i2cpwm_controller/include/i2cpwm_controller/i2cpwm_controller/msg/detail/position__type_support.cpp
[56.777s] -- Up-to-date: /home/robodog/RoboDog/ros2_ws/install/i2cpwm_controller/lib/libi2cpwm_controller__rosidl_typesupport_introspection_cpp.so
[56.779s] -- Up-to-date: /home/robodog/RoboDog/ros2_ws/install/i2cpwm_controller/lib/libi2cpwm_controller__rosidl_typesupport_cpp.so
[56.780s] -- Up-to-date: /home/robodog/RoboDog/ros2_ws/install/i2cpwm_controller/share/i2cpwm_controller/environment/pythonpath.sh
[56.781s] -- Up-to-date: /home/robodog/RoboDog/ros2_ws/install/i2cpwm_controller/share/i2cpwm_controller/environment/pythonpath.dsv
[56.782s] -- Up-to-date: /home/robodog/RoboDog/ros2_ws/install/i2cpwm_controller/local/lib/python3.10/dist-packages/i2cpwm_controller-0.5.1-py3.10.egg-info
[56.782s] -- Installing: /home/robodog/RoboDog/ros2_ws/install/i2cpwm_controller/local/lib/python3.10/dist-packages/i2cpwm_controller-0.5.1-py3.10.egg-info/PKG-INFO
[56.783s] -- Installing: /home/robodog/RoboDog/ros2_ws/install/i2cpwm_controller/local/lib/python3.10/dist-packages/i2cpwm_controller-0.5.1-py3.10.egg-info/top_level.txt
[56.785s] -- Installing: /home/robodog/RoboDog/ros2_ws/install/i2cpwm_controller/local/lib/python3.10/dist-packages/i2cpwm_controller-0.5.1-py3.10.egg-info/dependency_links.txt
[56.786s] -- Installing: /home/robodog/RoboDog/ros2_ws/install/i2cpwm_controller/local/lib/python3.10/dist-packages/i2cpwm_controller-0.5.1-py3.10.egg-info/SOURCES.txt
[56.788s] -- Up-to-date: /home/robodog/RoboDog/ros2_ws/install/i2cpwm_controller/local/lib/python3.10/dist-packages/i2cpwm_controller
[56.788s] -- Up-to-date: /home/robodog/RoboDog/ros2_ws/install/i2cpwm_controller/local/lib/python3.10/dist-packages/i2cpwm_controller/_i2cpwm_controller_s.ep.rosidl_typesupport_introspection_c.c
[56.789s] -- Up-to-date: /home/robodog/RoboDog/ros2_ws/install/i2cpwm_controller/local/lib/python3.10/dist-packages/i2cpwm_controller/srv
[56.789s] -- Up-to-date: /home/robodog/RoboDog/ros2_ws/install/i2cpwm_controller/local/lib/python3.10/dist-packages/i2cpwm_controller/srv/_servos_config_s.c
[56.790s] -- Up-to-date: /home/robodog/RoboDog/ros2_ws/install/i2cpwm_controller/local/lib/python3.10/dist-packages/i2cpwm_controller/srv/_servos_config.py
[56.790s] -- Up-to-date: /home/robodog/RoboDog/ros2_ws/install/i2cpwm_controller/local/lib/python3.10/dist-packages/i2cpwm_controller/srv/__init__.py
[56.791s] -- Up-to-date: /home/robodog/RoboDog/ros2_ws/install/i2cpwm_controller/local/lib/python3.10/dist-packages/i2cpwm_controller/srv/_drive_mode.py
[56.791s] -- Up-to-date: /home/robodog/RoboDog/ros2_ws/install/i2cpwm_controller/local/lib/python3.10/dist-packages/i2cpwm_controller/srv/_stop_servos_s.c
[56.792s] -- Up-to-date: /home/robodog/RoboDog/ros2_ws/install/i2cpwm_controller/local/lib/python3.10/dist-packages/i2cpwm_controller/srv/_int_value_s.c
[56.792s] -- Up-to-date: /home/robodog/RoboDog/ros2_ws/install/i2cpwm_controller/local/lib/python3.10/dist-packages/i2cpwm_controller/srv/_drive_mode_s.c
[56.792s] -- Up-to-date: /home/robodog/RoboDog/ros2_ws/install/i2cpwm_controller/local/lib/python3.10/dist-packages/i2cpwm_controller/srv/_stop_servos.py
[56.793s] -- Up-to-date: /home/robodog/RoboDog/ros2_ws/install/i2cpwm_controller/local/lib/python3.10/dist-packages/i2cpwm_controller/srv/_int_value.py
[56.793s] -- Up-to-date: /home/robodog/RoboDog/ros2_ws/install/i2cpwm_controller/local/lib/python3.10/dist-packages/i2cpwm_controller/_i2cpwm_controller_s.ep.rosidl_typesupport_c.c
[56.794s] -- Up-to-date: /home/robodog/RoboDog/ros2_ws/install/i2cpwm_controller/local/lib/python3.10/dist-packages/i2cpwm_controller/msg
[56.794s] -- Up-to-date: /home/robodog/RoboDog/ros2_ws/install/i2cpwm_controller/local/lib/python3.10/dist-packages/i2cpwm_controller/msg/_servo_array.py
[56.795s] -- Up-to-date: /home/robodog/RoboDog/ros2_ws/install/i2cpwm_controller/local/lib/python3.10/dist-packages/i2cpwm_controller/msg/_servo_array_s.c
[56.795s] -- Up-to-date: /home/robodog/RoboDog/ros2_ws/install/i2cpwm_controller/local/lib/python3.10/dist-packages/i2cpwm_controller/msg/_position_s.c
[56.795s] -- Up-to-date: /home/robodog/RoboDog/ros2_ws/install/i2cpwm_controller/local/lib/python3.10/dist-packages/i2cpwm_controller/msg/_servo_s.c
[56.796s] -- Up-to-date: /home/robodog/RoboDog/ros2_ws/install/i2cpwm_controller/local/lib/python3.10/dist-packages/i2cpwm_controller/msg/_servo_config_array_s.c
[56.796s] -- Up-to-date: /home/robodog/RoboDog/ros2_ws/install/i2cpwm_controller/local/lib/python3.10/dist-packages/i2cpwm_controller/msg/__init__.py
[56.797s] -- Up-to-date: /home/robodog/RoboDog/ros2_ws/install/i2cpwm_controller/local/lib/python3.10/dist-packages/i2cpwm_controller/msg/_position.py
[56.797s] -- Up-to-date: /home/robodog/RoboDog/ros2_ws/install/i2cpwm_controller/local/lib/python3.10/dist-packages/i2cpwm_controller/msg/_position_array_s.c
[56.797s] -- Up-to-date: /home/robodog/RoboDog/ros2_ws/install/i2cpwm_controller/local/lib/python3.10/dist-packages/i2cpwm_controller/msg/_servo.py
[56.798s] -- Up-to-date: /home/robodog/RoboDog/ros2_ws/install/i2cpwm_controller/local/lib/python3.10/dist-packages/i2cpwm_controller/msg/_servo_config_array.py
[56.798s] -- Up-to-date: /home/robodog/RoboDog/ros2_ws/install/i2cpwm_controller/local/lib/python3.10/dist-packages/i2cpwm_controller/msg/_servo_config_s.c
[56.799s] -- Up-to-date: /home/robodog/RoboDog/ros2_ws/install/i2cpwm_controller/local/lib/python3.10/dist-packages/i2cpwm_controller/msg/_servo_config.py
[56.799s] -- Up-to-date: /home/robodog/RoboDog/ros2_ws/install/i2cpwm_controller/local/lib/python3.10/dist-packages/i2cpwm_controller/msg/_position_array.py
[56.800s] -- Up-to-date: /home/robodog/RoboDog/ros2_ws/install/i2cpwm_controller/local/lib/python3.10/dist-packages/i2cpwm_controller/i2cpwm_controller_s__rosidl_typesupport_fastrtps_c.cpython-310-aarch64-linux-gnu.so
[56.800s] -- Up-to-date: /home/robodog/RoboDog/ros2_ws/install/i2cpwm_controller/local/lib/python3.10/dist-packages/i2cpwm_controller/__init__.py
[56.800s] -- Up-to-date: /home/robodog/RoboDog/ros2_ws/install/i2cpwm_controller/local/lib/python3.10/dist-packages/i2cpwm_controller/i2cpwm_controller_s__rosidl_typesupport_c.cpython-310-aarch64-linux-gnu.so
[56.801s] -- Up-to-date: /home/robodog/RoboDog/ros2_ws/install/i2cpwm_controller/local/lib/python3.10/dist-packages/i2cpwm_controller/i2cpwm_controller_s__rosidl_typesupport_introspection_c.cpython-310-aarch64-linux-gnu.so
[56.801s] -- Up-to-date: /home/robodog/RoboDog/ros2_ws/install/i2cpwm_controller/local/lib/python3.10/dist-packages/i2cpwm_controller/_i2cpwm_controller_s.ep.rosidl_typesupport_fastrtps_c.c
[56.802s] -- Up-to-date: /home/robodog/RoboDog/ros2_ws/install/i2cpwm_controller/local/lib/python3.10/dist-packages/i2cpwm_controller/libi2cpwm_controller__rosidl_generator_py.so
[56.948s] Listing '/home/robodog/RoboDog/ros2_ws/install/i2cpwm_controller/local/lib/python3.10/dist-packages/i2cpwm_controller'...
[56.949s] Listing '/home/robodog/RoboDog/ros2_ws/install/i2cpwm_controller/local/lib/python3.10/dist-packages/i2cpwm_controller/msg'...
[56.950s] Listing '/home/robodog/RoboDog/ros2_ws/install/i2cpwm_controller/local/lib/python3.10/dist-packages/i2cpwm_controller/srv'...
[56.971s] -- Up-to-date: /home/robodog/RoboDog/ros2_ws/install/i2cpwm_controller/local/lib/python3.10/dist-packages/i2cpwm_controller/i2cpwm_controller_s__rosidl_typesupport_fastrtps_c.cpython-310-aarch64-linux-gnu.so
[56.974s] -- Up-to-date: /home/robodog/RoboDog/ros2_ws/install/i2cpwm_controller/local/lib/python3.10/dist-packages/i2cpwm_controller/i2cpwm_controller_s__rosidl_typesupport_introspection_c.cpython-310-aarch64-linux-gnu.so
[56.976s] -- Up-to-date: /home/robodog/RoboDog/ros2_ws/install/i2cpwm_controller/local/lib/python3.10/dist-packages/i2cpwm_controller/i2cpwm_controller_s__rosidl_typesupport_c.cpython-310-aarch64-linux-gnu.so
[56.979s] -- Up-to-date: /home/robodog/RoboDog/ros2_ws/install/i2cpwm_controller/lib/libi2cpwm_controller__rosidl_generator_py.so
[56.981s] -- Up-to-date: /home/robodog/RoboDog/ros2_ws/install/i2cpwm_controller/share/i2cpwm_controller/msg/Position.idl
[56.982s] -- Up-to-date: /home/robodog/RoboDog/ros2_ws/install/i2cpwm_controller/share/i2cpwm_controller/msg/PositionArray.idl
[56.982s] -- Up-to-date: /home/robodog/RoboDog/ros2_ws/install/i2cpwm_controller/share/i2cpwm_controller/msg/Servo.idl
[56.983s] -- Up-to-date: /home/robodog/RoboDog/ros2_ws/install/i2cpwm_controller/share/i2cpwm_controller/msg/ServoArray.idl
[56.984s] -- Up-to-date: /home/robodog/RoboDog/ros2_ws/install/i2cpwm_controller/share/i2cpwm_controller/msg/ServoConfig.idl
[56.984s] -- Up-to-date: /home/robodog/RoboDog/ros2_ws/install/i2cpwm_controller/share/i2cpwm_controller/msg/ServoConfigArray.idl
[56.985s] -- Up-to-date: /home/robodog/RoboDog/ros2_ws/install/i2cpwm_controller/share/i2cpwm_controller/srv/DriveMode.idl
[56.985s] -- Up-to-date: /home/robodog/RoboDog/ros2_ws/install/i2cpwm_controller/share/i2cpwm_controller/srv/IntValue.idl
[56.986s] -- Up-to-date: /home/robodog/RoboDog/ros2_ws/install/i2cpwm_controller/share/i2cpwm_controller/srv/ServosConfig.idl
[56.986s] -- Up-to-date: /home/robodog/RoboDog/ros2_ws/install/i2cpwm_controller/share/i2cpwm_controller/srv/StopServos.idl
[56.987s] -- Up-to-date: /home/robodog/RoboDog/ros2_ws/install/i2cpwm_controller/share/i2cpwm_controller/msg/Position.msg
[56.987s] -- Up-to-date: /home/robodog/RoboDog/ros2_ws/install/i2cpwm_controller/share/i2cpwm_controller/msg/PositionArray.msg
[56.988s] -- Up-to-date: /home/robodog/RoboDog/ros2_ws/install/i2cpwm_controller/share/i2cpwm_controller/msg/Servo.msg
[56.988s] -- Up-to-date: /home/robodog/RoboDog/ros2_ws/install/i2cpwm_controller/share/i2cpwm_controller/msg/ServoArray.msg
[56.989s] -- Up-to-date: /home/robodog/RoboDog/ros2_ws/install/i2cpwm_controller/share/i2cpwm_controller/msg/ServoConfig.msg
[56.990s] -- Up-to-date: /home/robodog/RoboDog/ros2_ws/install/i2cpwm_controller/share/i2cpwm_controller/msg/ServoConfigArray.msg
[56.990s] -- Up-to-date: /home/robodog/RoboDog/ros2_ws/install/i2cpwm_controller/share/i2cpwm_controller/srv/DriveMode.srv
[56.991s] -- Up-to-date: /home/robodog/RoboDog/ros2_ws/install/i2cpwm_controller/share/i2cpwm_controller/srv/DriveMode_Request.msg
[56.991s] -- Up-to-date: /home/robodog/RoboDog/ros2_ws/install/i2cpwm_controller/share/i2cpwm_controller/srv/DriveMode_Response.msg
[56.992s] -- Up-to-date: /home/robodog/RoboDog/ros2_ws/install/i2cpwm_controller/share/i2cpwm_controller/srv/IntValue.srv
[56.992s] -- Up-to-date: /home/robodog/RoboDog/ros2_ws/install/i2cpwm_controller/share/i2cpwm_controller/srv/IntValue_Request.msg
[56.993s] -- Up-to-date: /home/robodog/RoboDog/ros2_ws/install/i2cpwm_controller/share/i2cpwm_controller/srv/IntValue_Response.msg
[56.993s] -- Up-to-date: /home/robodog/RoboDog/ros2_ws/install/i2cpwm_controller/share/i2cpwm_controller/srv/ServosConfig.srv
[56.994s] -- Up-to-date: /home/robodog/RoboDog/ros2_ws/install/i2cpwm_controller/share/i2cpwm_controller/srv/ServosConfig_Request.msg
[56.994s] -- Up-to-date: /home/robodog/RoboDog/ros2_ws/install/i2cpwm_controller/share/i2cpwm_controller/srv/ServosConfig_Response.msg
[56.995s] -- Up-to-date: /home/robodog/RoboDog/ros2_ws/install/i2cpwm_controller/share/i2cpwm_controller/srv/StopServos.srv
[56.995s] -- Up-to-date: /home/robodog/RoboDog/ros2_ws/install/i2cpwm_controller/share/i2cpwm_controller/srv/StopServos_Request.msg
[56.996s] -- Up-to-date: /home/robodog/RoboDog/ros2_ws/install/i2cpwm_controller/share/i2cpwm_controller/srv/StopServos_Response.msg
[56.997s] -- Installing: /home/robodog/RoboDog/ros2_ws/install/i2cpwm_controller/lib/i2cpwm_controller/i2cpwm_controller_node
[57.061s] -- Set runtime path of "/home/robodog/RoboDog/ros2_ws/install/i2cpwm_controller/lib/i2cpwm_controller/i2cpwm_controller_node" to ""
[57.062s] -- Up-to-date: /home/robodog/RoboDog/ros2_ws/install/i2cpwm_controller/share/i2cpwm_controller/launch
[57.062s] -- Up-to-date: /home/robodog/RoboDog/ros2_ws/install/i2cpwm_controller/share/i2cpwm_controller/launch/i2cpwm_controller.launch.py
[57.063s] -- Up-to-date: /home/robodog/RoboDog/ros2_ws/install/i2cpwm_controller/share/ament_index/resource_index/package_run_dependencies/i2cpwm_controller
[57.063s] -- Up-to-date: /home/robodog/RoboDog/ros2_ws/install/i2cpwm_controller/share/ament_index/resource_index/parent_prefix_path/i2cpwm_controller
[57.064s] -- Up-to-date: /home/robodog/RoboDog/ros2_ws/install/i2cpwm_controller/share/i2cpwm_controller/environment/ament_prefix_path.sh
[57.064s] -- Up-to-date: /home/robodog/RoboDog/ros2_ws/install/i2cpwm_controller/share/i2cpwm_controller/environment/ament_prefix_path.dsv
[57.065s] -- Up-to-date: /home/robodog/RoboDog/ros2_ws/install/i2cpwm_controller/share/i2cpwm_controller/environment/path.sh
[57.065s] -- Up-to-date: /home/robodog/RoboDog/ros2_ws/install/i2cpwm_controller/share/i2cpwm_controller/environment/path.dsv
[57.066s] -- Up-to-date: /home/robodog/RoboDog/ros2_ws/install/i2cpwm_controller/share/i2cpwm_controller/local_setup.bash
[57.066s] -- Up-to-date: /home/robodog/RoboDog/ros2_ws/install/i2cpwm_controller/share/i2cpwm_controller/local_setup.sh
[57.067s] -- Up-to-date: /home/robodog/RoboDog/ros2_ws/install/i2cpwm_controller/share/i2cpwm_controller/local_setup.zsh
[57.067s] -- Up-to-date: /home/robodog/RoboDog/ros2_ws/install/i2cpwm_controller/share/i2cpwm_controller/local_setup.dsv
[57.068s] -- Installing: /home/robodog/RoboDog/ros2_ws/install/i2cpwm_controller/share/i2cpwm_controller/package.dsv
[57.069s] -- Up-to-date: /home/robodog/RoboDog/ros2_ws/install/i2cpwm_controller/share/ament_index/resource_index/packages/i2cpwm_controller
[57.070s] -- Up-to-date: /home/robodog/RoboDog/ros2_ws/install/i2cpwm_controller/share/i2cpwm_controller/cmake/export_i2cpwm_controller__rosidl_generator_cExport.cmake
[57.071s] -- Up-to-date: /home/robodog/RoboDog/ros2_ws/install/i2cpwm_controller/share/i2cpwm_controller/cmake/export_i2cpwm_controller__rosidl_generator_cExport-noconfig.cmake
[57.072s] -- Up-to-date: /home/robodog/RoboDog/ros2_ws/install/i2cpwm_controller/share/i2cpwm_controller/cmake/export_i2cpwm_controller__rosidl_typesupport_fastrtps_cExport.cmake
[57.072s] -- Up-to-date: /home/robodog/RoboDog/ros2_ws/install/i2cpwm_controller/share/i2cpwm_controller/cmake/export_i2cpwm_controller__rosidl_typesupport_fastrtps_cExport-noconfig.cmake
[57.073s] -- Up-to-date: /home/robodog/RoboDog/ros2_ws/install/i2cpwm_controller/share/i2cpwm_controller/cmake/export_i2cpwm_controller__rosidl_generator_cppExport.cmake
[57.074s] -- Up-to-date: /home/robodog/RoboDog/ros2_ws/install/i2cpwm_controller/share/i2cpwm_controller/cmake/export_i2cpwm_controller__rosidl_typesupport_fastrtps_cppExport.cmake
[57.075s] -- Up-to-date: /home/robodog/RoboDog/ros2_ws/install/i2cpwm_controller/share/i2cpwm_controller/cmake/export_i2cpwm_controller__rosidl_typesupport_fastrtps_cppExport-noconfig.cmake
[57.076s] -- Up-to-date: /home/robodog/RoboDog/ros2_ws/install/i2cpwm_controller/share/i2cpwm_controller/cmake/i2cpwm_controller__rosidl_typesupport_introspection_cExport.cmake
[57.077s] -- Up-to-date: /home/robodog/RoboDog/ros2_ws/install/i2cpwm_controller/share/i2cpwm_controller/cmake/i2cpwm_controller__rosidl_typesupport_introspection_cExport-noconfig.cmake
[57.078s] -- Up-to-date: /home/robodog/RoboDog/ros2_ws/install/i2cpwm_controller/share/i2cpwm_controller/cmake/i2cpwm_controller__rosidl_typesupport_cExport.cmake
[57.078s] -- Up-to-date: /home/robodog/RoboDog/ros2_ws/install/i2cpwm_controller/share/i2cpwm_controller/cmake/i2cpwm_controller__rosidl_typesupport_cExport-noconfig.cmake
[57.079s] -- Up-to-date: /home/robodog/RoboDog/ros2_ws/install/i2cpwm_controller/share/i2cpwm_controller/cmake/i2cpwm_controller__rosidl_typesupport_introspection_cppExport.cmake
[57.080s] -- Up-to-date: /home/robodog/RoboDog/ros2_ws/install/i2cpwm_controller/share/i2cpwm_controller/cmake/i2cpwm_controller__rosidl_typesupport_introspection_cppExport-noconfig.cmake
[57.081s] -- Up-to-date: /home/robodog/RoboDog/ros2_ws/install/i2cpwm_controller/share/i2cpwm_controller/cmake/i2cpwm_controller__rosidl_typesupport_cppExport.cmake
[57.082s] -- Up-to-date: /home/robodog/RoboDog/ros2_ws/install/i2cpwm_controller/share/i2cpwm_controller/cmake/i2cpwm_controller__rosidl_typesupport_cppExport-noconfig.cmake
[57.083s] -- Up-to-date: /home/robodog/RoboDog/ros2_ws/install/i2cpwm_controller/share/i2cpwm_controller/cmake/export_i2cpwm_controller__rosidl_generator_pyExport.cmake
[57.083s] -- Up-to-date: /home/robodog/RoboDog/ros2_ws/install/i2cpwm_controller/share/i2cpwm_controller/cmake/export_i2cpwm_controller__rosidl_generator_pyExport-noconfig.cmake
[57.084s] -- Up-to-date: /home/robodog/RoboDog/ros2_ws/install/i2cpwm_controller/share/i2cpwm_controller/cmake/rosidl_cmake-extras.cmake
[57.085s] -- Up-to-date: /home/robodog/RoboDog/ros2_ws/install/i2cpwm_controller/share/i2cpwm_controller/cmake/ament_cmake_export_dependencies-extras.cmake
[57.085s] -- Up-to-date: /home/robodog/RoboDog/ros2_ws/install/i2cpwm_controller/share/i2cpwm_controller/cmake/ament_cmake_export_include_directories-extras.cmake
[57.086s] -- Up-to-date: /home/robodog/RoboDog/ros2_ws/install/i2cpwm_controller/share/i2cpwm_controller/cmake/ament_cmake_export_libraries-extras.cmake
[57.086s] -- Up-to-date: /home/robodog/RoboDog/ros2_ws/install/i2cpwm_controller/share/i2cpwm_controller/cmake/ament_cmake_export_targets-extras.cmake
[57.087s] -- Up-to-date: /home/robodog/RoboDog/ros2_ws/install/i2cpwm_controller/share/i2cpwm_controller/cmake/rosidl_cmake_export_typesupport_targets-extras.cmake
[57.088s] -- Up-to-date: /home/robodog/RoboDog/ros2_ws/install/i2cpwm_controller/share/i2cpwm_controller/cmake/rosidl_cmake_export_typesupport_libraries-extras.cmake
[57.088s] -- Up-to-date: /home/robodog/RoboDog/ros2_ws/install/i2cpwm_controller/share/i2cpwm_controller/cmake/i2cpwm_controllerConfig.cmake
[57.089s] -- Up-to-date: /home/robodog/RoboDog/ros2_ws/install/i2cpwm_controller/share/i2cpwm_controller/cmake/i2cpwm_controllerConfig-version.cmake
[57.089s] -- Up-to-date: /home/robodog/RoboDog/ros2_ws/install/i2cpwm_controller/share/i2cpwm_controller/package.xml
[57.097s] Invoked command in '/home/robodog/RoboDog/ros2_ws/build/i2cpwm_controller' returned '0': CMAKE_PREFIX_PATH=${CMAKE_PREFIX_PATH}:/home/robodog/RoboDog/ros2_ws/install/servo_calibration:/opt/ros/humble /usr/bin/cmake --install /home/robodog/RoboDog/ros2_ws/build/i2cpwm_controller
