[0.061s] Invoking command in '/home/robodog/RoboDog/ros2_ws/build/motion_cmd': CMAKE_PREFIX_PATH=/home/robodog/RoboDog/ros2_ws/install/i2cpwm_controller:/home/robodog/RoboDog/ros2_ws/install/motion_cmd /usr/bin/cmake --build /home/robodog/RoboDog/ros2_ws/build/motion_cmd -- -j4 -l4
[0.307s] [  6%] Built target gtest
[0.311s] [ 20%] Built target spot_micro_kinematics
[0.413s] [ 27%] Built target gtest_main
[0.420s] [ 34%] Built target gmock
[0.486s] [ 58%] Built target smfsm
[0.529s] [ 65%] Built target test_utils
[0.547s] [ 79%] Built target test_spot_micro_leg
[0.548s] [ 79%] Built target test_spot_micro_kinematics
[0.600s] [35m[1mConsolidate compiler generated dependencies of target motion_cmd_node[0m
[0.601s] [ 86%] Built target gmock_main
[0.753s] [ 89%] [32mBuilding CXX object CMakeFiles/motion_cmd_node.dir/src/motion_cmd.cpp.o[0m
[79.025s] [ 93%] [32m[1mLinking CXX executable motion_cmd_node[0m
[84.386s] [100%] Built target motion_cmd_node
[84.428s] Invoked command in '/home/robodog/RoboDog/ros2_ws/build/motion_cmd' returned '0': CMAKE_PREFIX_PATH=/home/robodog/RoboDog/ros2_ws/install/i2cpwm_controller:/home/robodog/RoboDog/ros2_ws/install/motion_cmd /usr/bin/cmake --build /home/robodog/RoboDog/ros2_ws/build/motion_cmd -- -j4 -l4
[85.026s] Invoking command in '/home/robodog/RoboDog/ros2_ws/build/motion_cmd': CMAKE_PREFIX_PATH=/home/robodog/RoboDog/ros2_ws/install/i2cpwm_controller:/home/robodog/RoboDog/ros2_ws/install/motion_cmd /usr/bin/cmake --install /home/robodog/RoboDog/ros2_ws/build/motion_cmd
[85.056s] -- Install configuration: ""
[85.057s] -- Installing: /home/robodog/RoboDog/ros2_ws/install/motion_cmd/lib/motion_cmd/motion_cmd_node
[85.153s] -- Set runtime path of "/home/robodog/RoboDog/ros2_ws/install/motion_cmd/lib/motion_cmd/motion_cmd_node" to ""
[85.153s] -- Up-to-date: /home/robodog/RoboDog/ros2_ws/install/motion_cmd/share/motion_cmd/launch
[85.154s] -- Up-to-date: /home/robodog/RoboDog/ros2_ws/install/motion_cmd/share/motion_cmd/launch/motion_cmd.launch.py
[85.155s] -- Up-to-date: /home/robodog/RoboDog/ros2_ws/install/motion_cmd/share/motion_cmd/config
[85.155s] -- Up-to-date: /home/robodog/RoboDog/ros2_ws/install/motion_cmd/share/motion_cmd/config/motion_cmd.yaml
[85.156s] -- Up-to-date: /home/robodog/RoboDog/ros2_ws/install/motion_cmd/share/ament_index/resource_index/package_run_dependencies/motion_cmd
[85.156s] -- Up-to-date: /home/robodog/RoboDog/ros2_ws/install/motion_cmd/share/ament_index/resource_index/parent_prefix_path/motion_cmd
[85.157s] -- Up-to-date: /home/robodog/RoboDog/ros2_ws/install/motion_cmd/share/motion_cmd/environment/ament_prefix_path.sh
[85.158s] -- Up-to-date: /home/robodog/RoboDog/ros2_ws/install/motion_cmd/share/motion_cmd/environment/ament_prefix_path.dsv
[85.158s] -- Up-to-date: /home/robodog/RoboDog/ros2_ws/install/motion_cmd/share/motion_cmd/environment/path.sh
[85.158s] -- Up-to-date: /home/robodog/RoboDog/ros2_ws/install/motion_cmd/share/motion_cmd/environment/path.dsv
[85.159s] -- Up-to-date: /home/robodog/RoboDog/ros2_ws/install/motion_cmd/share/motion_cmd/local_setup.bash
[85.159s] -- Up-to-date: /home/robodog/RoboDog/ros2_ws/install/motion_cmd/share/motion_cmd/local_setup.sh
[85.160s] -- Up-to-date: /home/robodog/RoboDog/ros2_ws/install/motion_cmd/share/motion_cmd/local_setup.zsh
[85.160s] -- Up-to-date: /home/robodog/RoboDog/ros2_ws/install/motion_cmd/share/motion_cmd/local_setup.dsv
[85.161s] -- Installing: /home/robodog/RoboDog/ros2_ws/install/motion_cmd/share/motion_cmd/package.dsv
[85.161s] -- Up-to-date: /home/robodog/RoboDog/ros2_ws/install/motion_cmd/share/ament_index/resource_index/packages/motion_cmd
[85.161s] -- Up-to-date: /home/robodog/RoboDog/ros2_ws/install/motion_cmd/share/motion_cmd/cmake/ament_cmake_export_dependencies-extras.cmake
[85.162s] -- Up-to-date: /home/robodog/RoboDog/ros2_ws/install/motion_cmd/share/motion_cmd/cmake/motion_cmdConfig.cmake
[85.162s] -- Up-to-date: /home/robodog/RoboDog/ros2_ws/install/motion_cmd/share/motion_cmd/cmake/motion_cmdConfig-version.cmake
[85.162s] -- Up-to-date: /home/robodog/RoboDog/ros2_ws/install/motion_cmd/share/motion_cmd/package.xml
[85.169s] Invoked command in '/home/robodog/RoboDog/ros2_ws/build/motion_cmd' returned '0': CMAKE_PREFIX_PATH=/home/robodog/RoboDog/ros2_ws/install/i2cpwm_controller:/home/robodog/RoboDog/ros2_ws/install/motion_cmd /usr/bin/cmake --install /home/robodog/RoboDog/ros2_ws/build/motion_cmd
