[0.057s] Invoking command in '/home/robodog/RoboDog/build/servo_calibration': AMENT_PREFIX_PATH=/home/robodog/RoboDog/install/i2cpwm_controller:${AMENT_PREFIX_PATH} CMAKE_PREFIX_PATH=/home/robodog/RoboDog/install/i2cpwm_controller:/opt/ros/humble LD_LIBRARY_PATH=/home/robodog/RoboDog/install/i2cpwm_controller/lib:${LD_LIBRARY_PATH} PYTHONPATH=/home/robodog/RoboDog/install/i2cpwm_controller/local/lib/python3.10/dist-packages:${PYTHONPATH} /usr/bin/cmake /home/robodog/RoboDog/ros2_ws/src/servo_calibration -DCMAKE_INSTALL_PREFIX=/home/robodog/RoboDog/install/servo_calibration
[0.314s] -- The C compiler identification is GNU 11.4.0
[0.563s] -- The CXX compiler identification is GNU 11.4.0
[0.593s] -- Detecting C compiler ABI info
[0.905s] -- Detecting C compiler ABI info - done
[0.932s] -- Check for working C compiler: /usr/bin/cc - skipped
[0.932s] -- Detecting C compile features
[0.934s] -- Detecting C compile features - done
[0.945s] -- Detecting CXX compiler ABI info
[1.287s] -- Detecting CXX compiler ABI info - done
[1.314s] -- Check for working CXX compiler: /usr/bin/c++ - skipped
[1.315s] -- Detecting CXX compile features
[1.317s] -- Detecting CXX compile features - done
[1.343s] -- Found ament_cmake: 1.3.10 (/opt/ros/humble/share/ament_cmake/cmake)
[2.062s] -- Found Python3: /usr/bin/python3 (found version "3.10.12") found components: Interpreter 
[2.587s] -- Found i2cpwm_controller: 0.5.1 (/home/robodog/RoboDog/install/i2cpwm_controller/share/i2cpwm_controller/cmake)
[2.864s] -- Found rosidl_generator_c: 3.1.5 (/opt/ros/humble/share/rosidl_generator_c/cmake)
[2.908s] -- Found rosidl_adapter: 3.1.5 (/opt/ros/humble/share/rosidl_adapter/cmake)
[2.963s] -- Found rosidl_generator_cpp: 3.1.5 (/opt/ros/humble/share/rosidl_generator_cpp/cmake)
[3.033s] -- Using all available rosidl_typesupport_c: rosidl_typesupport_fastrtps_c;rosidl_typesupport_introspection_c
[3.131s] -- Using all available rosidl_typesupport_cpp: rosidl_typesupport_fastrtps_cpp;rosidl_typesupport_introspection_cpp
[3.683s] -- Found rmw_implementation_cmake: 6.1.2 (/opt/ros/humble/share/rmw_implementation_cmake/cmake)
[3.705s] -- Found rmw_fastrtps_cpp: 6.2.7 (/opt/ros/humble/share/rmw_fastrtps_cpp/cmake)
[4.246s] -- Found OpenSSL: /usr/lib/aarch64-linux-gnu/libcrypto.so (found version "3.0.2")  
[4.495s] -- Found FastRTPS: /opt/ros/humble/include  
[4.892s] -- Using RMW implementation 'rmw_fastrtps_cpp' as default
[4.960s] -- Looking for pthread.h
[5.293s] -- Looking for pthread.h - found
[5.295s] -- Performing Test CMAKE_HAVE_LIBC_PTHREAD
[5.619s] -- Performing Test CMAKE_HAVE_LIBC_PTHREAD - Success
[5.624s] -- Found Threads: TRUE  
[5.862s] -- Found ament_lint_auto: 0.12.11 (/opt/ros/humble/share/ament_lint_auto/cmake)
[6.288s] -- Added test 'flake8' to check Python code syntax and style conventions
[6.292s] -- Added test 'lint_cmake' to check CMake code style
[6.295s] -- Added test 'pep257' to check Python code against some of the docstring style conventions in PEP 257
[6.303s] -- Added test 'xmllint' to check XML markup files
[6.310s] -- Configuring done
[6.349s] -- Generating done
[6.356s] -- Build files have been written to: /home/robodog/RoboDog/build/servo_calibration
[6.390s] Invoked command in '/home/robodog/RoboDog/build/servo_calibration' returned '0': AMENT_PREFIX_PATH=/home/robodog/RoboDog/install/i2cpwm_controller:${AMENT_PREFIX_PATH} CMAKE_PREFIX_PATH=/home/robodog/RoboDog/install/i2cpwm_controller:/opt/ros/humble LD_LIBRARY_PATH=/home/robodog/RoboDog/install/i2cpwm_controller/lib:${LD_LIBRARY_PATH} PYTHONPATH=/home/robodog/RoboDog/install/i2cpwm_controller/local/lib/python3.10/dist-packages:${PYTHONPATH} /usr/bin/cmake /home/robodog/RoboDog/ros2_ws/src/servo_calibration -DCMAKE_INSTALL_PREFIX=/home/robodog/RoboDog/install/servo_calibration
[6.399s] Invoking command in '/home/robodog/RoboDog/build/servo_calibration': AMENT_PREFIX_PATH=/home/robodog/RoboDog/install/i2cpwm_controller:${AMENT_PREFIX_PATH} CMAKE_PREFIX_PATH=/home/robodog/RoboDog/install/i2cpwm_controller:/opt/ros/humble LD_LIBRARY_PATH=/home/robodog/RoboDog/install/i2cpwm_controller/lib:${LD_LIBRARY_PATH} PYTHONPATH=/home/robodog/RoboDog/install/i2cpwm_controller/local/lib/python3.10/dist-packages:${PYTHONPATH} /usr/bin/cmake --build /home/robodog/RoboDog/build/servo_calibration -- -j4 -l4
[6.558s] Invoked command in '/home/robodog/RoboDog/build/servo_calibration' returned '0': AMENT_PREFIX_PATH=/home/robodog/RoboDog/install/i2cpwm_controller:${AMENT_PREFIX_PATH} CMAKE_PREFIX_PATH=/home/robodog/RoboDog/install/i2cpwm_controller:/opt/ros/humble LD_LIBRARY_PATH=/home/robodog/RoboDog/install/i2cpwm_controller/lib:${LD_LIBRARY_PATH} PYTHONPATH=/home/robodog/RoboDog/install/i2cpwm_controller/local/lib/python3.10/dist-packages:${PYTHONPATH} /usr/bin/cmake --build /home/robodog/RoboDog/build/servo_calibration -- -j4 -l4
[6.701s] Invoking command in '/home/robodog/RoboDog/build/servo_calibration': AMENT_PREFIX_PATH=/home/robodog/RoboDog/install/i2cpwm_controller:${AMENT_PREFIX_PATH} CMAKE_PREFIX_PATH=/home/robodog/RoboDog/install/i2cpwm_controller:/opt/ros/humble LD_LIBRARY_PATH=/home/robodog/RoboDog/install/i2cpwm_controller/lib:${LD_LIBRARY_PATH} PYTHONPATH=/home/robodog/RoboDog/install/i2cpwm_controller/local/lib/python3.10/dist-packages:${PYTHONPATH} /usr/bin/cmake --install /home/robodog/RoboDog/build/servo_calibration
[6.727s] -- Install configuration: ""
[6.728s] -- Installing: /home/robodog/RoboDog/install/servo_calibration/share/ament_index/resource_index/package_run_dependencies/servo_calibration
[6.729s] -- Installing: /home/robodog/RoboDog/install/servo_calibration/share/ament_index/resource_index/parent_prefix_path/servo_calibration
[6.731s] -- Installing: /home/robodog/RoboDog/install/servo_calibration/share/servo_calibration/environment/ament_prefix_path.sh
[6.732s] -- Installing: /home/robodog/RoboDog/install/servo_calibration/share/servo_calibration/environment/ament_prefix_path.dsv
[6.733s] -- Installing: /home/robodog/RoboDog/install/servo_calibration/share/servo_calibration/environment/path.sh
[6.734s] -- Installing: /home/robodog/RoboDog/install/servo_calibration/share/servo_calibration/environment/path.dsv
[6.736s] -- Installing: /home/robodog/RoboDog/install/servo_calibration/share/servo_calibration/local_setup.bash
[6.737s] -- Installing: /home/robodog/RoboDog/install/servo_calibration/share/servo_calibration/local_setup.sh
[6.738s] -- Installing: /home/robodog/RoboDog/install/servo_calibration/share/servo_calibration/local_setup.zsh
[6.739s] -- Installing: /home/robodog/RoboDog/install/servo_calibration/share/servo_calibration/local_setup.dsv
[6.740s] -- Installing: /home/robodog/RoboDog/install/servo_calibration/share/servo_calibration/package.dsv
[6.742s] -- Installing: /home/robodog/RoboDog/install/servo_calibration/share/ament_index/resource_index/packages/servo_calibration
[6.743s] -- Installing: /home/robodog/RoboDog/install/servo_calibration/share/servo_calibration/cmake/servo_calibrationConfig.cmake
[6.744s] -- Installing: /home/robodog/RoboDog/install/servo_calibration/share/servo_calibration/cmake/servo_calibrationConfig-version.cmake
[6.745s] -- Installing: /home/robodog/RoboDog/install/servo_calibration/share/servo_calibration/package.xml
[6.752s] Invoked command in '/home/robodog/RoboDog/build/servo_calibration' returned '0': AMENT_PREFIX_PATH=/home/robodog/RoboDog/install/i2cpwm_controller:${AMENT_PREFIX_PATH} CMAKE_PREFIX_PATH=/home/robodog/RoboDog/install/i2cpwm_controller:/opt/ros/humble LD_LIBRARY_PATH=/home/robodog/RoboDog/install/i2cpwm_controller/lib:${LD_LIBRARY_PATH} PYTHONPATH=/home/robodog/RoboDog/install/i2cpwm_controller/local/lib/python3.10/dist-packages:${PYTHONPATH} /usr/bin/cmake --install /home/robodog/RoboDog/build/servo_calibration
