[3.255s] Invoking command in '/home/robodog/RoboDog/ros2_ws/src/servo_calibration': PYTHONPATH=/home/robodog/RoboDog/ros2_ws/build/servo_calibration/prefix_override:/usr/lib/python3/dist-packages/colcon_core/task/python/colcon_distutils_commands:/home/robodog/RoboDog/ros2_ws/install/servo_calibration/lib/python3.10/site-packages:${PYTHONPATH} /usr/bin/python3 -W ignore:setup.py install is deprecated setup.py egg_info --egg-base ../../build/servo_calibration build --build-base /home/robodog/RoboDog/ros2_ws/build/servo_calibration/build install --record /home/robodog/RoboDog/ros2_ws/build/servo_calibration/install.log --single-version-externally-managed install_data
[4.375s] running egg_info
[4.377s] creating ../../build/servo_calibration/servo_calibration.egg-info
[4.378s] writing ../../build/servo_calibration/servo_calibration.egg-info/PKG-INFO
[4.379s] writing dependency_links to ../../build/servo_calibration/servo_calibration.egg-info/dependency_links.txt
[4.381s] writing entry points to ../../build/servo_calibration/servo_calibration.egg-info/entry_points.txt
[4.381s] writing requirements to ../../build/servo_calibration/servo_calibration.egg-info/requires.txt
[4.382s] writing top-level names to ../../build/servo_calibration/servo_calibration.egg-info/top_level.txt
[4.383s] writing manifest file '../../build/servo_calibration/servo_calibration.egg-info/SOURCES.txt'
[4.390s] reading manifest file '../../build/servo_calibration/servo_calibration.egg-info/SOURCES.txt'
[4.391s] adding license file 'LICENSE'
[4.394s] writing manifest file '../../build/servo_calibration/servo_calibration.egg-info/SOURCES.txt'
[4.394s] running build
[4.395s] running build_py
[4.396s] creating /home/robodog/RoboDog/ros2_ws/build/servo_calibration/build
[4.396s] creating /home/robodog/RoboDog/ros2_ws/build/servo_calibration/build/lib
[4.396s] creating /home/robodog/RoboDog/ros2_ws/build/servo_calibration/build/lib/servo_calibration
[4.397s] copying servo_calibration/__init__.py -> /home/robodog/RoboDog/ros2_ws/build/servo_calibration/build/lib/servo_calibration
[4.397s] copying servo_calibration/servo_calib_test.py -> /home/robodog/RoboDog/ros2_ws/build/servo_calibration/build/lib/servo_calibration
[4.397s] copying servo_calibration/servo_move_keyboard.py -> /home/robodog/RoboDog/ros2_ws/build/servo_calibration/build/lib/servo_calibration
[4.398s] running install
[4.400s] running install_lib
[4.403s] creating /home/robodog/RoboDog/ros2_ws/install/servo_calibration/lib/python3.10/site-packages/servo_calibration
[4.403s] copying /home/robodog/RoboDog/ros2_ws/build/servo_calibration/build/lib/servo_calibration/__init__.py -> /home/robodog/RoboDog/ros2_ws/install/servo_calibration/lib/python3.10/site-packages/servo_calibration
[4.404s] copying /home/robodog/RoboDog/ros2_ws/build/servo_calibration/build/lib/servo_calibration/servo_calib_test.py -> /home/robodog/RoboDog/ros2_ws/install/servo_calibration/lib/python3.10/site-packages/servo_calibration
[4.405s] copying /home/robodog/RoboDog/ros2_ws/build/servo_calibration/build/lib/servo_calibration/servo_move_keyboard.py -> /home/robodog/RoboDog/ros2_ws/install/servo_calibration/lib/python3.10/site-packages/servo_calibration
[4.408s] byte-compiling /home/robodog/RoboDog/ros2_ws/install/servo_calibration/lib/python3.10/site-packages/servo_calibration/__init__.py to __init__.cpython-310.pyc
[4.409s] byte-compiling /home/robodog/RoboDog/ros2_ws/install/servo_calibration/lib/python3.10/site-packages/servo_calibration/servo_calib_test.py to servo_calib_test.cpython-310.pyc
[4.416s] byte-compiling /home/robodog/RoboDog/ros2_ws/install/servo_calibration/lib/python3.10/site-packages/servo_calibration/servo_move_keyboard.py to servo_move_keyboard.cpython-310.pyc
[4.421s] running install_data
[4.421s] creating /home/robodog/RoboDog/ros2_ws/install/servo_calibration/share/ament_index
[4.422s] creating /home/robodog/RoboDog/ros2_ws/install/servo_calibration/share/ament_index/resource_index
[4.423s] creating /home/robodog/RoboDog/ros2_ws/install/servo_calibration/share/ament_index/resource_index/packages
[4.423s] copying resource/servo_calibration -> /home/robodog/RoboDog/ros2_ws/install/servo_calibration/share/ament_index/resource_index/packages
[4.424s] copying package.xml -> /home/robodog/RoboDog/ros2_ws/install/servo_calibration/share/servo_calibration
[4.424s] running install_egg_info
[4.431s] Copying ../../build/servo_calibration/servo_calibration.egg-info to /home/robodog/RoboDog/ros2_ws/install/servo_calibration/lib/python3.10/site-packages/servo_calibration-0.0.0-py3.10.egg-info
[4.436s] running install_scripts
[4.521s] Installing servo_calib_node script to /home/robodog/RoboDog/ros2_ws/install/servo_calibration/lib/servo_calibration
[4.522s] writing list of installed files to '/home/robodog/RoboDog/ros2_ws/build/servo_calibration/install.log'
[4.646s] Invoked command in '/home/robodog/RoboDog/ros2_ws/src/servo_calibration' returned '0': PYTHONPATH=/home/robodog/RoboDog/ros2_ws/build/servo_calibration/prefix_override:/usr/lib/python3/dist-packages/colcon_core/task/python/colcon_distutils_commands:/home/robodog/RoboDog/ros2_ws/install/servo_calibration/lib/python3.10/site-packages:${PYTHONPATH} /usr/bin/python3 -W ignore:setup.py install is deprecated setup.py egg_info --egg-base ../../build/servo_calibration build --build-base /home/robodog/RoboDog/ros2_ws/build/servo_calibration/build install --record /home/robodog/RoboDog/ros2_ws/build/servo_calibration/install.log --single-version-externally-managed install_data
