[2.924s] Invoking command in '/home/robodog/RoboDog/ros2_ws/src/servo_calibration': CMAKE_PREFIX_PATH=/home/robodog/RoboDog/ros2_ws/install/i2cpwm_controller:/home/robodog/RoboDog/ros2_ws/install/motion_cmd PYTHONPATH=/home/robodog/RoboDog/ros2_ws/build/servo_calibration/prefix_override:/usr/lib/python3/dist-packages/colcon_core/task/python/colcon_distutils_commands:/home/robodog/RoboDog/ros2_ws/install/servo_calibration/lib/python3.10/site-packages:${PYTHONPATH} /usr/bin/python3 -W ignore:setup.py install is deprecated setup.py egg_info --egg-base ../../build/servo_calibration build --build-base /home/robodog/RoboDog/ros2_ws/build/servo_calibration/build install --record /home/robodog/RoboDog/ros2_ws/build/servo_calibration/install.log --single-version-externally-managed install_data
[3.952s] running egg_info
[3.955s] writing ../../build/servo_calibration/servo_calibration.egg-info/PKG-INFO
[3.956s] writing dependency_links to ../../build/servo_calibration/servo_calibration.egg-info/dependency_links.txt
[3.957s] writing entry points to ../../build/servo_calibration/servo_calibration.egg-info/entry_points.txt
[3.958s] writing requirements to ../../build/servo_calibration/servo_calibration.egg-info/requires.txt
[3.959s] writing top-level names to ../../build/servo_calibration/servo_calibration.egg-info/top_level.txt
[3.967s] reading manifest file '../../build/servo_calibration/servo_calibration.egg-info/SOURCES.txt'
[3.969s] adding license file 'LICENSE'
[3.972s] writing manifest file '../../build/servo_calibration/servo_calibration.egg-info/SOURCES.txt'
[3.972s] running build
[3.973s] running build_py
[3.974s] running install
[3.976s] running install_lib
[3.981s] running install_data
[3.982s] running install_egg_info
[3.989s] removing '/home/robodog/RoboDog/ros2_ws/install/servo_calibration/lib/python3.10/site-packages/servo_calibration-0.0.0-py3.10.egg-info' (and everything under it)
[3.991s] Copying ../../build/servo_calibration/servo_calibration.egg-info to /home/robodog/RoboDog/ros2_ws/install/servo_calibration/lib/python3.10/site-packages/servo_calibration-0.0.0-py3.10.egg-info
[3.997s] running install_scripts
[4.076s] Installing servo_calib_node script to /home/robodog/RoboDog/ros2_ws/install/servo_calibration/lib/servo_calibration
[4.078s] writing list of installed files to '/home/robodog/RoboDog/ros2_ws/build/servo_calibration/install.log'
[4.196s] Invoked command in '/home/robodog/RoboDog/ros2_ws/src/servo_calibration' returned '0': CMAKE_PREFIX_PATH=/home/robodog/RoboDog/ros2_ws/install/i2cpwm_controller:/home/robodog/RoboDog/ros2_ws/install/motion_cmd PYTHONPATH=/home/robodog/RoboDog/ros2_ws/build/servo_calibration/prefix_override:/usr/lib/python3/dist-packages/colcon_core/task/python/colcon_distutils_commands:/home/robodog/RoboDog/ros2_ws/install/servo_calibration/lib/python3.10/site-packages:${PYTHONPATH} /usr/bin/python3 -W ignore:setup.py install is deprecated setup.py egg_info --egg-base ../../build/servo_calibration build --build-base /home/robodog/RoboDog/ros2_ws/build/servo_calibration/build install --record /home/robodog/RoboDog/ros2_ws/build/servo_calibration/install.log --single-version-externally-managed install_data
