running egg_info
creating ../../build/servo_calibration/servo_calibration.egg-info
writing ../../build/servo_calibration/servo_calibration.egg-info/PKG-INFO
writing dependency_links to ../../build/servo_calibration/servo_calibration.egg-info/dependency_links.txt
writing entry points to ../../build/servo_calibration/servo_calibration.egg-info/entry_points.txt
writing requirements to ../../build/servo_calibration/servo_calibration.egg-info/requires.txt
writing top-level names to ../../build/servo_calibration/servo_calibration.egg-info/top_level.txt
writing manifest file '../../build/servo_calibration/servo_calibration.egg-info/SOURCES.txt'
reading manifest file '../../build/servo_calibration/servo_calibration.egg-info/SOURCES.txt'
adding license file 'LICENSE'
writing manifest file '../../build/servo_calibration/servo_calibration.egg-info/SOURCES.txt'
running build
running build_py
creating /home/robodog/RoboDog/ros2_ws/build/servo_calibration/build
creating /home/robodog/RoboDog/ros2_ws/build/servo_calibration/build/lib
creating /home/robodog/RoboDog/ros2_ws/build/servo_calibration/build/lib/servo_calibration
copying servo_calibration/__init__.py -> /home/robodog/RoboDog/ros2_ws/build/servo_calibration/build/lib/servo_calibration
copying servo_calibration/servo_calib_test.py -> /home/robodog/RoboDog/ros2_ws/build/servo_calibration/build/lib/servo_calibration
copying servo_calibration/servo_move_keyboard.py -> /home/robodog/RoboDog/ros2_ws/build/servo_calibration/build/lib/servo_calibration
running install
running install_lib
creating /home/robodog/RoboDog/ros2_ws/install/servo_calibration/lib/python3.10/site-packages/servo_calibration
copying /home/robodog/RoboDog/ros2_ws/build/servo_calibration/build/lib/servo_calibration/__init__.py -> /home/robodog/RoboDog/ros2_ws/install/servo_calibration/lib/python3.10/site-packages/servo_calibration
copying /home/robodog/RoboDog/ros2_ws/build/servo_calibration/build/lib/servo_calibration/servo_calib_test.py -> /home/robodog/RoboDog/ros2_ws/install/servo_calibration/lib/python3.10/site-packages/servo_calibration
copying /home/robodog/RoboDog/ros2_ws/build/servo_calibration/build/lib/servo_calibration/servo_move_keyboard.py -> /home/robodog/RoboDog/ros2_ws/install/servo_calibration/lib/python3.10/site-packages/servo_calibration
byte-compiling /home/robodog/RoboDog/ros2_ws/install/servo_calibration/lib/python3.10/site-packages/servo_calibration/__init__.py to __init__.cpython-310.pyc
byte-compiling /home/robodog/RoboDog/ros2_ws/install/servo_calibration/lib/python3.10/site-packages/servo_calibration/servo_calib_test.py to servo_calib_test.cpython-310.pyc
byte-compiling /home/robodog/RoboDog/ros2_ws/install/servo_calibration/lib/python3.10/site-packages/servo_calibration/servo_move_keyboard.py to servo_move_keyboard.cpython-310.pyc
running install_data
creating /home/robodog/RoboDog/ros2_ws/install/servo_calibration/share/ament_index
creating /home/robodog/RoboDog/ros2_ws/install/servo_calibration/share/ament_index/resource_index
creating /home/robodog/RoboDog/ros2_ws/install/servo_calibration/share/ament_index/resource_index/packages
copying resource/servo_calibration -> /home/robodog/RoboDog/ros2_ws/install/servo_calibration/share/ament_index/resource_index/packages
copying package.xml -> /home/robodog/RoboDog/ros2_ws/install/servo_calibration/share/servo_calibration
running install_egg_info
Copying ../../build/servo_calibration/servo_calibration.egg-info to /home/robodog/RoboDog/ros2_ws/install/servo_calibration/lib/python3.10/site-packages/servo_calibration-0.0.0-py3.10.egg-info
running install_scripts
Installing servo_calib_node script to /home/robodog/RoboDog/ros2_ws/install/servo_calibration/lib/servo_calibration
writing list of installed files to '/home/robodog/RoboDog/ros2_ws/build/servo_calibration/install.log'
