[  0%] Built target i2cpwm_controller__cpp
[ 12%] Built target i2cpwm_controller__rosidl_generator_c
[ 12%] Built target ament_cmake_python_copy_i2cpwm_controller
[ 23%] Built target i2cpwm_controller__rosidl_typesupport_cpp
[ 34%] Built target i2cpwm_controller__rosidl_typesupport_fastrtps_cpp
[ 45%] Built target i2cpwm_controller__rosidl_typesupport_introspection_cpp
[ 56%] Built target i2cpwm_controller__rosidl_typesupport_fastrtps_c
[ 78%] Built target i2cpwm_controller__rosidl_typesupport_introspection_c
[ 79%] Built target i2cpwm_controller__rosidl_typesupport_c
[ 80%] [32mBuilding CXX object CMakeFiles/i2cpwm_controller_lib.dir/src/i2cpwm_controller.cpp.o[0m
[ 80%] Built target i2cpwm_controller
[ 81%] Built target i2cpwm_controller__py
[ 91%] Built target i2cpwm_controller__rosidl_generator_py
[ 93%] Built target i2cpwm_controller__rosidl_typesupport_fastrtps_c__pyext
[ 95%] Built target i2cpwm_controller__rosidl_typesupport_introspection_c__pyext
[ 97%] Built target i2cpwm_controller__rosidl_typesupport_c__pyext
running egg_info
writing i2cpwm_controller.egg-info/PKG-INFO
writing dependency_links to i2cpwm_controller.egg-info/dependency_links.txt
writing top-level names to i2cpwm_controller.egg-info/top_level.txt
reading manifest file 'i2cpwm_controller.egg-info/SOURCES.txt'
writing manifest file 'i2cpwm_controller.egg-info/SOURCES.txt'
[ 97%] Built target ament_cmake_python_build_i2cpwm_controller_egg
[01m[K/home/robodog/RoboDog/ros2_ws/src/i2cpwm_controller/src/i2cpwm_controller.cpp:[m[K In member function ‘[01m[Kvoid I2cPwmController::servos_absolute(i2cpwm_controller::msg::ServoArray_<std::allocator<void> >::SharedPtr)[m[K’:
[01m[K/home/robodog/RoboDog/ros2_ws/src/i2cpwm_controller/src/i2cpwm_controller.cpp:171:26:[m[K [01;31m[Kerror: [m[Kcannot convert ‘[01m[Krclcpp::Logger[m[K’ to ‘[01m[Kconst char*[m[K’
  171 |         printf([01;31m[Kget_logger()[m[K,"servo[%d] = %d", servo.servo, value);
      |                [01;31m[K~~~~~~~~~~^~[m[K
      |                          [01;31m[K|[m[K
      |                          [01;31m[Krclcpp::Logger[m[K
In file included from [01m[K/home/robodog/RoboDog/ros2_ws/src/i2cpwm_controller/include/i2cpwm_controller.h:3[m[K,
                 from [01m[K/home/robodog/RoboDog/ros2_ws/src/i2cpwm_controller/src/i2cpwm_controller.cpp:1[m[K:
[01m[K/usr/include/stdio.h:356:43:[m[K [01;36m[Knote: [m[K  initializing argument 1 of ‘[01m[Kint printf(const char*, ...)[m[K’
  356 | extern int printf ([01;36m[Kconst char *__restrict __format[m[K, ...);
      |                    [01;36m[K~~~~~~~~~~~~~~~~~~~~~~~^~~~~~~~[m[K
gmake[2]: *** [CMakeFiles/i2cpwm_controller_lib.dir/build.make:76: CMakeFiles/i2cpwm_controller_lib.dir/src/i2cpwm_controller.cpp.o] Error 1
gmake[1]: *** [CMakeFiles/Makefile2:595: CMakeFiles/i2cpwm_controller_lib.dir/all] Error 2
gmake: *** [Makefile:146: all] Error 2
