[0mCMake Deprecation Warning at /home/robodog/RoboDog/ros2_ws/build/motion_cmd/libs/spot_micro_kinematics_cpp/3rd_party/google-test/googletest-src/CMakeLists.txt:4 (cmake_minimum_required):
  Compatibility with CMake < 2.8.12 will be removed from a future version of
  CMake.

  Update the VERSION argument <min> value or use a ...<max> suffix to tell
  CMake that the project does not need compatibility with older versions.

[0m
[0mCMake Deprecation Warning at /home/robodog/RoboDog/ros2_ws/build/motion_cmd/libs/spot_micro_kinematics_cpp/3rd_party/google-test/googletest-src/googlemock/CMakeLists.txt:45 (cmake_minimum_required):
  Compatibility with CMake < 2.8.12 will be removed from a future version of
  CMake.

  Update the VERSION argument <min> value or use a ...<max> suffix to tell
  CMake that the project does not need compatibility with older versions.

[0m
[0mCMake Deprecation Warning at /home/robodog/RoboDog/ros2_ws/build/motion_cmd/libs/spot_micro_kinematics_cpp/3rd_party/google-test/googletest-src/googletest/CMakeLists.txt:56 (cmake_minimum_required):
  Compatibility with CMake < 2.8.12 will be removed from a future version of
  CMake.

  Update the VERSION argument <min> value or use a ...<max> suffix to tell
  CMake that the project does not need compatibility with older versions.

[0m
In file included from [01m[K/home/robodog/RoboDog/ros2_ws/src/motion_cmd/src/utils.cpp:6[m[K:
[01m[K/opt/ros/humble/include/tf2_eigen/tf2_eigen/tf2_eigen.h:32:2:[m[K [01;35m[Kwarning: [m[K#warning This header is obsolete, please include tf2_eigen/tf2_eigen.hpp instead [[01;35m[K]8;;https://gcc.gnu.org/onlinedocs/gcc/Warning-Options.html#index-Wcpp-Wcpp]8;;[m[K]
   32 | #[01;35m[Kwarning[m[K This header is obsolete, please include tf2_eigen/tf2_eigen.hpp instead
      |  [01;35m[K^~~~~~~[m[K
In file included from [01m[K/home/robodog/RoboDog/ros2_ws/src/motion_cmd/src/utils.cpp:7[m[K:
[01m[K/opt/ros/humble/include/tf2_geometry_msgs/tf2_geometry_msgs/tf2_geometry_msgs.h:35:2:[m[K [01;35m[Kwarning: [m[K#warning This header is obsolete, please include tf2_geometry_msgs/tf2_geometry_msgs.hpp instead [[01;35m[K]8;;https://gcc.gnu.org/onlinedocs/gcc/Warning-Options.html#index-Wcpp-Wcpp]8;;[m[K]
   35 | #[01;35m[Kwarning[m[K This header is obsolete, please include tf2_geometry_msgs/tf2_geometry_msgs.hpp instead
      |  [01;35m[K^~~~~~~[m[K
/usr/bin/ld: CMakeFiles/motion_cmd_node.dir/src/motion_cmd.cpp.o: in function `SpotMicroMotionCmd::SpotMicroMotionCmd(std::shared_ptr<rclcpp::Node>)':
motion_cmd.cpp:(.text+0x4c4): undefined reference to `smk::SpotMicroKinematics::SpotMicroKinematics(float, float, float, smk::SpotMicroConfig const&)'
/usr/bin/ld: motion_cmd.cpp:(.text+0x58c): undefined reference to `smk::SpotMicroKinematics::setBodyState(smk::BodyState const&)'
/usr/bin/ld: CMakeFiles/motion_cmd_node.dir/src/motion_cmd.cpp.o: in function `SpotMicroMotionCmd::setServoCommandMessageData()':
motion_cmd.cpp:(.text+0x1b78): undefined reference to `smk::SpotMicroKinematics::setBodyState(smk::BodyState const&)'
/usr/bin/ld: motion_cmd.cpp:(.text+0x1b8c): undefined reference to `smk::SpotMicroKinematics::getLegsJointAngles()'
/usr/bin/ld: CMakeFiles/motion_cmd_node.dir/src/motion_cmd.cpp.o: in function `SpotMicroMotionCmd::handleInputCommands()':
motion_cmd.cpp:(.text+0x2cd8): undefined reference to `smk::SpotMicroKinematics::getBodyState()'
/usr/bin/ld: CMakeFiles/motion_cmd_node.dir/src/motion_cmd.cpp.o: in function `SpotMicroMotionCmd::changeState(std::unique_ptr<SpotMicroState, std::default_delete<SpotMicroState> >)':
motion_cmd.cpp:(.text+0x2db0): undefined reference to `smk::SpotMicroKinematics::getBodyState()'
/usr/bin/ld: CMakeFiles/motion_cmd_node.dir/src/motion_cmd.cpp.o: in function `SpotMicroMotionCmd::publishDynamicTransforms()':
motion_cmd.cpp:(.text+0x3a44): undefined reference to `smk::SpotMicroKinematics::getLegsJointAngles()'
/usr/bin/ld: motion_cmd.cpp:(.text+0x3b40): undefined reference to `smk::SpotMicroKinematics::getBodyHt()'
/usr/bin/ld: CMakeFiles/motion_cmd_node.dir/src/motion_cmd.cpp.o: in function `std::_MakeUniq<SpotMicroIdleState>::__single_object std::make_unique<SpotMicroIdleState>()':
motion_cmd.cpp:(.text._ZSt11make_uniqueI18SpotMicroIdleStateJEENSt9_MakeUniqIT_E15__single_objectEDpOT0_[_ZSt11make_uniqueI18SpotMicroIdleStateJEENSt9_MakeUniqIT_E15__single_objectEDpOT0_]+0x20): undefined reference to `SpotMicroIdleState::SpotMicroIdleState()'
collect2: error: ld returned 1 exit status
gmake[2]: *** [CMakeFiles/motion_cmd_node.dir/build.make:251: motion_cmd_node] Error 1
gmake[1]: *** [CMakeFiles/Makefile2:259: CMakeFiles/motion_cmd_node.dir/all] Error 2
gmake: *** [Makefile:149: all] Error 2
