[0.047s] Invoking command in '/home/robodog/RoboDog/ros2_ws/build/motion_cmd': AMENT_PREFIX_PATH=/home/robodog/RoboDog/ros2_ws/install/i2cpwm_controller:${AMENT_PREFIX_PATH} CMAKE_PREFIX_PATH=/home/robodog/RoboDog/ros2_ws/install/i2cpwm_controller LD_LIBRARY_PATH=/home/robodog/RoboDog/ros2_ws/install/i2cpwm_controller/lib:${LD_LIBRARY_PATH} PYTHONPATH=/home/robodog/RoboDog/ros2_ws/install/i2cpwm_controller/local/lib/python3.10/dist-packages:${PYTHONPATH} /usr/bin/cmake --build /home/robodog/RoboDog/ros2_ws/build/motion_cmd -- -j4 -l4
[0.287s] [  6%] Built target gtest
[0.291s] [ 20%] Built target spot_micro_kinematics
[0.365s] [35m[1mConsolidate compiler generated dependencies of target smfsm[0m
[0.398s] [ 27%] Built target gmock
[0.415s] [ 34%] Built target gtest_main
[0.447s] [35m[1mConsolidate compiler generated dependencies of target gmock_main[0m
[0.537s] [ 41%] Built target gmock_main
[0.545s] [ 48%] Built target test_utils
[0.556s] [ 55%] Built target test_spot_micro_leg
[0.614s] [ 58%] [32mBuilding CXX object CMakeFiles/smfsm.dir/src/smfsm/state.cpp.o[0m
[0.622s] [ 65%] [32mBuilding CXX object CMakeFiles/smfsm.dir/src/smfsm/idle.cpp.o[0m
[0.623s] [ 65%] [32mBuilding CXX object CMakeFiles/smfsm.dir/src/smfsm/stand.cpp.o[0m
[0.663s] [ 72%] Built target test_spot_micro_kinematics
[0.713s] [ 75%] [32mBuilding CXX object CMakeFiles/smfsm.dir/src/smfsm/transition_stand.cpp.o[0m
[10.851s] In file included from [01m[K/home/robodog/RoboDog/ros2_ws/src/motion_cmd/src/smfsm/transition_stand.h:5[m[K,
[10.856s]                  from [01m[K/home/robodog/RoboDog/ros2_ws/src/motion_cmd/src/smfsm/transition_stand.cpp:1[m[K:
[10.860s] [01m[K/home/robodog/RoboDog/ros2_ws/src/motion_cmd/src/smfsm/state.h:60:46:[m[K [01;31m[Kerror: [m[K‘[01m[Kstd::unique_ptr[m[K’ has not been declared
[10.864s]    60 |   void changeState(SpotMicroMotionCmd* smmc, [01;31m[Kstd[m[K::unique_ptr<SpotMicroState> sms);
[10.868s]       |                                              [01;31m[K^~~[m[K
[10.872s] [01m[K/home/robodog/RoboDog/ros2_ws/src/motion_cmd/src/smfsm/state.h:60:61:[m[K [01;31m[Kerror: [m[Kexpected ‘[01m[K,[m[K’ or ‘[01m[K...[m[K’ before ‘[01m[K<[m[K’ token
[10.880s]    60 |   void changeState(SpotMicroMotionCmd* smmc, std::unique_ptr[01;31m[K<[m[KSpotMicroState> sms);
[10.884s]       |                                                             [01;31m[K^[m[K
[11.171s] In file included from [01m[K/home/robodog/RoboDog/ros2_ws/src/motion_cmd/src/smfsm/stand.h:3[m[K,
[11.175s]                  from [01m[K/home/robodog/RoboDog/ros2_ws/src/motion_cmd/src/smfsm/stand.cpp:1[m[K:
[11.180s] [01m[K/home/robodog/RoboDog/ros2_ws/src/motion_cmd/src/smfsm/state.h:60:46:[m[K [01;31m[Kerror: [m[K‘[01m[Kstd::unique_ptr[m[K’ has not been declared
[11.183s]    60 |   void changeState(SpotMicroMotionCmd* smmc, [01;31m[Kstd[m[K::unique_ptr<SpotMicroState> sms);
[11.186s]       |                                              [01;31m[K^~~[m[K
[11.190s] [01m[K/home/robodog/RoboDog/ros2_ws/src/motion_cmd/src/smfsm/state.h:60:61:[m[K [01;31m[Kerror: [m[Kexpected ‘[01m[K,[m[K’ or ‘[01m[K...[m[K’ before ‘[01m[K<[m[K’ token
[11.208s]    60 |   void changeState(SpotMicroMotionCmd* smmc, std::unique_ptr[01;31m[K<[m[KSpotMicroState> sms);
[11.211s]       |                                                             [01;31m[K^[m[K
[12.091s] In file included from [01m[K/home/robodog/RoboDog/ros2_ws/src/motion_cmd/src/smfsm/idle.h:5[m[K,
[12.095s]                  from [01m[K/home/robodog/RoboDog/ros2_ws/src/motion_cmd/src/smfsm/idle.cpp:1[m[K:
[12.098s] [01m[K/home/robodog/RoboDog/ros2_ws/src/motion_cmd/src/smfsm/state.h:60:46:[m[K [01;31m[Kerror: [m[K‘[01m[Kstd::unique_ptr[m[K’ has not been declared
[12.102s]    60 |   void changeState(SpotMicroMotionCmd* smmc, [01;31m[Kstd[m[K::unique_ptr<SpotMicroState> sms);
[12.105s]       |                                              [01;31m[K^~~[m[K
[12.120s] [01m[K/home/robodog/RoboDog/ros2_ws/src/motion_cmd/src/smfsm/state.h:60:61:[m[K [01;31m[Kerror: [m[Kexpected ‘[01m[K,[m[K’ or ‘[01m[K...[m[K’ before ‘[01m[K<[m[K’ token
[12.124s]    60 |   void changeState(SpotMicroMotionCmd* smmc, std::unique_ptr[01;31m[K<[m[KSpotMicroState> sms);
[12.130s]       |                                                             [01;31m[K^[m[K
[12.171s] In file included from [01m[K/home/robodog/RoboDog/ros2_ws/src/motion_cmd/src/smfsm/state.cpp:1[m[K:
[12.174s] [01m[K/home/robodog/RoboDog/ros2_ws/src/motion_cmd/src/smfsm/state.h:60:46:[m[K [01;31m[Kerror: [m[K‘[01m[Kstd::unique_ptr[m[K’ has not been declared
[12.180s]    60 |   void changeState(SpotMicroMotionCmd* smmc, [01;31m[Kstd[m[K::unique_ptr<SpotMicroState> sms);
[12.183s]       |                                              [01;31m[K^~~[m[K
[12.187s] [01m[K/home/robodog/RoboDog/ros2_ws/src/motion_cmd/src/smfsm/state.h:60:61:[m[K [01;31m[Kerror: [m[Kexpected ‘[01m[K,[m[K’ or ‘[01m[K...[m[K’ before ‘[01m[K<[m[K’ token
[12.190s]    60 |   void changeState(SpotMicroMotionCmd* smmc, std::unique_ptr[01;31m[K<[m[KSpotMicroState> sms);
[12.194s]       |                                                             [01;31m[K^[m[K
[25.036s] In file included from [01m[K/home/robodog/RoboDog/ros2_ws/src/motion_cmd/src/smfsm/walk.h:3[m[K,
[25.039s]                  from [01m[K/home/robodog/RoboDog/ros2_ws/src/motion_cmd/src/smfsm/stand.cpp:4[m[K:
[25.043s] [01m[K/home/robodog/RoboDog/ros2_ws/src/motion_cmd/include/motion_cmd/motion_cmd.h:169:39:[m[K [01;31m[Kerror: [m[K‘[01m[Ksrv[m[K’ is not a member of ‘[01m[Ki2cpwm_controller[m[K’; did you mean ‘[01m[Krcl_interfaces::srv[m[K’?
[25.046s]   169 |     rclcpp::Client<i2cpwm_controller::[01;31m[Ksrv[m[K::ServosConfig>::SharedPtr servos_config_client_;
[25.050s]       |                                       [01;31m[K^~~[m[K
[25.054s] In file included from [01m[K/opt/ros/humble/include/rcl_interfaces/rcl_interfaces/srv/describe_parameters.hpp:7[m[K,
[25.068s]                  from [01m[K/opt/ros/humble/include/rclcpp/rclcpp/parameter_client.hpp:28[m[K,
[25.071s]                  from [01m[K/opt/ros/humble/include/rclcpp/rclcpp/rclcpp.hpp:159[m[K,
[25.078s]                  from [01m[K/home/robodog/RoboDog/ros2_ws/src/motion_cmd/include/motion_cmd/motion_cmd.h:7[m[K,
[25.081s]                  from [01m[K/home/robodog/RoboDog/ros2_ws/src/motion_cmd/src/smfsm/walk.h:3[m[K,
[25.085s]                  from [01m[K/home/robodog/RoboDog/ros2_ws/src/motion_cmd/src/smfsm/stand.cpp:4[m[K:
[25.088s] [01m[K/opt/ros/humble/include/rcl_interfaces/rcl_interfaces/srv/detail/describe_parameters__struct.hpp:27:11:[m[K [01;36m[Knote: [m[K‘[01m[Krcl_interfaces::srv[m[K’ declared here
[25.091s]    27 | namespace [01;36m[Ksrv[m[K
[25.095s]       |           [01;36m[K^~~[m[K
[25.100s] In file included from [01m[K/home/robodog/RoboDog/ros2_ws/src/motion_cmd/src/smfsm/walk.h:3[m[K,
[25.104s]                  from [01m[K/home/robodog/RoboDog/ros2_ws/src/motion_cmd/src/smfsm/stand.cpp:4[m[K:
[25.108s] [01m[K/home/robodog/RoboDog/ros2_ws/src/motion_cmd/include/motion_cmd/motion_cmd.h:169:56:[m[K [01;31m[Kerror: [m[Ktemplate argument 1 is invalid
[25.111s]   169 |     rclcpp::Client<i2cpwm_controller::srv::ServosConfig[01;31m[K>[m[K::SharedPtr servos_config_client_;
[25.114s]       |                                                        [01;31m[K^[m[K
[25.118s] [01m[K/home/robodog/RoboDog/ros2_ws/src/motion_cmd/include/motion_cmd/motion_cmd.h:169:59:[m[K [01;31m[Kerror: [m[Kexpected ‘[01m[K;[m[K’ at end of member declaration
[25.121s]   169 |     rclcpp::Client<i2cpwm_controller::srv::ServosConfig>::[01;31m[KSharedPtr[m[K servos_config_client_;
[25.124s]       |                                                           [01;31m[K^~~~~~~~~[m[K
[25.128s]       |                                                                    [32m[K;[m[K
[25.132s] [01m[K/home/robodog/RoboDog/ros2_ws/src/motion_cmd/include/motion_cmd/motion_cmd.h:169:69:[m[K [01;31m[Kerror: [m[K‘[01m[Kservos_config_client_[m[K’ does not name a type
[25.135s]   169 |     rclcpp::Client<i2cpwm_controller::srv::ServosConfig>::SharedPtr [01;31m[Kservos_config_client_[m[K;
[25.139s]       |                                                                     [01;31m[K^~~~~~~~~~~~~~~~~~~~~[m[K
[25.154s] [01m[K/home/robodog/RoboDog/ros2_ws/src/motion_cmd/src/smfsm/stand.cpp:[m[K In member function ‘[01m[Kvirtual void SpotMicroStandState::handleInputCommands(const smk::BodyState&, const SpotMicroNodeConfig&, const Command&, SpotMicroMotionCmd*, smk::BodyState*)[m[K’:
[25.157s] [01m[K/home/robodog/RoboDog/ros2_ws/src/motion_cmd/src/smfsm/stand.cpp:31:69:[m[K [01;31m[Kerror: [m[Kcannot convert ‘[01m[Kstd::_MakeUniq<SpotMicroTransitionIdleState>::__single_object[m[K’ {aka ‘[01m[Kstd::unique_ptr<SpotMicroTransitionIdleState, std::default_delete<SpotMicroTransitionIdleState> >[m[K’} to ‘[01m[Kint[m[K’
[25.160s]    31 |     changeState(smmc, [01;31m[Kstd::make_unique<SpotMicroTransitionIdleState>()[m[K);
[25.164s]       |                       [01;31m[K~~~~~~~~~~~~~~~~~~~~~~~~~~~~~~~~~~~~~~~~~~~~~~^~[m[K
[25.167s]       |                                                                     [01;31m[K|[m[K
[25.171s]       |                                                                     [01;31m[Kstd::_MakeUniq<SpotMicroTransitionIdleState>::__single_object {aka std::unique_ptr<SpotMicroTransitionIdleState, std::default_delete<SpotMicroTransitionIdleState> >}[m[K
[25.180s] In file included from [01m[K/home/robodog/RoboDog/ros2_ws/src/motion_cmd/src/smfsm/stand.h:3[m[K,
[25.185s]                  from [01m[K/home/robodog/RoboDog/ros2_ws/src/motion_cmd/src/smfsm/stand.cpp:1[m[K:
[25.191s] [01m[K/home/robodog/RoboDog/ros2_ws/src/motion_cmd/src/smfsm/state.h:60:46:[m[K [01;36m[Knote: [m[K  initializing argument 2 of ‘[01m[Kvoid SpotMicroState::changeState(SpotMicroMotionCmd*, int)[m[K’
[25.199s]    60 |   void changeState(SpotMicroMotionCmd* smmc, [01;36m[Kstd::unique_ptr[m[K<SpotMicroState> sms);
[25.204s]       |                                              [01;36m[K^~~~~~~~~~~~~~~[m[K
[25.219s] [01m[K/home/robodog/RoboDog/ros2_ws/src/motion_cmd/src/smfsm/stand.cpp:34:59:[m[K [01;31m[Kerror: [m[Kcannot convert ‘[01m[Kstd::_MakeUniq<SpotMicroWalkState>::__single_object[m[K’ {aka ‘[01m[Kstd::unique_ptr<SpotMicroWalkState, std::default_delete<SpotMicroWalkState> >[m[K’} to ‘[01m[Kint[m[K’
[25.222s]    34 |     changeState(smmc, [01;31m[Kstd::make_unique<SpotMicroWalkState>()[m[K);
[25.226s]       |                       [01;31m[K~~~~~~~~~~~~~~~~~~~~~~~~~~~~~~~~~~~~^~[m[K
[25.230s]       |                                                           [01;31m[K|[m[K
[25.233s]       |                                                           [01;31m[Kstd::_MakeUniq<SpotMicroWalkState>::__single_object {aka std::unique_ptr<SpotMicroWalkState, std::default_delete<SpotMicroWalkState> >}[m[K
[25.237s] In file included from [01m[K/home/robodog/RoboDog/ros2_ws/src/motion_cmd/src/smfsm/stand.h:3[m[K,
[25.241s]                  from [01m[K/home/robodog/RoboDog/ros2_ws/src/motion_cmd/src/smfsm/stand.cpp:1[m[K:
[25.245s] [01m[K/home/robodog/RoboDog/ros2_ws/src/motion_cmd/src/smfsm/state.h:60:46:[m[K [01;36m[Knote: [m[K  initializing argument 2 of ‘[01m[Kvoid SpotMicroState::changeState(SpotMicroMotionCmd*, int)[m[K’
[25.257s]    60 |   void changeState(SpotMicroMotionCmd* smmc, [01;36m[Kstd::unique_ptr[m[K<SpotMicroState> sms);
[25.261s]       |                                              [01;36m[K^~~~~~~~~~~~~~~[m[K
[25.264s] In file included from [01m[K/home/robodog/RoboDog/ros2_ws/src/motion_cmd/src/smfsm/transition_stand.cpp:4[m[K:
[25.268s] [01m[K/home/robodog/RoboDog/ros2_ws/src/motion_cmd/include/motion_cmd/motion_cmd.h:169:39:[m[K [01;31m[Kerror: [m[K‘[01m[Ksrv[m[K’ is not a member of ‘[01m[Ki2cpwm_controller[m[K’; did you mean ‘[01m[Krcl_interfaces::srv[m[K’?
[25.279s]   169 |     rclcpp::Client<i2cpwm_controller::[01;31m[Ksrv[m[K::ServosConfig>::SharedPtr servos_config_client_;
[25.282s]       |                                       [01;31m[K^~~[m[K
[25.287s] In file included from [01m[K/opt/ros/humble/include/rcl_interfaces/rcl_interfaces/srv/describe_parameters.hpp:7[m[K,
[25.290s]                  from [01m[K/opt/ros/humble/include/rclcpp/rclcpp/parameter_client.hpp:28[m[K,
[25.299s]                  from [01m[K/opt/ros/humble/include/rclcpp/rclcpp/rclcpp.hpp:159[m[K,
[25.302s]                  from [01m[K/home/robodog/RoboDog/ros2_ws/src/motion_cmd/include/motion_cmd/motion_cmd.h:7[m[K,
[25.306s]                  from [01m[K/home/robodog/RoboDog/ros2_ws/src/motion_cmd/src/smfsm/transition_stand.cpp:4[m[K:
[25.321s] [01m[K/opt/ros/humble/include/rcl_interfaces/rcl_interfaces/srv/detail/describe_parameters__struct.hpp:27:11:[m[K [01;36m[Knote: [m[K‘[01m[Krcl_interfaces::srv[m[K’ declared here
[25.324s]    27 | namespace [01;36m[Ksrv[m[K
[25.328s]       |           [01;36m[K^~~[m[K
[25.332s] In file included from [01m[K/home/robodog/RoboDog/ros2_ws/src/motion_cmd/src/smfsm/transition_stand.cpp:4[m[K:
[25.335s] [01m[K/home/robodog/RoboDog/ros2_ws/src/motion_cmd/include/motion_cmd/motion_cmd.h:169:56:[m[K [01;31m[Kerror: [m[Ktemplate argument 1 is invalid
[25.338s]   169 |     rclcpp::Client<i2cpwm_controller::srv::ServosConfig[01;31m[K>[m[K::SharedPtr servos_config_client_;
[25.342s]       |                                                        [01;31m[K^[m[K
[25.345s] [01m[K/home/robodog/RoboDog/ros2_ws/src/motion_cmd/include/motion_cmd/motion_cmd.h:169:59:[m[K [01;31m[Kerror: [m[Kexpected ‘[01m[K;[m[K’ at end of member declaration
[25.351s]   169 |     rclcpp::Client<i2cpwm_controller::srv::ServosConfig>::[01;31m[KSharedPtr[m[K servos_config_client_;
[25.365s]       |                                                           [01;31m[K^~~~~~~~~[m[K
[25.366s]       |                                                                    [32m[K;[m[K
[25.367s] [01m[K/home/robodog/RoboDog/ros2_ws/src/motion_cmd/include/motion_cmd/motion_cmd.h:169:69:[m[K [01;31m[Kerror: [m[K‘[01m[Kservos_config_client_[m[K’ does not name a type
[25.367s]   169 |     rclcpp::Client<i2cpwm_controller::srv::ServosConfig>::SharedPtr [01;31m[Kservos_config_client_[m[K;
[25.368s]       |                                                                     [01;31m[K^~~~~~~~~~~~~~~~~~~~~[m[K
[25.369s] [01m[K/home/robodog/RoboDog/ros2_ws/src/motion_cmd/src/smfsm/transition_stand.cpp:[m[K In member function ‘[01m[Kvirtual void SpotMicroTransitionStandState::handleInputCommands(const smk::BodyState&, const SpotMicroNodeConfig&, const Command&, SpotMicroMotionCmd*, smk::BodyState*)[m[K’:
[25.370s] [01m[K/home/robodog/RoboDog/ros2_ws/src/motion_cmd/src/smfsm/transition_stand.cpp:64:60:[m[K [01;31m[Kerror: [m[Kcannot convert ‘[01m[Kstd::_MakeUniq<SpotMicroStandState>::__single_object[m[K’ {aka ‘[01m[Kstd::unique_ptr<SpotMicroStandState, std::default_delete<SpotMicroStandState> >[m[K’} to ‘[01m[Kint[m[K’
[25.371s]    64 |     changeState(smmc, [01;31m[Kstd::make_unique<SpotMicroStandState>()[m[K);
[25.373s]       |                       [01;31m[K~~~~~~~~~~~~~~~~~~~~~~~~~~~~~~~~~~~~~^~[m[K
[25.374s]       |                                                            [01;31m[K|[m[K
[25.378s]       |                                                            [01;31m[Kstd::_MakeUniq<SpotMicroStandState>::__single_object {aka std::unique_ptr<SpotMicroStandState, std::default_delete<SpotMicroStandState> >}[m[K
[25.393s] In file included from [01m[K/home/robodog/RoboDog/ros2_ws/src/motion_cmd/src/smfsm/transition_stand.h:5[m[K,
[25.396s]                  from [01m[K/home/robodog/RoboDog/ros2_ws/src/motion_cmd/src/smfsm/transition_stand.cpp:1[m[K:
[25.413s] [01m[K/home/robodog/RoboDog/ros2_ws/src/motion_cmd/src/smfsm/state.h:60:46:[m[K [01;36m[Knote: [m[K  initializing argument 2 of ‘[01m[Kvoid SpotMicroState::changeState(SpotMicroMotionCmd*, int)[m[K’
[25.416s]    60 |   void changeState(SpotMicroMotionCmd* smmc, [01;36m[Kstd::unique_ptr[m[K<SpotMicroState> sms);
[25.420s]       |                                              [01;36m[K^~~~~~~~~~~~~~~[m[K
[25.783s] In file included from [01m[K/home/robodog/RoboDog/ros2_ws/src/motion_cmd/src/smfsm/idle.cpp:2[m[K:
[25.787s] [01m[K/home/robodog/RoboDog/ros2_ws/src/motion_cmd/include/motion_cmd/motion_cmd.h:169:39:[m[K [01;31m[Kerror: [m[K‘[01m[Ksrv[m[K’ is not a member of ‘[01m[Ki2cpwm_controller[m[K’; did you mean ‘[01m[Krcl_interfaces::srv[m[K’?
[25.790s]   169 |     rclcpp::Client<i2cpwm_controller::[01;31m[Ksrv[m[K::ServosConfig>::SharedPtr servos_config_client_;
[25.793s]       |                                       [01;31m[K^~~[m[K
[25.796s] In file included from [01m[K/opt/ros/humble/include/rcl_interfaces/rcl_interfaces/srv/describe_parameters.hpp:7[m[K,
[25.815s]                  from [01m[K/opt/ros/humble/include/rclcpp/rclcpp/parameter_client.hpp:28[m[K,
[25.818s]                  from [01m[K/opt/ros/humble/include/rclcpp/rclcpp/rclcpp.hpp:159[m[K,
[25.823s]                  from [01m[K/home/robodog/RoboDog/ros2_ws/src/motion_cmd/include/motion_cmd/motion_cmd.h:7[m[K,
[25.828s]                  from [01m[K/home/robodog/RoboDog/ros2_ws/src/motion_cmd/src/smfsm/idle.cpp:2[m[K:
[25.831s] [01m[K/opt/ros/humble/include/rcl_interfaces/rcl_interfaces/srv/detail/describe_parameters__struct.hpp:27:11:[m[K [01;36m[Knote: [m[K‘[01m[Krcl_interfaces::srv[m[K’ declared here
[25.834s]    27 | namespace [01;36m[Ksrv[m[K
[25.837s]       |           [01;36m[K^~~[m[K
[25.840s] In file included from [01m[K/home/robodog/RoboDog/ros2_ws/src/motion_cmd/src/smfsm/idle.cpp:2[m[K:
[25.844s] [01m[K/home/robodog/RoboDog/ros2_ws/src/motion_cmd/include/motion_cmd/motion_cmd.h:169:56:[m[K [01;31m[Kerror: [m[Ktemplate argument 1 is invalid
[25.850s]   169 |     rclcpp::Client<i2cpwm_controller::srv::ServosConfig[01;31m[K>[m[K::SharedPtr servos_config_client_;
[25.853s]       |                                                        [01;31m[K^[m[K
[25.870s] [01m[K/home/robodog/RoboDog/ros2_ws/src/motion_cmd/include/motion_cmd/motion_cmd.h:169:59:[m[K [01;31m[Kerror: [m[Kexpected ‘[01m[K;[m[K’ at end of member declaration
[25.874s]   169 |     rclcpp::Client<i2cpwm_controller::srv::ServosConfig>::[01;31m[KSharedPtr[m[K servos_config_client_;
[25.877s]       |                                                           [01;31m[K^~~~~~~~~[m[K
[25.881s]       |                                                                    [32m[K;[m[K
[25.884s] [01m[K/home/robodog/RoboDog/ros2_ws/src/motion_cmd/include/motion_cmd/motion_cmd.h:169:69:[m[K [01;31m[Kerror: [m[K‘[01m[Kservos_config_client_[m[K’ does not name a type
[25.888s]   169 |     rclcpp::Client<i2cpwm_controller::srv::ServosConfig>::SharedPtr [01;31m[Kservos_config_client_[m[K;
[25.892s]       |                                                                     [01;31m[K^~~~~~~~~~~~~~~~~~~~~[m[K
[25.895s] [01m[K/home/robodog/RoboDog/ros2_ws/src/motion_cmd/src/smfsm/idle.cpp:[m[K In member function ‘[01m[Kvirtual void SpotMicroIdleState::handleInputCommands(const smk::BodyState&, const SpotMicroNodeConfig&, const Command&, SpotMicroMotionCmd*, smk::BodyState*)[m[K’:
[25.899s] [01m[K/home/robodog/RoboDog/ros2_ws/src/motion_cmd/src/smfsm/idle.cpp:25:70:[m[K [01;31m[Kerror: [m[Kcannot convert ‘[01m[Kstd::_MakeUniq<SpotMicroTransitionStandState>::__single_object[m[K’ {aka ‘[01m[Kstd::unique_ptr<SpotMicroTransitionStandState, std::default_delete<SpotMicroTransitionStandState> >[m[K’} to ‘[01m[Kint[m[K’
[25.905s]    25 |     changeState(smmc, [01;31m[Kstd::make_unique<SpotMicroTransitionStandState>()[m[K);
[25.908s]       |                       [01;31m[K~~~~~~~~~~~~~~~~~~~~~~~~~~~~~~~~~~~~~~~~~~~~~~~^~[m[K
[25.912s]       |                                                                      [01;31m[K|[m[K
[25.915s]       |                                                                      [01;31m[Kstd::_MakeUniq<SpotMicroTransitionStandState>::__single_object {aka std::unique_ptr<SpotMicroTransitionStandState, std::default_delete<SpotMicroTransitionStandState> >}[m[K
[25.919s] In file included from [01m[K/home/robodog/RoboDog/ros2_ws/src/motion_cmd/src/smfsm/idle.h:5[m[K,
[25.922s]                  from [01m[K/home/robodog/RoboDog/ros2_ws/src/motion_cmd/src/smfsm/idle.cpp:1[m[K:
[25.925s] [01m[K/home/robodog/RoboDog/ros2_ws/src/motion_cmd/src/smfsm/state.h:60:46:[m[K [01;36m[Knote: [m[K  initializing argument 2 of ‘[01m[Kvoid SpotMicroState::changeState(SpotMicroMotionCmd*, int)[m[K’
[25.929s]    60 |   void changeState(SpotMicroMotionCmd* smmc, [01;36m[Kstd::unique_ptr[m[K<SpotMicroState> sms);
[25.933s]       |                                              [01;36m[K^~~~~~~~~~~~~~~[m[K
[27.011s] In file included from [01m[K/home/robodog/RoboDog/ros2_ws/src/motion_cmd/src/smfsm/state.cpp:4[m[K:
[27.014s] [01m[K/home/robodog/RoboDog/ros2_ws/src/motion_cmd/include/motion_cmd/motion_cmd.h:169:39:[m[K [01;31m[Kerror: [m[K‘[01m[Ksrv[m[K’ is not a member of ‘[01m[Ki2cpwm_controller[m[K’; did you mean ‘[01m[Krcl_interfaces::srv[m[K’?
[27.018s]   169 |     rclcpp::Client<i2cpwm_controller::[01;31m[Ksrv[m[K::ServosConfig>::SharedPtr servos_config_client_;
[27.021s]       |                                       [01;31m[K^~~[m[K
[27.024s] In file included from [01m[K/opt/ros/humble/include/rcl_interfaces/rcl_interfaces/srv/describe_parameters.hpp:7[m[K,
[27.035s]                  from [01m[K/opt/ros/humble/include/rclcpp/rclcpp/parameter_client.hpp:28[m[K,
[27.038s]                  from [01m[K/opt/ros/humble/include/rclcpp/rclcpp/rclcpp.hpp:159[m[K,
[27.042s]                  from [01m[K/home/robodog/RoboDog/ros2_ws/src/motion_cmd/include/motion_cmd/motion_cmd.h:7[m[K,
[27.045s]                  from [01m[K/home/robodog/RoboDog/ros2_ws/src/motion_cmd/src/smfsm/state.cpp:4[m[K:
[27.048s] [01m[K/opt/ros/humble/include/rcl_interfaces/rcl_interfaces/srv/detail/describe_parameters__struct.hpp:27:11:[m[K [01;36m[Knote: [m[K‘[01m[Krcl_interfaces::srv[m[K’ declared here
[27.049s]    27 | namespace [01;36m[Ksrv[m[K
[27.050s]       |           [01;36m[K^~~[m[K
[27.051s] In file included from [01m[K/home/robodog/RoboDog/ros2_ws/src/motion_cmd/src/smfsm/state.cpp:4[m[K:
[27.052s] [01m[K/home/robodog/RoboDog/ros2_ws/src/motion_cmd/include/motion_cmd/motion_cmd.h:169:56:[m[K [01;31m[Kerror: [m[Ktemplate argument 1 is invalid
[27.053s]   169 |     rclcpp::Client<i2cpwm_controller::srv::ServosConfig[01;31m[K>[m[K::SharedPtr servos_config_client_;
[27.053s]       |                                                        [01;31m[K^[m[K
[27.054s] [01m[K/home/robodog/RoboDog/ros2_ws/src/motion_cmd/include/motion_cmd/motion_cmd.h:169:59:[m[K [01;31m[Kerror: [m[Kexpected ‘[01m[K;[m[K’ at end of member declaration
[27.055s]   169 |     rclcpp::Client<i2cpwm_controller::srv::ServosConfig>::[01;31m[KSharedPtr[m[K servos_config_client_;
[27.055s]       |                                                           [01;31m[K^~~~~~~~~[m[K
[27.056s]       |                                                                    [32m[K;[m[K
[27.057s] [01m[K/home/robodog/RoboDog/ros2_ws/src/motion_cmd/include/motion_cmd/motion_cmd.h:169:69:[m[K [01;31m[Kerror: [m[K‘[01m[Kservos_config_client_[m[K’ does not name a type
[27.058s]   169 |    rclcpp::Client<i2cpwm_controller::srv::ServosConfig>::SharedPtr [01;31m[Kservos_config_client_[m[K;
[27.058s]       |                                                                    [01;31m[K^~~~~~~~~~~~~~~~~~~~~[m[K
[27.059s] 
[27.081s] [01m[K/home/robodog/RoboDog/ros2_ws/src/motion_cmd/src/smfsm/state.cpp:20:6:[m[K [01;31m[Kerror: [m[Kno declaration matches ‘[01m[Kvoid SpotMicroState::changeState(SpotMicroMotionCmd*, std::unique_ptr<SpotMicroState>)[m[K’
[27.082s]    20 | void [01;31m[KSpotMicroState[m[K::changeState(SpotMicroMotionCmd* smmc, std::unique_ptr<SpotMicroState> sms) {
[27.083s]       |      [01;31m[K^~~~~~~~~~~~~~[m[K
[27.083s] In file included from [01m[K/home/robodog/RoboDog/ros2_ws/src/motion_cmd/src/smfsm/state.cpp:1[m[K:
[27.084s] [01m[K/home/robodog/RoboDog/ros2_ws/src/motion_cmd/src/smfsm/state.h:60:8:[m[K [01;36m[Knote: [m[Kcandidate is: ‘[01m[Kvoid SpotMicroState::changeState(SpotMicroMotionCmd*, int)[m[K’
[27.085s]    60 |   void [01;36m[KchangeState[m[K(SpotMicroMotionCmd* smmc, std::unique_ptr<SpotMicroState> sms);
[27.085s]       |        [01;36m[K^~~~~~~~~~~[m[K
[27.086s] [01m[K/home/robodog/RoboDog/ros2_ws/src/motion_cmd/src/smfsm/state.h:31:7:[m[K [01;36m[Knote: [m[K‘[01m[Kclass SpotMicroState[m[K’ defined here
[27.087s]    31 | class [01;36m[KSpotMicroState[m[K {
[27.087s]       |       [01;36m[K^~~~~~~~~~~~~~[m[K
[28.316s] gmake[2]: *** [CMakeFiles/smfsm.dir/build.make:118: CMakeFiles/smfsm.dir/src/smfsm/transition_stand.cpp.o] Error 1
[28.319s] gmake[2]: *** Waiting for unfinished jobs....
[28.488s] gmake[2]: *** [CMakeFiles/smfsm.dir/build.make:104: CMakeFiles/smfsm.dir/src/smfsm/stand.cpp.o] Error 1
[29.084s] gmake[2]: *** [CMakeFiles/smfsm.dir/build.make:90: CMakeFiles/smfsm.dir/src/smfsm/idle.cpp.o] Error 1
[29.955s] gmake[2]: *** [CMakeFiles/smfsm.dir/build.make:76: CMakeFiles/smfsm.dir/src/smfsm/state.cpp.o] Error 1
[29.956s] gmake[1]: *** [CMakeFiles/Makefile2:230: CMakeFiles/smfsm.dir/all] Error 2
[29.958s] gmake: *** [Makefile:146: all] Error 2
[29.964s] Invoked command in '/home/robodog/RoboDog/ros2_ws/build/motion_cmd' returned '2': AMENT_PREFIX_PATH=/home/robodog/RoboDog/ros2_ws/install/i2cpwm_controller:${AMENT_PREFIX_PATH} CMAKE_PREFIX_PATH=/home/robodog/RoboDog/ros2_ws/install/i2cpwm_controller LD_LIBRARY_PATH=/home/robodog/RoboDog/ros2_ws/install/i2cpwm_controller/lib:${LD_LIBRARY_PATH} PYTHONPATH=/home/robodog/RoboDog/ros2_ws/install/i2cpwm_controller/local/lib/python3.10/dist-packages:${PYTHONPATH} /usr/bin/cmake --build /home/robodog/RoboDog/ros2_ws/build/motion_cmd -- -j4 -l4
