[0.051s] Invoking command in '/home/robodog/RoboDog/ros2_ws/build/i2cpwm_controller': CMAKE_PREFIX_PATH=/home/robodog/RoboDog/ros2_ws/install/servo_calibration:/opt/ros/humble:${CMAKE_PREFIX_PATH} /usr/bin/cmake --build /home/robodog/RoboDog/ros2_ws/build/i2cpwm_controller -- -j4 -l4
[0.310s] [ 12%] Built target i2cpwm_controller__rosidl_generator_c
[0.317s] [ 12%] Built target i2cpwm_controller__cpp
[0.370s] [ 12%] Built target ament_cmake_python_copy_i2cpwm_controller
[0.433s] [ 23%] Built target i2cpwm_controller__rosidl_typesupport_c
[0.448s] [ 34%] Built target i2cpwm_controller__rosidl_typesupport_fastrtps_c
[0.470s] [ 46%] Built target i2cpwm_controller__rosidl_typesupport_introspection_c
[0.511s] [ 57%] Built target i2cpwm_controller__rosidl_typesupport_introspection_cpp
[0.570s] [ 68%] Built target i2cpwm_controller__rosidl_typesupport_cpp
[0.611s] [ 79%] Built target i2cpwm_controller__rosidl_typesupport_fastrtps_cpp
[0.700s] [ 80%] [32mBuilding CXX object CMakeFiles/i2cpwm_controller_lib.dir/src/i2cpwm_controller.cpp.o[0m
[0.720s] [ 80%] Built target i2cpwm_controller
[0.822s] [ 81%] Built target i2cpwm_controller__py
[0.937s] [ 91%] Built target i2cpwm_controller__rosidl_generator_py
[1.046s] [ 93%] Built target i2cpwm_controller__rosidl_typesupport_fastrtps_c__pyext
[1.067s] [ 95%] Built target i2cpwm_controller__rosidl_typesupport_introspection_c__pyext
[1.159s] [ 97%] Built target i2cpwm_controller__rosidl_typesupport_c__pyext
[1.705s] running egg_info
[1.709s] writing i2cpwm_controller.egg-info/PKG-INFO
[1.711s] writing dependency_links to i2cpwm_controller.egg-info/dependency_links.txt
[1.713s] writing top-level names to i2cpwm_controller.egg-info/top_level.txt
[1.723s] reading manifest file 'i2cpwm_controller.egg-info/SOURCES.txt'
[1.727s] writing manifest file 'i2cpwm_controller.egg-info/SOURCES.txt'
[1.863s] [ 97%] Built target ament_cmake_python_build_i2cpwm_controller_egg
[52.024s] [ 98%] [32m[1mLinking CXX shared library libi2cpwm_controller_lib.so[0m
[55.282s] [ 98%] Built target i2cpwm_controller_lib
[55.399s] [ 99%] [32m[1mLinking CXX executable i2cpwm_controller_node[0m
[56.999s] [100%] Built target i2cpwm_controller_node
[57.049s] Invoked command in '/home/robodog/RoboDog/ros2_ws/build/i2cpwm_controller' returned '0': CMAKE_PREFIX_PATH=/home/robodog/RoboDog/ros2_ws/install/servo_calibration:/opt/ros/humble:${CMAKE_PREFIX_PATH} /usr/bin/cmake --build /home/robodog/RoboDog/ros2_ws/build/i2cpwm_controller -- -j4 -l4
[58.444s] Invoking command in '/home/robodog/RoboDog/ros2_ws/build/i2cpwm_controller': CMAKE_PREFIX_PATH=/home/robodog/RoboDog/ros2_ws/install/servo_calibration:/opt/ros/humble:${CMAKE_PREFIX_PATH} /usr/bin/cmake --install /home/robodog/RoboDog/ros2_ws/build/i2cpwm_controller
[58.476s] -- Install configuration: ""
[58.477s] -- Up-to-date: /home/robodog/RoboDog/ros2_ws/install/i2cpwm_controller/share/ament_index/resource_index/rosidl_interfaces/i2cpwm_controller
[58.477s] -- Up-to-date: /home/robodog/RoboDog/ros2_ws/install/i2cpwm_controller/include/i2cpwm_controller/i2cpwm_controller
[58.478s] -- Up-to-date: /home/robodog/RoboDog/ros2_ws/install/i2cpwm_controller/include/i2cpwm_controller/i2cpwm_controller/srv
[58.478s] -- Up-to-date: /home/robodog/RoboDog/ros2_ws/install/i2cpwm_controller/include/i2cpwm_controller/i2cpwm_controller/srv/stop_servos.h
[58.478s] -- Up-to-date: /home/robodog/RoboDog/ros2_ws/install/i2cpwm_controller/include/i2cpwm_controller/i2cpwm_controller/srv/servos_config.h
[58.479s] -- Up-to-date: /home/robodog/RoboDog/ros2_ws/install/i2cpwm_controller/include/i2cpwm_controller/i2cpwm_controller/srv/detail
[58.479s] -- Up-to-date: /home/robodog/RoboDog/ros2_ws/install/i2cpwm_controller/include/i2cpwm_controller/i2cpwm_controller/srv/detail/drive_mode__struct.h
[58.480s] -- Up-to-date: /home/robodog/RoboDog/ros2_ws/install/i2cpwm_controller/include/i2cpwm_controller/i2cpwm_controller/srv/detail/servos_config__type_support.h
[58.480s] -- Up-to-date: /home/robodog/RoboDog/ros2_ws/install/i2cpwm_controller/include/i2cpwm_controller/i2cpwm_controller/srv/detail/int_value__functions.c
[58.481s] -- Up-to-date: /home/robodog/RoboDog/ros2_ws/install/i2cpwm_controller/include/i2cpwm_controller/i2cpwm_controller/srv/detail/drive_mode__functions.h
[58.481s] -- Up-to-date: /home/robodog/RoboDog/ros2_ws/install/i2cpwm_controller/include/i2cpwm_controller/i2cpwm_controller/srv/detail/servos_config__functions.h
[58.481s] -- Up-to-date: /home/robodog/RoboDog/ros2_ws/install/i2cpwm_controller/include/i2cpwm_controller/i2cpwm_controller/srv/detail/stop_servos__functions.c
[58.482s] -- Up-to-date: /home/robodog/RoboDog/ros2_ws/install/i2cpwm_controller/include/i2cpwm_controller/i2cpwm_controller/srv/detail/stop_servos__struct.h
[58.482s] -- Up-to-date: /home/robodog/RoboDog/ros2_ws/install/i2cpwm_controller/include/i2cpwm_controller/i2cpwm_controller/srv/detail/drive_mode__type_support.h
[58.483s] -- Up-to-date: /home/robodog/RoboDog/ros2_ws/install/i2cpwm_controller/include/i2cpwm_controller/i2cpwm_controller/srv/detail/stop_servos__type_support.h
[58.483s] -- Up-to-date: /home/robodog/RoboDog/ros2_ws/install/i2cpwm_controller/include/i2cpwm_controller/i2cpwm_controller/srv/detail/servos_config__functions.c
[58.484s] -- Up-to-date: /home/robodog/RoboDog/ros2_ws/install/i2cpwm_controller/include/i2cpwm_controller/i2cpwm_controller/srv/detail/servos_config__struct.h
[58.484s] -- Up-to-date: /home/robodog/RoboDog/ros2_ws/install/i2cpwm_controller/include/i2cpwm_controller/i2cpwm_controller/srv/detail/drive_mode__functions.c
[58.484s] -- Up-to-date: /home/robodog/RoboDog/ros2_ws/install/i2cpwm_controller/include/i2cpwm_controller/i2cpwm_controller/srv/detail/int_value__type_support.h
[58.485s] -- Up-to-date: /home/robodog/RoboDog/ros2_ws/install/i2cpwm_controller/include/i2cpwm_controller/i2cpwm_controller/srv/detail/int_value__functions.h
[58.485s] -- Up-to-date: /home/robodog/RoboDog/ros2_ws/install/i2cpwm_controller/include/i2cpwm_controller/i2cpwm_controller/srv/detail/int_value__struct.h
[58.486s] -- Up-to-date: /home/robodog/RoboDog/ros2_ws/install/i2cpwm_controller/include/i2cpwm_controller/i2cpwm_controller/srv/detail/stop_servos__functions.h
[58.486s] -- Up-to-date: /home/robodog/RoboDog/ros2_ws/install/i2cpwm_controller/include/i2cpwm_controller/i2cpwm_controller/srv/int_value.h
[58.487s] -- Up-to-date: /home/robodog/RoboDog/ros2_ws/install/i2cpwm_controller/include/i2cpwm_controller/i2cpwm_controller/srv/drive_mode.h
[58.487s] -- Up-to-date: /home/robodog/RoboDog/ros2_ws/install/i2cpwm_controller/include/i2cpwm_controller/i2cpwm_controller/msg
[58.487s] -- Up-to-date: /home/robodog/RoboDog/ros2_ws/install/i2cpwm_controller/include/i2cpwm_controller/i2cpwm_controller/msg/position.h
[58.488s] -- Up-to-date: /home/robodog/RoboDog/ros2_ws/install/i2cpwm_controller/include/i2cpwm_controller/i2cpwm_controller/msg/servo_config.h
[58.488s] -- Up-to-date: /home/robodog/RoboDog/ros2_ws/install/i2cpwm_controller/include/i2cpwm_controller/i2cpwm_controller/msg/servo.h
[58.488s] -- Up-to-date: /home/robodog/RoboDog/ros2_ws/install/i2cpwm_controller/include/i2cpwm_controller/i2cpwm_controller/msg/rosidl_generator_c__visibility_control.h
[58.489s] -- Up-to-date: /home/robodog/RoboDog/ros2_ws/install/i2cpwm_controller/include/i2cpwm_controller/i2cpwm_controller/msg/servo_config_array.h
[58.489s] -- Up-to-date: /home/robodog/RoboDog/ros2_ws/install/i2cpwm_controller/include/i2cpwm_controller/i2cpwm_controller/msg/servo_array.h
[58.490s] -- Up-to-date: /home/robodog/RoboDog/ros2_ws/install/i2cpwm_controller/include/i2cpwm_controller/i2cpwm_controller/msg/position_array.h
[58.490s] -- Up-to-date: /home/robodog/RoboDog/ros2_ws/install/i2cpwm_controller/include/i2cpwm_controller/i2cpwm_controller/msg/detail
[58.491s] -- Up-to-date: /home/robodog/RoboDog/ros2_ws/install/i2cpwm_controller/include/i2cpwm_controller/i2cpwm_controller/msg/detail/servo__type_support.h
[58.491s] -- Up-to-date: /home/robodog/RoboDog/ros2_ws/install/i2cpwm_controller/include/i2cpwm_controller/i2cpwm_controller/msg/detail/servo_config_array__struct.h
[58.491s] -- Up-to-date: /home/robodog/RoboDog/ros2_ws/install/i2cpwm_controller/include/i2cpwm_controller/i2cpwm_controller/msg/detail/position__struct.h
[58.492s] -- Up-to-date: /home/robodog/RoboDog/ros2_ws/install/i2cpwm_controller/include/i2cpwm_controller/i2cpwm_controller/msg/detail/servo_array__struct.h
[58.492s] -- Up-to-date: /home/robodog/RoboDog/ros2_ws/install/i2cpwm_controller/include/i2cpwm_controller/i2cpwm_controller/msg/detail/position_array__functions.c
[58.493s] -- Up-to-date: /home/robodog/RoboDog/ros2_ws/install/i2cpwm_controller/include/i2cpwm_controller/i2cpwm_controller/msg/detail/servo_array__functions.c
[58.493s] -- Up-to-date: /home/robodog/RoboDog/ros2_ws/install/i2cpwm_controller/include/i2cpwm_controller/i2cpwm_controller/msg/detail/servo__functions.h
[58.494s] -- Up-to-date: /home/robodog/RoboDog/ros2_ws/install/i2cpwm_controller/include/i2cpwm_controller/i2cpwm_controller/msg/detail/servo_config_array__type_support.h
[58.494s] -- Up-to-date: /home/robodog/RoboDog/ros2_ws/install/i2cpwm_controller/include/i2cpwm_controller/i2cpwm_controller/msg/detail/servo__functions.c
[58.494s] -- Up-to-date: /home/robodog/RoboDog/ros2_ws/install/i2cpwm_controller/include/i2cpwm_controller/i2cpwm_controller/msg/detail/position_array__struct.h
[58.495s] -- Up-to-date: /home/robodog/RoboDog/ros2_ws/install/i2cpwm_controller/include/i2cpwm_controller/i2cpwm_controller/msg/detail/servo_array__type_support.h
[58.495s] -- Up-to-date: /home/robodog/RoboDog/ros2_ws/install/i2cpwm_controller/include/i2cpwm_controller/i2cpwm_controller/msg/detail/servo_config__struct.h
[58.496s] -- Up-to-date: /home/robodog/RoboDog/ros2_ws/install/i2cpwm_controller/include/i2cpwm_controller/i2cpwm_controller/msg/detail/servo_config_array__functions.c
[58.496s] -- Up-to-date: /home/robodog/RoboDog/ros2_ws/install/i2cpwm_controller/include/i2cpwm_controller/i2cpwm_controller/msg/detail/servo_config__type_support.h
[58.497s] -- Up-to-date: /home/robodog/RoboDog/ros2_ws/install/i2cpwm_controller/include/i2cpwm_controller/i2cpwm_controller/msg/detail/position__functions.c
[58.497s] -- Up-to-date: /home/robodog/RoboDog/ros2_ws/install/i2cpwm_controller/include/i2cpwm_controller/i2cpwm_controller/msg/detail/servo_array__functions.h
[58.498s] -- Up-to-date: /home/robodog/RoboDog/ros2_ws/install/i2cpwm_controller/include/i2cpwm_controller/i2cpwm_controller/msg/detail/servo_config__functions.h
[58.498s] -- Up-to-date: /home/robodog/RoboDog/ros2_ws/install/i2cpwm_controller/include/i2cpwm_controller/i2cpwm_controller/msg/detail/servo_config__functions.c
[58.498s] -- Up-to-date: /home/robodog/RoboDog/ros2_ws/install/i2cpwm_controller/include/i2cpwm_controller/i2cpwm_controller/msg/detail/position_array__functions.h
[58.499s] -- Up-to-date: /home/robodog/RoboDog/ros2_ws/install/i2cpwm_controller/include/i2cpwm_controller/i2cpwm_controller/msg/detail/position__type_support.h
[58.499s] -- Up-to-date: /home/robodog/RoboDog/ros2_ws/install/i2cpwm_controller/include/i2cpwm_controller/i2cpwm_controller/msg/detail/servo_config_array__functions.h
[58.500s] -- Up-to-date: /home/robodog/RoboDog/ros2_ws/install/i2cpwm_controller/include/i2cpwm_controller/i2cpwm_controller/msg/detail/position__functions.h
[58.500s] -- Up-to-date: /home/robodog/RoboDog/ros2_ws/install/i2cpwm_controller/include/i2cpwm_controller/i2cpwm_controller/msg/detail/servo__struct.h
[58.500s] -- Up-to-date: /home/robodog/RoboDog/ros2_ws/install/i2cpwm_controller/include/i2cpwm_controller/i2cpwm_controller/msg/detail/position_array__type_support.h
[58.501s] -- Up-to-date: /home/robodog/RoboDog/ros2_ws/install/i2cpwm_controller/share/i2cpwm_controller/environment/library_path.sh
[58.501s] -- Up-to-date: /home/robodog/RoboDog/ros2_ws/install/i2cpwm_controller/share/i2cpwm_controller/environment/library_path.dsv
[58.502s] -- Up-to-date: /home/robodog/RoboDog/ros2_ws/install/i2cpwm_controller/lib/libi2cpwm_controller__rosidl_generator_c.so
[58.502s] -- Up-to-date: /home/robodog/RoboDog/ros2_ws/install/i2cpwm_controller/include/i2cpwm_controller/i2cpwm_controller
[58.503s] -- Up-to-date: /home/robodog/RoboDog/ros2_ws/install/i2cpwm_controller/include/i2cpwm_controller/i2cpwm_controller/srv
[58.504s] -- Up-to-date: /home/robodog/RoboDog/ros2_ws/install/i2cpwm_controller/include/i2cpwm_controller/i2cpwm_controller/srv/detail
[58.505s] -- Up-to-date: /home/robodog/RoboDog/ros2_ws/install/i2cpwm_controller/include/i2cpwm_controller/i2cpwm_controller/srv/detail/stop_servos__rosidl_typesupport_fastrtps_c.h
[58.505s] -- Up-to-date: /home/robodog/RoboDog/ros2_ws/install/i2cpwm_controller/include/i2cpwm_controller/i2cpwm_controller/srv/detail/drive_mode__rosidl_typesupport_fastrtps_c.h
[58.505s] -- Up-to-date: /home/robodog/RoboDog/ros2_ws/install/i2cpwm_controller/include/i2cpwm_controller/i2cpwm_controller/srv/detail/servos_config__rosidl_typesupport_fastrtps_c.h
[58.506s] -- Up-to-date: /home/robodog/RoboDog/ros2_ws/install/i2cpwm_controller/include/i2cpwm_controller/i2cpwm_controller/srv/detail/int_value__rosidl_typesupport_fastrtps_c.h
[58.506s] -- Up-to-date: /home/robodog/RoboDog/ros2_ws/install/i2cpwm_controller/include/i2cpwm_controller/i2cpwm_controller/msg
[58.507s] -- Up-to-date: /home/robodog/RoboDog/ros2_ws/install/i2cpwm_controller/include/i2cpwm_controller/i2cpwm_controller/msg/detail
[58.507s] -- Up-to-date: /home/robodog/RoboDog/ros2_ws/install/i2cpwm_controller/include/i2cpwm_controller/i2cpwm_controller/msg/detail/position__rosidl_typesupport_fastrtps_c.h
[58.507s] -- Up-to-date: /home/robodog/RoboDog/ros2_ws/install/i2cpwm_controller/include/i2cpwm_controller/i2cpwm_controller/msg/detail/position_array__rosidl_typesupport_fastrtps_c.h
[58.508s] -- Up-to-date: /home/robodog/RoboDog/ros2_ws/install/i2cpwm_controller/include/i2cpwm_controller/i2cpwm_controller/msg/detail/servo_config__rosidl_typesupport_fastrtps_c.h
[58.508s] -- Up-to-date: /home/robodog/RoboDog/ros2_ws/install/i2cpwm_controller/include/i2cpwm_controller/i2cpwm_controller/msg/detail/servo_array__rosidl_typesupport_fastrtps_c.h
[58.509s] -- Up-to-date: /home/robodog/RoboDog/ros2_ws/install/i2cpwm_controller/include/i2cpwm_controller/i2cpwm_controller/msg/detail/servo__rosidl_typesupport_fastrtps_c.h
[58.509s] -- Up-to-date: /home/robodog/RoboDog/ros2_ws/install/i2cpwm_controller/include/i2cpwm_controller/i2cpwm_controller/msg/detail/servo_config_array__rosidl_typesupport_fastrtps_c.h
[58.510s] -- Up-to-date: /home/robodog/RoboDog/ros2_ws/install/i2cpwm_controller/include/i2cpwm_controller/i2cpwm_controller/msg/rosidl_typesupport_fastrtps_c__visibility_control.h
[58.510s] -- Up-to-date: /home/robodog/RoboDog/ros2_ws/install/i2cpwm_controller/lib/libi2cpwm_controller__rosidl_typesupport_fastrtps_c.so
[58.510s] -- Up-to-date: /home/robodog/RoboDog/ros2_ws/install/i2cpwm_controller/include/i2cpwm_controller/i2cpwm_controller
[58.511s] -- Up-to-date: /home/robodog/RoboDog/ros2_ws/install/i2cpwm_controller/include/i2cpwm_controller/i2cpwm_controller/srv
[58.511s] -- Up-to-date: /home/robodog/RoboDog/ros2_ws/install/i2cpwm_controller/include/i2cpwm_controller/i2cpwm_controller/srv/servos_config.hpp
[58.512s] -- Up-to-date: /home/robodog/RoboDog/ros2_ws/install/i2cpwm_controller/include/i2cpwm_controller/i2cpwm_controller/srv/stop_servos.hpp
[58.512s] -- Up-to-date: /home/robodog/RoboDog/ros2_ws/install/i2cpwm_controller/include/i2cpwm_controller/i2cpwm_controller/srv/detail
[58.513s] -- Up-to-date: /home/robodog/RoboDog/ros2_ws/install/i2cpwm_controller/include/i2cpwm_controller/i2cpwm_controller/srv/detail/int_value__struct.hpp
[58.513s] -- Up-to-date: /home/robodog/RoboDog/ros2_ws/install/i2cpwm_controller/include/i2cpwm_controller/i2cpwm_controller/srv/detail/int_value__traits.hpp
[58.513s] -- Up-to-date: /home/robodog/RoboDog/ros2_ws/install/i2cpwm_controller/include/i2cpwm_controller/i2cpwm_controller/srv/detail/stop_servos__builder.hpp
[58.514s] -- Up-to-date: /home/robodog/RoboDog/ros2_ws/install/i2cpwm_controller/include/i2cpwm_controller/i2cpwm_controller/srv/detail/stop_servos__struct.hpp
[58.514s] -- Up-to-date: /home/robodog/RoboDog/ros2_ws/install/i2cpwm_controller/include/i2cpwm_controller/i2cpwm_controller/srv/detail/stop_servos__traits.hpp
[58.515s] -- Up-to-date: /home/robodog/RoboDog/ros2_ws/install/i2cpwm_controller/include/i2cpwm_controller/i2cpwm_controller/srv/detail/drive_mode__builder.hpp
[58.515s] -- Up-to-date: /home/robodog/RoboDog/ros2_ws/install/i2cpwm_controller/include/i2cpwm_controller/i2cpwm_controller/srv/detail/servos_config__traits.hpp
[58.516s] -- Up-to-date: /home/robodog/RoboDog/ros2_ws/install/i2cpwm_controller/include/i2cpwm_controller/i2cpwm_controller/srv/detail/servos_config__builder.hpp
[58.516s] -- Up-to-date: /home/robodog/RoboDog/ros2_ws/install/i2cpwm_controller/include/i2cpwm_controller/i2cpwm_controller/srv/detail/int_value__builder.hpp
[58.516s] -- Up-to-date: /home/robodog/RoboDog/ros2_ws/install/i2cpwm_controller/include/i2cpwm_controller/i2cpwm_controller/srv/detail/drive_mode__traits.hpp
[58.517s] -- Up-to-date: /home/robodog/RoboDog/ros2_ws/install/i2cpwm_controller/include/i2cpwm_controller/i2cpwm_controller/srv/detail/drive_mode__struct.hpp
[58.517s] -- Up-to-date: /home/robodog/RoboDog/ros2_ws/install/i2cpwm_controller/include/i2cpwm_controller/i2cpwm_controller/srv/detail/servos_config__struct.hpp
[58.518s] -- Up-to-date: /home/robodog/RoboDog/ros2_ws/install/i2cpwm_controller/include/i2cpwm_controller/i2cpwm_controller/srv/drive_mode.hpp
[58.518s] -- Up-to-date: /home/robodog/RoboDog/ros2_ws/install/i2cpwm_controller/include/i2cpwm_controller/i2cpwm_controller/srv/int_value.hpp
[58.519s] -- Up-to-date: /home/robodog/RoboDog/ros2_ws/install/i2cpwm_controller/include/i2cpwm_controller/i2cpwm_controller/msg
[58.519s] -- Up-to-date: /home/robodog/RoboDog/ros2_ws/install/i2cpwm_controller/include/i2cpwm_controller/i2cpwm_controller/msg/servo_array.hpp
[58.519s] -- Up-to-date: /home/robodog/RoboDog/ros2_ws/install/i2cpwm_controller/include/i2cpwm_controller/i2cpwm_controller/msg/position_array.hpp
[58.520s] -- Up-to-date: /home/robodog/RoboDog/ros2_ws/install/i2cpwm_controller/include/i2cpwm_controller/i2cpwm_controller/msg/position.hpp
[58.520s] -- Up-to-date: /home/robodog/RoboDog/ros2_ws/install/i2cpwm_controller/include/i2cpwm_controller/i2cpwm_controller/msg/servo.hpp
[58.521s] -- Up-to-date: /home/robodog/RoboDog/ros2_ws/install/i2cpwm_controller/include/i2cpwm_controller/i2cpwm_controller/msg/detail
[58.521s] -- Up-to-date: /home/robodog/RoboDog/ros2_ws/install/i2cpwm_controller/include/i2cpwm_controller/i2cpwm_controller/msg/detail/position__struct.hpp
[58.522s] -- Up-to-date: /home/robodog/RoboDog/ros2_ws/install/i2cpwm_controller/include/i2cpwm_controller/i2cpwm_controller/msg/detail/position__traits.hpp
[58.522s] -- Up-to-date: /home/robodog/RoboDog/ros2_ws/install/i2cpwm_controller/include/i2cpwm_controller/i2cpwm_controller/msg/detail/servo_config__traits.hpp
[58.522s] -- Up-to-date: /home/robodog/RoboDog/ros2_ws/install/i2cpwm_controller/include/i2cpwm_controller/i2cpwm_controller/msg/detail/servo__traits.hpp
[58.523s] -- Up-to-date: /home/robodog/RoboDog/ros2_ws/install/i2cpwm_controller/include/i2cpwm_controller/i2cpwm_controller/msg/detail/servo_array__traits.hpp
[58.523s] -- Up-to-date: /home/robodog/RoboDog/ros2_ws/install/i2cpwm_controller/include/i2cpwm_controller/i2cpwm_controller/msg/detail/servo_config_array__traits.hpp
[58.524s] -- Up-to-date: /home/robodog/RoboDog/ros2_ws/install/i2cpwm_controller/include/i2cpwm_controller/i2cpwm_controller/msg/detail/position_array__struct.hpp
[58.524s] -- Up-to-date: /home/robodog/RoboDog/ros2_ws/install/i2cpwm_controller/include/i2cpwm_controller/i2cpwm_controller/msg/detail/servo__struct.hpp
[58.524s] -- Up-to-date: /home/robodog/RoboDog/ros2_ws/install/i2cpwm_controller/include/i2cpwm_controller/i2cpwm_controller/msg/detail/servo_array__builder.hpp
[58.525s] -- Up-to-date: /home/robodog/RoboDog/ros2_ws/install/i2cpwm_controller/include/i2cpwm_controller/i2cpwm_controller/msg/detail/position_array__builder.hpp
[58.525s] -- Up-to-date: /home/robodog/RoboDog/ros2_ws/install/i2cpwm_controller/include/i2cpwm_controller/i2cpwm_controller/msg/detail/servo_config__struct.hpp
[58.526s] -- Up-to-date: /home/robodog/RoboDog/ros2_ws/install/i2cpwm_controller/include/i2cpwm_controller/i2cpwm_controller/msg/detail/servo_array__struct.hpp
[58.526s] -- Up-to-date: /home/robodog/RoboDog/ros2_ws/install/i2cpwm_controller/include/i2cpwm_controller/i2cpwm_controller/msg/detail/position__builder.hpp
[58.527s] -- Up-to-date: /home/robodog/RoboDog/ros2_ws/install/i2cpwm_controller/include/i2cpwm_controller/i2cpwm_controller/msg/detail/servo_config__builder.hpp
[58.527s] -- Up-to-date: /home/robodog/RoboDog/ros2_ws/install/i2cpwm_controller/include/i2cpwm_controller/i2cpwm_controller/msg/detail/position_array__traits.hpp
[58.527s] -- Up-to-date: /home/robodog/RoboDog/ros2_ws/install/i2cpwm_controller/include/i2cpwm_controller/i2cpwm_controller/msg/detail/servo_config_array__builder.hpp
[58.528s] -- Up-to-date: /home/robodog/RoboDog/ros2_ws/install/i2cpwm_controller/include/i2cpwm_controller/i2cpwm_controller/msg/detail/servo_config_array__struct.hpp
[58.528s] -- Up-to-date: /home/robodog/RoboDog/ros2_ws/install/i2cpwm_controller/include/i2cpwm_controller/i2cpwm_controller/msg/detail/servo__builder.hpp
[58.529s] -- Up-to-date: /home/robodog/RoboDog/ros2_ws/install/i2cpwm_controller/include/i2cpwm_controller/i2cpwm_controller/msg/servo_config_array.hpp
[58.529s] -- Up-to-date: /home/robodog/RoboDog/ros2_ws/install/i2cpwm_controller/include/i2cpwm_controller/i2cpwm_controller/msg/servo_config.hpp
[58.529s] -- Up-to-date: /home/robodog/RoboDog/ros2_ws/install/i2cpwm_controller/include/i2cpwm_controller/i2cpwm_controller
[58.530s] -- Up-to-date: /home/robodog/RoboDog/ros2_ws/install/i2cpwm_controller/include/i2cpwm_controller/i2cpwm_controller/srv
[58.530s] -- Up-to-date: /home/robodog/RoboDog/ros2_ws/install/i2cpwm_controller/include/i2cpwm_controller/i2cpwm_controller/srv/detail
[58.531s] -- Up-to-date: /home/robodog/RoboDog/ros2_ws/install/i2cpwm_controller/include/i2cpwm_controller/i2cpwm_controller/srv/detail/stop_servos__rosidl_typesupport_fastrtps_cpp.hpp
[58.531s] -- Up-to-date: /home/robodog/RoboDog/ros2_ws/install/i2cpwm_controller/include/i2cpwm_controller/i2cpwm_controller/srv/detail/drive_mode__rosidl_typesupport_fastrtps_cpp.hpp
[58.531s] -- Up-to-date: /home/robodog/RoboDog/ros2_ws/install/i2cpwm_controller/include/i2cpwm_controller/i2cpwm_controller/srv/detail/dds_fastrtps
[58.532s] -- Up-to-date: /home/robodog/RoboDog/ros2_ws/install/i2cpwm_controller/include/i2cpwm_controller/i2cpwm_controller/srv/detail/int_value__rosidl_typesupport_fastrtps_cpp.hpp
[58.532s] -- Up-to-date: /home/robodog/RoboDog/ros2_ws/install/i2cpwm_controller/include/i2cpwm_controller/i2cpwm_controller/srv/detail/servos_config__rosidl_typesupport_fastrtps_cpp.hpp
[58.533s] -- Up-to-date: /home/robodog/RoboDog/ros2_ws/install/i2cpwm_controller/include/i2cpwm_controller/i2cpwm_controller/msg
[58.533s] -- Up-to-date: /home/robodog/RoboDog/ros2_ws/install/i2cpwm_controller/include/i2cpwm_controller/i2cpwm_controller/msg/rosidl_typesupport_fastrtps_cpp__visibility_control.h
[58.534s] -- Up-to-date: /home/robodog/RoboDog/ros2_ws/install/i2cpwm_controller/include/i2cpwm_controller/i2cpwm_controller/msg/detail
[58.534s] -- Up-to-date: /home/robodog/RoboDog/ros2_ws/install/i2cpwm_controller/include/i2cpwm_controller/i2cpwm_controller/msg/detail/servo_array__rosidl_typesupport_fastrtps_cpp.hpp
[58.534s] -- Up-to-date: /home/robodog/RoboDog/ros2_ws/install/i2cpwm_controller/include/i2cpwm_controller/i2cpwm_controller/msg/detail/servo__rosidl_typesupport_fastrtps_cpp.hpp
[58.535s] -- Up-to-date: /home/robodog/RoboDog/ros2_ws/install/i2cpwm_controller/include/i2cpwm_controller/i2cpwm_controller/msg/detail/position_array__rosidl_typesupport_fastrtps_cpp.hpp
[58.535s] -- Up-to-date: /home/robodog/RoboDog/ros2_ws/install/i2cpwm_controller/include/i2cpwm_controller/i2cpwm_controller/msg/detail/servo_config_array__rosidl_typesupport_fastrtps_cpp.hpp
[58.536s] -- Up-to-date: /home/robodog/RoboDog/ros2_ws/install/i2cpwm_controller/include/i2cpwm_controller/i2cpwm_controller/msg/detail/position__rosidl_typesupport_fastrtps_cpp.hpp
[58.536s] -- Up-to-date: /home/robodog/RoboDog/ros2_ws/install/i2cpwm_controller/include/i2cpwm_controller/i2cpwm_controller/msg/detail/dds_fastrtps
[58.537s] -- Up-to-date: /home/robodog/RoboDog/ros2_ws/install/i2cpwm_controller/include/i2cpwm_controller/i2cpwm_controller/msg/detail/servo_config__rosidl_typesupport_fastrtps_cpp.hpp
[58.537s] -- Up-to-date: /home/robodog/RoboDog/ros2_ws/install/i2cpwm_controller/lib/libi2cpwm_controller__rosidl_typesupport_fastrtps_cpp.so
[58.538s] -- Up-to-date: /home/robodog/RoboDog/ros2_ws/install/i2cpwm_controller/include/i2cpwm_controller/i2cpwm_controller
[58.538s] -- Up-to-date: /home/robodog/RoboDog/ros2_ws/install/i2cpwm_controller/include/i2cpwm_controller/i2cpwm_controller/srv
[58.538s] -- Up-to-date: /home/robodog/RoboDog/ros2_ws/install/i2cpwm_controller/include/i2cpwm_controller/i2cpwm_controller/srv/detail
[58.539s] -- Up-to-date: /home/robodog/RoboDog/ros2_ws/install/i2cpwm_controller/include/i2cpwm_controller/i2cpwm_controller/srv/detail/servos_config__rosidl_typesupport_introspection_c.h
[58.539s] -- Up-to-date: /home/robodog/RoboDog/ros2_ws/install/i2cpwm_controller/include/i2cpwm_controller/i2cpwm_controller/srv/detail/drive_mode__type_support.c
[58.539s] -- Up-to-date: /home/robodog/RoboDog/ros2_ws/install/i2cpwm_controller/include/i2cpwm_controller/i2cpwm_controller/srv/detail/stop_servos__rosidl_typesupport_introspection_c.h
[58.540s] -- Up-to-date: /home/robodog/RoboDog/ros2_ws/install/i2cpwm_controller/include/i2cpwm_controller/i2cpwm_controller/srv/detail/int_value__type_support.c
[58.540s] -- Up-to-date: /home/robodog/RoboDog/ros2_ws/install/i2cpwm_controller/include/i2cpwm_controller/i2cpwm_controller/srv/detail/servos_config__type_support.c
[58.541s] -- Up-to-date: /home/robodog/RoboDog/ros2_ws/install/i2cpwm_controller/include/i2cpwm_controller/i2cpwm_controller/srv/detail/stop_servos__type_support.c
[58.541s] -- Up-to-date: /home/robodog/RoboDog/ros2_ws/install/i2cpwm_controller/include/i2cpwm_controller/i2cpwm_controller/srv/detail/int_value__rosidl_typesupport_introspection_c.h
[58.542s] -- Up-to-date: /home/robodog/RoboDog/ros2_ws/install/i2cpwm_controller/include/i2cpwm_controller/i2cpwm_controller/srv/detail/drive_mode__rosidl_typesupport_introspection_c.h
[58.542s] -- Up-to-date: /home/robodog/RoboDog/ros2_ws/install/i2cpwm_controller/include/i2cpwm_controller/i2cpwm_controller/msg
[58.542s] -- Up-to-date: /home/robodog/RoboDog/ros2_ws/install/i2cpwm_controller/include/i2cpwm_controller/i2cpwm_controller/msg/detail
[58.543s] -- Up-to-date: /home/robodog/RoboDog/ros2_ws/install/i2cpwm_controller/include/i2cpwm_controller/i2cpwm_controller/msg/detail/servo_config__type_support.c
[58.543s] -- Up-to-date: /home/robodog/RoboDog/ros2_ws/install/i2cpwm_controller/include/i2cpwm_controller/i2cpwm_controller/msg/detail/servo__type_support.c
[58.544s] -- Up-to-date: /home/robodog/RoboDog/ros2_ws/install/i2cpwm_controller/include/i2cpwm_controller/i2cpwm_controller/msg/detail/position__rosidl_typesupport_introspection_c.h
[58.544s] -- Up-to-date: /home/robodog/RoboDog/ros2_ws/install/i2cpwm_controller/include/i2cpwm_controller/i2cpwm_controller/msg/detail/servo__rosidl_typesupport_introspection_c.h
[58.544s] -- Up-to-date: /home/robodog/RoboDog/ros2_ws/install/i2cpwm_controller/include/i2cpwm_controller/i2cpwm_controller/msg/detail/position_array__rosidl_typesupport_introspection_c.h
[58.545s] -- Up-to-date: /home/robodog/RoboDog/ros2_ws/install/i2cpwm_controller/include/i2cpwm_controller/i2cpwm_controller/msg/detail/servo_config_array__type_support.c
[58.545s] -- Up-to-date: /home/robodog/RoboDog/ros2_ws/install/i2cpwm_controller/include/i2cpwm_controller/i2cpwm_controller/msg/detail/position_array__type_support.c
[58.545s] -- Up-to-date: /home/robodog/RoboDog/ros2_ws/install/i2cpwm_controller/include/i2cpwm_controller/i2cpwm_controller/msg/detail/servo_config_array__rosidl_typesupport_introspection_c.h
[58.546s] -- Up-to-date: /home/robodog/RoboDog/ros2_ws/install/i2cpwm_controller/include/i2cpwm_controller/i2cpwm_controller/msg/detail/servo_array__type_support.c
[58.546s] -- Up-to-date: /home/robodog/RoboDog/ros2_ws/install/i2cpwm_controller/include/i2cpwm_controller/i2cpwm_controller/msg/detail/servo_array__rosidl_typesupport_introspection_c.h
[58.547s] -- Up-to-date: /home/robodog/RoboDog/ros2_ws/install/i2cpwm_controller/include/i2cpwm_controller/i2cpwm_controller/msg/detail/servo_config__rosidl_typesupport_introspection_c.h
[58.547s] -- Up-to-date: /home/robodog/RoboDog/ros2_ws/install/i2cpwm_controller/include/i2cpwm_controller/i2cpwm_controller/msg/detail/position__type_support.c
[58.547s] -- Up-to-date: /home/robodog/RoboDog/ros2_ws/install/i2cpwm_controller/include/i2cpwm_controller/i2cpwm_controller/msg/rosidl_typesupport_introspection_c__visibility_control.h
[58.548s] -- Up-to-date: /home/robodog/RoboDog/ros2_ws/install/i2cpwm_controller/lib/libi2cpwm_controller__rosidl_typesupport_introspection_c.so
[58.548s] -- Up-to-date: /home/robodog/RoboDog/ros2_ws/install/i2cpwm_controller/lib/libi2cpwm_controller__rosidl_typesupport_c.so
[58.548s] -- Up-to-date: /home/robodog/RoboDog/ros2_ws/install/i2cpwm_controller/include/i2cpwm_controller/i2cpwm_controller
[58.549s] -- Up-to-date: /home/robodog/RoboDog/ros2_ws/install/i2cpwm_controller/include/i2cpwm_controller/i2cpwm_controller/srv
[58.549s] -- Up-to-date: /home/robodog/RoboDog/ros2_ws/install/i2cpwm_controller/include/i2cpwm_controller/i2cpwm_controller/srv/detail
[58.550s] -- Up-to-date: /home/robodog/RoboDog/ros2_ws/install/i2cpwm_controller/include/i2cpwm_controller/i2cpwm_controller/srv/detail/drive_mode__rosidl_typesupport_introspection_cpp.hpp
[58.550s] -- Up-to-date: /home/robodog/RoboDog/ros2_ws/install/i2cpwm_controller/include/i2cpwm_controller/i2cpwm_controller/srv/detail/stop_servos__rosidl_typesupport_introspection_cpp.hpp
[58.551s] -- Up-to-date: /home/robodog/RoboDog/ros2_ws/install/i2cpwm_controller/include/i2cpwm_controller/i2cpwm_controller/srv/detail/stop_servos__type_support.cpp
[58.551s] -- Up-to-date: /home/robodog/RoboDog/ros2_ws/install/i2cpwm_controller/include/i2cpwm_controller/i2cpwm_controller/srv/detail/servos_config__type_support.cpp
[58.551s] -- Up-to-date: /home/robodog/RoboDog/ros2_ws/install/i2cpwm_controller/include/i2cpwm_controller/i2cpwm_controller/srv/detail/drive_mode__type_support.cpp
[58.552s] -- Up-to-date: /home/robodog/RoboDog/ros2_ws/install/i2cpwm_controller/include/i2cpwm_controller/i2cpwm_controller/srv/detail/int_value__rosidl_typesupport_introspection_cpp.hpp
[58.552s] -- Up-to-date: /home/robodog/RoboDog/ros2_ws/install/i2cpwm_controller/include/i2cpwm_controller/i2cpwm_controller/srv/detail/servos_config__rosidl_typesupport_introspection_cpp.hpp
[58.553s] -- Up-to-date: /home/robodog/RoboDog/ros2_ws/install/i2cpwm_controller/include/i2cpwm_controller/i2cpwm_controller/srv/detail/int_value__type_support.cpp
[58.553s] -- Up-to-date: /home/robodog/RoboDog/ros2_ws/install/i2cpwm_controller/include/i2cpwm_controller/i2cpwm_controller/msg
[58.553s] -- Up-to-date: /home/robodog/RoboDog/ros2_ws/install/i2cpwm_controller/include/i2cpwm_controller/i2cpwm_controller/msg/detail
[58.554s] -- Up-to-date: /home/robodog/RoboDog/ros2_ws/install/i2cpwm_controller/include/i2cpwm_controller/i2cpwm_controller/msg/detail/servo_array__type_support.cpp
[58.554s] -- Up-to-date: /home/robodog/RoboDog/ros2_ws/install/i2cpwm_controller/include/i2cpwm_controller/i2cpwm_controller/msg/detail/servo_array__rosidl_typesupport_introspection_cpp.hpp
[58.555s] -- Up-to-date: /home/robodog/RoboDog/ros2_ws/install/i2cpwm_controller/include/i2cpwm_controller/i2cpwm_controller/msg/detail/servo__type_support.cpp
[58.555s] -- Up-to-date: /home/robodog/RoboDog/ros2_ws/install/i2cpwm_controller/include/i2cpwm_controller/i2cpwm_controller/msg/detail/position_array__rosidl_typesupport_introspection_cpp.hpp
[58.556s] -- Up-to-date: /home/robodog/RoboDog/ros2_ws/install/i2cpwm_controller/include/i2cpwm_controller/i2cpwm_controller/msg/detail/servo_config_array__rosidl_typesupport_introspection_cpp.hpp
[58.556s] -- Up-to-date: /home/robodog/RoboDog/ros2_ws/install/i2cpwm_controller/include/i2cpwm_controller/i2cpwm_controller/msg/detail/position_array__type_support.cpp
[58.556s] -- Up-to-date: /home/robodog/RoboDog/ros2_ws/install/i2cpwm_controller/include/i2cpwm_controller/i2cpwm_controller/msg/detail/servo_config__rosidl_typesupport_introspection_cpp.hpp
[58.557s] -- Up-to-date: /home/robodog/RoboDog/ros2_ws/install/i2cpwm_controller/include/i2cpwm_controller/i2cpwm_controller/msg/detail/servo_config__type_support.cpp
[58.557s] -- Up-to-date: /home/robodog/RoboDog/ros2_ws/install/i2cpwm_controller/include/i2cpwm_controller/i2cpwm_controller/msg/detail/position__rosidl_typesupport_introspection_cpp.hpp
[58.558s] -- Up-to-date: /home/robodog/RoboDog/ros2_ws/install/i2cpwm_controller/include/i2cpwm_controller/i2cpwm_controller/msg/detail/servo__rosidl_typesupport_introspection_cpp.hpp
[58.558s] -- Up-to-date: /home/robodog/RoboDog/ros2_ws/install/i2cpwm_controller/include/i2cpwm_controller/i2cpwm_controller/msg/detail/servo_config_array__type_support.cpp
[58.558s] -- Up-to-date: /home/robodog/RoboDog/ros2_ws/install/i2cpwm_controller/include/i2cpwm_controller/i2cpwm_controller/msg/detail/position__type_support.cpp
[58.559s] -- Up-to-date: /home/robodog/RoboDog/ros2_ws/install/i2cpwm_controller/lib/libi2cpwm_controller__rosidl_typesupport_introspection_cpp.so
[58.561s] -- Up-to-date: /home/robodog/RoboDog/ros2_ws/install/i2cpwm_controller/lib/libi2cpwm_controller__rosidl_typesupport_cpp.so
[58.562s] -- Up-to-date: /home/robodog/RoboDog/ros2_ws/install/i2cpwm_controller/share/i2cpwm_controller/environment/pythonpath.sh
[58.562s] -- Up-to-date: /home/robodog/RoboDog/ros2_ws/install/i2cpwm_controller/share/i2cpwm_controller/environment/pythonpath.dsv
[58.563s] -- Up-to-date: /home/robodog/RoboDog/ros2_ws/install/i2cpwm_controller/local/lib/python3.10/dist-packages/i2cpwm_controller-0.5.1-py3.10.egg-info
[58.563s] -- Installing: /home/robodog/RoboDog/ros2_ws/install/i2cpwm_controller/local/lib/python3.10/dist-packages/i2cpwm_controller-0.5.1-py3.10.egg-info/PKG-INFO
[58.565s] -- Installing: /home/robodog/RoboDog/ros2_ws/install/i2cpwm_controller/local/lib/python3.10/dist-packages/i2cpwm_controller-0.5.1-py3.10.egg-info/top_level.txt
[58.566s] -- Installing: /home/robodog/RoboDog/ros2_ws/install/i2cpwm_controller/local/lib/python3.10/dist-packages/i2cpwm_controller-0.5.1-py3.10.egg-info/dependency_links.txt
[58.567s] -- Installing: /home/robodog/RoboDog/ros2_ws/install/i2cpwm_controller/local/lib/python3.10/dist-packages/i2cpwm_controller-0.5.1-py3.10.egg-info/SOURCES.txt
[58.569s] -- Up-to-date: /home/robodog/RoboDog/ros2_ws/install/i2cpwm_controller/local/lib/python3.10/dist-packages/i2cpwm_controller
[58.570s] -- Up-to-date: /home/robodog/RoboDog/ros2_ws/install/i2cpwm_controller/local/lib/python3.10/dist-packages/i2cpwm_controller/_i2cpwm_controller_s.ep.rosidl_typesupport_introspection_c.c
[58.570s] -- Up-to-date: /home/robodog/RoboDog/ros2_ws/install/i2cpwm_controller/local/lib/python3.10/dist-packages/i2cpwm_controller/srv
[58.571s] -- Up-to-date: /home/robodog/RoboDog/ros2_ws/install/i2cpwm_controller/local/lib/python3.10/dist-packages/i2cpwm_controller/srv/_servos_config_s.c
[58.571s] -- Up-to-date: /home/robodog/RoboDog/ros2_ws/install/i2cpwm_controller/local/lib/python3.10/dist-packages/i2cpwm_controller/srv/_servos_config.py
[58.571s] -- Up-to-date: /home/robodog/RoboDog/ros2_ws/install/i2cpwm_controller/local/lib/python3.10/dist-packages/i2cpwm_controller/srv/__init__.py
[58.572s] -- Up-to-date: /home/robodog/RoboDog/ros2_ws/install/i2cpwm_controller/local/lib/python3.10/dist-packages/i2cpwm_controller/srv/_drive_mode.py
[58.577s] -- Up-to-date: /home/robodog/RoboDog/ros2_ws/install/i2cpwm_controller/local/lib/python3.10/dist-packages/i2cpwm_controller/srv/_stop_servos_s.c
[58.577s] -- Up-to-date: /home/robodog/RoboDog/ros2_ws/install/i2cpwm_controller/local/lib/python3.10/dist-packages/i2cpwm_controller/srv/_int_value_s.c
[58.578s] -- Up-to-date: /home/robodog/RoboDog/ros2_ws/install/i2cpwm_controller/local/lib/python3.10/dist-packages/i2cpwm_controller/srv/_drive_mode_s.c
[58.578s] -- Up-to-date: /home/robodog/RoboDog/ros2_ws/install/i2cpwm_controller/local/lib/python3.10/dist-packages/i2cpwm_controller/srv/_stop_servos.py
[58.579s] -- Up-to-date: /home/robodog/RoboDog/ros2_ws/install/i2cpwm_controller/local/lib/python3.10/dist-packages/i2cpwm_controller/srv/_int_value.py
[58.579s] -- Up-to-date: /home/robodog/RoboDog/ros2_ws/install/i2cpwm_controller/local/lib/python3.10/dist-packages/i2cpwm_controller/_i2cpwm_controller_s.ep.rosidl_typesupport_c.c
[58.580s] -- Up-to-date: /home/robodog/RoboDog/ros2_ws/install/i2cpwm_controller/local/lib/python3.10/dist-packages/i2cpwm_controller/msg
[58.580s] -- Up-to-date: /home/robodog/RoboDog/ros2_ws/install/i2cpwm_controller/local/lib/python3.10/dist-packages/i2cpwm_controller/msg/_servo_array.py
[58.580s] -- Up-to-date: /home/robodog/RoboDog/ros2_ws/install/i2cpwm_controller/local/lib/python3.10/dist-packages/i2cpwm_controller/msg/_servo_array_s.c
[58.581s] -- Up-to-date: /home/robodog/RoboDog/ros2_ws/install/i2cpwm_controller/local/lib/python3.10/dist-packages/i2cpwm_controller/msg/_position_s.c
[58.581s] -- Up-to-date: /home/robodog/RoboDog/ros2_ws/install/i2cpwm_controller/local/lib/python3.10/dist-packages/i2cpwm_controller/msg/_servo_s.c
[58.582s] -- Up-to-date: /home/robodog/RoboDog/ros2_ws/install/i2cpwm_controller/local/lib/python3.10/dist-packages/i2cpwm_controller/msg/_servo_config_array_s.c
[58.582s] -- Up-to-date: /home/robodog/RoboDog/ros2_ws/install/i2cpwm_controller/local/lib/python3.10/dist-packages/i2cpwm_controller/msg/__init__.py
[58.582s] -- Up-to-date: /home/robodog/RoboDog/ros2_ws/install/i2cpwm_controller/local/lib/python3.10/dist-packages/i2cpwm_controller/msg/_position.py
[58.582s] -- Up-to-date: /home/robodog/RoboDog/ros2_ws/install/i2cpwm_controller/local/lib/python3.10/dist-packages/i2cpwm_controller/msg/_position_array_s.c
[58.583s] -- Up-to-date: /home/robodog/RoboDog/ros2_ws/install/i2cpwm_controller/local/lib/python3.10/dist-packages/i2cpwm_controller/msg/_servo.py
[58.583s] -- Up-to-date: /home/robodog/RoboDog/ros2_ws/install/i2cpwm_controller/local/lib/python3.10/dist-packages/i2cpwm_controller/msg/_servo_config_array.py
[58.584s] -- Up-to-date: /home/robodog/RoboDog/ros2_ws/install/i2cpwm_controller/local/lib/python3.10/dist-packages/i2cpwm_controller/msg/_servo_config_s.c
[58.584s] -- Up-to-date: /home/robodog/RoboDog/ros2_ws/install/i2cpwm_controller/local/lib/python3.10/dist-packages/i2cpwm_controller/msg/_servo_config.py
[58.584s] -- Up-to-date: /home/robodog/RoboDog/ros2_ws/install/i2cpwm_controller/local/lib/python3.10/dist-packages/i2cpwm_controller/msg/_position_array.py
[58.597s] -- Up-to-date: /home/robodog/RoboDog/ros2_ws/install/i2cpwm_controller/local/lib/python3.10/dist-packages/i2cpwm_controller/i2cpwm_controller_s__rosidl_typesupport_fastrtps_c.cpython-310-aarch64-linux-gnu.so
[58.597s] -- Up-to-date: /home/robodog/RoboDog/ros2_ws/install/i2cpwm_controller/local/lib/python3.10/dist-packages/i2cpwm_controller/__init__.py
[58.598s] -- Up-to-date: /home/robodog/RoboDog/ros2_ws/install/i2cpwm_controller/local/lib/python3.10/dist-packages/i2cpwm_controller/i2cpwm_controller_s__rosidl_typesupport_c.cpython-310-aarch64-linux-gnu.so
[58.598s] -- Up-to-date: /home/robodog/RoboDog/ros2_ws/install/i2cpwm_controller/local/lib/python3.10/dist-packages/i2cpwm_controller/i2cpwm_controller_s__rosidl_typesupport_introspection_c.cpython-310-aarch64-linux-gnu.so
[58.599s] -- Up-to-date: /home/robodog/RoboDog/ros2_ws/install/i2cpwm_controller/local/lib/python3.10/dist-packages/i2cpwm_controller/_i2cpwm_controller_s.ep.rosidl_typesupport_fastrtps_c.c
[58.599s] -- Up-to-date: /home/robodog/RoboDog/ros2_ws/install/i2cpwm_controller/local/lib/python3.10/dist-packages/i2cpwm_controller/libi2cpwm_controller__rosidl_generator_py.so
[58.725s] Listing '/home/robodog/RoboDog/ros2_ws/install/i2cpwm_controller/local/lib/python3.10/dist-packages/i2cpwm_controller'...
[58.726s] Listing '/home/robodog/RoboDog/ros2_ws/install/i2cpwm_controller/local/lib/python3.10/dist-packages/i2cpwm_controller/msg'...
[58.728s] Listing '/home/robodog/RoboDog/ros2_ws/install/i2cpwm_controller/local/lib/python3.10/dist-packages/i2cpwm_controller/srv'...
[58.748s] -- Up-to-date: /home/robodog/RoboDog/ros2_ws/install/i2cpwm_controller/local/lib/python3.10/dist-packages/i2cpwm_controller/i2cpwm_controller_s__rosidl_typesupport_fastrtps_c.cpython-310-aarch64-linux-gnu.so
[58.751s] -- Up-to-date: /home/robodog/RoboDog/ros2_ws/install/i2cpwm_controller/local/lib/python3.10/dist-packages/i2cpwm_controller/i2cpwm_controller_s__rosidl_typesupport_introspection_c.cpython-310-aarch64-linux-gnu.so
[58.754s] -- Up-to-date: /home/robodog/RoboDog/ros2_ws/install/i2cpwm_controller/local/lib/python3.10/dist-packages/i2cpwm_controller/i2cpwm_controller_s__rosidl_typesupport_c.cpython-310-aarch64-linux-gnu.so
[58.756s] -- Up-to-date: /home/robodog/RoboDog/ros2_ws/install/i2cpwm_controller/lib/libi2cpwm_controller__rosidl_generator_py.so
[58.758s] -- Up-to-date: /home/robodog/RoboDog/ros2_ws/install/i2cpwm_controller/share/i2cpwm_controller/msg/Position.idl
[58.759s] -- Up-to-date: /home/robodog/RoboDog/ros2_ws/install/i2cpwm_controller/share/i2cpwm_controller/msg/PositionArray.idl
[58.759s] -- Up-to-date: /home/robodog/RoboDog/ros2_ws/install/i2cpwm_controller/share/i2cpwm_controller/msg/Servo.idl
[58.760s] -- Up-to-date: /home/robodog/RoboDog/ros2_ws/install/i2cpwm_controller/share/i2cpwm_controller/msg/ServoArray.idl
[58.761s] -- Up-to-date: /home/robodog/RoboDog/ros2_ws/install/i2cpwm_controller/share/i2cpwm_controller/msg/ServoConfig.idl
[58.761s] -- Up-to-date: /home/robodog/RoboDog/ros2_ws/install/i2cpwm_controller/share/i2cpwm_controller/msg/ServoConfigArray.idl
[58.762s] -- Up-to-date: /home/robodog/RoboDog/ros2_ws/install/i2cpwm_controller/share/i2cpwm_controller/srv/DriveMode.idl
[58.762s] -- Up-to-date: /home/robodog/RoboDog/ros2_ws/install/i2cpwm_controller/share/i2cpwm_controller/srv/IntValue.idl
[58.763s] -- Up-to-date: /home/robodog/RoboDog/ros2_ws/install/i2cpwm_controller/share/i2cpwm_controller/srv/ServosConfig.idl
[58.763s] -- Up-to-date: /home/robodog/RoboDog/ros2_ws/install/i2cpwm_controller/share/i2cpwm_controller/srv/StopServos.idl
[58.763s] -- Up-to-date: /home/robodog/RoboDog/ros2_ws/install/i2cpwm_controller/share/i2cpwm_controller/msg/Position.msg
[58.764s] -- Up-to-date: /home/robodog/RoboDog/ros2_ws/install/i2cpwm_controller/share/i2cpwm_controller/msg/PositionArray.msg
[58.765s] -- Up-to-date: /home/robodog/RoboDog/ros2_ws/install/i2cpwm_controller/share/i2cpwm_controller/msg/Servo.msg
[58.765s] -- Up-to-date: /home/robodog/RoboDog/ros2_ws/install/i2cpwm_controller/share/i2cpwm_controller/msg/ServoArray.msg
[58.766s] -- Up-to-date: /home/robodog/RoboDog/ros2_ws/install/i2cpwm_controller/share/i2cpwm_controller/msg/ServoConfig.msg
[58.766s] -- Up-to-date: /home/robodog/RoboDog/ros2_ws/install/i2cpwm_controller/share/i2cpwm_controller/msg/ServoConfigArray.msg
[58.767s] -- Up-to-date: /home/robodog/RoboDog/ros2_ws/install/i2cpwm_controller/share/i2cpwm_controller/srv/DriveMode.srv
[58.767s] -- Up-to-date: /home/robodog/RoboDog/ros2_ws/install/i2cpwm_controller/share/i2cpwm_controller/srv/DriveMode_Request.msg
[58.768s] -- Up-to-date: /home/robodog/RoboDog/ros2_ws/install/i2cpwm_controller/share/i2cpwm_controller/srv/DriveMode_Response.msg
[58.768s] -- Up-to-date: /home/robodog/RoboDog/ros2_ws/install/i2cpwm_controller/share/i2cpwm_controller/srv/IntValue.srv
[58.769s] -- Up-to-date: /home/robodog/RoboDog/ros2_ws/install/i2cpwm_controller/share/i2cpwm_controller/srv/IntValue_Request.msg
[58.769s] -- Up-to-date: /home/robodog/RoboDog/ros2_ws/install/i2cpwm_controller/share/i2cpwm_controller/srv/IntValue_Response.msg
[58.770s] -- Up-to-date: /home/robodog/RoboDog/ros2_ws/install/i2cpwm_controller/share/i2cpwm_controller/srv/ServosConfig.srv
[58.770s] -- Up-to-date: /home/robodog/RoboDog/ros2_ws/install/i2cpwm_controller/share/i2cpwm_controller/srv/ServosConfig_Request.msg
[58.771s] -- Up-to-date: /home/robodog/RoboDog/ros2_ws/install/i2cpwm_controller/share/i2cpwm_controller/srv/ServosConfig_Response.msg
[58.771s] -- Up-to-date: /home/robodog/RoboDog/ros2_ws/install/i2cpwm_controller/share/i2cpwm_controller/srv/StopServos.srv
[58.772s] -- Up-to-date: /home/robodog/RoboDog/ros2_ws/install/i2cpwm_controller/share/i2cpwm_controller/srv/StopServos_Request.msg
[58.772s] -- Up-to-date: /home/robodog/RoboDog/ros2_ws/install/i2cpwm_controller/share/i2cpwm_controller/srv/StopServos_Response.msg
[58.773s] -- Installing: /home/robodog/RoboDog/ros2_ws/install/i2cpwm_controller/lib/libi2cpwm_controller_lib.so
[58.884s] -- Set runtime path of "/home/robodog/RoboDog/ros2_ws/install/i2cpwm_controller/lib/libi2cpwm_controller_lib.so" to ""
[58.885s] -- Installing: /home/robodog/RoboDog/ros2_ws/install/i2cpwm_controller/lib/i2cpwm_controller/i2cpwm_controller_node
[58.890s] -- Set runtime path of "/home/robodog/RoboDog/ros2_ws/install/i2cpwm_controller/lib/i2cpwm_controller/i2cpwm_controller_node" to ""
[58.891s] -- Up-to-date: /home/robodog/RoboDog/ros2_ws/install/i2cpwm_controller/share/i2cpwm_controller/launch
[58.892s] -- Up-to-date: /home/robodog/RoboDog/ros2_ws/install/i2cpwm_controller/share/i2cpwm_controller/launch/i2cpwm_controller.launch.py
[58.896s] -- Up-to-date: /home/robodog/RoboDog/ros2_ws/install/i2cpwm_controller/share/ament_index/resource_index/package_run_dependencies/i2cpwm_controller
[58.901s] -- Up-to-date: /home/robodog/RoboDog/ros2_ws/install/i2cpwm_controller/share/ament_index/resource_index/parent_prefix_path/i2cpwm_controller
[58.904s] -- Up-to-date: /home/robodog/RoboDog/ros2_ws/install/i2cpwm_controller/share/i2cpwm_controller/environment/ament_prefix_path.sh
[58.906s] -- Up-to-date: /home/robodog/RoboDog/ros2_ws/install/i2cpwm_controller/share/i2cpwm_controller/environment/ament_prefix_path.dsv
[58.906s] -- Up-to-date: /home/robodog/RoboDog/ros2_ws/install/i2cpwm_controller/share/i2cpwm_controller/environment/path.sh
[58.907s] -- Up-to-date: /home/robodog/RoboDog/ros2_ws/install/i2cpwm_controller/share/i2cpwm_controller/environment/path.dsv
[58.907s] -- Up-to-date: /home/robodog/RoboDog/ros2_ws/install/i2cpwm_controller/share/i2cpwm_controller/local_setup.bash
[58.908s] -- Up-to-date: /home/robodog/RoboDog/ros2_ws/install/i2cpwm_controller/share/i2cpwm_controller/local_setup.sh
[58.908s] -- Up-to-date: /home/robodog/RoboDog/ros2_ws/install/i2cpwm_controller/share/i2cpwm_controller/local_setup.zsh
[58.909s] -- Up-to-date: /home/robodog/RoboDog/ros2_ws/install/i2cpwm_controller/share/i2cpwm_controller/local_setup.dsv
[58.909s] -- Installing: /home/robodog/RoboDog/ros2_ws/install/i2cpwm_controller/share/i2cpwm_controller/package.dsv
[58.910s] -- Up-to-date: /home/robodog/RoboDog/ros2_ws/install/i2cpwm_controller/share/ament_index/resource_index/packages/i2cpwm_controller
[58.911s] -- Up-to-date: /home/robodog/RoboDog/ros2_ws/install/i2cpwm_controller/share/i2cpwm_controller/cmake/export_i2cpwm_controller__rosidl_generator_cExport.cmake
[58.911s] -- Up-to-date: /home/robodog/RoboDog/ros2_ws/install/i2cpwm_controller/share/i2cpwm_controller/cmake/export_i2cpwm_controller__rosidl_generator_cExport-noconfig.cmake
[58.912s] -- Up-to-date: /home/robodog/RoboDog/ros2_ws/install/i2cpwm_controller/share/i2cpwm_controller/cmake/export_i2cpwm_controller__rosidl_typesupport_fastrtps_cExport.cmake
[58.912s] -- Up-to-date: /home/robodog/RoboDog/ros2_ws/install/i2cpwm_controller/share/i2cpwm_controller/cmake/export_i2cpwm_controller__rosidl_typesupport_fastrtps_cExport-noconfig.cmake
[58.913s] -- Up-to-date: /home/robodog/RoboDog/ros2_ws/install/i2cpwm_controller/share/i2cpwm_controller/cmake/export_i2cpwm_controller__rosidl_generator_cppExport.cmake
[58.913s] -- Up-to-date: /home/robodog/RoboDog/ros2_ws/install/i2cpwm_controller/share/i2cpwm_controller/cmake/export_i2cpwm_controller__rosidl_typesupport_fastrtps_cppExport.cmake
[58.914s] -- Up-to-date: /home/robodog/RoboDog/ros2_ws/install/i2cpwm_controller/share/i2cpwm_controller/cmake/export_i2cpwm_controller__rosidl_typesupport_fastrtps_cppExport-noconfig.cmake
[58.914s] -- Up-to-date: /home/robodog/RoboDog/ros2_ws/install/i2cpwm_controller/share/i2cpwm_controller/cmake/i2cpwm_controller__rosidl_typesupport_introspection_cExport.cmake
[58.915s] -- Up-to-date: /home/robodog/RoboDog/ros2_ws/install/i2cpwm_controller/share/i2cpwm_controller/cmake/i2cpwm_controller__rosidl_typesupport_introspection_cExport-noconfig.cmake
[58.915s] -- Up-to-date: /home/robodog/RoboDog/ros2_ws/install/i2cpwm_controller/share/i2cpwm_controller/cmake/i2cpwm_controller__rosidl_typesupport_cExport.cmake
[58.916s] -- Up-to-date: /home/robodog/RoboDog/ros2_ws/install/i2cpwm_controller/share/i2cpwm_controller/cmake/i2cpwm_controller__rosidl_typesupport_cExport-noconfig.cmake
[58.916s] -- Up-to-date: /home/robodog/RoboDog/ros2_ws/install/i2cpwm_controller/share/i2cpwm_controller/cmake/i2cpwm_controller__rosidl_typesupport_introspection_cppExport.cmake
[58.917s] -- Up-to-date: /home/robodog/RoboDog/ros2_ws/install/i2cpwm_controller/share/i2cpwm_controller/cmake/i2cpwm_controller__rosidl_typesupport_introspection_cppExport-noconfig.cmake
[58.917s] -- Up-to-date: /home/robodog/RoboDog/ros2_ws/install/i2cpwm_controller/share/i2cpwm_controller/cmake/i2cpwm_controller__rosidl_typesupport_cppExport.cmake
[58.918s] -- Up-to-date: /home/robodog/RoboDog/ros2_ws/install/i2cpwm_controller/share/i2cpwm_controller/cmake/i2cpwm_controller__rosidl_typesupport_cppExport-noconfig.cmake
[58.919s] -- Up-to-date: /home/robodog/RoboDog/ros2_ws/install/i2cpwm_controller/share/i2cpwm_controller/cmake/export_i2cpwm_controller__rosidl_generator_pyExport.cmake
[58.920s] -- Up-to-date: /home/robodog/RoboDog/ros2_ws/install/i2cpwm_controller/share/i2cpwm_controller/cmake/export_i2cpwm_controller__rosidl_generator_pyExport-noconfig.cmake
[58.920s] -- Up-to-date: /home/robodog/RoboDog/ros2_ws/install/i2cpwm_controller/share/i2cpwm_controller/cmake/export_i2cpwm_controllerExport.cmake
[58.920s] -- Up-to-date: /home/robodog/RoboDog/ros2_ws/install/i2cpwm_controller/share/i2cpwm_controller/cmake/export_i2cpwm_controllerExport-noconfig.cmake
[58.921s] -- Up-to-date: /home/robodog/RoboDog/ros2_ws/install/i2cpwm_controller/share/i2cpwm_controller/cmake/rosidl_cmake-extras.cmake
[58.922s] -- Up-to-date: /home/robodog/RoboDog/ros2_ws/install/i2cpwm_controller/share/i2cpwm_controller/cmake/ament_cmake_export_dependencies-extras.cmake
[58.923s] -- Up-to-date: /home/robodog/RoboDog/ros2_ws/install/i2cpwm_controller/share/i2cpwm_controller/cmake/ament_cmake_export_include_directories-extras.cmake
[58.924s] -- Up-to-date: /home/robodog/RoboDog/ros2_ws/install/i2cpwm_controller/share/i2cpwm_controller/cmake/ament_cmake_export_libraries-extras.cmake
[58.925s] -- Up-to-date: /home/robodog/RoboDog/ros2_ws/install/i2cpwm_controller/share/i2cpwm_controller/cmake/ament_cmake_export_targets-extras.cmake
[58.925s] -- Up-to-date: /home/robodog/RoboDog/ros2_ws/install/i2cpwm_controller/share/i2cpwm_controller/cmake/rosidl_cmake_export_typesupport_targets-extras.cmake
[58.926s] -- Up-to-date: /home/robodog/RoboDog/ros2_ws/install/i2cpwm_controller/share/i2cpwm_controller/cmake/rosidl_cmake_export_typesupport_libraries-extras.cmake
[58.927s] -- Up-to-date: /home/robodog/RoboDog/ros2_ws/install/i2cpwm_controller/share/i2cpwm_controller/cmake/i2cpwm_controllerConfig.cmake
[58.928s] -- Up-to-date: /home/robodog/RoboDog/ros2_ws/install/i2cpwm_controller/share/i2cpwm_controller/cmake/i2cpwm_controllerConfig-version.cmake
[58.930s] -- Up-to-date: /home/robodog/RoboDog/ros2_ws/install/i2cpwm_controller/share/i2cpwm_controller/package.xml
[58.932s] Invoked command in '/home/robodog/RoboDog/ros2_ws/build/i2cpwm_controller' returned '0': CMAKE_PREFIX_PATH=/home/robodog/RoboDog/ros2_ws/install/servo_calibration:/opt/ros/humble:${CMAKE_PREFIX_PATH} /usr/bin/cmake --install /home/robodog/RoboDog/ros2_ws/build/i2cpwm_controller
