[0.054s] Invoking command in '/home/robodog/RoboDog/ros2_ws/build/i2cpwm_controller': CMAKE_PREFIX_PATH=/opt/ros/humble /usr/bin/cmake --build /home/robodog/RoboDog/ros2_ws/build/i2cpwm_controller -- -j4 -l4
[0.296s] [  0%] Built target i2cpwm_controller__cpp
[0.349s] [ 12%] Built target i2cpwm_controller__rosidl_generator_c
[0.370s] [ 12%] Built target ament_cmake_python_copy_i2cpwm_controller
[0.451s] [ 23%] Built target i2cpwm_controller__rosidl_typesupport_fastrtps_cpp
[0.452s] [ 35%] Built target i2cpwm_controller__rosidl_typesupport_cpp
[0.500s] [ 47%] Built target i2cpwm_controller__rosidl_typesupport_introspection_cpp
[0.517s] [ 58%] Built target i2cpwm_controller__rosidl_typesupport_fastrtps_c
[0.605s] [ 69%] Built target i2cpwm_controller__rosidl_typesupport_c
[0.611s] [ 80%] Built target i2cpwm_controller__rosidl_typesupport_introspection_c
[0.624s] [ 81%] [32mBuilding CXX object CMakeFiles/i2cpwm_controller_node.dir/src/i2cpwm_controller.cpp.o[0m
[0.654s] [ 82%] [32mBuilding CXX object CMakeFiles/i2cpwm_controller_node.dir/src/main.cpp.o[0m
[0.720s] [ 82%] Built target i2cpwm_controller
[0.822s] [ 83%] Built target i2cpwm_controller__py
[0.919s] [ 84%] [32mBuilding C object CMakeFiles/i2cpwm_controller__rosidl_generator_py.dir/rosidl_generator_py/i2cpwm_controller/msg/_position_s.c.o[0m
[1.594s] [ 85%] [32mBuilding C object CMakeFiles/i2cpwm_controller__rosidl_generator_py.dir/rosidl_generator_py/i2cpwm_controller/msg/_position_array_s.c.o[0m
[2.093s] running egg_info
[2.099s] writing i2cpwm_controller.egg-info/PKG-INFO
[2.102s] writing dependency_links to i2cpwm_controller.egg-info/dependency_links.txt
[2.105s] writing top-level names to i2cpwm_controller.egg-info/top_level.txt
[2.122s] reading manifest file 'i2cpwm_controller.egg-info/SOURCES.txt'
[2.127s] writing manifest file 'i2cpwm_controller.egg-info/SOURCES.txt'
[2.319s] [ 86%] Built target ament_cmake_python_build_i2cpwm_controller_egg
[2.320s] [ 86%] [32mBuilding C object CMakeFiles/i2cpwm_controller__rosidl_generator_py.dir/rosidl_generator_py/i2cpwm_controller/msg/_servo_s.c.o[0m
[2.362s] [ 86%] [32mBuilding C object CMakeFiles/i2cpwm_controller__rosidl_generator_py.dir/rosidl_generator_py/i2cpwm_controller/msg/_servo_array_s.c.o[0m
[2.623s] In file included from [01m[K/home/robodog/RoboDog/ros2_ws/src/i2cpwm_controller/src/i2cpwm_controller.cpp:1[m[K:
[2.626s] [01m[K/home/robodog/RoboDog/ros2_ws/src/i2cpwm_controller/include/i2cpwm_controller.h:25:10:[m[K [01;31m[Kfatal error: [m[Ki2cpwm_controller/msg/servo.h: No such file or directory
[2.627s]    25 | #include [01;31m[K"i2cpwm_controller/msg/servo.h"[m[K
[2.628s]       |          [01;31m[K^~~~~~~~~~~~~~~~~~~~~~~~~~~~~~~[m[K
[2.629s] compilation terminated.
[2.643s] gmake[2]: *** [CMakeFiles/i2cpwm_controller_node.dir/build.make:76: CMakeFiles/i2cpwm_controller_node.dir/src/i2cpwm_controller.cpp.o] Error 1
[2.645s] gmake[2]: *** Waiting for unfinished jobs....
[2.684s] [ 87%] [32mBuilding C object CMakeFiles/i2cpwm_controller__rosidl_generator_py.dir/rosidl_generator_py/i2cpwm_controller/msg/_servo_config_s.c.o[0m
[2.687s] In file included from [01m[K/home/robodog/RoboDog/ros2_ws/src/i2cpwm_controller/src/main.cpp:2[m[K:
[2.688s] [01m[K/home/robodog/RoboDog/ros2_ws/src/i2cpwm_controller/include/i2cpwm_controller.h:25:10:[m[K [01;31m[Kfatal error: [m[Ki2cpwm_controller/msg/servo.h: No such file or directory
[2.688s]    25 | #include [01;31m[K"i2cpwm_controller/msg/servo.h"[m[K
[2.689s]       |          [01;31m[K^~~~~~~~~~~~~~~~~~~~~~~~~~~~~~~[m[K
[2.690s] compilation terminated.
[2.698s] gmake[2]: *** [CMakeFiles/i2cpwm_controller_node.dir/build.make:90: CMakeFiles/i2cpwm_controller_node.dir/src/main.cpp.o] Error 1
[2.701s] gmake[1]: *** [CMakeFiles/Makefile2:593: CMakeFiles/i2cpwm_controller_node.dir/all] Error 2
[2.702s] gmake[1]: *** Waiting for unfinished jobs....
[2.741s] [ 88%] [32mBuilding C object CMakeFiles/i2cpwm_controller__rosidl_generator_py.dir/rosidl_generator_py/i2cpwm_controller/msg/_servo_config_array_s.c.o[0m
[3.005s] [ 89%] [32mBuilding C object CMakeFiles/i2cpwm_controller__rosidl_generator_py.dir/rosidl_generator_py/i2cpwm_controller/srv/_drive_mode_s.c.o[0m
[3.023s] [ 90%] [32mBuilding C object CMakeFiles/i2cpwm_controller__rosidl_generator_py.dir/rosidl_generator_py/i2cpwm_controller/srv/_int_value_s.c.o[0m
[3.390s] [ 91%] [32mBuilding C object CMakeFiles/i2cpwm_controller__rosidl_generator_py.dir/rosidl_generator_py/i2cpwm_controller/srv/_servos_config_s.c.o[0m
[3.411s] [ 92%] [32mBuilding C object CMakeFiles/i2cpwm_controller__rosidl_generator_py.dir/rosidl_generator_py/i2cpwm_controller/srv/_stop_servos_s.c.o[0m
[4.068s] [ 93%] [32m[1mLinking C shared library rosidl_generator_py/i2cpwm_controller/libi2cpwm_controller__rosidl_generator_py.so[0m
[4.290s] [ 93%] Built target i2cpwm_controller__rosidl_generator_py
[4.295s] gmake: *** [Makefile:146: all] Error 2
[4.301s] Invoked command in '/home/robodog/RoboDog/ros2_ws/build/i2cpwm_controller' returned '2': CMAKE_PREFIX_PATH=/opt/ros/humble /usr/bin/cmake --build /home/robodog/RoboDog/ros2_ws/build/i2cpwm_controller -- -j4 -l4
