[0.049s] Invoking command in '/home/robodog/RoboDog/ros2_ws/build/i2cpwm_controller': CMAKE_PREFIX_PATH=${CMAKE_PREFIX_PATH}:/home/robodog/RoboDog/ros2_ws/install/servo_calibration:/opt/ros/humble /usr/bin/cmake --build /home/robodog/RoboDog/ros2_ws/build/i2cpwm_controller -- -j4 -l4
[0.296s] [  0%] Built target i2cpwm_controller__cpp
[0.318s] [ 12%] Built target i2cpwm_controller__rosidl_generator_c
[0.376s] [ 12%] Built target ament_cmake_python_copy_i2cpwm_controller
[0.433s] [ 24%] Built target i2cpwm_controller__rosidl_typesupport_cpp
[0.459s] [ 35%] Built target i2cpwm_controller__rosidl_typesupport_fastrtps_cpp
[0.480s] [ 47%] Built target i2cpwm_controller__rosidl_typesupport_introspection_cpp
[0.522s] [ 58%] Built target i2cpwm_controller__rosidl_typesupport_fastrtps_c
[0.571s] [ 69%] Built target i2cpwm_controller__rosidl_typesupport_introspection_c
[0.588s] [ 80%] Built target i2cpwm_controller__rosidl_typesupport_c
[0.589s] [35m[1mConsolidate compiler generated dependencies of target i2cpwm_controller_node[0m
[0.679s] [ 80%] Built target i2cpwm_controller
[0.707s] [ 81%] [32mBuilding CXX object CMakeFiles/i2cpwm_controller_node.dir/src/i2cpwm_controller.cpp.o[0m
[0.786s] [ 82%] Built target i2cpwm_controller__py
[0.902s] [ 92%] Built target i2cpwm_controller__rosidl_generator_py
[1.015s] [ 94%] Built target i2cpwm_controller__rosidl_typesupport_fastrtps_c__pyext
[1.019s] [ 96%] Built target i2cpwm_controller__rosidl_typesupport_introspection_c__pyext
[1.121s] [ 98%] Built target i2cpwm_controller__rosidl_typesupport_c__pyext
[1.761s] running egg_info
[1.765s] writing i2cpwm_controller.egg-info/PKG-INFO
[1.768s] writing dependency_links to i2cpwm_controller.egg-info/dependency_links.txt
[1.769s] writing top-level names to i2cpwm_controller.egg-info/top_level.txt
[1.779s] reading manifest file 'i2cpwm_controller.egg-info/SOURCES.txt'
[1.783s] writing manifest file 'i2cpwm_controller.egg-info/SOURCES.txt'
[1.915s] [ 98%] Built target ament_cmake_python_build_i2cpwm_controller_egg
[52.458s] [ 99%] [32m[1mLinking CXX executable i2cpwm_controller_node[0m
[55.542s] [100%] Built target i2cpwm_controller_node
[55.591s] Invoked command in '/home/robodog/RoboDog/ros2_ws/build/i2cpwm_controller' returned '0': CMAKE_PREFIX_PATH=${CMAKE_PREFIX_PATH}:/home/robodog/RoboDog/ros2_ws/install/servo_calibration:/opt/ros/humble /usr/bin/cmake --build /home/robodog/RoboDog/ros2_ws/build/i2cpwm_controller -- -j4 -l4
[56.936s] Invoking command in '/home/robodog/RoboDog/ros2_ws/build/i2cpwm_controller': CMAKE_PREFIX_PATH=${CMAKE_PREFIX_PATH}:/home/robodog/RoboDog/ros2_ws/install/servo_calibration:/opt/ros/humble /usr/bin/cmake --install /home/robodog/RoboDog/ros2_ws/build/i2cpwm_controller
[56.966s] -- Install configuration: ""
[56.967s] -- Up-to-date: /home/robodog/RoboDog/ros2_ws/install/i2cpwm_controller/share/ament_index/resource_index/rosidl_interfaces/i2cpwm_controller
[56.967s] -- Up-to-date: /home/robodog/RoboDog/ros2_ws/install/i2cpwm_controller/include/i2cpwm_controller/i2cpwm_controller
[56.968s] -- Up-to-date: /home/robodog/RoboDog/ros2_ws/install/i2cpwm_controller/include/i2cpwm_controller/i2cpwm_controller/srv
[56.968s] -- Up-to-date: /home/robodog/RoboDog/ros2_ws/install/i2cpwm_controller/include/i2cpwm_controller/i2cpwm_controller/srv/stop_servos.h
[56.968s] -- Up-to-date: /home/robodog/RoboDog/ros2_ws/install/i2cpwm_controller/include/i2cpwm_controller/i2cpwm_controller/srv/servos_config.h
[56.969s] -- Up-to-date: /home/robodog/RoboDog/ros2_ws/install/i2cpwm_controller/include/i2cpwm_controller/i2cpwm_controller/srv/detail
[56.969s] -- Up-to-date: /home/robodog/RoboDog/ros2_ws/install/i2cpwm_controller/include/i2cpwm_controller/i2cpwm_controller/srv/detail/drive_mode__struct.h
[56.970s] -- Up-to-date: /home/robodog/RoboDog/ros2_ws/install/i2cpwm_controller/include/i2cpwm_controller/i2cpwm_controller/srv/detail/servos_config__type_support.h
[56.970s] -- Up-to-date: /home/robodog/RoboDog/ros2_ws/install/i2cpwm_controller/include/i2cpwm_controller/i2cpwm_controller/srv/detail/int_value__functions.c
[56.971s] -- Up-to-date: /home/robodog/RoboDog/ros2_ws/install/i2cpwm_controller/include/i2cpwm_controller/i2cpwm_controller/srv/detail/drive_mode__functions.h
[56.971s] -- Up-to-date: /home/robodog/RoboDog/ros2_ws/install/i2cpwm_controller/include/i2cpwm_controller/i2cpwm_controller/srv/detail/servos_config__functions.h
[56.971s] -- Up-to-date: /home/robodog/RoboDog/ros2_ws/install/i2cpwm_controller/include/i2cpwm_controller/i2cpwm_controller/srv/detail/stop_servos__functions.c
[56.972s] -- Up-to-date: /home/robodog/RoboDog/ros2_ws/install/i2cpwm_controller/include/i2cpwm_controller/i2cpwm_controller/srv/detail/stop_servos__struct.h
[56.972s] -- Up-to-date: /home/robodog/RoboDog/ros2_ws/install/i2cpwm_controller/include/i2cpwm_controller/i2cpwm_controller/srv/detail/drive_mode__type_support.h
[56.973s] -- Up-to-date: /home/robodog/RoboDog/ros2_ws/install/i2cpwm_controller/include/i2cpwm_controller/i2cpwm_controller/srv/detail/stop_servos__type_support.h
[56.973s] -- Up-to-date: /home/robodog/RoboDog/ros2_ws/install/i2cpwm_controller/include/i2cpwm_controller/i2cpwm_controller/srv/detail/servos_config__functions.c
[56.974s] -- Up-to-date: /home/robodog/RoboDog/ros2_ws/install/i2cpwm_controller/include/i2cpwm_controller/i2cpwm_controller/srv/detail/servos_config__struct.h
[56.974s] -- Up-to-date: /home/robodog/RoboDog/ros2_ws/install/i2cpwm_controller/include/i2cpwm_controller/i2cpwm_controller/srv/detail/drive_mode__functions.c
[56.975s] -- Up-to-date: /home/robodog/RoboDog/ros2_ws/install/i2cpwm_controller/include/i2cpwm_controller/i2cpwm_controller/srv/detail/int_value__type_support.h
[56.975s] -- Up-to-date: /home/robodog/RoboDog/ros2_ws/install/i2cpwm_controller/include/i2cpwm_controller/i2cpwm_controller/srv/detail/int_value__functions.h
[56.976s] -- Up-to-date: /home/robodog/RoboDog/ros2_ws/install/i2cpwm_controller/include/i2cpwm_controller/i2cpwm_controller/srv/detail/int_value__struct.h
[56.976s] -- Up-to-date: /home/robodog/RoboDog/ros2_ws/install/i2cpwm_controller/include/i2cpwm_controller/i2cpwm_controller/srv/detail/stop_servos__functions.h
[56.976s] -- Up-to-date: /home/robodog/RoboDog/ros2_ws/install/i2cpwm_controller/include/i2cpwm_controller/i2cpwm_controller/srv/int_value.h
[56.977s] -- Up-to-date: /home/robodog/RoboDog/ros2_ws/install/i2cpwm_controller/include/i2cpwm_controller/i2cpwm_controller/srv/drive_mode.h
[56.977s] -- Up-to-date: /home/robodog/RoboDog/ros2_ws/install/i2cpwm_controller/include/i2cpwm_controller/i2cpwm_controller/msg
[56.978s] -- Up-to-date: /home/robodog/RoboDog/ros2_ws/install/i2cpwm_controller/include/i2cpwm_controller/i2cpwm_controller/msg/position.h
[56.979s] -- Up-to-date: /home/robodog/RoboDog/ros2_ws/install/i2cpwm_controller/include/i2cpwm_controller/i2cpwm_controller/msg/servo_config.h
[56.979s] -- Up-to-date: /home/robodog/RoboDog/ros2_ws/install/i2cpwm_controller/include/i2cpwm_controller/i2cpwm_controller/msg/servo.h
[56.980s] -- Up-to-date: /home/robodog/RoboDog/ros2_ws/install/i2cpwm_controller/include/i2cpwm_controller/i2cpwm_controller/msg/rosidl_generator_c__visibility_control.h
[56.980s] -- Up-to-date: /home/robodog/RoboDog/ros2_ws/install/i2cpwm_controller/include/i2cpwm_controller/i2cpwm_controller/msg/servo_config_array.h
[56.981s] -- Up-to-date: /home/robodog/RoboDog/ros2_ws/install/i2cpwm_controller/include/i2cpwm_controller/i2cpwm_controller/msg/servo_array.h
[56.981s] -- Up-to-date: /home/robodog/RoboDog/ros2_ws/install/i2cpwm_controller/include/i2cpwm_controller/i2cpwm_controller/msg/position_array.h
[56.982s] -- Up-to-date: /home/robodog/RoboDog/ros2_ws/install/i2cpwm_controller/include/i2cpwm_controller/i2cpwm_controller/msg/detail
[56.982s] -- Up-to-date: /home/robodog/RoboDog/ros2_ws/install/i2cpwm_controller/include/i2cpwm_controller/i2cpwm_controller/msg/detail/servo__type_support.h
[56.983s] -- Up-to-date: /home/robodog/RoboDog/ros2_ws/install/i2cpwm_controller/include/i2cpwm_controller/i2cpwm_controller/msg/detail/servo_config_array__struct.h
[56.984s] -- Up-to-date: /home/robodog/RoboDog/ros2_ws/install/i2cpwm_controller/include/i2cpwm_controller/i2cpwm_controller/msg/detail/position__struct.h
[56.985s] -- Up-to-date: /home/robodog/RoboDog/ros2_ws/install/i2cpwm_controller/include/i2cpwm_controller/i2cpwm_controller/msg/detail/servo_array__struct.h
[56.986s] -- Up-to-date: /home/robodog/RoboDog/ros2_ws/install/i2cpwm_controller/include/i2cpwm_controller/i2cpwm_controller/msg/detail/position_array__functions.c
[56.986s] -- Up-to-date: /home/robodog/RoboDog/ros2_ws/install/i2cpwm_controller/include/i2cpwm_controller/i2cpwm_controller/msg/detail/servo_array__functions.c
[56.987s] -- Up-to-date: /home/robodog/RoboDog/ros2_ws/install/i2cpwm_controller/include/i2cpwm_controller/i2cpwm_controller/msg/detail/servo__functions.h
[56.987s] -- Up-to-date: /home/robodog/RoboDog/ros2_ws/install/i2cpwm_controller/include/i2cpwm_controller/i2cpwm_controller/msg/detail/servo_config_array__type_support.h
[56.988s] -- Up-to-date: /home/robodog/RoboDog/ros2_ws/install/i2cpwm_controller/include/i2cpwm_controller/i2cpwm_controller/msg/detail/servo__functions.c
[56.988s] -- Up-to-date: /home/robodog/RoboDog/ros2_ws/install/i2cpwm_controller/include/i2cpwm_controller/i2cpwm_controller/msg/detail/position_array__struct.h
[56.988s] -- Up-to-date: /home/robodog/RoboDog/ros2_ws/install/i2cpwm_controller/include/i2cpwm_controller/i2cpwm_controller/msg/detail/servo_array__type_support.h
[56.989s] -- Up-to-date: /home/robodog/RoboDog/ros2_ws/install/i2cpwm_controller/include/i2cpwm_controller/i2cpwm_controller/msg/detail/servo_config__struct.h
[56.990s] -- Up-to-date: /home/robodog/RoboDog/ros2_ws/install/i2cpwm_controller/include/i2cpwm_controller/i2cpwm_controller/msg/detail/servo_config_array__functions.c
[56.991s] -- Up-to-date: /home/robodog/RoboDog/ros2_ws/install/i2cpwm_controller/include/i2cpwm_controller/i2cpwm_controller/msg/detail/servo_config__type_support.h
[56.992s] -- Up-to-date: /home/robodog/RoboDog/ros2_ws/install/i2cpwm_controller/include/i2cpwm_controller/i2cpwm_controller/msg/detail/position__functions.c
[56.992s] -- Up-to-date: /home/robodog/RoboDog/ros2_ws/install/i2cpwm_controller/include/i2cpwm_controller/i2cpwm_controller/msg/detail/servo_array__functions.h
[56.993s] -- Up-to-date: /home/robodog/RoboDog/ros2_ws/install/i2cpwm_controller/include/i2cpwm_controller/i2cpwm_controller/msg/detail/servo_config__functions.h
[56.993s] -- Up-to-date: /home/robodog/RoboDog/ros2_ws/install/i2cpwm_controller/include/i2cpwm_controller/i2cpwm_controller/msg/detail/servo_config__functions.c
[56.994s] -- Up-to-date: /home/robodog/RoboDog/ros2_ws/install/i2cpwm_controller/include/i2cpwm_controller/i2cpwm_controller/msg/detail/position_array__functions.h
[56.995s] -- Up-to-date: /home/robodog/RoboDog/ros2_ws/install/i2cpwm_controller/include/i2cpwm_controller/i2cpwm_controller/msg/detail/position__type_support.h
[56.995s] -- Up-to-date: /home/robodog/RoboDog/ros2_ws/install/i2cpwm_controller/include/i2cpwm_controller/i2cpwm_controller/msg/detail/servo_config_array__functions.h
[56.996s] -- Up-to-date: /home/robodog/RoboDog/ros2_ws/install/i2cpwm_controller/include/i2cpwm_controller/i2cpwm_controller/msg/detail/position__functions.h
[56.996s] -- Up-to-date: /home/robodog/RoboDog/ros2_ws/install/i2cpwm_controller/include/i2cpwm_controller/i2cpwm_controller/msg/detail/servo__struct.h
[56.996s] -- Up-to-date: /home/robodog/RoboDog/ros2_ws/install/i2cpwm_controller/include/i2cpwm_controller/i2cpwm_controller/msg/detail/position_array__type_support.h
[56.997s] -- Up-to-date: /home/robodog/RoboDog/ros2_ws/install/i2cpwm_controller/share/i2cpwm_controller/environment/library_path.sh
[56.997s] -- Up-to-date: /home/robodog/RoboDog/ros2_ws/install/i2cpwm_controller/share/i2cpwm_controller/environment/library_path.dsv
[56.998s] -- Up-to-date: /home/robodog/RoboDog/ros2_ws/install/i2cpwm_controller/lib/libi2cpwm_controller__rosidl_generator_c.so
[56.999s] -- Up-to-date: /home/robodog/RoboDog/ros2_ws/install/i2cpwm_controller/include/i2cpwm_controller/i2cpwm_controller
[56.999s] -- Up-to-date: /home/robodog/RoboDog/ros2_ws/install/i2cpwm_controller/include/i2cpwm_controller/i2cpwm_controller/srv
[57.000s] -- Up-to-date: /home/robodog/RoboDog/ros2_ws/install/i2cpwm_controller/include/i2cpwm_controller/i2cpwm_controller/srv/detail
[57.001s] -- Up-to-date: /home/robodog/RoboDog/ros2_ws/install/i2cpwm_controller/include/i2cpwm_controller/i2cpwm_controller/srv/detail/stop_servos__rosidl_typesupport_fastrtps_c.h
[57.001s] -- Up-to-date: /home/robodog/RoboDog/ros2_ws/install/i2cpwm_controller/include/i2cpwm_controller/i2cpwm_controller/srv/detail/drive_mode__rosidl_typesupport_fastrtps_c.h
[57.002s] -- Up-to-date: /home/robodog/RoboDog/ros2_ws/install/i2cpwm_controller/include/i2cpwm_controller/i2cpwm_controller/srv/detail/servos_config__rosidl_typesupport_fastrtps_c.h
[57.003s] -- Up-to-date: /home/robodog/RoboDog/ros2_ws/install/i2cpwm_controller/include/i2cpwm_controller/i2cpwm_controller/srv/detail/int_value__rosidl_typesupport_fastrtps_c.h
[57.003s] -- Up-to-date: /home/robodog/RoboDog/ros2_ws/install/i2cpwm_controller/include/i2cpwm_controller/i2cpwm_controller/msg
[57.004s] -- Up-to-date: /home/robodog/RoboDog/ros2_ws/install/i2cpwm_controller/include/i2cpwm_controller/i2cpwm_controller/msg/detail
[57.005s] -- Up-to-date: /home/robodog/RoboDog/ros2_ws/install/i2cpwm_controller/include/i2cpwm_controller/i2cpwm_controller/msg/detail/position__rosidl_typesupport_fastrtps_c.h
[57.005s] -- Up-to-date: /home/robodog/RoboDog/ros2_ws/install/i2cpwm_controller/include/i2cpwm_controller/i2cpwm_controller/msg/detail/position_array__rosidl_typesupport_fastrtps_c.h
[57.006s] -- Up-to-date: /home/robodog/RoboDog/ros2_ws/install/i2cpwm_controller/include/i2cpwm_controller/i2cpwm_controller/msg/detail/servo_config__rosidl_typesupport_fastrtps_c.h
[57.006s] -- Up-to-date: /home/robodog/RoboDog/ros2_ws/install/i2cpwm_controller/include/i2cpwm_controller/i2cpwm_controller/msg/detail/servo_array__rosidl_typesupport_fastrtps_c.h
[57.007s] -- Up-to-date: /home/robodog/RoboDog/ros2_ws/install/i2cpwm_controller/include/i2cpwm_controller/i2cpwm_controller/msg/detail/servo__rosidl_typesupport_fastrtps_c.h
[57.008s] -- Up-to-date: /home/robodog/RoboDog/ros2_ws/install/i2cpwm_controller/include/i2cpwm_controller/i2cpwm_controller/msg/detail/servo_config_array__rosidl_typesupport_fastrtps_c.h
[57.009s] -- Up-to-date: /home/robodog/RoboDog/ros2_ws/install/i2cpwm_controller/include/i2cpwm_controller/i2cpwm_controller/msg/rosidl_typesupport_fastrtps_c__visibility_control.h
[57.010s] -- Up-to-date: /home/robodog/RoboDog/ros2_ws/install/i2cpwm_controller/lib/libi2cpwm_controller__rosidl_typesupport_fastrtps_c.so
[57.010s] -- Up-to-date: /home/robodog/RoboDog/ros2_ws/install/i2cpwm_controller/include/i2cpwm_controller/i2cpwm_controller
[57.011s] -- Up-to-date: /home/robodog/RoboDog/ros2_ws/install/i2cpwm_controller/include/i2cpwm_controller/i2cpwm_controller/srv
[57.012s] -- Up-to-date: /home/robodog/RoboDog/ros2_ws/install/i2cpwm_controller/include/i2cpwm_controller/i2cpwm_controller/srv/servos_config.hpp
[57.013s] -- Up-to-date: /home/robodog/RoboDog/ros2_ws/install/i2cpwm_controller/include/i2cpwm_controller/i2cpwm_controller/srv/stop_servos.hpp
[57.013s] -- Up-to-date: /home/robodog/RoboDog/ros2_ws/install/i2cpwm_controller/include/i2cpwm_controller/i2cpwm_controller/srv/detail
[57.014s] -- Up-to-date: /home/robodog/RoboDog/ros2_ws/install/i2cpwm_controller/include/i2cpwm_controller/i2cpwm_controller/srv/detail/int_value__struct.hpp
[57.015s] -- Up-to-date: /home/robodog/RoboDog/ros2_ws/install/i2cpwm_controller/include/i2cpwm_controller/i2cpwm_controller/srv/detail/int_value__traits.hpp
[57.015s] -- Up-to-date: /home/robodog/RoboDog/ros2_ws/install/i2cpwm_controller/include/i2cpwm_controller/i2cpwm_controller/srv/detail/stop_servos__builder.hpp
[57.016s] -- Up-to-date: /home/robodog/RoboDog/ros2_ws/install/i2cpwm_controller/include/i2cpwm_controller/i2cpwm_controller/srv/detail/stop_servos__struct.hpp
[57.018s] -- Up-to-date: /home/robodog/RoboDog/ros2_ws/install/i2cpwm_controller/include/i2cpwm_controller/i2cpwm_controller/srv/detail/stop_servos__traits.hpp
[57.019s] -- Up-to-date: /home/robodog/RoboDog/ros2_ws/install/i2cpwm_controller/include/i2cpwm_controller/i2cpwm_controller/srv/detail/drive_mode__builder.hpp
[57.019s] -- Up-to-date: /home/robodog/RoboDog/ros2_ws/install/i2cpwm_controller/include/i2cpwm_controller/i2cpwm_controller/srv/detail/servos_config__traits.hpp
[57.020s] -- Up-to-date: /home/robodog/RoboDog/ros2_ws/install/i2cpwm_controller/include/i2cpwm_controller/i2cpwm_controller/srv/detail/servos_config__builder.hpp
[57.020s] -- Up-to-date: /home/robodog/RoboDog/ros2_ws/install/i2cpwm_controller/include/i2cpwm_controller/i2cpwm_controller/srv/detail/int_value__builder.hpp
[57.020s] -- Up-to-date: /home/robodog/RoboDog/ros2_ws/install/i2cpwm_controller/include/i2cpwm_controller/i2cpwm_controller/srv/detail/drive_mode__traits.hpp
[57.021s] -- Up-to-date: /home/robodog/RoboDog/ros2_ws/install/i2cpwm_controller/include/i2cpwm_controller/i2cpwm_controller/srv/detail/drive_mode__struct.hpp
[57.021s] -- Up-to-date: /home/robodog/RoboDog/ros2_ws/install/i2cpwm_controller/include/i2cpwm_controller/i2cpwm_controller/srv/detail/servos_config__struct.hpp
[57.022s] -- Up-to-date: /home/robodog/RoboDog/ros2_ws/install/i2cpwm_controller/include/i2cpwm_controller/i2cpwm_controller/srv/drive_mode.hpp
[57.022s] -- Up-to-date: /home/robodog/RoboDog/ros2_ws/install/i2cpwm_controller/include/i2cpwm_controller/i2cpwm_controller/srv/int_value.hpp
[57.023s] -- Up-to-date: /home/robodog/RoboDog/ros2_ws/install/i2cpwm_controller/include/i2cpwm_controller/i2cpwm_controller/msg
[57.023s] -- Up-to-date: /home/robodog/RoboDog/ros2_ws/install/i2cpwm_controller/include/i2cpwm_controller/i2cpwm_controller/msg/servo_array.hpp
[57.024s] -- Up-to-date: /home/robodog/RoboDog/ros2_ws/install/i2cpwm_controller/include/i2cpwm_controller/i2cpwm_controller/msg/position_array.hpp
[57.025s] -- Up-to-date: /home/robodog/RoboDog/ros2_ws/install/i2cpwm_controller/include/i2cpwm_controller/i2cpwm_controller/msg/position.hpp
[57.025s] -- Up-to-date: /home/robodog/RoboDog/ros2_ws/install/i2cpwm_controller/include/i2cpwm_controller/i2cpwm_controller/msg/servo.hpp
[57.026s] -- Up-to-date: /home/robodog/RoboDog/ros2_ws/install/i2cpwm_controller/include/i2cpwm_controller/i2cpwm_controller/msg/detail
[57.027s] -- Up-to-date: /home/robodog/RoboDog/ros2_ws/install/i2cpwm_controller/include/i2cpwm_controller/i2cpwm_controller/msg/detail/position__struct.hpp
[57.027s] -- Up-to-date: /home/robodog/RoboDog/ros2_ws/install/i2cpwm_controller/include/i2cpwm_controller/i2cpwm_controller/msg/detail/position__traits.hpp
[57.028s] -- Up-to-date: /home/robodog/RoboDog/ros2_ws/install/i2cpwm_controller/include/i2cpwm_controller/i2cpwm_controller/msg/detail/servo_config__traits.hpp
[57.029s] -- Up-to-date: /home/robodog/RoboDog/ros2_ws/install/i2cpwm_controller/include/i2cpwm_controller/i2cpwm_controller/msg/detail/servo__traits.hpp
[57.029s] -- Up-to-date: /home/robodog/RoboDog/ros2_ws/install/i2cpwm_controller/include/i2cpwm_controller/i2cpwm_controller/msg/detail/servo_array__traits.hpp
[57.030s] -- Up-to-date: /home/robodog/RoboDog/ros2_ws/install/i2cpwm_controller/include/i2cpwm_controller/i2cpwm_controller/msg/detail/servo_config_array__traits.hpp
[57.031s] -- Up-to-date: /home/robodog/RoboDog/ros2_ws/install/i2cpwm_controller/include/i2cpwm_controller/i2cpwm_controller/msg/detail/position_array__struct.hpp
[57.031s] -- Up-to-date: /home/robodog/RoboDog/ros2_ws/install/i2cpwm_controller/include/i2cpwm_controller/i2cpwm_controller/msg/detail/servo__struct.hpp
[57.032s] -- Up-to-date: /home/robodog/RoboDog/ros2_ws/install/i2cpwm_controller/include/i2cpwm_controller/i2cpwm_controller/msg/detail/servo_array__builder.hpp
[57.032s] -- Up-to-date: /home/robodog/RoboDog/ros2_ws/install/i2cpwm_controller/include/i2cpwm_controller/i2cpwm_controller/msg/detail/position_array__builder.hpp
[57.033s] -- Up-to-date: /home/robodog/RoboDog/ros2_ws/install/i2cpwm_controller/include/i2cpwm_controller/i2cpwm_controller/msg/detail/servo_config__struct.hpp
[57.033s] -- Up-to-date: /home/robodog/RoboDog/ros2_ws/install/i2cpwm_controller/include/i2cpwm_controller/i2cpwm_controller/msg/detail/servo_array__struct.hpp
[57.034s] -- Up-to-date: /home/robodog/RoboDog/ros2_ws/install/i2cpwm_controller/include/i2cpwm_controller/i2cpwm_controller/msg/detail/position__builder.hpp
[57.034s] -- Up-to-date: /home/robodog/RoboDog/ros2_ws/install/i2cpwm_controller/include/i2cpwm_controller/i2cpwm_controller/msg/detail/servo_config__builder.hpp
[57.034s] -- Up-to-date: /home/robodog/RoboDog/ros2_ws/install/i2cpwm_controller/include/i2cpwm_controller/i2cpwm_controller/msg/detail/position_array__traits.hpp
[57.035s] -- Up-to-date: /home/robodog/RoboDog/ros2_ws/install/i2cpwm_controller/include/i2cpwm_controller/i2cpwm_controller/msg/detail/servo_config_array__builder.hpp
[57.035s] -- Up-to-date: /home/robodog/RoboDog/ros2_ws/install/i2cpwm_controller/include/i2cpwm_controller/i2cpwm_controller/msg/detail/servo_config_array__struct.hpp
[57.036s] -- Up-to-date: /home/robodog/RoboDog/ros2_ws/install/i2cpwm_controller/include/i2cpwm_controller/i2cpwm_controller/msg/detail/servo__builder.hpp
[57.036s] -- Up-to-date: /home/robodog/RoboDog/ros2_ws/install/i2cpwm_controller/include/i2cpwm_controller/i2cpwm_controller/msg/servo_config_array.hpp
[57.036s] -- Up-to-date: /home/robodog/RoboDog/ros2_ws/install/i2cpwm_controller/include/i2cpwm_controller/i2cpwm_controller/msg/servo_config.hpp
[57.037s] -- Up-to-date: /home/robodog/RoboDog/ros2_ws/install/i2cpwm_controller/include/i2cpwm_controller/i2cpwm_controller
[57.038s] -- Up-to-date: /home/robodog/RoboDog/ros2_ws/install/i2cpwm_controller/include/i2cpwm_controller/i2cpwm_controller/srv
[57.038s] -- Up-to-date: /home/robodog/RoboDog/ros2_ws/install/i2cpwm_controller/include/i2cpwm_controller/i2cpwm_controller/srv/detail
[57.039s] -- Up-to-date: /home/robodog/RoboDog/ros2_ws/install/i2cpwm_controller/include/i2cpwm_controller/i2cpwm_controller/srv/detail/stop_servos__rosidl_typesupport_fastrtps_cpp.hpp
[57.040s] -- Up-to-date: /home/robodog/RoboDog/ros2_ws/install/i2cpwm_controller/include/i2cpwm_controller/i2cpwm_controller/srv/detail/drive_mode__rosidl_typesupport_fastrtps_cpp.hpp
[57.040s] -- Up-to-date: /home/robodog/RoboDog/ros2_ws/install/i2cpwm_controller/include/i2cpwm_controller/i2cpwm_controller/srv/detail/dds_fastrtps
[57.041s] -- Up-to-date: /home/robodog/RoboDog/ros2_ws/install/i2cpwm_controller/include/i2cpwm_controller/i2cpwm_controller/srv/detail/int_value__rosidl_typesupport_fastrtps_cpp.hpp
[57.041s] -- Up-to-date: /home/robodog/RoboDog/ros2_ws/install/i2cpwm_controller/include/i2cpwm_controller/i2cpwm_controller/srv/detail/servos_config__rosidl_typesupport_fastrtps_cpp.hpp
[57.042s] -- Up-to-date: /home/robodog/RoboDog/ros2_ws/install/i2cpwm_controller/include/i2cpwm_controller/i2cpwm_controller/msg
[57.043s] -- Up-to-date: /home/robodog/RoboDog/ros2_ws/install/i2cpwm_controller/include/i2cpwm_controller/i2cpwm_controller/msg/rosidl_typesupport_fastrtps_cpp__visibility_control.h
[57.043s] -- Up-to-date: /home/robodog/RoboDog/ros2_ws/install/i2cpwm_controller/include/i2cpwm_controller/i2cpwm_controller/msg/detail
[57.044s] -- Up-to-date: /home/robodog/RoboDog/ros2_ws/install/i2cpwm_controller/include/i2cpwm_controller/i2cpwm_controller/msg/detail/servo_array__rosidl_typesupport_fastrtps_cpp.hpp
[57.044s] -- Up-to-date: /home/robodog/RoboDog/ros2_ws/install/i2cpwm_controller/include/i2cpwm_controller/i2cpwm_controller/msg/detail/servo__rosidl_typesupport_fastrtps_cpp.hpp
[57.045s] -- Up-to-date: /home/robodog/RoboDog/ros2_ws/install/i2cpwm_controller/include/i2cpwm_controller/i2cpwm_controller/msg/detail/position_array__rosidl_typesupport_fastrtps_cpp.hpp
[57.046s] -- Up-to-date: /home/robodog/RoboDog/ros2_ws/install/i2cpwm_controller/include/i2cpwm_controller/i2cpwm_controller/msg/detail/servo_config_array__rosidl_typesupport_fastrtps_cpp.hpp
[57.046s] -- Up-to-date: /home/robodog/RoboDog/ros2_ws/install/i2cpwm_controller/include/i2cpwm_controller/i2cpwm_controller/msg/detail/position__rosidl_typesupport_fastrtps_cpp.hpp
[57.047s] -- Up-to-date: /home/robodog/RoboDog/ros2_ws/install/i2cpwm_controller/include/i2cpwm_controller/i2cpwm_controller/msg/detail/dds_fastrtps
[57.047s] -- Up-to-date: /home/robodog/RoboDog/ros2_ws/install/i2cpwm_controller/include/i2cpwm_controller/i2cpwm_controller/msg/detail/servo_config__rosidl_typesupport_fastrtps_cpp.hpp
[57.048s] -- Up-to-date: /home/robodog/RoboDog/ros2_ws/install/i2cpwm_controller/lib/libi2cpwm_controller__rosidl_typesupport_fastrtps_cpp.so
[57.048s] -- Up-to-date: /home/robodog/RoboDog/ros2_ws/install/i2cpwm_controller/include/i2cpwm_controller/i2cpwm_controller
[57.048s] -- Up-to-date: /home/robodog/RoboDog/ros2_ws/install/i2cpwm_controller/include/i2cpwm_controller/i2cpwm_controller/srv
[57.049s] -- Up-to-date: /home/robodog/RoboDog/ros2_ws/install/i2cpwm_controller/include/i2cpwm_controller/i2cpwm_controller/srv/detail
[57.049s] -- Up-to-date: /home/robodog/RoboDog/ros2_ws/install/i2cpwm_controller/include/i2cpwm_controller/i2cpwm_controller/srv/detail/servos_config__rosidl_typesupport_introspection_c.h
[57.049s] -- Up-to-date: /home/robodog/RoboDog/ros2_ws/install/i2cpwm_controller/include/i2cpwm_controller/i2cpwm_controller/srv/detail/drive_mode__type_support.c
[57.050s] -- Up-to-date: /home/robodog/RoboDog/ros2_ws/install/i2cpwm_controller/include/i2cpwm_controller/i2cpwm_controller/srv/detail/stop_servos__rosidl_typesupport_introspection_c.h
[57.050s] -- Up-to-date: /home/robodog/RoboDog/ros2_ws/install/i2cpwm_controller/include/i2cpwm_controller/i2cpwm_controller/srv/detail/int_value__type_support.c
[57.051s] -- Up-to-date: /home/robodog/RoboDog/ros2_ws/install/i2cpwm_controller/include/i2cpwm_controller/i2cpwm_controller/srv/detail/servos_config__type_support.c
[57.051s] -- Up-to-date: /home/robodog/RoboDog/ros2_ws/install/i2cpwm_controller/include/i2cpwm_controller/i2cpwm_controller/srv/detail/stop_servos__type_support.c
[57.052s] -- Up-to-date: /home/robodog/RoboDog/ros2_ws/install/i2cpwm_controller/include/i2cpwm_controller/i2cpwm_controller/srv/detail/int_value__rosidl_typesupport_introspection_c.h
[57.052s] -- Up-to-date: /home/robodog/RoboDog/ros2_ws/install/i2cpwm_controller/include/i2cpwm_controller/i2cpwm_controller/srv/detail/drive_mode__rosidl_typesupport_introspection_c.h
[57.053s] -- Up-to-date: /home/robodog/RoboDog/ros2_ws/install/i2cpwm_controller/include/i2cpwm_controller/i2cpwm_controller/msg
[57.053s] -- Up-to-date: /home/robodog/RoboDog/ros2_ws/install/i2cpwm_controller/include/i2cpwm_controller/i2cpwm_controller/msg/detail
[57.054s] -- Up-to-date: /home/robodog/RoboDog/ros2_ws/install/i2cpwm_controller/include/i2cpwm_controller/i2cpwm_controller/msg/detail/servo_config__type_support.c
[57.054s] -- Up-to-date: /home/robodog/RoboDog/ros2_ws/install/i2cpwm_controller/include/i2cpwm_controller/i2cpwm_controller/msg/detail/servo__type_support.c
[57.055s] -- Up-to-date: /home/robodog/RoboDog/ros2_ws/install/i2cpwm_controller/include/i2cpwm_controller/i2cpwm_controller/msg/detail/position__rosidl_typesupport_introspection_c.h
[57.055s] -- Up-to-date: /home/robodog/RoboDog/ros2_ws/install/i2cpwm_controller/include/i2cpwm_controller/i2cpwm_controller/msg/detail/servo__rosidl_typesupport_introspection_c.h
[57.055s] -- Up-to-date: /home/robodog/RoboDog/ros2_ws/install/i2cpwm_controller/include/i2cpwm_controller/i2cpwm_controller/msg/detail/position_array__rosidl_typesupport_introspection_c.h
[57.056s] -- Up-to-date: /home/robodog/RoboDog/ros2_ws/install/i2cpwm_controller/include/i2cpwm_controller/i2cpwm_controller/msg/detail/servo_config_array__type_support.c
[57.056s] -- Up-to-date: /home/robodog/RoboDog/ros2_ws/install/i2cpwm_controller/include/i2cpwm_controller/i2cpwm_controller/msg/detail/position_array__type_support.c
[57.056s] -- Up-to-date: /home/robodog/RoboDog/ros2_ws/install/i2cpwm_controller/include/i2cpwm_controller/i2cpwm_controller/msg/detail/servo_config_array__rosidl_typesupport_introspection_c.h
[57.057s] -- Up-to-date: /home/robodog/RoboDog/ros2_ws/install/i2cpwm_controller/include/i2cpwm_controller/i2cpwm_controller/msg/detail/servo_array__type_support.c
[57.057s] -- Up-to-date: /home/robodog/RoboDog/ros2_ws/install/i2cpwm_controller/include/i2cpwm_controller/i2cpwm_controller/msg/detail/servo_array__rosidl_typesupport_introspection_c.h
[57.057s] -- Up-to-date: /home/robodog/RoboDog/ros2_ws/install/i2cpwm_controller/include/i2cpwm_controller/i2cpwm_controller/msg/detail/servo_config__rosidl_typesupport_introspection_c.h
[57.058s] -- Up-to-date: /home/robodog/RoboDog/ros2_ws/install/i2cpwm_controller/include/i2cpwm_controller/i2cpwm_controller/msg/detail/position__type_support.c
[57.058s] -- Up-to-date: /home/robodog/RoboDog/ros2_ws/install/i2cpwm_controller/include/i2cpwm_controller/i2cpwm_controller/msg/rosidl_typesupport_introspection_c__visibility_control.h
[57.059s] -- Up-to-date: /home/robodog/RoboDog/ros2_ws/install/i2cpwm_controller/lib/libi2cpwm_controller__rosidl_typesupport_introspection_c.so
[57.059s] -- Up-to-date: /home/robodog/RoboDog/ros2_ws/install/i2cpwm_controller/lib/libi2cpwm_controller__rosidl_typesupport_c.so
[57.059s] -- Up-to-date: /home/robodog/RoboDog/ros2_ws/install/i2cpwm_controller/include/i2cpwm_controller/i2cpwm_controller
[57.060s] -- Up-to-date: /home/robodog/RoboDog/ros2_ws/install/i2cpwm_controller/include/i2cpwm_controller/i2cpwm_controller/srv
[57.061s] -- Up-to-date: /home/robodog/RoboDog/ros2_ws/install/i2cpwm_controller/include/i2cpwm_controller/i2cpwm_controller/srv/detail
[57.061s] -- Up-to-date: /home/robodog/RoboDog/ros2_ws/install/i2cpwm_controller/include/i2cpwm_controller/i2cpwm_controller/srv/detail/drive_mode__rosidl_typesupport_introspection_cpp.hpp
[57.062s] -- Up-to-date: /home/robodog/RoboDog/ros2_ws/install/i2cpwm_controller/include/i2cpwm_controller/i2cpwm_controller/srv/detail/stop_servos__rosidl_typesupport_introspection_cpp.hpp
[57.063s] -- Up-to-date: /home/robodog/RoboDog/ros2_ws/install/i2cpwm_controller/include/i2cpwm_controller/i2cpwm_controller/srv/detail/stop_servos__type_support.cpp
[57.063s] -- Up-to-date: /home/robodog/RoboDog/ros2_ws/install/i2cpwm_controller/include/i2cpwm_controller/i2cpwm_controller/srv/detail/servos_config__type_support.cpp
[57.064s] -- Up-to-date: /home/robodog/RoboDog/ros2_ws/install/i2cpwm_controller/include/i2cpwm_controller/i2cpwm_controller/srv/detail/drive_mode__type_support.cpp
[57.064s] -- Up-to-date: /home/robodog/RoboDog/ros2_ws/install/i2cpwm_controller/include/i2cpwm_controller/i2cpwm_controller/srv/detail/int_value__rosidl_typesupport_introspection_cpp.hpp
[57.065s] -- Up-to-date: /home/robodog/RoboDog/ros2_ws/install/i2cpwm_controller/include/i2cpwm_controller/i2cpwm_controller/srv/detail/servos_config__rosidl_typesupport_introspection_cpp.hpp
[57.066s] -- Up-to-date: /home/robodog/RoboDog/ros2_ws/install/i2cpwm_controller/include/i2cpwm_controller/i2cpwm_controller/srv/detail/int_value__type_support.cpp
[57.066s] -- Up-to-date: /home/robodog/RoboDog/ros2_ws/install/i2cpwm_controller/include/i2cpwm_controller/i2cpwm_controller/msg
[57.067s] -- Up-to-date: /home/robodog/RoboDog/ros2_ws/install/i2cpwm_controller/include/i2cpwm_controller/i2cpwm_controller/msg/detail
[57.067s] -- Up-to-date: /home/robodog/RoboDog/ros2_ws/install/i2cpwm_controller/include/i2cpwm_controller/i2cpwm_controller/msg/detail/servo_array__type_support.cpp
[57.068s] -- Up-to-date: /home/robodog/RoboDog/ros2_ws/install/i2cpwm_controller/include/i2cpwm_controller/i2cpwm_controller/msg/detail/servo_array__rosidl_typesupport_introspection_cpp.hpp
[57.069s] -- Up-to-date: /home/robodog/RoboDog/ros2_ws/install/i2cpwm_controller/include/i2cpwm_controller/i2cpwm_controller/msg/detail/servo__type_support.cpp
[57.069s] -- Up-to-date: /home/robodog/RoboDog/ros2_ws/install/i2cpwm_controller/include/i2cpwm_controller/i2cpwm_controller/msg/detail/position_array__rosidl_typesupport_introspection_cpp.hpp
[57.070s] -- Up-to-date: /home/robodog/RoboDog/ros2_ws/install/i2cpwm_controller/include/i2cpwm_controller/i2cpwm_controller/msg/detail/servo_config_array__rosidl_typesupport_introspection_cpp.hpp
[57.070s] -- Up-to-date: /home/robodog/RoboDog/ros2_ws/install/i2cpwm_controller/include/i2cpwm_controller/i2cpwm_controller/msg/detail/position_array__type_support.cpp
[57.071s] -- Up-to-date: /home/robodog/RoboDog/ros2_ws/install/i2cpwm_controller/include/i2cpwm_controller/i2cpwm_controller/msg/detail/servo_config__rosidl_typesupport_introspection_cpp.hpp
[57.071s] -- Up-to-date: /home/robodog/RoboDog/ros2_ws/install/i2cpwm_controller/include/i2cpwm_controller/i2cpwm_controller/msg/detail/servo_config__type_support.cpp
[57.072s] -- Up-to-date: /home/robodog/RoboDog/ros2_ws/install/i2cpwm_controller/include/i2cpwm_controller/i2cpwm_controller/msg/detail/position__rosidl_typesupport_introspection_cpp.hpp
[57.072s] -- Up-to-date: /home/robodog/RoboDog/ros2_ws/install/i2cpwm_controller/include/i2cpwm_controller/i2cpwm_controller/msg/detail/servo__rosidl_typesupport_introspection_cpp.hpp
[57.073s] -- Up-to-date: /home/robodog/RoboDog/ros2_ws/install/i2cpwm_controller/include/i2cpwm_controller/i2cpwm_controller/msg/detail/servo_config_array__type_support.cpp
[57.073s] -- Up-to-date: /home/robodog/RoboDog/ros2_ws/install/i2cpwm_controller/include/i2cpwm_controller/i2cpwm_controller/msg/detail/position__type_support.cpp
[57.073s] -- Up-to-date: /home/robodog/RoboDog/ros2_ws/install/i2cpwm_controller/lib/libi2cpwm_controller__rosidl_typesupport_introspection_cpp.so
[57.074s] -- Up-to-date: /home/robodog/RoboDog/ros2_ws/install/i2cpwm_controller/lib/libi2cpwm_controller__rosidl_typesupport_cpp.so
[57.074s] -- Up-to-date: /home/robodog/RoboDog/ros2_ws/install/i2cpwm_controller/share/i2cpwm_controller/environment/pythonpath.sh
[57.075s] -- Up-to-date: /home/robodog/RoboDog/ros2_ws/install/i2cpwm_controller/share/i2cpwm_controller/environment/pythonpath.dsv
[57.075s] -- Up-to-date: /home/robodog/RoboDog/ros2_ws/install/i2cpwm_controller/local/lib/python3.10/dist-packages/i2cpwm_controller-0.5.1-py3.10.egg-info
[57.075s] -- Installing: /home/robodog/RoboDog/ros2_ws/install/i2cpwm_controller/local/lib/python3.10/dist-packages/i2cpwm_controller-0.5.1-py3.10.egg-info/PKG-INFO
[57.075s] -- Installing: /home/robodog/RoboDog/ros2_ws/install/i2cpwm_controller/local/lib/python3.10/dist-packages/i2cpwm_controller-0.5.1-py3.10.egg-info/top_level.txt
[57.076s] -- Installing: /home/robodog/RoboDog/ros2_ws/install/i2cpwm_controller/local/lib/python3.10/dist-packages/i2cpwm_controller-0.5.1-py3.10.egg-info/dependency_links.txt
[57.076s] -- Installing: /home/robodog/RoboDog/ros2_ws/install/i2cpwm_controller/local/lib/python3.10/dist-packages/i2cpwm_controller-0.5.1-py3.10.egg-info/SOURCES.txt
[57.076s] -- Up-to-date: /home/robodog/RoboDog/ros2_ws/install/i2cpwm_controller/local/lib/python3.10/dist-packages/i2cpwm_controller
[57.077s] -- Up-to-date: /home/robodog/RoboDog/ros2_ws/install/i2cpwm_controller/local/lib/python3.10/dist-packages/i2cpwm_controller/_i2cpwm_controller_s.ep.rosidl_typesupport_introspection_c.c
[57.077s] -- Up-to-date: /home/robodog/RoboDog/ros2_ws/install/i2cpwm_controller/local/lib/python3.10/dist-packages/i2cpwm_controller/srv
[57.078s] -- Up-to-date: /home/robodog/RoboDog/ros2_ws/install/i2cpwm_controller/local/lib/python3.10/dist-packages/i2cpwm_controller/srv/_servos_config_s.c
[57.079s] -- Up-to-date: /home/robodog/RoboDog/ros2_ws/install/i2cpwm_controller/local/lib/python3.10/dist-packages/i2cpwm_controller/srv/_servos_config.py
[57.080s] -- Up-to-date: /home/robodog/RoboDog/ros2_ws/install/i2cpwm_controller/local/lib/python3.10/dist-packages/i2cpwm_controller/srv/__init__.py
[57.080s] -- Up-to-date: /home/robodog/RoboDog/ros2_ws/install/i2cpwm_controller/local/lib/python3.10/dist-packages/i2cpwm_controller/srv/_drive_mode.py
[57.080s] -- Up-to-date: /home/robodog/RoboDog/ros2_ws/install/i2cpwm_controller/local/lib/python3.10/dist-packages/i2cpwm_controller/srv/_stop_servos_s.c
[57.081s] -- Up-to-date: /home/robodog/RoboDog/ros2_ws/install/i2cpwm_controller/local/lib/python3.10/dist-packages/i2cpwm_controller/srv/_int_value_s.c
[57.081s] -- Up-to-date: /home/robodog/RoboDog/ros2_ws/install/i2cpwm_controller/local/lib/python3.10/dist-packages/i2cpwm_controller/srv/_drive_mode_s.c
[57.082s] -- Up-to-date: /home/robodog/RoboDog/ros2_ws/install/i2cpwm_controller/local/lib/python3.10/dist-packages/i2cpwm_controller/srv/_stop_servos.py
[57.082s] -- Up-to-date: /home/robodog/RoboDog/ros2_ws/install/i2cpwm_controller/local/lib/python3.10/dist-packages/i2cpwm_controller/srv/_int_value.py
[57.082s] -- Up-to-date: /home/robodog/RoboDog/ros2_ws/install/i2cpwm_controller/local/lib/python3.10/dist-packages/i2cpwm_controller/_i2cpwm_controller_s.ep.rosidl_typesupport_c.c
[57.083s] -- Up-to-date: /home/robodog/RoboDog/ros2_ws/install/i2cpwm_controller/local/lib/python3.10/dist-packages/i2cpwm_controller/msg
[57.083s] -- Up-to-date: /home/robodog/RoboDog/ros2_ws/install/i2cpwm_controller/local/lib/python3.10/dist-packages/i2cpwm_controller/msg/_servo_array.py
[57.084s] -- Up-to-date: /home/robodog/RoboDog/ros2_ws/install/i2cpwm_controller/local/lib/python3.10/dist-packages/i2cpwm_controller/msg/_servo_array_s.c
[57.084s] -- Up-to-date: /home/robodog/RoboDog/ros2_ws/install/i2cpwm_controller/local/lib/python3.10/dist-packages/i2cpwm_controller/msg/_position_s.c
[57.084s] -- Up-to-date: /home/robodog/RoboDog/ros2_ws/install/i2cpwm_controller/local/lib/python3.10/dist-packages/i2cpwm_controller/msg/_servo_s.c
[57.085s] -- Up-to-date: /home/robodog/RoboDog/ros2_ws/install/i2cpwm_controller/local/lib/python3.10/dist-packages/i2cpwm_controller/msg/_servo_config_array_s.c
[57.086s] -- Up-to-date: /home/robodog/RoboDog/ros2_ws/install/i2cpwm_controller/local/lib/python3.10/dist-packages/i2cpwm_controller/msg/__init__.py
[57.086s] -- Up-to-date: /home/robodog/RoboDog/ros2_ws/install/i2cpwm_controller/local/lib/python3.10/dist-packages/i2cpwm_controller/msg/_position.py
[57.087s] -- Up-to-date: /home/robodog/RoboDog/ros2_ws/install/i2cpwm_controller/local/lib/python3.10/dist-packages/i2cpwm_controller/msg/_position_array_s.c
[57.087s] -- Up-to-date: /home/robodog/RoboDog/ros2_ws/install/i2cpwm_controller/local/lib/python3.10/dist-packages/i2cpwm_controller/msg/_servo.py
[57.087s] -- Up-to-date: /home/robodog/RoboDog/ros2_ws/install/i2cpwm_controller/local/lib/python3.10/dist-packages/i2cpwm_controller/msg/_servo_config_array.py
[57.088s] -- Up-to-date: /home/robodog/RoboDog/ros2_ws/install/i2cpwm_controller/local/lib/python3.10/dist-packages/i2cpwm_controller/msg/_servo_config_s.c
[57.088s] -- Up-to-date: /home/robodog/RoboDog/ros2_ws/install/i2cpwm_controller/local/lib/python3.10/dist-packages/i2cpwm_controller/msg/_servo_config.py
[57.089s] -- Up-to-date: /home/robodog/RoboDog/ros2_ws/install/i2cpwm_controller/local/lib/python3.10/dist-packages/i2cpwm_controller/msg/_position_array.py
[57.089s] -- Up-to-date: /home/robodog/RoboDog/ros2_ws/install/i2cpwm_controller/local/lib/python3.10/dist-packages/i2cpwm_controller/i2cpwm_controller_s__rosidl_typesupport_fastrtps_c.cpython-310-aarch64-linux-gnu.so
[57.090s] -- Up-to-date: /home/robodog/RoboDog/ros2_ws/install/i2cpwm_controller/local/lib/python3.10/dist-packages/i2cpwm_controller/__init__.py
[57.090s] -- Up-to-date: /home/robodog/RoboDog/ros2_ws/install/i2cpwm_controller/local/lib/python3.10/dist-packages/i2cpwm_controller/i2cpwm_controller_s__rosidl_typesupport_c.cpython-310-aarch64-linux-gnu.so
[57.090s] -- Up-to-date: /home/robodog/RoboDog/ros2_ws/install/i2cpwm_controller/local/lib/python3.10/dist-packages/i2cpwm_controller/i2cpwm_controller_s__rosidl_typesupport_introspection_c.cpython-310-aarch64-linux-gnu.so
[57.091s] -- Up-to-date: /home/robodog/RoboDog/ros2_ws/install/i2cpwm_controller/local/lib/python3.10/dist-packages/i2cpwm_controller/_i2cpwm_controller_s.ep.rosidl_typesupport_fastrtps_c.c
[57.091s] -- Up-to-date: /home/robodog/RoboDog/ros2_ws/install/i2cpwm_controller/local/lib/python3.10/dist-packages/i2cpwm_controller/libi2cpwm_controller__rosidl_generator_py.so
[57.223s] Listing '/home/robodog/RoboDog/ros2_ws/install/i2cpwm_controller/local/lib/python3.10/dist-packages/i2cpwm_controller'...
[57.224s] Listing '/home/robodog/RoboDog/ros2_ws/install/i2cpwm_controller/local/lib/python3.10/dist-packages/i2cpwm_controller/msg'...
[57.225s] Listing '/home/robodog/RoboDog/ros2_ws/install/i2cpwm_controller/local/lib/python3.10/dist-packages/i2cpwm_controller/srv'...
[57.246s] -- Up-to-date: /home/robodog/RoboDog/ros2_ws/install/i2cpwm_controller/local/lib/python3.10/dist-packages/i2cpwm_controller/i2cpwm_controller_s__rosidl_typesupport_fastrtps_c.cpython-310-aarch64-linux-gnu.so
[57.248s] -- Up-to-date: /home/robodog/RoboDog/ros2_ws/install/i2cpwm_controller/local/lib/python3.10/dist-packages/i2cpwm_controller/i2cpwm_controller_s__rosidl_typesupport_introspection_c.cpython-310-aarch64-linux-gnu.so
[57.251s] -- Up-to-date: /home/robodog/RoboDog/ros2_ws/install/i2cpwm_controller/local/lib/python3.10/dist-packages/i2cpwm_controller/i2cpwm_controller_s__rosidl_typesupport_c.cpython-310-aarch64-linux-gnu.so
[57.253s] -- Up-to-date: /home/robodog/RoboDog/ros2_ws/install/i2cpwm_controller/lib/libi2cpwm_controller__rosidl_generator_py.so
[57.255s] -- Up-to-date: /home/robodog/RoboDog/ros2_ws/install/i2cpwm_controller/share/i2cpwm_controller/msg/Position.idl
[57.255s] -- Up-to-date: /home/robodog/RoboDog/ros2_ws/install/i2cpwm_controller/share/i2cpwm_controller/msg/PositionArray.idl
[57.256s] -- Up-to-date: /home/robodog/RoboDog/ros2_ws/install/i2cpwm_controller/share/i2cpwm_controller/msg/Servo.idl
[57.256s] -- Up-to-date: /home/robodog/RoboDog/ros2_ws/install/i2cpwm_controller/share/i2cpwm_controller/msg/ServoArray.idl
[57.257s] -- Up-to-date: /home/robodog/RoboDog/ros2_ws/install/i2cpwm_controller/share/i2cpwm_controller/msg/ServoConfig.idl
[57.257s] -- Up-to-date: /home/robodog/RoboDog/ros2_ws/install/i2cpwm_controller/share/i2cpwm_controller/msg/ServoConfigArray.idl
[57.258s] -- Up-to-date: /home/robodog/RoboDog/ros2_ws/install/i2cpwm_controller/share/i2cpwm_controller/srv/DriveMode.idl
[57.258s] -- Up-to-date: /home/robodog/RoboDog/ros2_ws/install/i2cpwm_controller/share/i2cpwm_controller/srv/IntValue.idl
[57.259s] -- Up-to-date: /home/robodog/RoboDog/ros2_ws/install/i2cpwm_controller/share/i2cpwm_controller/srv/ServosConfig.idl
[57.259s] -- Up-to-date: /home/robodog/RoboDog/ros2_ws/install/i2cpwm_controller/share/i2cpwm_controller/srv/StopServos.idl
[57.260s] -- Up-to-date: /home/robodog/RoboDog/ros2_ws/install/i2cpwm_controller/share/i2cpwm_controller/msg/Position.msg
[57.260s] -- Up-to-date: /home/robodog/RoboDog/ros2_ws/install/i2cpwm_controller/share/i2cpwm_controller/msg/PositionArray.msg
[57.261s] -- Up-to-date: /home/robodog/RoboDog/ros2_ws/install/i2cpwm_controller/share/i2cpwm_controller/msg/Servo.msg
[57.261s] -- Up-to-date: /home/robodog/RoboDog/ros2_ws/install/i2cpwm_controller/share/i2cpwm_controller/msg/ServoArray.msg
[57.262s] -- Up-to-date: /home/robodog/RoboDog/ros2_ws/install/i2cpwm_controller/share/i2cpwm_controller/msg/ServoConfig.msg
[57.262s] -- Up-to-date: /home/robodog/RoboDog/ros2_ws/install/i2cpwm_controller/share/i2cpwm_controller/msg/ServoConfigArray.msg
[57.263s] -- Up-to-date: /home/robodog/RoboDog/ros2_ws/install/i2cpwm_controller/share/i2cpwm_controller/srv/DriveMode.srv
[57.263s] -- Up-to-date: /home/robodog/RoboDog/ros2_ws/install/i2cpwm_controller/share/i2cpwm_controller/srv/DriveMode_Request.msg
[57.264s] -- Up-to-date: /home/robodog/RoboDog/ros2_ws/install/i2cpwm_controller/share/i2cpwm_controller/srv/DriveMode_Response.msg
[57.264s] -- Up-to-date: /home/robodog/RoboDog/ros2_ws/install/i2cpwm_controller/share/i2cpwm_controller/srv/IntValue.srv
[57.265s] -- Up-to-date: /home/robodog/RoboDog/ros2_ws/install/i2cpwm_controller/share/i2cpwm_controller/srv/IntValue_Request.msg
[57.266s] -- Up-to-date: /home/robodog/RoboDog/ros2_ws/install/i2cpwm_controller/share/i2cpwm_controller/srv/IntValue_Response.msg
[57.266s] -- Up-to-date: /home/robodog/RoboDog/ros2_ws/install/i2cpwm_controller/share/i2cpwm_controller/srv/ServosConfig.srv
[57.267s] -- Up-to-date: /home/robodog/RoboDog/ros2_ws/install/i2cpwm_controller/share/i2cpwm_controller/srv/ServosConfig_Request.msg
[57.267s] -- Up-to-date: /home/robodog/RoboDog/ros2_ws/install/i2cpwm_controller/share/i2cpwm_controller/srv/ServosConfig_Response.msg
[57.268s] -- Up-to-date: /home/robodog/RoboDog/ros2_ws/install/i2cpwm_controller/share/i2cpwm_controller/srv/StopServos.srv
[57.268s] -- Up-to-date: /home/robodog/RoboDog/ros2_ws/install/i2cpwm_controller/share/i2cpwm_controller/srv/StopServos_Request.msg
[57.268s] -- Up-to-date: /home/robodog/RoboDog/ros2_ws/install/i2cpwm_controller/share/i2cpwm_controller/srv/StopServos_Response.msg
[57.270s] -- Installing: /home/robodog/RoboDog/ros2_ws/install/i2cpwm_controller/lib/i2cpwm_controller/i2cpwm_controller_node
[57.334s] -- Set runtime path of "/home/robodog/RoboDog/ros2_ws/install/i2cpwm_controller/lib/i2cpwm_controller/i2cpwm_controller_node" to ""
[57.334s] -- Up-to-date: /home/robodog/RoboDog/ros2_ws/install/i2cpwm_controller/share/i2cpwm_controller/launch
[57.335s] -- Up-to-date: /home/robodog/RoboDog/ros2_ws/install/i2cpwm_controller/share/i2cpwm_controller/launch/i2cpwm_controller.launch.py
[57.335s] -- Up-to-date: /home/robodog/RoboDog/ros2_ws/install/i2cpwm_controller/share/ament_index/resource_index/package_run_dependencies/i2cpwm_controller
[57.336s] -- Up-to-date: /home/robodog/RoboDog/ros2_ws/install/i2cpwm_controller/share/ament_index/resource_index/parent_prefix_path/i2cpwm_controller
[57.336s] -- Up-to-date: /home/robodog/RoboDog/ros2_ws/install/i2cpwm_controller/share/i2cpwm_controller/environment/ament_prefix_path.sh
[57.337s] -- Up-to-date: /home/robodog/RoboDog/ros2_ws/install/i2cpwm_controller/share/i2cpwm_controller/environment/ament_prefix_path.dsv
[57.338s] -- Up-to-date: /home/robodog/RoboDog/ros2_ws/install/i2cpwm_controller/share/i2cpwm_controller/environment/path.sh
[57.338s] -- Up-to-date: /home/robodog/RoboDog/ros2_ws/install/i2cpwm_controller/share/i2cpwm_controller/environment/path.dsv
[57.338s] -- Up-to-date: /home/robodog/RoboDog/ros2_ws/install/i2cpwm_controller/share/i2cpwm_controller/local_setup.bash
[57.339s] -- Up-to-date: /home/robodog/RoboDog/ros2_ws/install/i2cpwm_controller/share/i2cpwm_controller/local_setup.sh
[57.339s] -- Up-to-date: /home/robodog/RoboDog/ros2_ws/install/i2cpwm_controller/share/i2cpwm_controller/local_setup.zsh
[57.340s] -- Up-to-date: /home/robodog/RoboDog/ros2_ws/install/i2cpwm_controller/share/i2cpwm_controller/local_setup.dsv
[57.340s] -- Installing: /home/robodog/RoboDog/ros2_ws/install/i2cpwm_controller/share/i2cpwm_controller/package.dsv
[57.342s] -- Up-to-date: /home/robodog/RoboDog/ros2_ws/install/i2cpwm_controller/share/ament_index/resource_index/packages/i2cpwm_controller
[57.343s] -- Up-to-date: /home/robodog/RoboDog/ros2_ws/install/i2cpwm_controller/share/i2cpwm_controller/cmake/export_i2cpwm_controller__rosidl_generator_cExport.cmake
[57.343s] -- Up-to-date: /home/robodog/RoboDog/ros2_ws/install/i2cpwm_controller/share/i2cpwm_controller/cmake/export_i2cpwm_controller__rosidl_generator_cExport-noconfig.cmake
[57.344s] -- Up-to-date: /home/robodog/RoboDog/ros2_ws/install/i2cpwm_controller/share/i2cpwm_controller/cmake/export_i2cpwm_controller__rosidl_typesupport_fastrtps_cExport.cmake
[57.345s] -- Up-to-date: /home/robodog/RoboDog/ros2_ws/install/i2cpwm_controller/share/i2cpwm_controller/cmake/export_i2cpwm_controller__rosidl_typesupport_fastrtps_cExport-noconfig.cmake
[57.346s] -- Up-to-date: /home/robodog/RoboDog/ros2_ws/install/i2cpwm_controller/share/i2cpwm_controller/cmake/export_i2cpwm_controller__rosidl_generator_cppExport.cmake
[57.347s] -- Up-to-date: /home/robodog/RoboDog/ros2_ws/install/i2cpwm_controller/share/i2cpwm_controller/cmake/export_i2cpwm_controller__rosidl_typesupport_fastrtps_cppExport.cmake
[57.348s] -- Up-to-date: /home/robodog/RoboDog/ros2_ws/install/i2cpwm_controller/share/i2cpwm_controller/cmake/export_i2cpwm_controller__rosidl_typesupport_fastrtps_cppExport-noconfig.cmake
[57.349s] -- Up-to-date: /home/robodog/RoboDog/ros2_ws/install/i2cpwm_controller/share/i2cpwm_controller/cmake/i2cpwm_controller__rosidl_typesupport_introspection_cExport.cmake
[57.349s] -- Up-to-date: /home/robodog/RoboDog/ros2_ws/install/i2cpwm_controller/share/i2cpwm_controller/cmake/i2cpwm_controller__rosidl_typesupport_introspection_cExport-noconfig.cmake
[57.350s] -- Up-to-date: /home/robodog/RoboDog/ros2_ws/install/i2cpwm_controller/share/i2cpwm_controller/cmake/i2cpwm_controller__rosidl_typesupport_cExport.cmake
[57.351s] -- Up-to-date: /home/robodog/RoboDog/ros2_ws/install/i2cpwm_controller/share/i2cpwm_controller/cmake/i2cpwm_controller__rosidl_typesupport_cExport-noconfig.cmake
[57.352s] -- Up-to-date: /home/robodog/RoboDog/ros2_ws/install/i2cpwm_controller/share/i2cpwm_controller/cmake/i2cpwm_controller__rosidl_typesupport_introspection_cppExport.cmake
[57.353s] -- Up-to-date: /home/robodog/RoboDog/ros2_ws/install/i2cpwm_controller/share/i2cpwm_controller/cmake/i2cpwm_controller__rosidl_typesupport_introspection_cppExport-noconfig.cmake
[57.354s] -- Up-to-date: /home/robodog/RoboDog/ros2_ws/install/i2cpwm_controller/share/i2cpwm_controller/cmake/i2cpwm_controller__rosidl_typesupport_cppExport.cmake
[57.354s] -- Up-to-date: /home/robodog/RoboDog/ros2_ws/install/i2cpwm_controller/share/i2cpwm_controller/cmake/i2cpwm_controller__rosidl_typesupport_cppExport-noconfig.cmake
[57.355s] -- Up-to-date: /home/robodog/RoboDog/ros2_ws/install/i2cpwm_controller/share/i2cpwm_controller/cmake/export_i2cpwm_controller__rosidl_generator_pyExport.cmake
[57.356s] -- Up-to-date: /home/robodog/RoboDog/ros2_ws/install/i2cpwm_controller/share/i2cpwm_controller/cmake/export_i2cpwm_controller__rosidl_generator_pyExport-noconfig.cmake
[57.356s] -- Up-to-date: /home/robodog/RoboDog/ros2_ws/install/i2cpwm_controller/share/i2cpwm_controller/cmake/rosidl_cmake-extras.cmake
[57.357s] -- Up-to-date: /home/robodog/RoboDog/ros2_ws/install/i2cpwm_controller/share/i2cpwm_controller/cmake/ament_cmake_export_dependencies-extras.cmake
[57.358s] -- Up-to-date: /home/robodog/RoboDog/ros2_ws/install/i2cpwm_controller/share/i2cpwm_controller/cmake/ament_cmake_export_include_directories-extras.cmake
[57.358s] -- Up-to-date: /home/robodog/RoboDog/ros2_ws/install/i2cpwm_controller/share/i2cpwm_controller/cmake/ament_cmake_export_libraries-extras.cmake
[57.359s] -- Up-to-date: /home/robodog/RoboDog/ros2_ws/install/i2cpwm_controller/share/i2cpwm_controller/cmake/ament_cmake_export_targets-extras.cmake
[57.359s] -- Up-to-date: /home/robodog/RoboDog/ros2_ws/install/i2cpwm_controller/share/i2cpwm_controller/cmake/rosidl_cmake_export_typesupport_targets-extras.cmake
[57.360s] -- Up-to-date: /home/robodog/RoboDog/ros2_ws/install/i2cpwm_controller/share/i2cpwm_controller/cmake/rosidl_cmake_export_typesupport_libraries-extras.cmake
[57.361s] -- Up-to-date: /home/robodog/RoboDog/ros2_ws/install/i2cpwm_controller/share/i2cpwm_controller/cmake/i2cpwm_controllerConfig.cmake
[57.361s] -- Up-to-date: /home/robodog/RoboDog/ros2_ws/install/i2cpwm_controller/share/i2cpwm_controller/cmake/i2cpwm_controllerConfig-version.cmake
[57.362s] -- Up-to-date: /home/robodog/RoboDog/ros2_ws/install/i2cpwm_controller/share/i2cpwm_controller/package.xml
[57.369s] Invoked command in '/home/robodog/RoboDog/ros2_ws/build/i2cpwm_controller' returned '0': CMAKE_PREFIX_PATH=${CMAKE_PREFIX_PATH}:/home/robodog/RoboDog/ros2_ws/install/servo_calibration:/opt/ros/humble /usr/bin/cmake --install /home/robodog/RoboDog/ros2_ws/build/i2cpwm_controller
