[0.070s] Invoking command in '/home/robodog/RoboDog/ros2_ws/build/motion_cmd': CMAKE_PREFIX_PATH=/home/robodog/RoboDog/ros2_ws/install/i2cpwm_controller:/home/robodog/RoboDog/ros2_ws/install/motion_cmd /usr/bin/cmake --build /home/robodog/RoboDog/ros2_ws/build/motion_cmd -- -j4 -l4
[0.306s] [  6%] Built target gtest
[0.313s] [ 20%] Built target spot_micro_kinematics
[0.430s] [ 27%] Built target gmock
[0.441s] [ 34%] Built target gtest_main
[0.513s] [ 58%] Built target smfsm
[0.583s] [ 65%] Built target gmock_main
[0.613s] [ 72%] Built target test_utils
[0.626s] [ 79%] Built target test_spot_micro_leg
[0.665s] [ 86%] Built target test_spot_micro_kinematics
[0.674s] [35m[1mConsolidate compiler generated dependencies of target motion_cmd_node[0m
[0.835s] [ 89%] [32m[1mLinking CXX executable motion_cmd_node[0m
[6.534s] [100%] Built target motion_cmd_node
[6.575s] Invoked command in '/home/robodog/RoboDog/ros2_ws/build/motion_cmd' returned '0': CMAKE_PREFIX_PATH=/home/robodog/RoboDog/ros2_ws/install/i2cpwm_controller:/home/robodog/RoboDog/ros2_ws/install/motion_cmd /usr/bin/cmake --build /home/robodog/RoboDog/ros2_ws/build/motion_cmd -- -j4 -l4
[7.128s] Invoking command in '/home/robodog/RoboDog/ros2_ws/build/motion_cmd': CMAKE_PREFIX_PATH=/home/robodog/RoboDog/ros2_ws/install/i2cpwm_controller:/home/robodog/RoboDog/ros2_ws/install/motion_cmd /usr/bin/cmake --install /home/robodog/RoboDog/ros2_ws/build/motion_cmd
[7.157s] -- Install configuration: ""
[7.158s] -- Installing: /home/robodog/RoboDog/ros2_ws/install/motion_cmd/lib/motion_cmd/motion_cmd_node
[7.251s] -- Set runtime path of "/home/robodog/RoboDog/ros2_ws/install/motion_cmd/lib/motion_cmd/motion_cmd_node" to ""
[7.252s] -- Up-to-date: /home/robodog/RoboDog/ros2_ws/install/motion_cmd/share/motion_cmd/launch
[7.252s] -- Up-to-date: /home/robodog/RoboDog/ros2_ws/install/motion_cmd/share/motion_cmd/launch/motion_cmd.launch.py
[7.253s] -- Up-to-date: /home/robodog/RoboDog/ros2_ws/install/motion_cmd/share/motion_cmd/config
[7.253s] -- Up-to-date: /home/robodog/RoboDog/ros2_ws/install/motion_cmd/share/motion_cmd/config/motion_cmd.yaml
[7.254s] -- Up-to-date: /home/robodog/RoboDog/ros2_ws/install/motion_cmd/share/ament_index/resource_index/package_run_dependencies/motion_cmd
[7.254s] -- Up-to-date: /home/robodog/RoboDog/ros2_ws/install/motion_cmd/share/ament_index/resource_index/parent_prefix_path/motion_cmd
[7.255s] -- Up-to-date: /home/robodog/RoboDog/ros2_ws/install/motion_cmd/share/motion_cmd/environment/ament_prefix_path.sh
[7.255s] -- Up-to-date: /home/robodog/RoboDog/ros2_ws/install/motion_cmd/share/motion_cmd/environment/ament_prefix_path.dsv
[7.256s] -- Up-to-date: /home/robodog/RoboDog/ros2_ws/install/motion_cmd/share/motion_cmd/environment/path.sh
[7.256s] -- Up-to-date: /home/robodog/RoboDog/ros2_ws/install/motion_cmd/share/motion_cmd/environment/path.dsv
[7.256s] -- Up-to-date: /home/robodog/RoboDog/ros2_ws/install/motion_cmd/share/motion_cmd/local_setup.bash
[7.257s] -- Up-to-date: /home/robodog/RoboDog/ros2_ws/install/motion_cmd/share/motion_cmd/local_setup.sh
[7.257s] -- Up-to-date: /home/robodog/RoboDog/ros2_ws/install/motion_cmd/share/motion_cmd/local_setup.zsh
[7.258s] -- Up-to-date: /home/robodog/RoboDog/ros2_ws/install/motion_cmd/share/motion_cmd/local_setup.dsv
[7.258s] -- Installing: /home/robodog/RoboDog/ros2_ws/install/motion_cmd/share/motion_cmd/package.dsv
[7.258s] -- Up-to-date: /home/robodog/RoboDog/ros2_ws/install/motion_cmd/share/ament_index/resource_index/packages/motion_cmd
[7.259s] -- Up-to-date: /home/robodog/RoboDog/ros2_ws/install/motion_cmd/share/motion_cmd/cmake/ament_cmake_export_dependencies-extras.cmake
[7.259s] -- Up-to-date: /home/robodog/RoboDog/ros2_ws/install/motion_cmd/share/motion_cmd/cmake/motion_cmdConfig.cmake
[7.260s] -- Up-to-date: /home/robodog/RoboDog/ros2_ws/install/motion_cmd/share/motion_cmd/cmake/motion_cmdConfig-version.cmake
[7.260s] -- Up-to-date: /home/robodog/RoboDog/ros2_ws/install/motion_cmd/share/motion_cmd/package.xml
[7.267s] Invoked command in '/home/robodog/RoboDog/ros2_ws/build/motion_cmd' returned '0': CMAKE_PREFIX_PATH=/home/robodog/RoboDog/ros2_ws/install/i2cpwm_controller:/home/robodog/RoboDog/ros2_ws/install/motion_cmd /usr/bin/cmake --install /home/robodog/RoboDog/ros2_ws/build/motion_cmd
