[2.637s] Invoking command in '/home/robodog/RoboDog/ros2_ws/src/servo_calibration': CMAKE_PREFIX_PATH=/home/robodog/RoboDog/ros2_ws/install/i2cpwm_controller:/home/robodog/RoboDog/ros2_ws/install/servo_calibration PYTHONPATH=/home/robodog/RoboDog/ros2_ws/build/servo_calibration/prefix_override:/usr/lib/python3/dist-packages/colcon_core/task/python/colcon_distutils_commands:/home/robodog/RoboDog/ros2_ws/install/servo_calibration/lib/python3.10/site-packages:${PYTHONPATH} /usr/bin/python3 -W ignore:setup.py install is deprecated setup.py egg_info --egg-base ../../build/servo_calibration build --build-base /home/robodog/RoboDog/ros2_ws/build/servo_calibration/build install --record /home/robodog/RoboDog/ros2_ws/build/servo_calibration/install.log --single-version-externally-managed install_data
[3.686s] running egg_info
[3.689s] writing ../../build/servo_calibration/servo_calibration.egg-info/PKG-INFO
[3.690s] writing dependency_links to ../../build/servo_calibration/servo_calibration.egg-info/dependency_links.txt
[3.691s] writing entry points to ../../build/servo_calibration/servo_calibration.egg-info/entry_points.txt
[3.692s] writing requirements to ../../build/servo_calibration/servo_calibration.egg-info/requires.txt
[3.692s] writing top-level names to ../../build/servo_calibration/servo_calibration.egg-info/top_level.txt
[3.701s] reading manifest file '../../build/servo_calibration/servo_calibration.egg-info/SOURCES.txt'
[3.702s] adding license file 'LICENSE'
[3.705s] writing manifest file '../../build/servo_calibration/servo_calibration.egg-info/SOURCES.txt'
[3.706s] running build
[3.706s] running build_py
[3.707s] copying servo_calibration/servo_move_keyboard.py -> /home/robodog/RoboDog/ros2_ws/build/servo_calibration/build/lib/servo_calibration
[3.709s] running install
[3.710s] running install_lib
[3.714s] copying /home/robodog/RoboDog/ros2_ws/build/servo_calibration/build/lib/servo_calibration/servo_move_keyboard.py -> /home/robodog/RoboDog/ros2_ws/install/servo_calibration/lib/python3.10/site-packages/servo_calibration
[3.717s] byte-compiling /home/robodog/RoboDog/ros2_ws/install/servo_calibration/lib/python3.10/site-packages/servo_calibration/servo_move_keyboard.py to servo_move_keyboard.cpython-310.pyc
[3.723s] running install_data
[3.724s] running install_egg_info
[3.731s] removing '/home/robodog/RoboDog/ros2_ws/install/servo_calibration/lib/python3.10/site-packages/servo_calibration-0.0.0-py3.10.egg-info' (and everything under it)
[3.733s] Copying ../../build/servo_calibration/servo_calibration.egg-info to /home/robodog/RoboDog/ros2_ws/install/servo_calibration/lib/python3.10/site-packages/servo_calibration-0.0.0-py3.10.egg-info
[3.738s] running install_scripts
[3.818s] Installing servo_calib_node script to /home/robodog/RoboDog/ros2_ws/install/servo_calibration/lib/servo_calibration
[3.820s] writing list of installed files to '/home/robodog/RoboDog/ros2_ws/build/servo_calibration/install.log'
[3.946s] Invoked command in '/home/robodog/RoboDog/ros2_ws/src/servo_calibration' returned '0': CMAKE_PREFIX_PATH=/home/robodog/RoboDog/ros2_ws/install/i2cpwm_controller:/home/robodog/RoboDog/ros2_ws/install/servo_calibration PYTHONPATH=/home/robodog/RoboDog/ros2_ws/build/servo_calibration/prefix_override:/usr/lib/python3/dist-packages/colcon_core/task/python/colcon_distutils_commands:/home/robodog/RoboDog/ros2_ws/install/servo_calibration/lib/python3.10/site-packages:${PYTHONPATH} /usr/bin/python3 -W ignore:setup.py install is deprecated setup.py egg_info --egg-base ../../build/servo_calibration build --build-base /home/robodog/RoboDog/ros2_ws/build/servo_calibration/build install --record /home/robodog/RoboDog/ros2_ws/build/servo_calibration/install.log --single-version-externally-managed install_data
