-- The C compiler identification is GNU 11.4.0
-- The CXX compiler identification is GNU 11.4.0
-- Detecting C compiler ABI info
-- Detecting C compiler ABI info - done
-- Check for working C compiler: /usr/bin/cc - skipped
-- Detecting C compile features
-- Detecting C compile features - done
-- Detecting CXX compiler ABI info
-- Detecting CXX compiler ABI info - done
-- Check for working CXX compiler: /usr/bin/c++ - skipped
-- Detecting CXX compile features
-- Detecting CXX compile features - done
-- Found ament_cmake: 1.3.10 (/opt/ros/humble/share/ament_cmake/cmake)
-- Found Python3: /usr/bin/python3 (found version "3.10.12") found components: Interpreter 
-- Found rclcpp: 16.0.10 (/opt/ros/humble/share/rclcpp/cmake)
-- Found rosidl_generator_c: 3.1.5 (/opt/ros/humble/share/rosidl_generator_c/cmake)
-- Found rosidl_adapter: 3.1.5 (/opt/ros/humble/share/rosidl_adapter/cmake)
-- Found rosidl_generator_cpp: 3.1.5 (/opt/ros/humble/share/rosidl_generator_cpp/cmake)
-- Using all available rosidl_typesupport_c: rosidl_typesupport_fastrtps_c;rosidl_typesupport_introspection_c
-- Using all available rosidl_typesupport_cpp: rosidl_typesupport_fastrtps_cpp;rosidl_typesupport_introspection_cpp
-- Found rmw_implementation_cmake: 6.1.2 (/opt/ros/humble/share/rmw_implementation_cmake/cmake)
-- Found rmw_fastrtps_cpp: 6.2.7 (/opt/ros/humble/share/rmw_fastrtps_cpp/cmake)
-- Found OpenSSL: /usr/lib/aarch64-linux-gnu/libcrypto.so (found version "3.0.2")  
-- Found FastRTPS: /opt/ros/humble/include  
-- Using RMW implementation 'rmw_fastrtps_cpp' as default
-- Looking for pthread.h
-- Looking for pthread.h - found
-- Performing Test CMAKE_HAVE_LIBC_PTHREAD
-- Performing Test CMAKE_HAVE_LIBC_PTHREAD - Success
-- Found Threads: TRUE  
-- Found geometry_msgs: 4.2.4 (/opt/ros/humble/share/geometry_msgs/cmake)
-- Found tf2: 0.25.8 (/opt/ros/humble/share/tf2/cmake)
-- Found tf2_ros: 0.25.8 (/opt/ros/humble/share/tf2_ros/cmake)
-- Found tf2_geometry_msgs: 0.25.8 (/opt/ros/humble/share/tf2_geometry_msgs/cmake)
-- Found eigen3_cmake_module: 0.1.1 (/opt/ros/humble/share/eigen3_cmake_module/cmake)
-- Found Eigen3: TRUE (found version "3.4.0") 
-- Ensuring Eigen3 include directory is part of orocos-kdl CMake target
-- Found i2cpwm_controller: 0.5.1 (/home/robodog/RoboDog/ros2_ws/install/i2cpwm_controller/share/i2cpwm_controller/cmake)
-- Configuring done
-- Generating done
-- Build files have been written to: /home/robodog/RoboDog/ros2_ws/build/motion_cmd/libs/spot_micro_kinematics_cpp/3rd_party/google-test/googletest-download
[ 11%] Creating directories for 'googletest'
[ 22%] Performing download step (download, verify and extract) for 'googletest'
-- Downloading...
   dst='/home/robodog/RoboDog/ros2_ws/build/motion_cmd/libs/spot_micro_kinematics_cpp/3rd_party/google-test/googletest-download/googletest-prefix/src/703bd9caab50b139428cea1aaff9974ebee5742e.tar.gz'
   timeout='none'
   inactivity timeout='none'
-- Using src='https://github.com/google/googletest/archive/703bd9caab50b139428cea1aaff9974ebee5742e.tar.gz'
-- Downloading... done
-- extracting...
     src='/home/robodog/RoboDog/ros2_ws/build/motion_cmd/libs/spot_micro_kinematics_cpp/3rd_party/google-test/googletest-download/googletest-prefix/src/703bd9caab50b139428cea1aaff9974ebee5742e.tar.gz'
     dst='/home/robodog/RoboDog/ros2_ws/build/motion_cmd/libs/spot_micro_kinematics_cpp/3rd_party/google-test/googletest-src'
-- extracting... [tar xfz]
-- extracting... [analysis]
-- extracting... [rename]
-- extracting... [clean up]
-- extracting... done
[ 33%] No update step for 'googletest'
[ 44%] No patch step for 'googletest'
[ 55%] No configure step for 'googletest'
[ 66%] No build step for 'googletest'
[ 77%] No install step for 'googletest'
[ 88%] No test step for 'googletest'
[100%] Completed 'googletest'
[100%] Built target googletest
[0mCMake Deprecation Warning at /home/robodog/RoboDog/ros2_ws/build/motion_cmd/libs/spot_micro_kinematics_cpp/3rd_party/google-test/googletest-src/CMakeLists.txt:4 (cmake_minimum_required):
  Compatibility with CMake < 2.8.12 will be removed from a future version of
  CMake.

  Update the VERSION argument <min> value or use a ...<max> suffix to tell
  CMake that the project does not need compatibility with older versions.

[0m
[0mCMake Deprecation Warning at /home/robodog/RoboDog/ros2_ws/build/motion_cmd/libs/spot_micro_kinematics_cpp/3rd_party/google-test/googletest-src/googlemock/CMakeLists.txt:45 (cmake_minimum_required):
  Compatibility with CMake < 2.8.12 will be removed from a future version of
  CMake.

  Update the VERSION argument <min> value or use a ...<max> suffix to tell
  CMake that the project does not need compatibility with older versions.

[0m
[0mCMake Deprecation Warning at /home/robodog/RoboDog/ros2_ws/build/motion_cmd/libs/spot_micro_kinematics_cpp/3rd_party/google-test/googletest-src/googletest/CMakeLists.txt:56 (cmake_minimum_required):
  Compatibility with CMake < 2.8.12 will be removed from a future version of
  CMake.

  Update the VERSION argument <min> value or use a ...<max> suffix to tell
  CMake that the project does not need compatibility with older versions.

[0m
-- Found PythonInterp: /usr/bin/python3.10 (found version "3.10.12") 
-- Configuring done
[31mCMake Error at CMakeLists.txt:68 (add_executable):
  Cannot find source file:

    src/motion_cmd_node.cpp

  Tried extensions .c .C .c++ .cc .cpp .cxx .cu .mpp .m .M .mm .ixx .cppm .h
  .hh .h++ .hm .hpp .hxx .in .txx .f .F .for .f77 .f90 .f95 .f03 .hip .ispc

[0m
[31mCMake Error at CMakeLists.txt:68 (add_executable):
  No SOURCES given to target: motion_cmd_node

[0m
[0mCMake Generate step failed.  Build files cannot be regenerated correctly.[0m
