[0.043s] Invoking command in '/home/robodog/RoboDog/ros2_ws/build/motion_cmd': AMENT_PREFIX_PATH=/home/robodog/RoboDog/ros2_ws/install/i2cpwm_controller:${AMENT_PREFIX_PATH} CMAKE_PREFIX_PATH=/home/robodog/RoboDog/ros2_ws/install/i2cpwm_controller LD_LIBRARY_PATH=/home/robodog/RoboDog/ros2_ws/install/i2cpwm_controller/lib:${LD_LIBRARY_PATH} PYTHONPATH=/home/robodog/RoboDog/ros2_ws/install/i2cpwm_controller/local/lib/python3.10/dist-packages:${PYTHONPATH} /usr/bin/cmake /home/robodog/RoboDog/ros2_ws/src/motion_cmd -DCATKIN_INSTALL_INTO_PREFIX_ROOT=0 -DCMAKE_INSTALL_PREFIX=/home/robodog/RoboDog/ros2_ws/install/motion_cmd
[0.305s] -- The C compiler identification is GNU 11.4.0
[0.563s] -- The CXX compiler identification is GNU 11.4.0
[0.594s] -- Detecting C compiler ABI info
[0.916s] -- Detecting C compiler ABI info - done
[0.943s] -- Check for working C compiler: /usr/bin/cc - skipped
[0.944s] -- Detecting C compile features
[0.945s] -- Detecting C compile features - done
[0.957s] -- Detecting CXX compiler ABI info
[1.315s] -- Detecting CXX compiler ABI info - done
[1.344s] -- Check for working CXX compiler: /usr/bin/c++ - skipped
[1.345s] -- Detecting CXX compile features
[1.347s] -- Detecting CXX compile features - done
[1.374s] -- Found ament_cmake: 1.3.10 (/opt/ros/humble/share/ament_cmake/cmake)
[2.114s] -- Found Python3: /usr/bin/python3 (found version "3.10.12") found components: Interpreter 
[2.665s] -- Found rclcpp: 16.0.10 (/opt/ros/humble/share/rclcpp/cmake)
[2.993s] -- Found rosidl_generator_c: 3.1.5 (/opt/ros/humble/share/rosidl_generator_c/cmake)
[3.035s] -- Found rosidl_adapter: 3.1.5 (/opt/ros/humble/share/rosidl_adapter/cmake)
[3.091s] -- Found rosidl_generator_cpp: 3.1.5 (/opt/ros/humble/share/rosidl_generator_cpp/cmake)
[3.162s] -- Using all available rosidl_typesupport_c: rosidl_typesupport_fastrtps_c;rosidl_typesupport_introspection_c
[3.262s] -- Using all available rosidl_typesupport_cpp: rosidl_typesupport_fastrtps_cpp;rosidl_typesupport_introspection_cpp
[3.542s] -- Found rmw_implementation_cmake: 6.1.2 (/opt/ros/humble/share/rmw_implementation_cmake/cmake)
[3.564s] -- Found rmw_fastrtps_cpp: 6.2.7 (/opt/ros/humble/share/rmw_fastrtps_cpp/cmake)
[4.105s] -- Found OpenSSL: /usr/lib/aarch64-linux-gnu/libcrypto.so (found version "3.0.2")  
[4.358s] -- Found FastRTPS: /opt/ros/humble/include  
[4.764s] -- Using RMW implementation 'rmw_fastrtps_cpp' as default
[4.832s] -- Looking for pthread.h
[5.182s] -- Looking for pthread.h - found
[5.184s] -- Performing Test CMAKE_HAVE_LIBC_PTHREAD
[5.523s] -- Performing Test CMAKE_HAVE_LIBC_PTHREAD - Success
[5.528s] -- Found Threads: TRUE  
[5.789s] -- Found geometry_msgs: 4.2.4 (/opt/ros/humble/share/geometry_msgs/cmake)
[5.856s] -- Found tf2: 0.25.8 (/opt/ros/humble/share/tf2/cmake)
[5.972s] -- Found tf2_ros: 0.25.8 (/opt/ros/humble/share/tf2_ros/cmake)
[6.444s] -- Found tf2_geometry_msgs: 0.25.8 (/opt/ros/humble/share/tf2_geometry_msgs/cmake)
[6.597s] -- Found eigen3_cmake_module: 0.1.1 (/opt/ros/humble/share/eigen3_cmake_module/cmake)
[6.602s] -- Found Eigen3: TRUE (found version "3.4.0") 
[6.602s] -- Ensuring Eigen3 include directory is part of orocos-kdl CMake target
[6.609s] -- Found i2cpwm_controller: 0.5.1 (/home/robodog/RoboDog/ros2_ws/install/i2cpwm_controller/share/i2cpwm_controller/cmake)
[6.888s] -- Configuring done
[6.901s] -- Generating done
[6.904s] -- Build files have been written to: /home/robodog/RoboDog/ros2_ws/build/motion_cmd/libs/spot_micro_kinematics_cpp/3rd_party/google-test/googletest-download
[7.105s] [ 11%] Creating directories for 'googletest'
[7.383s] [ 22%] Performing download step (download, verify and extract) for 'googletest'
[7.421s] -- Downloading...
[7.422s]    dst='/home/robodog/RoboDog/ros2_ws/build/motion_cmd/libs/spot_micro_kinematics_cpp/3rd_party/google-test/googletest-download/googletest-prefix/src/703bd9caab50b139428cea1aaff9974ebee5742e.tar.gz'
[7.422s]    timeout='none'
[7.422s]    inactivity timeout='none'
[7.422s] -- Using src='https://github.com/google/googletest/archive/703bd9caab50b139428cea1aaff9974ebee5742e.tar.gz'
[8.307s] -- Downloading... done
[8.390s] -- extracting...
[8.391s]      src='/home/robodog/RoboDog/ros2_ws/build/motion_cmd/libs/spot_micro_kinematics_cpp/3rd_party/google-test/googletest-download/googletest-prefix/src/703bd9caab50b139428cea1aaff9974ebee5742e.tar.gz'
[8.391s]      dst='/home/robodog/RoboDog/ros2_ws/build/motion_cmd/libs/spot_micro_kinematics_cpp/3rd_party/google-test/googletest-src'
[8.392s] -- extracting... [tar xfz]
[8.512s] -- extracting... [analysis]
[8.512s] -- extracting... [rename]
[8.513s] -- extracting... [clean up]
[8.513s] -- extracting... done
[8.589s] [ 33%] No update step for 'googletest'
[8.689s] [ 44%] No patch step for 'googletest'
[8.787s] [ 55%] No configure step for 'googletest'
[8.912s] [ 66%] No build step for 'googletest'
[9.025s] [ 77%] No install step for 'googletest'
[9.129s] [ 88%] No test step for 'googletest'
[9.236s] [100%] Completed 'googletest'
[9.365s] [100%] Built target googletest
[9.412s] [0mCMake Deprecation Warning at /home/robodog/RoboDog/ros2_ws/build/motion_cmd/libs/spot_micro_kinematics_cpp/3rd_party/google-test/googletest-src/CMakeLists.txt:4 (cmake_minimum_required):
[9.412s]   Compatibility with CMake < 2.8.12 will be removed from a future version of
[9.413s]   CMake.
[9.413s] 
[9.414s]   Update the VERSION argument <min> value or use a ...<max> suffix to tell
[9.414s]   CMake that the project does not need compatibility with older versions.
[9.414s] 
[9.415s] [0m
[9.426s] [0mCMake Deprecation Warning at /home/robodog/RoboDog/ros2_ws/build/motion_cmd/libs/spot_micro_kinematics_cpp/3rd_party/google-test/googletest-src/googlemock/CMakeLists.txt:45 (cmake_minimum_required):
[9.426s]   Compatibility with CMake < 2.8.12 will be removed from a future version of
[9.427s]   CMake.
[9.427s] 
[9.428s]   Update the VERSION argument <min> value or use a ...<max> suffix to tell
[9.428s]   CMake that the project does not need compatibility with older versions.
[9.428s] 
[9.429s] [0m
[9.431s] [0mCMake Deprecation Warning at /home/robodog/RoboDog/ros2_ws/build/motion_cmd/libs/spot_micro_kinematics_cpp/3rd_party/google-test/googletest-src/googletest/CMakeLists.txt:56 (cmake_minimum_required):
[9.432s]   Compatibility with CMake < 2.8.12 will be removed from a future version of
[9.432s]   CMake.
[9.432s] 
[9.433s]   Update the VERSION argument <min> value or use a ...<max> suffix to tell
[9.433s]   CMake that the project does not need compatibility with older versions.
[9.433s] 
[9.434s] [0m
[9.536s] -- Found PythonInterp: /usr/bin/python3.10 (found version "3.10.12") 
[9.877s] -- Configuring done
[9.920s] [31mCMake Error at CMakeLists.txt:68 (add_executable):
[9.921s]   Cannot find source file:
[9.921s] 
[9.921s]     src/motion_cmd_node.cpp
[9.922s] 
[9.922s]   Tried extensions .c .C .c++ .cc .cpp .cxx .cu .mpp .m .M .mm .ixx .cppm .h
[9.922s]   .hh .h++ .hm .hpp .hxx .in .txx .f .F .for .f77 .f90 .f95 .f03 .hip .ispc
[9.923s] 
[9.923s] [0m
[9.925s] [31mCMake Error at CMakeLists.txt:68 (add_executable):
[9.925s]   No SOURCES given to target: motion_cmd_node
[9.926s] 
[9.926s] [0m
[9.926s] [0mCMake Generate step failed.  Build files cannot be regenerated correctly.[0m
[9.979s] Invoked command in '/home/robodog/RoboDog/ros2_ws/build/motion_cmd' returned '1': AMENT_PREFIX_PATH=/home/robodog/RoboDog/ros2_ws/install/i2cpwm_controller:${AMENT_PREFIX_PATH} CMAKE_PREFIX_PATH=/home/robodog/RoboDog/ros2_ws/install/i2cpwm_controller LD_LIBRARY_PATH=/home/robodog/RoboDog/ros2_ws/install/i2cpwm_controller/lib:${LD_LIBRARY_PATH} PYTHONPATH=/home/robodog/RoboDog/ros2_ws/install/i2cpwm_controller/local/lib/python3.10/dist-packages:${PYTHONPATH} /usr/bin/cmake /home/robodog/RoboDog/ros2_ws/src/motion_cmd -DCATKIN_INSTALL_INTO_PREFIX_ROOT=0 -DCMAKE_INSTALL_PREFIX=/home/robodog/RoboDog/ros2_ws/install/motion_cmd
