In file included from [01m[K/home/robodog/RoboDog/ros2_ws/src/motion_cmd/src/smfsm/state.cpp:1[m[K:
[01m[K/home/robodog/RoboDog/ros2_ws/src/motion_cmd/src/smfsm/state.h:60:46:[m[K [01;31m[Kerror: [m[K‘[01m[Kstd::unique_ptr[m[K’ has not been declared
   60 |   void changeState(SpotMicroMotionCmd* smmc, [01;31m[Kstd[m[K::unique_ptr<SpotMicroState> sms);
      |                                              [01;31m[K^~~[m[K
[01m[K/home/robodog/RoboDog/ros2_ws/src/motion_cmd/src/smfsm/state.h:60:61:[m[K [01;31m[Kerror: [m[Kexpected ‘[01m[K,[m[K’ or ‘[01m[K...[m[K’ before ‘[01m[K<[m[K’ token
   60 |   void changeState(SpotMicroMotionCmd* smmc, std::unique_ptr[01;31m[K<[m[KSpotMicroState> sms);
      |                                                             [01;31m[K^[m[K
In file included from [01m[K/home/robodog/RoboDog/ros2_ws/src/motion_cmd/src/smfsm/idle.h:5[m[K,
                 from [01m[K/home/robodog/RoboDog/ros2_ws/src/motion_cmd/src/smfsm/idle.cpp:1[m[K:
[01m[K/home/robodog/RoboDog/ros2_ws/src/motion_cmd/src/smfsm/state.h:60:46:[m[K [01;31m[Kerror: [m[K‘[01m[Kstd::unique_ptr[m[K’ has not been declared
   60 |   void changeState(SpotMicroMotionCmd* smmc, [01;31m[Kstd[m[K::unique_ptr<SpotMicroState> sms);
      |                                              [01;31m[K^~~[m[K
[01m[K/home/robodog/RoboDog/ros2_ws/src/motion_cmd/src/smfsm/state.h:60:61:[m[K [01;31m[Kerror: [m[Kexpected ‘[01m[K,[m[K’ or ‘[01m[K...[m[K’ before ‘[01m[K<[m[K’ token
   60 |   void changeState(SpotMicroMotionCmd* smmc, std::unique_ptr[01;31m[K<[m[KSpotMicroState> sms);
      |                                                             [01;31m[K^[m[K
In file included from [01m[K/home/robodog/RoboDog/ros2_ws/src/motion_cmd/src/smfsm/stand.h:3[m[K,
                 from [01m[K/home/robodog/RoboDog/ros2_ws/src/motion_cmd/src/smfsm/stand.cpp:1[m[K:
[01m[K/home/robodog/RoboDog/ros2_ws/src/motion_cmd/src/smfsm/state.h:60:46:[m[K [01;31m[Kerror: [m[K‘[01m[Kstd::unique_ptr[m[K’ has not been declared
   60 |   void changeState(SpotMicroMotionCmd* smmc, [01;31m[Kstd[m[K::unique_ptr<SpotMicroState> sms);
      |                                              [01;31m[K^~~[m[K
[01m[K/home/robodog/RoboDog/ros2_ws/src/motion_cmd/src/smfsm/state.h:60:61:[m[K [01;31m[Kerror: [m[Kexpected ‘[01m[K,[m[K’ or ‘[01m[K...[m[K’ before ‘[01m[K<[m[K’ token
   60 |   void changeState(SpotMicroMotionCmd* smmc, std::unique_ptr[01;31m[K<[m[KSpotMicroState> sms);
      |                                                             [01;31m[K^[m[K
In file included from [01m[K/home/robodog/RoboDog/ros2_ws/src/motion_cmd/src/smfsm/transition_stand.h:5[m[K,
                 from [01m[K/home/robodog/RoboDog/ros2_ws/src/motion_cmd/src/smfsm/transition_stand.cpp:1[m[K:
[01m[K/home/robodog/RoboDog/ros2_ws/src/motion_cmd/src/smfsm/state.h:60:46:[m[K [01;31m[Kerror: [m[K‘[01m[Kstd::unique_ptr[m[K’ has not been declared
   60 |   void changeState(SpotMicroMotionCmd* smmc, [01;31m[Kstd[m[K::unique_ptr<SpotMicroState> sms);
      |                                              [01;31m[K^~~[m[K
[01m[K/home/robodog/RoboDog/ros2_ws/src/motion_cmd/src/smfsm/state.h:60:61:[m[K [01;31m[Kerror: [m[Kexpected ‘[01m[K,[m[K’ or ‘[01m[K...[m[K’ before ‘[01m[K<[m[K’ token
   60 |   void changeState(SpotMicroMotionCmd* smmc, std::unique_ptr[01;31m[K<[m[KSpotMicroState> sms);
      |                                                             [01;31m[K^[m[K
In file included from [01m[K/home/robodog/RoboDog/ros2_ws/src/motion_cmd/src/smfsm/state.cpp:4[m[K:
[01m[K/home/robodog/RoboDog/ros2_ws/src/motion_cmd/include/motion_cmd/motion_cmd.h:168:39:[m[K [01;31m[Kerror: [m[K‘[01m[Ksrv[m[K’ is not a member of ‘[01m[Ki2cpwm_controller[m[K’; did you mean ‘[01m[Krcl_interfaces::srv[m[K’?
  168 |     rclcpp::Client<i2cpwm_controller::[01;31m[Ksrv[m[K::ServosConfig>::SharedPtr servos_config_client_;
      |                                       [01;31m[K^~~[m[K
In file included from [01m[K/opt/ros/humble/include/rcl_interfaces/rcl_interfaces/srv/describe_parameters.hpp:7[m[K,
                 from [01m[K/opt/ros/humble/include/rclcpp/rclcpp/parameter_client.hpp:28[m[K,
                 from [01m[K/opt/ros/humble/include/rclcpp/rclcpp/rclcpp.hpp:159[m[K,
                 from [01m[K/home/robodog/RoboDog/ros2_ws/src/motion_cmd/include/motion_cmd/motion_cmd.h:6[m[K,
                 from [01m[K/home/robodog/RoboDog/ros2_ws/src/motion_cmd/src/smfsm/state.cpp:4[m[K:
[01m[K/opt/ros/humble/include/rcl_interfaces/rcl_interfaces/srv/detail/describe_parameters__struct.hpp:27:11:[m[K [01;36m[Knote: [m[K‘[01m[Krcl_interfaces::srv[m[K’ declared here
   27 | namespace [01;36m[Ksrv[m[K
      |           [01;36m[K^~~[m[K
In file included from [01m[K/home/robodog/RoboDog/ros2_ws/src/motion_cmd/src/smfsm/state.cpp:4[m[K:
[01m[K/home/robodog/RoboDog/ros2_ws/src/motion_cmd/include/motion_cmd/motion_cmd.h:168:56:[m[K [01;31m[Kerror: [m[Ktemplate argument 1 is invalid
  168 |     rclcpp::Client<i2cpwm_controller::srv::ServosConfig[01;31m[K>[m[K::SharedPtr servos_config_client_;
      |                                                        [01;31m[K^[m[K
[01m[K/home/robodog/RoboDog/ros2_ws/src/motion_cmd/include/motion_cmd/motion_cmd.h:168:59:[m[K [01;31m[Kerror: [m[Kexpected ‘[01m[K;[m[K’ at end of member declaration
  168 |     rclcpp::Client<i2cpwm_controller::srv::ServosConfig>::[01;31m[KSharedPtr[m[K servos_config_client_;
      |                                                           [01;31m[K^~~~~~~~~[m[K
      |                                                                    [32m[K;[m[K
In file included from [01m[K/home/robodog/RoboDog/ros2_ws/src/motion_cmd/src/smfsm/idle.cpp:2[m[K:
[01m[K/home/robodog/RoboDog/ros2_ws/src/motion_cmd/include/motion_cmd/motion_cmd.h:168:39:[m[K [01;31m[Kerror: [m[K‘[01m[Ksrv[m[K’ is not a member of ‘[01m[Ki2cpwm_controller[m[K’; did you mean ‘[01m[Krcl_interfaces::srv[m[K’?
  168 |     rclcpp::Client<i2cpwm_controller::[01;31m[Ksrv[m[K::ServosConfig>::SharedPtr servos_config_client_;
      |                                       [01;31m[K^~~[m[K
In file included from [01m[K/opt/ros/humble/include/rcl_interfaces/rcl_interfaces/srv/describe_parameters.hpp:7[m[K,
                 from [01m[K/opt/ros/humble/include/rclcpp/rclcpp/parameter_client.hpp:28[m[K,
                 from [01m[K/opt/ros/humble/include/rclcpp/rclcpp/rclcpp.hpp:159[m[K,
                 from [01m[K/home/robodog/RoboDog/ros2_ws/src/motion_cmd/include/motion_cmd/motion_cmd.h:6[m[K,
                 from [01m[K/home/robodog/RoboDog/ros2_ws/src/motion_cmd/src/smfsm/idle.cpp:2[m[K:
[01m[K/opt/ros/humble/include/rcl_interfaces/rcl_interfaces/srv/detail/describe_parameters__struct.hpp:27:11:[m[K [01;36m[Knote: [m[K‘[01m[Krcl_interfaces::srv[m[K’ declared here
   27 | namespace [01;36m[Ksrv[m[K
      |           [01;36m[K^~~[m[K
In file included from [01m[K/home/robodog/RoboDog/ros2_ws/src/motion_cmd/src/smfsm/idle.cpp:2[m[K:
[01m[K/home/robodog/RoboDog/ros2_ws/src/motion_cmd/include/motion_cmd/motion_cmd.h:168:56:[m[K [01;31m[Kerror: [m[Ktemplate argument 1 is invalid
  168 |     rclcpp::Client<i2cpwm_controller::srv::ServosConfig[01;31m[K>[m[K::SharedPtr servos_config_client_;
      |                                                        [01;31m[K^[m[K
[01m[K/home/robodog/RoboDog/ros2_ws/src/motion_cmd/include/motion_cmd/motion_cmd.h:168:59:[m[K [01;31m[Kerror: [m[Kexpected ‘[01m[K;[m[K’ at end of member declaration
  168 |     rclcpp::Client<i2cpwm_controller::srv::ServosConfig>::[01;31m[KSharedPtr[m[K servos_config_client_;
      |                                                           [01;31m[K^~~~~~~~~[m[K
      |                                                                    [32m[K;[m[K
[01m[K/home/robodog/RoboDog/ros2_ws/src/motion_cmd/include/motion_cmd/motion_cmd.h:168:69:[m[K [01;31m[Kerror: [m[K‘[01m[Kservos_config_client_[m[K’ does not name a type
  168 |    rclcpp::Client<i2cpwm_controller::srv::ServosConfig>::SharedPtr [01;31m[Kservos_config_client_[m[K;
      |                                                                    [01;31m[K^~~~~~~~~~~~~~~~~~~~~[m[K

[01m[K/home/robodog/RoboDog/ros2_ws/src/motion_cmd/include/motion_cmd/motion_cmd.h:168:69:[m[K [01;31m[Kerror: [m[K‘[01m[Kservos_config_client_[m[K’ does not name a type
  168 |     rclcpp::Client<i2cpwm_controller::srv::ServosConfig>::SharedPtr [01;31m[Kservos_config_client_[m[K;
      |                                                                     [01;31m[K^~~~~~~~~~~~~~~~~~~~~[m[K
[01m[K/home/robodog/RoboDog/ros2_ws/src/motion_cmd/src/smfsm/idle.cpp:[m[K In member function ‘[01m[Kvirtual void SpotMicroIdleState::handleInputCommands(const smk::BodyState&, const SpotMicroNodeConfig&, const Command&, SpotMicroMotionCmd*, smk::BodyState*)[m[K’:
[01m[K/home/robodog/RoboDog/ros2_ws/src/motion_cmd/src/smfsm/idle.cpp:25:70:[m[K [01;31m[Kerror: [m[Kcannot convert ‘[01m[Kstd::_MakeUniq<SpotMicroTransitionStandState>::__single_object[m[K’ {aka ‘[01m[Kstd::unique_ptr<SpotMicroTransitionStandState, std::default_delete<SpotMicroTransitionStandState> >[m[K’} to ‘[01m[Kint[m[K’
   25 |     changeState(smmc, [01;31m[Kstd::make_unique<SpotMicroTransitionStandState>()[m[K);
      |                       [01;31m[K~~~~~~~~~~~~~~~~~~~~~~~~~~~~~~~~~~~~~~~~~~~~~~~^~[m[K
      |                                                                      [01;31m[K|[m[K
      |                                                                      [01;31m[Kstd::_MakeUniq<SpotMicroTransitionStandState>::__single_object {aka std::unique_ptr<SpotMicroTransitionStandState, std::default_delete<SpotMicroTransitionStandState> >}[m[K
In file included from [01m[K/home/robodog/RoboDog/ros2_ws/src/motion_cmd/src/smfsm/idle.h:5[m[K,
                 from [01m[K/home/robodog/RoboDog/ros2_ws/src/motion_cmd/src/smfsm/idle.cpp:1[m[K:
[01m[K/home/robodog/RoboDog/ros2_ws/src/motion_cmd/src/smfsm/state.h:60:46:[m[K [01;36m[Knote: [m[K  initializing argument 2 of ‘[01m[Kvoid SpotMicroState::changeState(SpotMicroMotionCmd*, int)[m[K’
   60 |   void changeState(SpotMicroMotionCmd* smmc, [01;36m[Kstd::unique_ptr[m[K<SpotMicroState> sms);
      |                                              [01;36m[K^~~~~~~~~~~~~~~[m[K
[01m[K/home/robodog/RoboDog/ros2_ws/src/motion_cmd/src/smfsm/state.cpp:20:6:[m[K [01;31m[Kerror: [m[Kno declaration matches ‘[01m[Kvoid SpotMicroState::changeState(SpotMicroMotionCmd*, std::unique_ptr<SpotMicroState>)[m[K’
   20 | void [01;31m[KSpotMicroState[m[K::changeState(SpotMicroMotionCmd* smmc, std::unique_ptr<SpotMicroState> sms) {
      |      [01;31m[K^~~~~~~~~~~~~~[m[K
In file included from [01m[K/home/robodog/RoboDog/ros2_ws/src/motion_cmd/src/smfsm/state.cpp:1[m[K:
[01m[K/home/robodog/RoboDog/ros2_ws/src/motion_cmd/src/smfsm/state.h:60:8:[m[K [01;36m[Knote: [m[Kcandidate is: ‘[01m[Kvoid SpotMicroState::changeState(SpotMicroMotionCmd*, int)[m[K’
   60 |   void [01;36m[KchangeState[m[K(SpotMicroMotionCmd* smmc, std::unique_ptr<SpotMicroState> sms);
      |        [01;36m[K^~~~~~~~~~~[m[K
[01m[K/home/robodog/RoboDog/ros2_ws/src/motion_cmd/src/smfsm/state.h:31:7:[m[K [01;36m[Knote: [m[K‘[01m[Kclass SpotMicroState[m[K’ defined here
   31 | class [01;36m[KSpotMicroState[m[K {
      |       [01;36m[K^~~~~~~~~~~~~~[m[K
In file included from [01m[K/home/robodog/RoboDog/ros2_ws/src/motion_cmd/src/smfsm/walk.h:3[m[K,
                 from [01m[K/home/robodog/RoboDog/ros2_ws/src/motion_cmd/src/smfsm/stand.cpp:4[m[K:
[01m[K/home/robodog/RoboDog/ros2_ws/src/motion_cmd/include/motion_cmd/motion_cmd.h:168:39:[m[K [01;31m[Kerror: [m[K‘[01m[Ksrv[m[K’ is not a member of ‘[01m[Ki2cpwm_controller[m[K’; did you mean ‘[01m[Krcl_interfaces::srv[m[K’?
  168 |     rclcpp::Client<i2cpwm_controller::[01;31m[Ksrv[m[K::ServosConfig>::SharedPtr servos_config_client_;
      |                                       [01;31m[K^~~[m[K
In file included from [01m[K/opt/ros/humble/include/rcl_interfaces/rcl_interfaces/srv/describe_parameters.hpp:7[m[K,
                 from [01m[K/opt/ros/humble/include/rclcpp/rclcpp/parameter_client.hpp:28[m[K,
                 from [01m[K/opt/ros/humble/include/rclcpp/rclcpp/rclcpp.hpp:159[m[K,
                 from [01m[K/home/robodog/RoboDog/ros2_ws/src/motion_cmd/include/motion_cmd/motion_cmd.h:6[m[K,
                 from [01m[K/home/robodog/RoboDog/ros2_ws/src/motion_cmd/src/smfsm/walk.h:3[m[K,
                 from [01m[K/home/robodog/RoboDog/ros2_ws/src/motion_cmd/src/smfsm/stand.cpp:4[m[K:
[01m[K/opt/ros/humble/include/rcl_interfaces/rcl_interfaces/srv/detail/describe_parameters__struct.hpp:27:11:[m[K [01;36m[Knote: [m[K‘[01m[Krcl_interfaces::srv[m[K’ declared here
   27 | namespace [01;36m[Ksrv[m[K
      |           [01;36m[K^~~[m[K
In file included from [01m[K/home/robodog/RoboDog/ros2_ws/src/motion_cmd/src/smfsm/walk.h:3[m[K,
                 from [01m[K/home/robodog/RoboDog/ros2_ws/src/motion_cmd/src/smfsm/stand.cpp:4[m[K:
[01m[K/home/robodog/RoboDog/ros2_ws/src/motion_cmd/include/motion_cmd/motion_cmd.h:168:56:[m[K [01;31m[Kerror: [m[Ktemplate argument 1 is invalid
  168 |     rclcpp::Client<i2cpwm_controller::srv::ServosConfig[01;31m[K>[m[K::SharedPtr servos_config_client_;
      |                                                        [01;31m[K^[m[K
[01m[K/home/robodog/RoboDog/ros2_ws/src/motion_cmd/include/motion_cmd/motion_cmd.h:168:59:[m[K [01;31m[Kerror: [m[Kexpected ‘[01m[K;[m[K’ at end of member declaration
  168 |     rclcpp::Client<i2cpwm_controller::srv::ServosConfig>::[01;31m[KSharedPtr[m[K servos_config_client_;
      |                                                           [01;31m[K^~~~~~~~~[m[K
      |                                                                    [32m[K;[m[K
[01m[K/home/robodog/RoboDog/ros2_ws/src/motion_cmd/include/motion_cmd/motion_cmd.h:168:69:[m[K [01;31m[Kerror: [m[K‘[01m[Kservos_config_client_[m[K’ does not name a type
  168 |     rclcpp::Client<i2cpwm_controller::srv::ServosConfig>::SharedPtr [01;31m[Kservos_config_client_[m[K;
      |                                                                     [01;31m[K^~~~~~~~~~~~~~~~~~~~~[m[K
[01m[K/home/robodog/RoboDog/ros2_ws/src/motion_cmd/src/smfsm/stand.cpp:[m[K In member function ‘[01m[Kvirtual void SpotMicroStandState::handleInputCommands(const smk::BodyState&, const SpotMicroNodeConfig&, const Command&, SpotMicroMotionCmd*, smk::BodyState*)[m[K’:
[01m[K/home/robodog/RoboDog/ros2_ws/src/motion_cmd/src/smfsm/stand.cpp:31:69:[m[K [01;31m[Kerror: [m[Kcannot convert ‘[01m[Kstd::_MakeUniq<SpotMicroTransitionIdleState>::__single_object[m[K’ {aka ‘[01m[Kstd::unique_ptr<SpotMicroTransitionIdleState, std::default_delete<SpotMicroTransitionIdleState> >[m[K’} to ‘[01m[Kint[m[K’
   31 |     changeState(smmc, [01;31m[Kstd::make_unique<SpotMicroTransitionIdleState>()[m[K);
      |                       [01;31m[K~~~~~~~~~~~~~~~~~~~~~~~~~~~~~~~~~~~~~~~~~~~~~~^~[m[K
      |                                                                     [01;31m[K|[m[K
      |                                                                     [01;31m[Kstd::_MakeUniq<SpotMicroTransitionIdleState>::__single_object {aka std::unique_ptr<SpotMicroTransitionIdleState, std::default_delete<SpotMicroTransitionIdleState> >}[m[K
In file included from [01m[K/home/robodog/RoboDog/ros2_ws/src/motion_cmd/src/smfsm/stand.h:3[m[K,
                 from [01m[K/home/robodog/RoboDog/ros2_ws/src/motion_cmd/src/smfsm/stand.cpp:1[m[K:
[01m[K/home/robodog/RoboDog/ros2_ws/src/motion_cmd/src/smfsm/state.h:60:46:[m[K [01;36m[Knote: [m[K  initializing argument 2 of ‘[01m[Kvoid SpotMicroState::changeState(SpotMicroMotionCmd*, int)[m[K’
   60 |   void changeState(SpotMicroMotionCmd* smmc, [01;36m[Kstd::unique_ptr[m[K<SpotMicroState> sms);
      |                                              [01;36m[K^~~~~~~~~~~~~~~[m[K
[01m[K/home/robodog/RoboDog/ros2_ws/src/motion_cmd/src/smfsm/stand.cpp:34:59:[m[K [01;31m[Kerror: [m[Kcannot convert ‘[01m[Kstd::_MakeUniq<SpotMicroWalkState>::__single_object[m[K’ {aka ‘[01m[Kstd::unique_ptr<SpotMicroWalkState, std::default_delete<SpotMicroWalkState> >[m[K’} to ‘[01m[Kint[m[K’
   34 |     changeState(smmc, [01;31m[Kstd::make_unique<SpotMicroWalkState>()[m[K);
      |                       [01;31m[K~~~~~~~~~~~~~~~~~~~~~~~~~~~~~~~~~~~~^~[m[K
      |                                                           [01;31m[K|[m[K
      |                                                           [01;31m[Kstd::_MakeUniq<SpotMicroWalkState>::__single_object {aka std::unique_ptr<SpotMicroWalkState, std::default_delete<SpotMicroWalkState> >}[m[K
In file included from [01m[K/home/robodog/RoboDog/ros2_ws/src/motion_cmd/src/smfsm/stand.h:3[m[K,
                 from [01m[K/home/robodog/RoboDog/ros2_ws/src/motion_cmd/src/smfsm/stand.cpp:1[m[K:
[01m[K/home/robodog/RoboDog/ros2_ws/src/motion_cmd/src/smfsm/state.h:60:46:[m[K [01;36m[Knote: [m[K  initializing argument 2 of ‘[01m[Kvoid SpotMicroState::changeState(SpotMicroMotionCmd*, int)[m[K’
   60 |   void changeState(SpotMicroMotionCmd* smmc, [01;36m[Kstd::unique_ptr[m[K<SpotMicroState> sms);
      |                                              [01;36m[K^~~~~~~~~~~~~~~[m[K
gmake[2]: *** [CMakeFiles/smfsm.dir/build.make:90: CMakeFiles/smfsm.dir/src/smfsm/idle.cpp.o] Error 1
gmake[2]: *** Waiting for unfinished jobs....
gmake[2]: *** [CMakeFiles/smfsm.dir/build.make:76: CMakeFiles/smfsm.dir/src/smfsm/state.cpp.o] Error 1
gmake[2]: *** [CMakeFiles/smfsm.dir/build.make:104: CMakeFiles/smfsm.dir/src/smfsm/stand.cpp.o] Error 1
In file included from [01m[K/home/robodog/RoboDog/ros2_ws/src/motion_cmd/src/smfsm/transition_stand.cpp:4[m[K:
[01m[K/home/robodog/RoboDog/ros2_ws/src/motion_cmd/include/motion_cmd/motion_cmd.h:168:39:[m[K [01;31m[Kerror: [m[K‘[01m[Ksrv[m[K’ is not a member of ‘[01m[Ki2cpwm_controller[m[K’; did you mean ‘[01m[Krcl_interfaces::srv[m[K’?
  168 |     rclcpp::Client<i2cpwm_controller::[01;31m[Ksrv[m[K::ServosConfig>::SharedPtr servos_config_client_;
      |                                       [01;31m[K^~~[m[K
In file included from [01m[K/opt/ros/humble/include/rcl_interfaces/rcl_interfaces/srv/describe_parameters.hpp:7[m[K,
                 from [01m[K/opt/ros/humble/include/rclcpp/rclcpp/parameter_client.hpp:28[m[K,
                 from [01m[K/opt/ros/humble/include/rclcpp/rclcpp/rclcpp.hpp:159[m[K,
                 from [01m[K/home/robodog/RoboDog/ros2_ws/src/motion_cmd/include/motion_cmd/motion_cmd.h:6[m[K,
                 from [01m[K/home/robodog/RoboDog/ros2_ws/src/motion_cmd/src/smfsm/transition_stand.cpp:4[m[K:
[01m[K/opt/ros/humble/include/rcl_interfaces/rcl_interfaces/srv/detail/describe_parameters__struct.hpp:27:11:[m[K [01;36m[Knote: [m[K‘[01m[Krcl_interfaces::srv[m[K’ declared here
   27 | namespace [01;36m[Ksrv[m[K
      |           [01;36m[K^~~[m[K
In file included from [01m[K/home/robodog/RoboDog/ros2_ws/src/motion_cmd/src/smfsm/transition_stand.cpp:4[m[K:
[01m[K/home/robodog/RoboDog/ros2_ws/src/motion_cmd/include/motion_cmd/motion_cmd.h:168:56:[m[K [01;31m[Kerror: [m[Ktemplate argument 1 is invalid
  168 |     rclcpp::Client<i2cpwm_controller::srv::ServosConfig[01;31m[K>[m[K::SharedPtr servos_config_client_;
      |                                                        [01;31m[K^[m[K
[01m[K/home/robodog/RoboDog/ros2_ws/src/motion_cmd/include/motion_cmd/motion_cmd.h:168:59:[m[K [01;31m[Kerror: [m[Kexpected ‘[01m[K;[m[K’ at end of member declaration
  168 |     rclcpp::Client<i2cpwm_controller::srv::ServosConfig>::[01;31m[KSharedPtr[m[K servos_config_client_;
      |                                                           [01;31m[K^~~~~~~~~[m[K
      |                                                                    [32m[K;[m[K
[01m[K/home/robodog/RoboDog/ros2_ws/src/motion_cmd/include/motion_cmd/motion_cmd.h:168:69:[m[K [01;31m[Kerror: [m[K‘[01m[Kservos_config_client_[m[K’ does not name a type
  168 |     rclcpp::Client<i2cpwm_controller::srv::ServosConfig>::SharedPtr [01;31m[Kservos_config_client_[m[K;
      |                                                                     [01;31m[K^~~~~~~~~~~~~~~~~~~~~[m[K
[01m[K/home/robodog/RoboDog/ros2_ws/src/motion_cmd/src/smfsm/transition_stand.cpp:[m[K In member function ‘[01m[Kvirtual void SpotMicroTransitionStandState::handleInputCommands(const smk::BodyState&, const SpotMicroNodeConfig&, const Command&, SpotMicroMotionCmd*, smk::BodyState*)[m[K’:
[01m[K/home/robodog/RoboDog/ros2_ws/src/motion_cmd/src/smfsm/transition_stand.cpp:64:60:[m[K [01;31m[Kerror: [m[Kcannot convert ‘[01m[Kstd::_MakeUniq<SpotMicroStandState>::__single_object[m[K’ {aka ‘[01m[Kstd::unique_ptr<SpotMicroStandState, std::default_delete<SpotMicroStandState> >[m[K’} to ‘[01m[Kint[m[K’
   64 |     changeState(smmc, [01;31m[Kstd::make_unique<SpotMicroStandState>()[m[K);
      |                       [01;31m[K~~~~~~~~~~~~~~~~~~~~~~~~~~~~~~~~~~~~~^~[m[K
      |                                                            [01;31m[K|[m[K
      |                                                            [01;31m[Kstd::_MakeUniq<SpotMicroStandState>::__single_object {aka std::unique_ptr<SpotMicroStandState, std::default_delete<SpotMicroStandState> >}[m[K
In file included from [01m[K/home/robodog/RoboDog/ros2_ws/src/motion_cmd/src/smfsm/transition_stand.h:5[m[K,
                 from [01m[K/home/robodog/RoboDog/ros2_ws/src/motion_cmd/src/smfsm/transition_stand.cpp:1[m[K:
[01m[K/home/robodog/RoboDog/ros2_ws/src/motion_cmd/src/smfsm/state.h:60:46:[m[K [01;36m[Knote: [m[K  initializing argument 2 of ‘[01m[Kvoid SpotMicroState::changeState(SpotMicroMotionCmd*, int)[m[K’
   60 |   void changeState(SpotMicroMotionCmd* smmc, [01;36m[Kstd::unique_ptr[m[K<SpotMicroState> sms);
      |                                              [01;36m[K^~~~~~~~~~~~~~~[m[K
gmake[2]: *** [CMakeFiles/smfsm.dir/build.make:118: CMakeFiles/smfsm.dir/src/smfsm/transition_stand.cpp.o] Error 1
gmake[1]: *** [CMakeFiles/Makefile2:230: CMakeFiles/smfsm.dir/all] Error 2
gmake: *** [Makefile:146: all] Error 2
