[0.048s] Invoking command in '/home/robodog/RoboDog/ros2_ws/build/motion_cmd': AMENT_PREFIX_PATH=/home/robodog/RoboDog/ros2_ws/install/i2cpwm_controller:${AMENT_PREFIX_PATH} CMAKE_PREFIX_PATH=/home/robodog/RoboDog/ros2_ws/install/i2cpwm_controller LD_LIBRARY_PATH=/home/robodog/RoboDog/ros2_ws/install/i2cpwm_controller/lib:${LD_LIBRARY_PATH} PYTHONPATH=/home/robodog/RoboDog/ros2_ws/install/i2cpwm_controller/local/lib/python3.10/dist-packages:${PYTHONPATH} /usr/bin/cmake --build /home/robodog/RoboDog/ros2_ws/build/motion_cmd -- -j4 -l4
[0.229s] [35m[1mConsolidate compiler generated dependencies of target gtest[0m
[0.232s] [35m[1mConsolidate compiler generated dependencies of target spot_micro_kinematics[0m
[0.298s] [  6%] Built target gtest
[0.316s] [ 20%] Built target spot_micro_kinematics
[0.345s] [35m[1mConsolidate compiler generated dependencies of target gtest_main[0m
[0.347s] [35m[1mConsolidate compiler generated dependencies of target gmock[0m
[0.374s] [35m[1mConsolidate compiler generated dependencies of target smfsm[0m
[0.415s] [ 27%] Built target gtest_main
[0.440s] [ 34%] Built target gmock
[0.467s] [35m[1mConsolidate compiler generated dependencies of target test_utils[0m
[0.471s] [35m[1mConsolidate compiler generated dependencies of target test_spot_micro_leg[0m
[0.563s] [35m[1mConsolidate compiler generated dependencies of target test_spot_micro_kinematics[0m
[0.586s] [ 41%] Built target test_spot_micro_leg
[0.605s] [ 48%] Built target test_utils
[0.679s] [ 55%] Built target test_spot_micro_kinematics
[0.709s] [ 58%] [32mBuilding CXX object libs/spot_micro_kinematics_cpp/3rd_party/google-test/googletest-build/googlemock/CMakeFiles/gmock_main.dir/src/gmock_main.cc.o[0m
[0.733s] [ 62%] [32mBuilding CXX object CMakeFiles/smfsm.dir/src/smfsm/state.cpp.o[0m
[0.785s] [ 65%] [32mBuilding CXX object CMakeFiles/smfsm.dir/src/smfsm/idle.cpp.o[0m
[0.788s] [ 68%] [32mBuilding CXX object CMakeFiles/smfsm.dir/src/smfsm/stand.cpp.o[0m
[5.767s] [ 72%] [32m[1mLinking CXX static library ../../../../../../lib/libgmock_main.a[0m
[5.982s] [ 72%] Built target gmock_main
[6.039s] [ 75%] [32mBuilding CXX object CMakeFiles/smfsm.dir/src/smfsm/transition_stand.cpp.o[0m
[10.713s] In file included from [01m[K/home/robodog/RoboDog/ros2_ws/src/motion_cmd/src/smfsm/state.cpp:1[m[K:
[10.717s] [01m[K/home/robodog/RoboDog/ros2_ws/src/motion_cmd/src/smfsm/state.h:60:46:[m[K [01;31m[Kerror: [m[K‘[01m[Kstd::unique_ptr[m[K’ has not been declared
[10.720s]    60 |   void changeState(SpotMicroMotionCmd* smmc, [01;31m[Kstd[m[K::unique_ptr<SpotMicroState> sms);
[10.724s]       |                                              [01;31m[K^~~[m[K
[10.728s] [01m[K/home/robodog/RoboDog/ros2_ws/src/motion_cmd/src/smfsm/state.h:60:61:[m[K [01;31m[Kerror: [m[Kexpected ‘[01m[K,[m[K’ or ‘[01m[K...[m[K’ before ‘[01m[K<[m[K’ token
[10.731s]    60 |   void changeState(SpotMicroMotionCmd* smmc, std::unique_ptr[01;31m[K<[m[KSpotMicroState> sms);
[10.744s]       |                                                             [01;31m[K^[m[K
[11.483s] In file included from [01m[K/home/robodog/RoboDog/ros2_ws/src/motion_cmd/src/smfsm/idle.h:5[m[K,
[11.488s]                  from [01m[K/home/robodog/RoboDog/ros2_ws/src/motion_cmd/src/smfsm/idle.cpp:1[m[K:
[11.491s] [01m[K/home/robodog/RoboDog/ros2_ws/src/motion_cmd/src/smfsm/state.h:60:46:[m[K [01;31m[Kerror: [m[K‘[01m[Kstd::unique_ptr[m[K’ has not been declared
[11.494s]    60 |   void changeState(SpotMicroMotionCmd* smmc, [01;31m[Kstd[m[K::unique_ptr<SpotMicroState> sms);
[11.498s]       |                                              [01;31m[K^~~[m[K
[11.505s] [01m[K/home/robodog/RoboDog/ros2_ws/src/motion_cmd/src/smfsm/state.h:60:61:[m[K [01;31m[Kerror: [m[Kexpected ‘[01m[K,[m[K’ or ‘[01m[K...[m[K’ before ‘[01m[K<[m[K’ token
[11.509s]    60 |   void changeState(SpotMicroMotionCmd* smmc, std::unique_ptr[01;31m[K<[m[KSpotMicroState> sms);
[11.524s]       |                                                             [01;31m[K^[m[K
[11.967s] In file included from [01m[K/home/robodog/RoboDog/ros2_ws/src/motion_cmd/src/smfsm/stand.h:3[m[K,
[11.971s]                  from [01m[K/home/robodog/RoboDog/ros2_ws/src/motion_cmd/src/smfsm/stand.cpp:1[m[K:
[11.975s] [01m[K/home/robodog/RoboDog/ros2_ws/src/motion_cmd/src/smfsm/state.h:60:46:[m[K [01;31m[Kerror: [m[K‘[01m[Kstd::unique_ptr[m[K’ has not been declared
[11.979s]    60 |   void changeState(SpotMicroMotionCmd* smmc, [01;31m[Kstd[m[K::unique_ptr<SpotMicroState> sms);
[11.983s]       |                                              [01;31m[K^~~[m[K
[11.999s] [01m[K/home/robodog/RoboDog/ros2_ws/src/motion_cmd/src/smfsm/state.h:60:61:[m[K [01;31m[Kerror: [m[Kexpected ‘[01m[K,[m[K’ or ‘[01m[K...[m[K’ before ‘[01m[K<[m[K’ token
[12.005s]    60 |   void changeState(SpotMicroMotionCmd* smmc, std::unique_ptr[01;31m[K<[m[KSpotMicroState> sms);
[12.008s]       |                                                             [01;31m[K^[m[K
[18.010s] In file included from [01m[K/home/robodog/RoboDog/ros2_ws/src/motion_cmd/src/smfsm/transition_stand.h:5[m[K,
[18.013s]                  from [01m[K/home/robodog/RoboDog/ros2_ws/src/motion_cmd/src/smfsm/transition_stand.cpp:1[m[K:
[18.017s] [01m[K/home/robodog/RoboDog/ros2_ws/src/motion_cmd/src/smfsm/state.h:60:46:[m[K [01;31m[Kerror: [m[K‘[01m[Kstd::unique_ptr[m[K’ has not been declared
[18.022s]    60 |   void changeState(SpotMicroMotionCmd* smmc, [01;31m[Kstd[m[K::unique_ptr<SpotMicroState> sms);
[18.025s]       |                                              [01;31m[K^~~[m[K
[18.035s] [01m[K/home/robodog/RoboDog/ros2_ws/src/motion_cmd/src/smfsm/state.h:60:61:[m[K [01;31m[Kerror: [m[Kexpected ‘[01m[K,[m[K’ or ‘[01m[K...[m[K’ before ‘[01m[K<[m[K’ token
[18.039s]    60 |   void changeState(SpotMicroMotionCmd* smmc, std::unique_ptr[01;31m[K<[m[KSpotMicroState> sms);
[18.042s]       |                                                             [01;31m[K^[m[K
[25.321s] In file included from [01m[K/home/robodog/RoboDog/ros2_ws/src/motion_cmd/src/smfsm/state.cpp:4[m[K:
[25.326s] [01m[K/home/robodog/RoboDog/ros2_ws/src/motion_cmd/include/motion_cmd/motion_cmd.h:168:39:[m[K [01;31m[Kerror: [m[K‘[01m[Ksrv[m[K’ is not a member of ‘[01m[Ki2cpwm_controller[m[K’; did you mean ‘[01m[Krcl_interfaces::srv[m[K’?
[25.332s]   168 |     rclcpp::Client<i2cpwm_controller::[01;31m[Ksrv[m[K::ServosConfig>::SharedPtr servos_config_client_;
[25.338s]       |                                       [01;31m[K^~~[m[K
[25.342s] In file included from [01m[K/opt/ros/humble/include/rcl_interfaces/rcl_interfaces/srv/describe_parameters.hpp:7[m[K,
[25.347s]                  from [01m[K/opt/ros/humble/include/rclcpp/rclcpp/parameter_client.hpp:28[m[K,
[25.367s]                  from [01m[K/opt/ros/humble/include/rclcpp/rclcpp/rclcpp.hpp:159[m[K,
[25.371s]                  from [01m[K/home/robodog/RoboDog/ros2_ws/src/motion_cmd/include/motion_cmd/motion_cmd.h:6[m[K,
[25.375s]                  from [01m[K/home/robodog/RoboDog/ros2_ws/src/motion_cmd/src/smfsm/state.cpp:4[m[K:
[25.379s] [01m[K/opt/ros/humble/include/rcl_interfaces/rcl_interfaces/srv/detail/describe_parameters__struct.hpp:27:11:[m[K [01;36m[Knote: [m[K‘[01m[Krcl_interfaces::srv[m[K’ declared here
[25.396s]    27 | namespace [01;36m[Ksrv[m[K
[25.413s]       |           [01;36m[K^~~[m[K
[25.416s] In file included from [01m[K/home/robodog/RoboDog/ros2_ws/src/motion_cmd/src/smfsm/state.cpp:4[m[K:
[25.425s] [01m[K/home/robodog/RoboDog/ros2_ws/src/motion_cmd/include/motion_cmd/motion_cmd.h:168:56:[m[K [01;31m[Kerror: [m[Ktemplate argument 1 is invalid
[25.429s]   168 |     rclcpp::Client<i2cpwm_controller::srv::ServosConfig[01;31m[K>[m[K::SharedPtr servos_config_client_;
[25.443s]       |                                                        [01;31m[K^[m[K
[25.447s] [01m[K/home/robodog/RoboDog/ros2_ws/src/motion_cmd/include/motion_cmd/motion_cmd.h:168:59:[m[K [01;31m[Kerror: [m[Kexpected ‘[01m[K;[m[K’ at end of member declaration
[25.451s]   168 |     rclcpp::Client<i2cpwm_controller::srv::ServosConfig>::[01;31m[KSharedPtr[m[K servos_config_client_;
[25.454s]       |                                                           [01;31m[K^~~~~~~~~[m[K
[25.458s]       |                                                                    [32m[K;[m[K
[25.461s] In file included from [01m[K/home/robodog/RoboDog/ros2_ws/src/motion_cmd/src/smfsm/idle.cpp:2[m[K:
[25.464s] [01m[K/home/robodog/RoboDog/ros2_ws/src/motion_cmd/include/motion_cmd/motion_cmd.h:168:39:[m[K [01;31m[Kerror: [m[K‘[01m[Ksrv[m[K’ is not a member of ‘[01m[Ki2cpwm_controller[m[K’; did you mean ‘[01m[Krcl_interfaces::srv[m[K’?
[25.477s]   168 |     rclcpp::Client<i2cpwm_controller::[01;31m[Ksrv[m[K::ServosConfig>::SharedPtr servos_config_client_;
[25.483s]       |                                       [01;31m[K^~~[m[K
[25.486s] In file included from [01m[K/opt/ros/humble/include/rcl_interfaces/rcl_interfaces/srv/describe_parameters.hpp:7[m[K,
[25.489s]                  from [01m[K/opt/ros/humble/include/rclcpp/rclcpp/parameter_client.hpp:28[m[K,
[25.493s]                  from [01m[K/opt/ros/humble/include/rclcpp/rclcpp/rclcpp.hpp:159[m[K,
[25.497s]                  from [01m[K/home/robodog/RoboDog/ros2_ws/src/motion_cmd/include/motion_cmd/motion_cmd.h:6[m[K,
[25.502s]                  from [01m[K/home/robodog/RoboDog/ros2_ws/src/motion_cmd/src/smfsm/idle.cpp:2[m[K:
[25.506s] [01m[K/opt/ros/humble/include/rcl_interfaces/rcl_interfaces/srv/detail/describe_parameters__struct.hpp:27:11:[m[K [01;36m[Knote: [m[K‘[01m[Krcl_interfaces::srv[m[K’ declared here
[25.509s]    27 | namespace [01;36m[Ksrv[m[K
[25.512s]       |           [01;36m[K^~~[m[K
[25.516s] In file included from [01m[K/home/robodog/RoboDog/ros2_ws/src/motion_cmd/src/smfsm/idle.cpp:2[m[K:
[25.519s] [01m[K/home/robodog/RoboDog/ros2_ws/src/motion_cmd/include/motion_cmd/motion_cmd.h:168:56:[m[K [01;31m[Kerror: [m[Ktemplate argument 1 is invalid
[25.523s]   168 |     rclcpp::Client<i2cpwm_controller::srv::ServosConfig[01;31m[K>[m[K::SharedPtr servos_config_client_;
[25.527s]       |                                                        [01;31m[K^[m[K
[25.531s] [01m[K/home/robodog/RoboDog/ros2_ws/src/motion_cmd/include/motion_cmd/motion_cmd.h:168:59:[m[K [01;31m[Kerror: [m[Kexpected ‘[01m[K;[m[K’ at end of member declaration
[25.535s]   168 |     rclcpp::Client<i2cpwm_controller::srv::ServosConfig>::[01;31m[KSharedPtr[m[K servos_config_client_;
[25.538s]       |                                                           [01;31m[K^~~~~~~~~[m[K
[25.542s]       |                                                                    [32m[K;[m[K
[25.546s] [01m[K/home/robodog/RoboDog/ros2_ws/src/motion_cmd/include/motion_cmd/motion_cmd.h:168:69:[m[K [01;31m[Kerror: [m[K‘[01m[Kservos_config_client_[m[K’ does not name a type
[25.550s]   168 |    rclcpp::Client<i2cpwm_controller::srv::ServosConfig>::SharedPtr [01;31m[Kservos_config_client_[m[K;
[25.553s]       |                                                                    [01;31m[K^~~~~~~~~~~~~~~~~~~~~[m[K
[25.557s] 
[25.560s] [01m[K/home/robodog/RoboDog/ros2_ws/src/motion_cmd/include/motion_cmd/motion_cmd.h:168:69:[m[K [01;31m[Kerror: [m[K‘[01m[Kservos_config_client_[m[K’ does not name a type
[25.563s]   168 |     rclcpp::Client<i2cpwm_controller::srv::ServosConfig>::SharedPtr [01;31m[Kservos_config_client_[m[K;
[25.565s]       |                                                                     [01;31m[K^~~~~~~~~~~~~~~~~~~~~[m[K
[25.566s] [01m[K/home/robodog/RoboDog/ros2_ws/src/motion_cmd/src/smfsm/idle.cpp:[m[K In member function ‘[01m[Kvirtual void SpotMicroIdleState::handleInputCommands(const smk::BodyState&, const SpotMicroNodeConfig&, const Command&, SpotMicroMotionCmd*, smk::BodyState*)[m[K’:
[25.567s] [01m[K/home/robodog/RoboDog/ros2_ws/src/motion_cmd/src/smfsm/idle.cpp:25:70:[m[K [01;31m[Kerror: [m[Kcannot convert ‘[01m[Kstd::_MakeUniq<SpotMicroTransitionStandState>::__single_object[m[K’ {aka ‘[01m[Kstd::unique_ptr<SpotMicroTransitionStandState, std::default_delete<SpotMicroTransitionStandState> >[m[K’} to ‘[01m[Kint[m[K’
[25.567s]    25 |     changeState(smmc, [01;31m[Kstd::make_unique<SpotMicroTransitionStandState>()[m[K);
[25.568s]       |                       [01;31m[K~~~~~~~~~~~~~~~~~~~~~~~~~~~~~~~~~~~~~~~~~~~~~~~^~[m[K
[25.568s]       |                                                                      [01;31m[K|[m[K
[25.569s]       |                                                                      [01;31m[Kstd::_MakeUniq<SpotMicroTransitionStandState>::__single_object {aka std::unique_ptr<SpotMicroTransitionStandState, std::default_delete<SpotMicroTransitionStandState> >}[m[K
[25.570s] In file included from [01m[K/home/robodog/RoboDog/ros2_ws/src/motion_cmd/src/smfsm/idle.h:5[m[K,
[25.570s]                  from [01m[K/home/robodog/RoboDog/ros2_ws/src/motion_cmd/src/smfsm/idle.cpp:1[m[K:
[25.571s] [01m[K/home/robodog/RoboDog/ros2_ws/src/motion_cmd/src/smfsm/state.h:60:46:[m[K [01;36m[Knote: [m[K  initializing argument 2 of ‘[01m[Kvoid SpotMicroState::changeState(SpotMicroMotionCmd*, int)[m[K’
[25.572s]    60 |   void changeState(SpotMicroMotionCmd* smmc, [01;36m[Kstd::unique_ptr[m[K<SpotMicroState> sms);
[25.573s]       |                                              [01;36m[K^~~~~~~~~~~~~~~[m[K
[25.573s] [01m[K/home/robodog/RoboDog/ros2_ws/src/motion_cmd/src/smfsm/state.cpp:20:6:[m[K [01;31m[Kerror: [m[Kno declaration matches ‘[01m[Kvoid SpotMicroState::changeState(SpotMicroMotionCmd*, std::unique_ptr<SpotMicroState>)[m[K’
[25.581s]    20 | void [01;31m[KSpotMicroState[m[K::changeState(SpotMicroMotionCmd* smmc, std::unique_ptr<SpotMicroState> sms) {
[25.581s]       |      [01;31m[K^~~~~~~~~~~~~~[m[K
[25.582s] In file included from [01m[K/home/robodog/RoboDog/ros2_ws/src/motion_cmd/src/smfsm/state.cpp:1[m[K:
[25.583s] [01m[K/home/robodog/RoboDog/ros2_ws/src/motion_cmd/src/smfsm/state.h:60:8:[m[K [01;36m[Knote: [m[Kcandidate is: ‘[01m[Kvoid SpotMicroState::changeState(SpotMicroMotionCmd*, int)[m[K’
[25.583s]    60 |   void [01;36m[KchangeState[m[K(SpotMicroMotionCmd* smmc, std::unique_ptr<SpotMicroState> sms);
[25.584s]       |        [01;36m[K^~~~~~~~~~~[m[K
[25.585s] [01m[K/home/robodog/RoboDog/ros2_ws/src/motion_cmd/src/smfsm/state.h:31:7:[m[K [01;36m[Knote: [m[K‘[01m[Kclass SpotMicroState[m[K’ defined here
[25.585s]    31 | class [01;36m[KSpotMicroState[m[K {
[25.586s]       |       [01;36m[K^~~~~~~~~~~~~~[m[K
[25.986s] In file included from [01m[K/home/robodog/RoboDog/ros2_ws/src/motion_cmd/src/smfsm/walk.h:3[m[K,
[25.987s]                  from [01m[K/home/robodog/RoboDog/ros2_ws/src/motion_cmd/src/smfsm/stand.cpp:4[m[K:
[25.987s] [01m[K/home/robodog/RoboDog/ros2_ws/src/motion_cmd/include/motion_cmd/motion_cmd.h:168:39:[m[K [01;31m[Kerror: [m[K‘[01m[Ksrv[m[K’ is not a member of ‘[01m[Ki2cpwm_controller[m[K’; did you mean ‘[01m[Krcl_interfaces::srv[m[K’?
[25.988s]   168 |     rclcpp::Client<i2cpwm_controller::[01;31m[Ksrv[m[K::ServosConfig>::SharedPtr servos_config_client_;
[25.988s]       |                                       [01;31m[K^~~[m[K
[25.989s] In file included from [01m[K/opt/ros/humble/include/rcl_interfaces/rcl_interfaces/srv/describe_parameters.hpp:7[m[K,
[25.989s]                  from [01m[K/opt/ros/humble/include/rclcpp/rclcpp/parameter_client.hpp:28[m[K,
[25.990s]                  from [01m[K/opt/ros/humble/include/rclcpp/rclcpp/rclcpp.hpp:159[m[K,
[25.991s]                  from [01m[K/home/robodog/RoboDog/ros2_ws/src/motion_cmd/include/motion_cmd/motion_cmd.h:6[m[K,
[25.992s]                  from [01m[K/home/robodog/RoboDog/ros2_ws/src/motion_cmd/src/smfsm/walk.h:3[m[K,
[25.992s]                  from [01m[K/home/robodog/RoboDog/ros2_ws/src/motion_cmd/src/smfsm/stand.cpp:4[m[K:
[25.993s] [01m[K/opt/ros/humble/include/rcl_interfaces/rcl_interfaces/srv/detail/describe_parameters__struct.hpp:27:11:[m[K [01;36m[Knote: [m[K‘[01m[Krcl_interfaces::srv[m[K’ declared here
[25.993s]    27 | namespace [01;36m[Ksrv[m[K
[25.994s]       |           [01;36m[K^~~[m[K
[25.995s] In file included from [01m[K/home/robodog/RoboDog/ros2_ws/src/motion_cmd/src/smfsm/walk.h:3[m[K,
[26.008s]                  from [01m[K/home/robodog/RoboDog/ros2_ws/src/motion_cmd/src/smfsm/stand.cpp:4[m[K:
[26.009s] [01m[K/home/robodog/RoboDog/ros2_ws/src/motion_cmd/include/motion_cmd/motion_cmd.h:168:56:[m[K [01;31m[Kerror: [m[Ktemplate argument 1 is invalid
[26.010s]   168 |     rclcpp::Client<i2cpwm_controller::srv::ServosConfig[01;31m[K>[m[K::SharedPtr servos_config_client_;
[26.010s]       |                                                        [01;31m[K^[m[K
[26.012s] [01m[K/home/robodog/RoboDog/ros2_ws/src/motion_cmd/include/motion_cmd/motion_cmd.h:168:59:[m[K [01;31m[Kerror: [m[Kexpected ‘[01m[K;[m[K’ at end of member declaration
[26.012s]   168 |     rclcpp::Client<i2cpwm_controller::srv::ServosConfig>::[01;31m[KSharedPtr[m[K servos_config_client_;
[26.013s]       |                                                           [01;31m[K^~~~~~~~~[m[K
[26.014s]       |                                                                    [32m[K;[m[K
[26.015s] [01m[K/home/robodog/RoboDog/ros2_ws/src/motion_cmd/include/motion_cmd/motion_cmd.h:168:69:[m[K [01;31m[Kerror: [m[K‘[01m[Kservos_config_client_[m[K’ does not name a type
[26.015s]   168 |     rclcpp::Client<i2cpwm_controller::srv::ServosConfig>::SharedPtr [01;31m[Kservos_config_client_[m[K;
[26.016s]       |                                                                     [01;31m[K^~~~~~~~~~~~~~~~~~~~~[m[K
[26.089s] [01m[K/home/robodog/RoboDog/ros2_ws/src/motion_cmd/src/smfsm/stand.cpp:[m[K In member function ‘[01m[Kvirtual void SpotMicroStandState::handleInputCommands(const smk::BodyState&, const SpotMicroNodeConfig&, const Command&, SpotMicroMotionCmd*, smk::BodyState*)[m[K’:
[26.090s] [01m[K/home/robodog/RoboDog/ros2_ws/src/motion_cmd/src/smfsm/stand.cpp:31:69:[m[K [01;31m[Kerror: [m[Kcannot convert ‘[01m[Kstd::_MakeUniq<SpotMicroTransitionIdleState>::__single_object[m[K’ {aka ‘[01m[Kstd::unique_ptr<SpotMicroTransitionIdleState, std::default_delete<SpotMicroTransitionIdleState> >[m[K’} to ‘[01m[Kint[m[K’
[26.091s]    31 |     changeState(smmc, [01;31m[Kstd::make_unique<SpotMicroTransitionIdleState>()[m[K);
[26.091s]       |                       [01;31m[K~~~~~~~~~~~~~~~~~~~~~~~~~~~~~~~~~~~~~~~~~~~~~~^~[m[K
[26.092s]       |                                                                     [01;31m[K|[m[K
[26.093s]       |                                                                     [01;31m[Kstd::_MakeUniq<SpotMicroTransitionIdleState>::__single_object {aka std::unique_ptr<SpotMicroTransitionIdleState, std::default_delete<SpotMicroTransitionIdleState> >}[m[K
[26.095s] In file included from [01m[K/home/robodog/RoboDog/ros2_ws/src/motion_cmd/src/smfsm/stand.h:3[m[K,
[26.096s]                  from [01m[K/home/robodog/RoboDog/ros2_ws/src/motion_cmd/src/smfsm/stand.cpp:1[m[K:
[26.097s] [01m[K/home/robodog/RoboDog/ros2_ws/src/motion_cmd/src/smfsm/state.h:60:46:[m[K [01;36m[Knote: [m[K  initializing argument 2 of ‘[01m[Kvoid SpotMicroState::changeState(SpotMicroMotionCmd*, int)[m[K’
[26.098s]    60 |   void changeState(SpotMicroMotionCmd* smmc, [01;36m[Kstd::unique_ptr[m[K<SpotMicroState> sms);
[26.099s]       |                                              [01;36m[K^~~~~~~~~~~~~~~[m[K
[26.125s] [01m[K/home/robodog/RoboDog/ros2_ws/src/motion_cmd/src/smfsm/stand.cpp:34:59:[m[K [01;31m[Kerror: [m[Kcannot convert ‘[01m[Kstd::_MakeUniq<SpotMicroWalkState>::__single_object[m[K’ {aka ‘[01m[Kstd::unique_ptr<SpotMicroWalkState, std::default_delete<SpotMicroWalkState> >[m[K’} to ‘[01m[Kint[m[K’
[26.126s]    34 |     changeState(smmc, [01;31m[Kstd::make_unique<SpotMicroWalkState>()[m[K);
[26.127s]       |                       [01;31m[K~~~~~~~~~~~~~~~~~~~~~~~~~~~~~~~~~~~~^~[m[K
[26.128s]       |                                                           [01;31m[K|[m[K
[26.129s]       |                                                           [01;31m[Kstd::_MakeUniq<SpotMicroWalkState>::__single_object {aka std::unique_ptr<SpotMicroWalkState, std::default_delete<SpotMicroWalkState> >}[m[K
[26.129s] In file included from [01m[K/home/robodog/RoboDog/ros2_ws/src/motion_cmd/src/smfsm/stand.h:3[m[K,
[26.130s]                  from [01m[K/home/robodog/RoboDog/ros2_ws/src/motion_cmd/src/smfsm/stand.cpp:1[m[K:
[26.131s] [01m[K/home/robodog/RoboDog/ros2_ws/src/motion_cmd/src/smfsm/state.h:60:46:[m[K [01;36m[Knote: [m[K  initializing argument 2 of ‘[01m[Kvoid SpotMicroState::changeState(SpotMicroMotionCmd*, int)[m[K’
[26.131s]    60 |   void changeState(SpotMicroMotionCmd* smmc, [01;36m[Kstd::unique_ptr[m[K<SpotMicroState> sms);
[26.132s]       |                                              [01;36m[K^~~~~~~~~~~~~~~[m[K
[28.543s] gmake[2]: *** [CMakeFiles/smfsm.dir/build.make:90: CMakeFiles/smfsm.dir/src/smfsm/idle.cpp.o] Error 1
[28.546s] gmake[2]: *** Waiting for unfinished jobs....
[28.926s] gmake[2]: *** [CMakeFiles/smfsm.dir/build.make:76: CMakeFiles/smfsm.dir/src/smfsm/state.cpp.o] Error 1
[29.103s] gmake[2]: *** [CMakeFiles/smfsm.dir/build.make:104: CMakeFiles/smfsm.dir/src/smfsm/stand.cpp.o] Error 1
[31.464s] In file included from [01m[K/home/robodog/RoboDog/ros2_ws/src/motion_cmd/src/smfsm/transition_stand.cpp:4[m[K:
[31.465s] [01m[K/home/robodog/RoboDog/ros2_ws/src/motion_cmd/include/motion_cmd/motion_cmd.h:168:39:[m[K [01;31m[Kerror: [m[K‘[01m[Ksrv[m[K’ is not a member of ‘[01m[Ki2cpwm_controller[m[K’; did you mean ‘[01m[Krcl_interfaces::srv[m[K’?
[31.465s]   168 |     rclcpp::Client<i2cpwm_controller::[01;31m[Ksrv[m[K::ServosConfig>::SharedPtr servos_config_client_;
[31.466s]       |                                       [01;31m[K^~~[m[K
[31.467s] In file included from [01m[K/opt/ros/humble/include/rcl_interfaces/rcl_interfaces/srv/describe_parameters.hpp:7[m[K,
[31.467s]                  from [01m[K/opt/ros/humble/include/rclcpp/rclcpp/parameter_client.hpp:28[m[K,
[31.467s]                  from [01m[K/opt/ros/humble/include/rclcpp/rclcpp/rclcpp.hpp:159[m[K,
[31.467s]                  from [01m[K/home/robodog/RoboDog/ros2_ws/src/motion_cmd/include/motion_cmd/motion_cmd.h:6[m[K,
[31.468s]                  from [01m[K/home/robodog/RoboDog/ros2_ws/src/motion_cmd/src/smfsm/transition_stand.cpp:4[m[K:
[31.468s] [01m[K/opt/ros/humble/include/rcl_interfaces/rcl_interfaces/srv/detail/describe_parameters__struct.hpp:27:11:[m[K [01;36m[Knote: [m[K‘[01m[Krcl_interfaces::srv[m[K’ declared here
[31.469s]    27 | namespace [01;36m[Ksrv[m[K
[31.469s]       |           [01;36m[K^~~[m[K
[31.470s] In file included from [01m[K/home/robodog/RoboDog/ros2_ws/src/motion_cmd/src/smfsm/transition_stand.cpp:4[m[K:
[31.470s] [01m[K/home/robodog/RoboDog/ros2_ws/src/motion_cmd/include/motion_cmd/motion_cmd.h:168:56:[m[K [01;31m[Kerror: [m[Ktemplate argument 1 is invalid
[31.470s]   168 |     rclcpp::Client<i2cpwm_controller::srv::ServosConfig[01;31m[K>[m[K::SharedPtr servos_config_client_;
[31.471s]       |                                                        [01;31m[K^[m[K
[31.471s] [01m[K/home/robodog/RoboDog/ros2_ws/src/motion_cmd/include/motion_cmd/motion_cmd.h:168:59:[m[K [01;31m[Kerror: [m[Kexpected ‘[01m[K;[m[K’ at end of member declaration
[31.471s]   168 |     rclcpp::Client<i2cpwm_controller::srv::ServosConfig>::[01;31m[KSharedPtr[m[K servos_config_client_;
[31.472s]       |                                                           [01;31m[K^~~~~~~~~[m[K
[31.472s]       |                                                                    [32m[K;[m[K
[31.481s] [01m[K/home/robodog/RoboDog/ros2_ws/src/motion_cmd/include/motion_cmd/motion_cmd.h:168:69:[m[K [01;31m[Kerror: [m[K‘[01m[Kservos_config_client_[m[K’ does not name a type
[31.482s]   168 |     rclcpp::Client<i2cpwm_controller::srv::ServosConfig>::SharedPtr [01;31m[Kservos_config_client_[m[K;
[31.483s]       |                                                                     [01;31m[K^~~~~~~~~~~~~~~~~~~~~[m[K
[31.539s] [01m[K/home/robodog/RoboDog/ros2_ws/src/motion_cmd/src/smfsm/transition_stand.cpp:[m[K In member function ‘[01m[Kvirtual void SpotMicroTransitionStandState::handleInputCommands(const smk::BodyState&, const SpotMicroNodeConfig&, const Command&, SpotMicroMotionCmd*, smk::BodyState*)[m[K’:
[31.541s] [01m[K/home/robodog/RoboDog/ros2_ws/src/motion_cmd/src/smfsm/transition_stand.cpp:64:60:[m[K [01;31m[Kerror: [m[Kcannot convert ‘[01m[Kstd::_MakeUniq<SpotMicroStandState>::__single_object[m[K’ {aka ‘[01m[Kstd::unique_ptr<SpotMicroStandState, std::default_delete<SpotMicroStandState> >[m[K’} to ‘[01m[Kint[m[K’
[31.541s]    64 |     changeState(smmc, [01;31m[Kstd::make_unique<SpotMicroStandState>()[m[K);
[31.542s]       |                       [01;31m[K~~~~~~~~~~~~~~~~~~~~~~~~~~~~~~~~~~~~~^~[m[K
[31.542s]       |                                                            [01;31m[K|[m[K
[31.543s]       |                                                            [01;31m[Kstd::_MakeUniq<SpotMicroStandState>::__single_object {aka std::unique_ptr<SpotMicroStandState, std::default_delete<SpotMicroStandState> >}[m[K
[31.543s] In file included from [01m[K/home/robodog/RoboDog/ros2_ws/src/motion_cmd/src/smfsm/transition_stand.h:5[m[K,
[31.544s]                  from [01m[K/home/robodog/RoboDog/ros2_ws/src/motion_cmd/src/smfsm/transition_stand.cpp:1[m[K:
[31.544s] [01m[K/home/robodog/RoboDog/ros2_ws/src/motion_cmd/src/smfsm/state.h:60:46:[m[K [01;36m[Knote: [m[K  initializing argument 2 of ‘[01m[Kvoid SpotMicroState::changeState(SpotMicroMotionCmd*, int)[m[K’
[31.544s]    60 |   void changeState(SpotMicroMotionCmd* smmc, [01;36m[Kstd::unique_ptr[m[K<SpotMicroState> sms);
[31.545s]       |                                              [01;36m[K^~~~~~~~~~~~~~~[m[K
[33.491s] gmake[2]: *** [CMakeFiles/smfsm.dir/build.make:118: CMakeFiles/smfsm.dir/src/smfsm/transition_stand.cpp.o] Error 1
[33.492s] gmake[1]: *** [CMakeFiles/Makefile2:230: CMakeFiles/smfsm.dir/all] Error 2
[33.493s] gmake: *** [Makefile:146: all] Error 2
[33.500s] Invoked command in '/home/robodog/RoboDog/ros2_ws/build/motion_cmd' returned '2': AMENT_PREFIX_PATH=/home/robodog/RoboDog/ros2_ws/install/i2cpwm_controller:${AMENT_PREFIX_PATH} CMAKE_PREFIX_PATH=/home/robodog/RoboDog/ros2_ws/install/i2cpwm_controller LD_LIBRARY_PATH=/home/robodog/RoboDog/ros2_ws/install/i2cpwm_controller/lib:${LD_LIBRARY_PATH} PYTHONPATH=/home/robodog/RoboDog/ros2_ws/install/i2cpwm_controller/local/lib/python3.10/dist-packages:${PYTHONPATH} /usr/bin/cmake --build /home/robodog/RoboDog/ros2_ws/build/motion_cmd -- -j4 -l4
