[0.044s] Invoking command in '/home/robodog/RoboDog/ros2_ws/build/spot_micro_motion_cmd': AMENT_PREFIX_PATH=/home/robodog/RoboDog/ros2_ws/install/i2cpwm_controller:${AMENT_PREFIX_PATH} CMAKE_PREFIX_PATH=/home/robodog/RoboDog/ros2_ws/install/i2cpwm_controller LD_LIBRARY_PATH=/home/robodog/RoboDog/ros2_ws/install/i2cpwm_controller/lib:${LD_LIBRARY_PATH} PYTHONPATH=/home/robodog/RoboDog/ros2_ws/install/i2cpwm_controller/local/lib/python3.10/dist-packages:${PYTHONPATH} /usr/bin/cmake /home/robodog/RoboDog/ros2_ws/src/motion_cmd -DCATKIN_INSTALL_INTO_PREFIX_ROOT=0 -DCMAKE_INSTALL_PREFIX=/home/robodog/RoboDog/ros2_ws/install/spot_micro_motion_cmd
[0.314s] -- The C compiler identification is GNU 11.4.0
[0.572s] -- The CXX compiler identification is GNU 11.4.0
[0.604s] -- Detecting C compiler ABI info
[0.944s] -- Detecting C compiler ABI info - done
[0.971s] -- Check for working C compiler: /usr/bin/cc - skipped
[0.972s] -- Detecting C compile features
[0.974s] -- Detecting C compile features - done
[0.986s] -- Detecting CXX compiler ABI info
[1.341s] -- Detecting CXX compiler ABI info - done
[1.367s] -- Check for working CXX compiler: /usr/bin/c++ - skipped
[1.368s] -- Detecting CXX compile features
[1.370s] -- Detecting CXX compile features - done
[1.396s] -- Found ament_cmake: 1.3.10 (/opt/ros/humble/share/ament_cmake/cmake)
[2.137s] -- Found Python3: /usr/bin/python3 (found version "3.10.12") found components: Interpreter 
[2.689s] -- Found rclcpp: 16.0.10 (/opt/ros/humble/share/rclcpp/cmake)
[3.025s] -- Found rosidl_generator_c: 3.1.5 (/opt/ros/humble/share/rosidl_generator_c/cmake)
[3.068s] -- Found rosidl_adapter: 3.1.5 (/opt/ros/humble/share/rosidl_adapter/cmake)
[3.126s] -- Found rosidl_generator_cpp: 3.1.5 (/opt/ros/humble/share/rosidl_generator_cpp/cmake)
[3.199s] -- Using all available rosidl_typesupport_c: rosidl_typesupport_fastrtps_c;rosidl_typesupport_introspection_c
[3.300s] -- Using all available rosidl_typesupport_cpp: rosidl_typesupport_fastrtps_cpp;rosidl_typesupport_introspection_cpp
[3.585s] -- Found rmw_implementation_cmake: 6.1.2 (/opt/ros/humble/share/rmw_implementation_cmake/cmake)
[3.607s] -- Found rmw_fastrtps_cpp: 6.2.7 (/opt/ros/humble/share/rmw_fastrtps_cpp/cmake)
[4.168s] -- Found OpenSSL: /usr/lib/aarch64-linux-gnu/libcrypto.so (found version "3.0.2")  
[4.406s] -- Found FastRTPS: /opt/ros/humble/include  
[4.804s] -- Using RMW implementation 'rmw_fastrtps_cpp' as default
[4.874s] -- Looking for pthread.h
[5.212s] -- Looking for pthread.h - found
[5.215s] -- Performing Test CMAKE_HAVE_LIBC_PTHREAD
[5.555s] -- Performing Test CMAKE_HAVE_LIBC_PTHREAD - Success
[5.560s] -- Found Threads: TRUE  
[5.824s] -- Found geometry_msgs: 4.2.4 (/opt/ros/humble/share/geometry_msgs/cmake)
[5.892s] -- Found tf2: 0.25.8 (/opt/ros/humble/share/tf2/cmake)
[6.011s] -- Found tf2_ros: 0.25.8 (/opt/ros/humble/share/tf2_ros/cmake)
[6.481s] -- Found tf2_geometry_msgs: 0.25.8 (/opt/ros/humble/share/tf2_geometry_msgs/cmake)
[6.635s] -- Found eigen3_cmake_module: 0.1.1 (/opt/ros/humble/share/eigen3_cmake_module/cmake)
[6.641s] -- Found Eigen3: TRUE (found version "3.4.0") 
[6.641s] -- Ensuring Eigen3 include directory is part of orocos-kdl CMake target
[6.648s] -- Found i2cpwm_controller: 0.5.1 (/home/robodog/RoboDog/ros2_ws/install/i2cpwm_controller/share/i2cpwm_controller/cmake)
[6.930s] -- Configuring done
[6.943s] -- Generating done
[6.946s] -- Build files have been written to: /home/robodog/RoboDog/ros2_ws/build/spot_micro_motion_cmd/libs/spot_micro_kinematics_cpp/3rd_party/google-test/googletest-download
[7.147s] [ 11%] Creating directories for 'googletest'
[7.426s] [ 22%] Performing download step (download, verify and extract) for 'googletest'
[7.465s] -- Downloading...
[7.466s]    dst='/home/robodog/RoboDog/ros2_ws/build/spot_micro_motion_cmd/libs/spot_micro_kinematics_cpp/3rd_party/google-test/googletest-download/googletest-prefix/src/703bd9caab50b139428cea1aaff9974ebee5742e.tar.gz'
[7.466s]    timeout='none'
[7.467s]    inactivity timeout='none'
[7.467s] -- Using src='https://github.com/google/googletest/archive/703bd9caab50b139428cea1aaff9974ebee5742e.tar.gz'
[8.515s] -- Downloading... done
[8.597s] -- extracting...
[8.598s]      src='/home/robodog/RoboDog/ros2_ws/build/spot_micro_motion_cmd/libs/spot_micro_kinematics_cpp/3rd_party/google-test/googletest-download/googletest-prefix/src/703bd9caab50b139428cea1aaff9974ebee5742e.tar.gz'
[8.598s]      dst='/home/robodog/RoboDog/ros2_ws/build/spot_micro_motion_cmd/libs/spot_micro_kinematics_cpp/3rd_party/google-test/googletest-src'
[8.599s] -- extracting... [tar xfz]
[8.737s] -- extracting... [analysis]
[8.737s] -- extracting... [rename]
[8.738s] -- extracting... [clean up]
[8.739s] -- extracting... done
[8.814s] [ 33%] No update step for 'googletest'
[8.911s] [ 44%] No patch step for 'googletest'
[9.005s] [ 55%] No configure step for 'googletest'
[9.115s] [ 66%] No build step for 'googletest'
[9.225s] [ 77%] No install step for 'googletest'
[9.333s] [ 88%] No test step for 'googletest'
[9.443s] [100%] Completed 'googletest'
[9.575s] [100%] Built target googletest
[9.623s] [0mCMake Deprecation Warning at /home/robodog/RoboDog/ros2_ws/build/spot_micro_motion_cmd/libs/spot_micro_kinematics_cpp/3rd_party/google-test/googletest-src/CMakeLists.txt:4 (cmake_minimum_required):
[9.624s]   Compatibility with CMake < 2.8.12 will be removed from a future version of
[9.624s]   CMake.
[9.625s] 
[9.625s]   Update the VERSION argument <min> value or use a ...<max> suffix to tell
[9.626s]   CMake that the project does not need compatibility with older versions.
[9.626s] 
[9.626s] [0m
[9.640s] [0mCMake Deprecation Warning at /home/robodog/RoboDog/ros2_ws/build/spot_micro_motion_cmd/libs/spot_micro_kinematics_cpp/3rd_party/google-test/googletest-src/googlemock/CMakeLists.txt:45 (cmake_minimum_required):
[9.641s]   Compatibility with CMake < 2.8.12 will be removed from a future version of
[9.641s]   CMake.
[9.642s] 
[9.643s]   Update the VERSION argument <min> value or use a ...<max> suffix to tell
[9.643s]   CMake that the project does not need compatibility with older versions.
[9.643s] 
[9.644s] [0m
[9.646s] [0mCMake Deprecation Warning at /home/robodog/RoboDog/ros2_ws/build/spot_micro_motion_cmd/libs/spot_micro_kinematics_cpp/3rd_party/google-test/googletest-src/googletest/CMakeLists.txt:56 (cmake_minimum_required):
[9.647s]   Compatibility with CMake < 2.8.12 will be removed from a future version of
[9.647s]   CMake.
[9.648s] 
[9.648s]   Update the VERSION argument <min> value or use a ...<max> suffix to tell
[9.648s]   CMake that the project does not need compatibility with older versions.
[9.649s] 
[9.649s] [0m
[9.750s] -- Found PythonInterp: /usr/bin/python3.10 (found version "3.10.12") 
[10.067s] [31mCMake Error at /opt/ros/humble/share/ament_cmake_core/cmake/core/ament_package_xml.cmake:53 (message):
[10.068s]   ament_package_xml() package name 'spot_micro_motion_cmd' in '/package.xml'
[10.068s]   does not match current PROJECT_NAME 'motion_cmd'.  You must call project()
[10.069s]   with the same package name before.
[10.069s] Call Stack (most recent call first):
[10.069s]   /opt/ros/humble/share/ament_cmake_core/cmake/core/ament_package.cmake:63 (ament_package_xml)
[10.070s]   CMakeLists.txt:109 (ament_package)
[10.070s] 
[10.071s] [0m
[10.071s] -- Configuring incomplete, errors occurred!
[10.072s] See also "/home/robodog/RoboDog/ros2_ws/build/spot_micro_motion_cmd/CMakeFiles/CMakeOutput.log".
[10.119s] Invoked command in '/home/robodog/RoboDog/ros2_ws/build/spot_micro_motion_cmd' returned '1': AMENT_PREFIX_PATH=/home/robodog/RoboDog/ros2_ws/install/i2cpwm_controller:${AMENT_PREFIX_PATH} CMAKE_PREFIX_PATH=/home/robodog/RoboDog/ros2_ws/install/i2cpwm_controller LD_LIBRARY_PATH=/home/robodog/RoboDog/ros2_ws/install/i2cpwm_controller/lib:${LD_LIBRARY_PATH} PYTHONPATH=/home/robodog/RoboDog/ros2_ws/install/i2cpwm_controller/local/lib/python3.10/dist-packages:${PYTHONPATH} /usr/bin/cmake /home/robodog/RoboDog/ros2_ws/src/motion_cmd -DCATKIN_INSTALL_INTO_PREFIX_ROOT=0 -DCMAKE_INSTALL_PREFIX=/home/robodog/RoboDog/ros2_ws/install/spot_micro_motion_cmd
