[2.793s] Invoking command in '/home/robodog/RoboDog/ros2_ws/src/servo_calibration': PYTHONPATH=/home/robodog/RoboDog/ros2_ws/build/servo_calibration/prefix_override:/usr/lib/python3/dist-packages/colcon_core/task/python/colcon_distutils_commands:/home/robodog/RoboDog/ros2_ws/install/servo_calibration/lib/python3.10/site-packages:${PYTHONPATH} /usr/bin/python3 -W ignore:setup.py install is deprecated setup.py egg_info --egg-base ../../build/servo_calibration build --build-base /home/robodog/RoboDog/ros2_ws/build/servo_calibration/build install --record /home/robodog/RoboDog/ros2_ws/build/servo_calibration/install.log --single-version-externally-managed install_data
[3.850s] running egg_info
[3.853s] writing ../../build/servo_calibration/servo_calibration.egg-info/PKG-INFO
[3.854s] writing dependency_links to ../../build/servo_calibration/servo_calibration.egg-info/dependency_links.txt
[3.855s] writing entry points to ../../build/servo_calibration/servo_calibration.egg-info/entry_points.txt
[3.856s] writing requirements to ../../build/servo_calibration/servo_calibration.egg-info/requires.txt
[3.857s] writing top-level names to ../../build/servo_calibration/servo_calibration.egg-info/top_level.txt
[3.866s] reading manifest file '../../build/servo_calibration/servo_calibration.egg-info/SOURCES.txt'
[3.868s] adding license file 'LICENSE'
[3.871s] writing manifest file '../../build/servo_calibration/servo_calibration.egg-info/SOURCES.txt'
[3.872s] running build
[3.872s] running build_py
[3.873s] copying servo_calibration/servo_calib_test.py -> /home/robodog/RoboDog/ros2_ws/build/servo_calibration/build/lib/servo_calibration
[3.875s] running install
[3.876s] running install_lib
[3.880s] copying /home/robodog/RoboDog/ros2_ws/build/servo_calibration/build/lib/servo_calibration/servo_calib_test.py -> /home/robodog/RoboDog/ros2_ws/install/servo_calibration/lib/python3.10/site-packages/servo_calibration
[3.883s] byte-compiling /home/robodog/RoboDog/ros2_ws/install/servo_calibration/lib/python3.10/site-packages/servo_calibration/servo_calib_test.py to servo_calib_test.cpython-310.pyc
[3.891s] running install_data
[3.891s] running install_egg_info
[3.899s] removing '/home/robodog/RoboDog/ros2_ws/install/servo_calibration/lib/python3.10/site-packages/servo_calibration-0.0.0-py3.10.egg-info' (and everything under it)
[3.900s] Copying ../../build/servo_calibration/servo_calibration.egg-info to /home/robodog/RoboDog/ros2_ws/install/servo_calibration/lib/python3.10/site-packages/servo_calibration-0.0.0-py3.10.egg-info
[3.907s] running install_scripts
[3.987s] Installing servo_calib_node script to /home/robodog/RoboDog/ros2_ws/install/servo_calibration/lib/servo_calibration
[3.989s] writing list of installed files to '/home/robodog/RoboDog/ros2_ws/build/servo_calibration/install.log'
[4.109s] Invoked command in '/home/robodog/RoboDog/ros2_ws/src/servo_calibration' returned '0': PYTHONPATH=/home/robodog/RoboDog/ros2_ws/build/servo_calibration/prefix_override:/usr/lib/python3/dist-packages/colcon_core/task/python/colcon_distutils_commands:/home/robodog/RoboDog/ros2_ws/install/servo_calibration/lib/python3.10/site-packages:${PYTHONPATH} /usr/bin/python3 -W ignore:setup.py install is deprecated setup.py egg_info --egg-base ../../build/servo_calibration build --build-base /home/robodog/RoboDog/ros2_ws/build/servo_calibration/build install --record /home/robodog/RoboDog/ros2_ws/build/servo_calibration/install.log --single-version-externally-managed install_data
