[  0%] Built target i2cpwm_controller__cpp
[ 12%] Built target i2cpwm_controller__rosidl_generator_c
[ 12%] Built target ament_cmake_python_copy_i2cpwm_controller
[ 24%] Built target i2cpwm_controller__rosidl_typesupport_cpp
[ 36%] Built target i2cpwm_controller__rosidl_typesupport_introspection_cpp
[ 47%] Built target i2cpwm_controller__rosidl_typesupport_fastrtps_cpp
[ 58%] Built target i2cpwm_controller__rosidl_typesupport_fastrtps_c
[ 69%] Built target i2cpwm_controller__rosidl_typesupport_introspection_c
[ 80%] Built target i2cpwm_controller__rosidl_typesupport_c
[35m[1mConsolidate compiler generated dependencies of target i2cpwm_controller_node[0m
[ 80%] Built target i2cpwm_controller
[ 81%] [32mBuilding CXX object CMakeFiles/i2cpwm_controller_node.dir/src/i2cpwm_controller.cpp.o[0m
[ 82%] Built target i2cpwm_controller__py
[ 92%] Built target i2cpwm_controller__rosidl_generator_py
[ 94%] Built target i2cpwm_controller__rosidl_typesupport_fastrtps_c__pyext
[ 96%] Built target i2cpwm_controller__rosidl_typesupport_introspection_c__pyext
[ 98%] Built target i2cpwm_controller__rosidl_typesupport_c__pyext
running egg_info
writing i2cpwm_controller.egg-info/PKG-INFO
writing dependency_links to i2cpwm_controller.egg-info/dependency_links.txt
writing top-level names to i2cpwm_controller.egg-info/top_level.txt
reading manifest file 'i2cpwm_controller.egg-info/SOURCES.txt'
writing manifest file 'i2cpwm_controller.egg-info/SOURCES.txt'
[ 98%] Built target ament_cmake_python_build_i2cpwm_controller_egg
[ 99%] [32m[1mLinking CXX executable i2cpwm_controller_node[0m
[100%] Built target i2cpwm_controller_node
-- Install configuration: ""
-- Installing: /home/robodog/RoboDog/ros2_ws/install/i2cpwm_controller/share/ament_index/resource_index/rosidl_interfaces/i2cpwm_controller
-- Installing: /home/robodog/RoboDog/ros2_ws/install/i2cpwm_controller/include/i2cpwm_controller/i2cpwm_controller
-- Installing: /home/robodog/RoboDog/ros2_ws/install/i2cpwm_controller/include/i2cpwm_controller/i2cpwm_controller/srv
-- Installing: /home/robodog/RoboDog/ros2_ws/install/i2cpwm_controller/include/i2cpwm_controller/i2cpwm_controller/srv/stop_servos.h
-- Installing: /home/robodog/RoboDog/ros2_ws/install/i2cpwm_controller/include/i2cpwm_controller/i2cpwm_controller/srv/servos_config.h
-- Installing: /home/robodog/RoboDog/ros2_ws/install/i2cpwm_controller/include/i2cpwm_controller/i2cpwm_controller/srv/detail
-- Installing: /home/robodog/RoboDog/ros2_ws/install/i2cpwm_controller/include/i2cpwm_controller/i2cpwm_controller/srv/detail/drive_mode__struct.h
-- Installing: /home/robodog/RoboDog/ros2_ws/install/i2cpwm_controller/include/i2cpwm_controller/i2cpwm_controller/srv/detail/servos_config__type_support.h
-- Installing: /home/robodog/RoboDog/ros2_ws/install/i2cpwm_controller/include/i2cpwm_controller/i2cpwm_controller/srv/detail/int_value__functions.c
-- Installing: /home/robodog/RoboDog/ros2_ws/install/i2cpwm_controller/include/i2cpwm_controller/i2cpwm_controller/srv/detail/drive_mode__functions.h
-- Installing: /home/robodog/RoboDog/ros2_ws/install/i2cpwm_controller/include/i2cpwm_controller/i2cpwm_controller/srv/detail/servos_config__functions.h
-- Installing: /home/robodog/RoboDog/ros2_ws/install/i2cpwm_controller/include/i2cpwm_controller/i2cpwm_controller/srv/detail/stop_servos__functions.c
-- Installing: /home/robodog/RoboDog/ros2_ws/install/i2cpwm_controller/include/i2cpwm_controller/i2cpwm_controller/srv/detail/stop_servos__struct.h
-- Installing: /home/robodog/RoboDog/ros2_ws/install/i2cpwm_controller/include/i2cpwm_controller/i2cpwm_controller/srv/detail/drive_mode__type_support.h
-- Installing: /home/robodog/RoboDog/ros2_ws/install/i2cpwm_controller/include/i2cpwm_controller/i2cpwm_controller/srv/detail/stop_servos__type_support.h
-- Installing: /home/robodog/RoboDog/ros2_ws/install/i2cpwm_controller/include/i2cpwm_controller/i2cpwm_controller/srv/detail/servos_config__functions.c
-- Installing: /home/robodog/RoboDog/ros2_ws/install/i2cpwm_controller/include/i2cpwm_controller/i2cpwm_controller/srv/detail/servos_config__struct.h
-- Installing: /home/robodog/RoboDog/ros2_ws/install/i2cpwm_controller/include/i2cpwm_controller/i2cpwm_controller/srv/detail/drive_mode__functions.c
-- Installing: /home/robodog/RoboDog/ros2_ws/install/i2cpwm_controller/include/i2cpwm_controller/i2cpwm_controller/srv/detail/int_value__type_support.h
-- Installing: /home/robodog/RoboDog/ros2_ws/install/i2cpwm_controller/include/i2cpwm_controller/i2cpwm_controller/srv/detail/int_value__functions.h
-- Installing: /home/robodog/RoboDog/ros2_ws/install/i2cpwm_controller/include/i2cpwm_controller/i2cpwm_controller/srv/detail/int_value__struct.h
-- Installing: /home/robodog/RoboDog/ros2_ws/install/i2cpwm_controller/include/i2cpwm_controller/i2cpwm_controller/srv/detail/stop_servos__functions.h
-- Installing: /home/robodog/RoboDog/ros2_ws/install/i2cpwm_controller/include/i2cpwm_controller/i2cpwm_controller/srv/int_value.h
-- Installing: /home/robodog/RoboDog/ros2_ws/install/i2cpwm_controller/include/i2cpwm_controller/i2cpwm_controller/srv/drive_mode.h
-- Installing: /home/robodog/RoboDog/ros2_ws/install/i2cpwm_controller/include/i2cpwm_controller/i2cpwm_controller/msg
-- Installing: /home/robodog/RoboDog/ros2_ws/install/i2cpwm_controller/include/i2cpwm_controller/i2cpwm_controller/msg/position.h
-- Installing: /home/robodog/RoboDog/ros2_ws/install/i2cpwm_controller/include/i2cpwm_controller/i2cpwm_controller/msg/servo_config.h
-- Installing: /home/robodog/RoboDog/ros2_ws/install/i2cpwm_controller/include/i2cpwm_controller/i2cpwm_controller/msg/servo.h
-- Installing: /home/robodog/RoboDog/ros2_ws/install/i2cpwm_controller/include/i2cpwm_controller/i2cpwm_controller/msg/rosidl_generator_c__visibility_control.h
-- Installing: /home/robodog/RoboDog/ros2_ws/install/i2cpwm_controller/include/i2cpwm_controller/i2cpwm_controller/msg/servo_config_array.h
-- Installing: /home/robodog/RoboDog/ros2_ws/install/i2cpwm_controller/include/i2cpwm_controller/i2cpwm_controller/msg/servo_array.h
-- Installing: /home/robodog/RoboDog/ros2_ws/install/i2cpwm_controller/include/i2cpwm_controller/i2cpwm_controller/msg/position_array.h
-- Installing: /home/robodog/RoboDog/ros2_ws/install/i2cpwm_controller/include/i2cpwm_controller/i2cpwm_controller/msg/detail
-- Installing: /home/robodog/RoboDog/ros2_ws/install/i2cpwm_controller/include/i2cpwm_controller/i2cpwm_controller/msg/detail/servo__type_support.h
-- Installing: /home/robodog/RoboDog/ros2_ws/install/i2cpwm_controller/include/i2cpwm_controller/i2cpwm_controller/msg/detail/servo_config_array__struct.h
-- Installing: /home/robodog/RoboDog/ros2_ws/install/i2cpwm_controller/include/i2cpwm_controller/i2cpwm_controller/msg/detail/position__struct.h
-- Installing: /home/robodog/RoboDog/ros2_ws/install/i2cpwm_controller/include/i2cpwm_controller/i2cpwm_controller/msg/detail/servo_array__struct.h
-- Installing: /home/robodog/RoboDog/ros2_ws/install/i2cpwm_controller/include/i2cpwm_controller/i2cpwm_controller/msg/detail/position_array__functions.c
-- Installing: /home/robodog/RoboDog/ros2_ws/install/i2cpwm_controller/include/i2cpwm_controller/i2cpwm_controller/msg/detail/servo_array__functions.c
-- Installing: /home/robodog/RoboDog/ros2_ws/install/i2cpwm_controller/include/i2cpwm_controller/i2cpwm_controller/msg/detail/servo__functions.h
-- Installing: /home/robodog/RoboDog/ros2_ws/install/i2cpwm_controller/include/i2cpwm_controller/i2cpwm_controller/msg/detail/servo_config_array__type_support.h
-- Installing: /home/robodog/RoboDog/ros2_ws/install/i2cpwm_controller/include/i2cpwm_controller/i2cpwm_controller/msg/detail/servo__functions.c
-- Installing: /home/robodog/RoboDog/ros2_ws/install/i2cpwm_controller/include/i2cpwm_controller/i2cpwm_controller/msg/detail/position_array__struct.h
-- Installing: /home/robodog/RoboDog/ros2_ws/install/i2cpwm_controller/include/i2cpwm_controller/i2cpwm_controller/msg/detail/servo_array__type_support.h
-- Installing: /home/robodog/RoboDog/ros2_ws/install/i2cpwm_controller/include/i2cpwm_controller/i2cpwm_controller/msg/detail/servo_config__struct.h
-- Installing: /home/robodog/RoboDog/ros2_ws/install/i2cpwm_controller/include/i2cpwm_controller/i2cpwm_controller/msg/detail/servo_config_array__functions.c
-- Installing: /home/robodog/RoboDog/ros2_ws/install/i2cpwm_controller/include/i2cpwm_controller/i2cpwm_controller/msg/detail/servo_config__type_support.h
-- Installing: /home/robodog/RoboDog/ros2_ws/install/i2cpwm_controller/include/i2cpwm_controller/i2cpwm_controller/msg/detail/position__functions.c
-- Installing: /home/robodog/RoboDog/ros2_ws/install/i2cpwm_controller/include/i2cpwm_controller/i2cpwm_controller/msg/detail/servo_array__functions.h
-- Installing: /home/robodog/RoboDog/ros2_ws/install/i2cpwm_controller/include/i2cpwm_controller/i2cpwm_controller/msg/detail/servo_config__functions.h
-- Installing: /home/robodog/RoboDog/ros2_ws/install/i2cpwm_controller/include/i2cpwm_controller/i2cpwm_controller/msg/detail/servo_config__functions.c
-- Installing: /home/robodog/RoboDog/ros2_ws/install/i2cpwm_controller/include/i2cpwm_controller/i2cpwm_controller/msg/detail/position_array__functions.h
-- Installing: /home/robodog/RoboDog/ros2_ws/install/i2cpwm_controller/include/i2cpwm_controller/i2cpwm_controller/msg/detail/position__type_support.h
-- Installing: /home/robodog/RoboDog/ros2_ws/install/i2cpwm_controller/include/i2cpwm_controller/i2cpwm_controller/msg/detail/servo_config_array__functions.h
-- Installing: /home/robodog/RoboDog/ros2_ws/install/i2cpwm_controller/include/i2cpwm_controller/i2cpwm_controller/msg/detail/position__functions.h
-- Installing: /home/robodog/RoboDog/ros2_ws/install/i2cpwm_controller/include/i2cpwm_controller/i2cpwm_controller/msg/detail/servo__struct.h
-- Installing: /home/robodog/RoboDog/ros2_ws/install/i2cpwm_controller/include/i2cpwm_controller/i2cpwm_controller/msg/detail/position_array__type_support.h
-- Installing: /home/robodog/RoboDog/ros2_ws/install/i2cpwm_controller/share/i2cpwm_controller/environment/library_path.sh
-- Installing: /home/robodog/RoboDog/ros2_ws/install/i2cpwm_controller/share/i2cpwm_controller/environment/library_path.dsv
-- Installing: /home/robodog/RoboDog/ros2_ws/install/i2cpwm_controller/lib/libi2cpwm_controller__rosidl_generator_c.so
-- Set runtime path of "/home/robodog/RoboDog/ros2_ws/install/i2cpwm_controller/lib/libi2cpwm_controller__rosidl_generator_c.so" to ""
-- Up-to-date: /home/robodog/RoboDog/ros2_ws/install/i2cpwm_controller/include/i2cpwm_controller/i2cpwm_controller
-- Up-to-date: /home/robodog/RoboDog/ros2_ws/install/i2cpwm_controller/include/i2cpwm_controller/i2cpwm_controller/srv
-- Up-to-date: /home/robodog/RoboDog/ros2_ws/install/i2cpwm_controller/include/i2cpwm_controller/i2cpwm_controller/srv/detail
-- Installing: /home/robodog/RoboDog/ros2_ws/install/i2cpwm_controller/include/i2cpwm_controller/i2cpwm_controller/srv/detail/stop_servos__rosidl_typesupport_fastrtps_c.h
-- Installing: /home/robodog/RoboDog/ros2_ws/install/i2cpwm_controller/include/i2cpwm_controller/i2cpwm_controller/srv/detail/drive_mode__rosidl_typesupport_fastrtps_c.h
-- Installing: /home/robodog/RoboDog/ros2_ws/install/i2cpwm_controller/include/i2cpwm_controller/i2cpwm_controller/srv/detail/servos_config__rosidl_typesupport_fastrtps_c.h
-- Installing: /home/robodog/RoboDog/ros2_ws/install/i2cpwm_controller/include/i2cpwm_controller/i2cpwm_controller/srv/detail/int_value__rosidl_typesupport_fastrtps_c.h
-- Up-to-date: /home/robodog/RoboDog/ros2_ws/install/i2cpwm_controller/include/i2cpwm_controller/i2cpwm_controller/msg
-- Up-to-date: /home/robodog/RoboDog/ros2_ws/install/i2cpwm_controller/include/i2cpwm_controller/i2cpwm_controller/msg/detail
-- Installing: /home/robodog/RoboDog/ros2_ws/install/i2cpwm_controller/include/i2cpwm_controller/i2cpwm_controller/msg/detail/position__rosidl_typesupport_fastrtps_c.h
-- Installing: /home/robodog/RoboDog/ros2_ws/install/i2cpwm_controller/include/i2cpwm_controller/i2cpwm_controller/msg/detail/position_array__rosidl_typesupport_fastrtps_c.h
-- Installing: /home/robodog/RoboDog/ros2_ws/install/i2cpwm_controller/include/i2cpwm_controller/i2cpwm_controller/msg/detail/servo_config__rosidl_typesupport_fastrtps_c.h
-- Installing: /home/robodog/RoboDog/ros2_ws/install/i2cpwm_controller/include/i2cpwm_controller/i2cpwm_controller/msg/detail/servo_array__rosidl_typesupport_fastrtps_c.h
-- Installing: /home/robodog/RoboDog/ros2_ws/install/i2cpwm_controller/include/i2cpwm_controller/i2cpwm_controller/msg/detail/servo__rosidl_typesupport_fastrtps_c.h
-- Installing: /home/robodog/RoboDog/ros2_ws/install/i2cpwm_controller/include/i2cpwm_controller/i2cpwm_controller/msg/detail/servo_config_array__rosidl_typesupport_fastrtps_c.h
-- Installing: /home/robodog/RoboDog/ros2_ws/install/i2cpwm_controller/include/i2cpwm_controller/i2cpwm_controller/msg/rosidl_typesupport_fastrtps_c__visibility_control.h
-- Installing: /home/robodog/RoboDog/ros2_ws/install/i2cpwm_controller/lib/libi2cpwm_controller__rosidl_typesupport_fastrtps_c.so
-- Set runtime path of "/home/robodog/RoboDog/ros2_ws/install/i2cpwm_controller/lib/libi2cpwm_controller__rosidl_typesupport_fastrtps_c.so" to ""
-- Up-to-date: /home/robodog/RoboDog/ros2_ws/install/i2cpwm_controller/include/i2cpwm_controller/i2cpwm_controller
-- Up-to-date: /home/robodog/RoboDog/ros2_ws/install/i2cpwm_controller/include/i2cpwm_controller/i2cpwm_controller/srv
-- Installing: /home/robodog/RoboDog/ros2_ws/install/i2cpwm_controller/include/i2cpwm_controller/i2cpwm_controller/srv/servos_config.hpp
-- Installing: /home/robodog/RoboDog/ros2_ws/install/i2cpwm_controller/include/i2cpwm_controller/i2cpwm_controller/srv/stop_servos.hpp
-- Up-to-date: /home/robodog/RoboDog/ros2_ws/install/i2cpwm_controller/include/i2cpwm_controller/i2cpwm_controller/srv/detail
-- Installing: /home/robodog/RoboDog/ros2_ws/install/i2cpwm_controller/include/i2cpwm_controller/i2cpwm_controller/srv/detail/int_value__struct.hpp
-- Installing: /home/robodog/RoboDog/ros2_ws/install/i2cpwm_controller/include/i2cpwm_controller/i2cpwm_controller/srv/detail/int_value__traits.hpp
-- Installing: /home/robodog/RoboDog/ros2_ws/install/i2cpwm_controller/include/i2cpwm_controller/i2cpwm_controller/srv/detail/stop_servos__builder.hpp
-- Installing: /home/robodog/RoboDog/ros2_ws/install/i2cpwm_controller/include/i2cpwm_controller/i2cpwm_controller/srv/detail/stop_servos__struct.hpp
-- Installing: /home/robodog/RoboDog/ros2_ws/install/i2cpwm_controller/include/i2cpwm_controller/i2cpwm_controller/srv/detail/stop_servos__traits.hpp
-- Installing: /home/robodog/RoboDog/ros2_ws/install/i2cpwm_controller/include/i2cpwm_controller/i2cpwm_controller/srv/detail/drive_mode__builder.hpp
-- Installing: /home/robodog/RoboDog/ros2_ws/install/i2cpwm_controller/include/i2cpwm_controller/i2cpwm_controller/srv/detail/servos_config__traits.hpp
-- Installing: /home/robodog/RoboDog/ros2_ws/install/i2cpwm_controller/include/i2cpwm_controller/i2cpwm_controller/srv/detail/servos_config__builder.hpp
-- Installing: /home/robodog/RoboDog/ros2_ws/install/i2cpwm_controller/include/i2cpwm_controller/i2cpwm_controller/srv/detail/int_value__builder.hpp
-- Installing: /home/robodog/RoboDog/ros2_ws/install/i2cpwm_controller/include/i2cpwm_controller/i2cpwm_controller/srv/detail/drive_mode__traits.hpp
-- Installing: /home/robodog/RoboDog/ros2_ws/install/i2cpwm_controller/include/i2cpwm_controller/i2cpwm_controller/srv/detail/drive_mode__struct.hpp
-- Installing: /home/robodog/RoboDog/ros2_ws/install/i2cpwm_controller/include/i2cpwm_controller/i2cpwm_controller/srv/detail/servos_config__struct.hpp
-- Installing: /home/robodog/RoboDog/ros2_ws/install/i2cpwm_controller/include/i2cpwm_controller/i2cpwm_controller/srv/drive_mode.hpp
-- Installing: /home/robodog/RoboDog/ros2_ws/install/i2cpwm_controller/include/i2cpwm_controller/i2cpwm_controller/srv/int_value.hpp
-- Up-to-date: /home/robodog/RoboDog/ros2_ws/install/i2cpwm_controller/include/i2cpwm_controller/i2cpwm_controller/msg
-- Installing: /home/robodog/RoboDog/ros2_ws/install/i2cpwm_controller/include/i2cpwm_controller/i2cpwm_controller/msg/servo_array.hpp
-- Installing: /home/robodog/RoboDog/ros2_ws/install/i2cpwm_controller/include/i2cpwm_controller/i2cpwm_controller/msg/position_array.hpp
-- Installing: /home/robodog/RoboDog/ros2_ws/install/i2cpwm_controller/include/i2cpwm_controller/i2cpwm_controller/msg/position.hpp
-- Installing: /home/robodog/RoboDog/ros2_ws/install/i2cpwm_controller/include/i2cpwm_controller/i2cpwm_controller/msg/servo.hpp
-- Up-to-date: /home/robodog/RoboDog/ros2_ws/install/i2cpwm_controller/include/i2cpwm_controller/i2cpwm_controller/msg/detail
-- Installing: /home/robodog/RoboDog/ros2_ws/install/i2cpwm_controller/include/i2cpwm_controller/i2cpwm_controller/msg/detail/position__struct.hpp
-- Installing: /home/robodog/RoboDog/ros2_ws/install/i2cpwm_controller/include/i2cpwm_controller/i2cpwm_controller/msg/detail/position__traits.hpp
-- Installing: /home/robodog/RoboDog/ros2_ws/install/i2cpwm_controller/include/i2cpwm_controller/i2cpwm_controller/msg/detail/servo_config__traits.hpp
-- Installing: /home/robodog/RoboDog/ros2_ws/install/i2cpwm_controller/include/i2cpwm_controller/i2cpwm_controller/msg/detail/servo__traits.hpp
-- Installing: /home/robodog/RoboDog/ros2_ws/install/i2cpwm_controller/include/i2cpwm_controller/i2cpwm_controller/msg/detail/servo_array__traits.hpp
-- Installing: /home/robodog/RoboDog/ros2_ws/install/i2cpwm_controller/include/i2cpwm_controller/i2cpwm_controller/msg/detail/servo_config_array__traits.hpp
-- Installing: /home/robodog/RoboDog/ros2_ws/install/i2cpwm_controller/include/i2cpwm_controller/i2cpwm_controller/msg/detail/position_array__struct.hpp
-- Installing: /home/robodog/RoboDog/ros2_ws/install/i2cpwm_controller/include/i2cpwm_controller/i2cpwm_controller/msg/detail/servo__struct.hpp
-- Installing: /home/robodog/RoboDog/ros2_ws/install/i2cpwm_controller/include/i2cpwm_controller/i2cpwm_controller/msg/detail/servo_array__builder.hpp
-- Installing: /home/robodog/RoboDog/ros2_ws/install/i2cpwm_controller/include/i2cpwm_controller/i2cpwm_controller/msg/detail/position_array__builder.hpp
-- Installing: /home/robodog/RoboDog/ros2_ws/install/i2cpwm_controller/include/i2cpwm_controller/i2cpwm_controller/msg/detail/servo_config__struct.hpp
-- Installing: /home/robodog/RoboDog/ros2_ws/install/i2cpwm_controller/include/i2cpwm_controller/i2cpwm_controller/msg/detail/servo_array__struct.hpp
-- Installing: /home/robodog/RoboDog/ros2_ws/install/i2cpwm_controller/include/i2cpwm_controller/i2cpwm_controller/msg/detail/position__builder.hpp
-- Installing: /home/robodog/RoboDog/ros2_ws/install/i2cpwm_controller/include/i2cpwm_controller/i2cpwm_controller/msg/detail/servo_config__builder.hpp
-- Installing: /home/robodog/RoboDog/ros2_ws/install/i2cpwm_controller/include/i2cpwm_controller/i2cpwm_controller/msg/detail/position_array__traits.hpp
-- Installing: /home/robodog/RoboDog/ros2_ws/install/i2cpwm_controller/include/i2cpwm_controller/i2cpwm_controller/msg/detail/servo_config_array__builder.hpp
-- Installing: /home/robodog/RoboDog/ros2_ws/install/i2cpwm_controller/include/i2cpwm_controller/i2cpwm_controller/msg/detail/servo_config_array__struct.hpp
-- Installing: /home/robodog/RoboDog/ros2_ws/install/i2cpwm_controller/include/i2cpwm_controller/i2cpwm_controller/msg/detail/servo__builder.hpp
-- Installing: /home/robodog/RoboDog/ros2_ws/install/i2cpwm_controller/include/i2cpwm_controller/i2cpwm_controller/msg/servo_config_array.hpp
-- Installing: /home/robodog/RoboDog/ros2_ws/install/i2cpwm_controller/include/i2cpwm_controller/i2cpwm_controller/msg/servo_config.hpp
-- Up-to-date: /home/robodog/RoboDog/ros2_ws/install/i2cpwm_controller/include/i2cpwm_controller/i2cpwm_controller
-- Up-to-date: /home/robodog/RoboDog/ros2_ws/install/i2cpwm_controller/include/i2cpwm_controller/i2cpwm_controller/srv
-- Up-to-date: /home/robodog/RoboDog/ros2_ws/install/i2cpwm_controller/include/i2cpwm_controller/i2cpwm_controller/srv/detail
-- Installing: /home/robodog/RoboDog/ros2_ws/install/i2cpwm_controller/include/i2cpwm_controller/i2cpwm_controller/srv/detail/stop_servos__rosidl_typesupport_fastrtps_cpp.hpp
-- Installing: /home/robodog/RoboDog/ros2_ws/install/i2cpwm_controller/include/i2cpwm_controller/i2cpwm_controller/srv/detail/drive_mode__rosidl_typesupport_fastrtps_cpp.hpp
-- Installing: /home/robodog/RoboDog/ros2_ws/install/i2cpwm_controller/include/i2cpwm_controller/i2cpwm_controller/srv/detail/dds_fastrtps
-- Installing: /home/robodog/RoboDog/ros2_ws/install/i2cpwm_controller/include/i2cpwm_controller/i2cpwm_controller/srv/detail/int_value__rosidl_typesupport_fastrtps_cpp.hpp
-- Installing: /home/robodog/RoboDog/ros2_ws/install/i2cpwm_controller/include/i2cpwm_controller/i2cpwm_controller/srv/detail/servos_config__rosidl_typesupport_fastrtps_cpp.hpp
-- Up-to-date: /home/robodog/RoboDog/ros2_ws/install/i2cpwm_controller/include/i2cpwm_controller/i2cpwm_controller/msg
-- Installing: /home/robodog/RoboDog/ros2_ws/install/i2cpwm_controller/include/i2cpwm_controller/i2cpwm_controller/msg/rosidl_typesupport_fastrtps_cpp__visibility_control.h
-- Up-to-date: /home/robodog/RoboDog/ros2_ws/install/i2cpwm_controller/include/i2cpwm_controller/i2cpwm_controller/msg/detail
-- Installing: /home/robodog/RoboDog/ros2_ws/install/i2cpwm_controller/include/i2cpwm_controller/i2cpwm_controller/msg/detail/servo_array__rosidl_typesupport_fastrtps_cpp.hpp
-- Installing: /home/robodog/RoboDog/ros2_ws/install/i2cpwm_controller/include/i2cpwm_controller/i2cpwm_controller/msg/detail/servo__rosidl_typesupport_fastrtps_cpp.hpp
-- Installing: /home/robodog/RoboDog/ros2_ws/install/i2cpwm_controller/include/i2cpwm_controller/i2cpwm_controller/msg/detail/position_array__rosidl_typesupport_fastrtps_cpp.hpp
-- Installing: /home/robodog/RoboDog/ros2_ws/install/i2cpwm_controller/include/i2cpwm_controller/i2cpwm_controller/msg/detail/servo_config_array__rosidl_typesupport_fastrtps_cpp.hpp
-- Installing: /home/robodog/RoboDog/ros2_ws/install/i2cpwm_controller/include/i2cpwm_controller/i2cpwm_controller/msg/detail/position__rosidl_typesupport_fastrtps_cpp.hpp
-- Installing: /home/robodog/RoboDog/ros2_ws/install/i2cpwm_controller/include/i2cpwm_controller/i2cpwm_controller/msg/detail/dds_fastrtps
-- Installing: /home/robodog/RoboDog/ros2_ws/install/i2cpwm_controller/include/i2cpwm_controller/i2cpwm_controller/msg/detail/servo_config__rosidl_typesupport_fastrtps_cpp.hpp
-- Installing: /home/robodog/RoboDog/ros2_ws/install/i2cpwm_controller/lib/libi2cpwm_controller__rosidl_typesupport_fastrtps_cpp.so
-- Set runtime path of "/home/robodog/RoboDog/ros2_ws/install/i2cpwm_controller/lib/libi2cpwm_controller__rosidl_typesupport_fastrtps_cpp.so" to ""
-- Up-to-date: /home/robodog/RoboDog/ros2_ws/install/i2cpwm_controller/include/i2cpwm_controller/i2cpwm_controller
-- Up-to-date: /home/robodog/RoboDog/ros2_ws/install/i2cpwm_controller/include/i2cpwm_controller/i2cpwm_controller/srv
-- Up-to-date: /home/robodog/RoboDog/ros2_ws/install/i2cpwm_controller/include/i2cpwm_controller/i2cpwm_controller/srv/detail
-- Installing: /home/robodog/RoboDog/ros2_ws/install/i2cpwm_controller/include/i2cpwm_controller/i2cpwm_controller/srv/detail/servos_config__rosidl_typesupport_introspection_c.h
-- Installing: /home/robodog/RoboDog/ros2_ws/install/i2cpwm_controller/include/i2cpwm_controller/i2cpwm_controller/srv/detail/drive_mode__type_support.c
-- Installing: /home/robodog/RoboDog/ros2_ws/install/i2cpwm_controller/include/i2cpwm_controller/i2cpwm_controller/srv/detail/stop_servos__rosidl_typesupport_introspection_c.h
-- Installing: /home/robodog/RoboDog/ros2_ws/install/i2cpwm_controller/include/i2cpwm_controller/i2cpwm_controller/srv/detail/int_value__type_support.c
-- Installing: /home/robodog/RoboDog/ros2_ws/install/i2cpwm_controller/include/i2cpwm_controller/i2cpwm_controller/srv/detail/servos_config__type_support.c
-- Installing: /home/robodog/RoboDog/ros2_ws/install/i2cpwm_controller/include/i2cpwm_controller/i2cpwm_controller/srv/detail/stop_servos__type_support.c
-- Installing: /home/robodog/RoboDog/ros2_ws/install/i2cpwm_controller/include/i2cpwm_controller/i2cpwm_controller/srv/detail/int_value__rosidl_typesupport_introspection_c.h
-- Installing: /home/robodog/RoboDog/ros2_ws/install/i2cpwm_controller/include/i2cpwm_controller/i2cpwm_controller/srv/detail/drive_mode__rosidl_typesupport_introspection_c.h
-- Up-to-date: /home/robodog/RoboDog/ros2_ws/install/i2cpwm_controller/include/i2cpwm_controller/i2cpwm_controller/msg
-- Up-to-date: /home/robodog/RoboDog/ros2_ws/install/i2cpwm_controller/include/i2cpwm_controller/i2cpwm_controller/msg/detail
-- Installing: /home/robodog/RoboDog/ros2_ws/install/i2cpwm_controller/include/i2cpwm_controller/i2cpwm_controller/msg/detail/servo_config__type_support.c
-- Installing: /home/robodog/RoboDog/ros2_ws/install/i2cpwm_controller/include/i2cpwm_controller/i2cpwm_controller/msg/detail/servo__type_support.c
-- Installing: /home/robodog/RoboDog/ros2_ws/install/i2cpwm_controller/include/i2cpwm_controller/i2cpwm_controller/msg/detail/position__rosidl_typesupport_introspection_c.h
-- Installing: /home/robodog/RoboDog/ros2_ws/install/i2cpwm_controller/include/i2cpwm_controller/i2cpwm_controller/msg/detail/servo__rosidl_typesupport_introspection_c.h
-- Installing: /home/robodog/RoboDog/ros2_ws/install/i2cpwm_controller/include/i2cpwm_controller/i2cpwm_controller/msg/detail/position_array__rosidl_typesupport_introspection_c.h
-- Installing: /home/robodog/RoboDog/ros2_ws/install/i2cpwm_controller/include/i2cpwm_controller/i2cpwm_controller/msg/detail/servo_config_array__type_support.c
-- Installing: /home/robodog/RoboDog/ros2_ws/install/i2cpwm_controller/include/i2cpwm_controller/i2cpwm_controller/msg/detail/position_array__type_support.c
-- Installing: /home/robodog/RoboDog/ros2_ws/install/i2cpwm_controller/include/i2cpwm_controller/i2cpwm_controller/msg/detail/servo_config_array__rosidl_typesupport_introspection_c.h
-- Installing: /home/robodog/RoboDog/ros2_ws/install/i2cpwm_controller/include/i2cpwm_controller/i2cpwm_controller/msg/detail/servo_array__type_support.c
-- Installing: /home/robodog/RoboDog/ros2_ws/install/i2cpwm_controller/include/i2cpwm_controller/i2cpwm_controller/msg/detail/servo_array__rosidl_typesupport_introspection_c.h
-- Installing: /home/robodog/RoboDog/ros2_ws/install/i2cpwm_controller/include/i2cpwm_controller/i2cpwm_controller/msg/detail/servo_config__rosidl_typesupport_introspection_c.h
-- Installing: /home/robodog/RoboDog/ros2_ws/install/i2cpwm_controller/include/i2cpwm_controller/i2cpwm_controller/msg/detail/position__type_support.c
-- Installing: /home/robodog/RoboDog/ros2_ws/install/i2cpwm_controller/include/i2cpwm_controller/i2cpwm_controller/msg/rosidl_typesupport_introspection_c__visibility_control.h
-- Installing: /home/robodog/RoboDog/ros2_ws/install/i2cpwm_controller/lib/libi2cpwm_controller__rosidl_typesupport_introspection_c.so
-- Set runtime path of "/home/robodog/RoboDog/ros2_ws/install/i2cpwm_controller/lib/libi2cpwm_controller__rosidl_typesupport_introspection_c.so" to ""
-- Installing: /home/robodog/RoboDog/ros2_ws/install/i2cpwm_controller/lib/libi2cpwm_controller__rosidl_typesupport_c.so
-- Set runtime path of "/home/robodog/RoboDog/ros2_ws/install/i2cpwm_controller/lib/libi2cpwm_controller__rosidl_typesupport_c.so" to ""
-- Up-to-date: /home/robodog/RoboDog/ros2_ws/install/i2cpwm_controller/include/i2cpwm_controller/i2cpwm_controller
-- Up-to-date: /home/robodog/RoboDog/ros2_ws/install/i2cpwm_controller/include/i2cpwm_controller/i2cpwm_controller/srv
-- Up-to-date: /home/robodog/RoboDog/ros2_ws/install/i2cpwm_controller/include/i2cpwm_controller/i2cpwm_controller/srv/detail
-- Installing: /home/robodog/RoboDog/ros2_ws/install/i2cpwm_controller/include/i2cpwm_controller/i2cpwm_controller/srv/detail/drive_mode__rosidl_typesupport_introspection_cpp.hpp
-- Installing: /home/robodog/RoboDog/ros2_ws/install/i2cpwm_controller/include/i2cpwm_controller/i2cpwm_controller/srv/detail/stop_servos__rosidl_typesupport_introspection_cpp.hpp
-- Installing: /home/robodog/RoboDog/ros2_ws/install/i2cpwm_controller/include/i2cpwm_controller/i2cpwm_controller/srv/detail/stop_servos__type_support.cpp
-- Installing: /home/robodog/RoboDog/ros2_ws/install/i2cpwm_controller/include/i2cpwm_controller/i2cpwm_controller/srv/detail/servos_config__type_support.cpp
-- Installing: /home/robodog/RoboDog/ros2_ws/install/i2cpwm_controller/include/i2cpwm_controller/i2cpwm_controller/srv/detail/drive_mode__type_support.cpp
-- Installing: /home/robodog/RoboDog/ros2_ws/install/i2cpwm_controller/include/i2cpwm_controller/i2cpwm_controller/srv/detail/int_value__rosidl_typesupport_introspection_cpp.hpp
-- Installing: /home/robodog/RoboDog/ros2_ws/install/i2cpwm_controller/include/i2cpwm_controller/i2cpwm_controller/srv/detail/servos_config__rosidl_typesupport_introspection_cpp.hpp
-- Installing: /home/robodog/RoboDog/ros2_ws/install/i2cpwm_controller/include/i2cpwm_controller/i2cpwm_controller/srv/detail/int_value__type_support.cpp
-- Up-to-date: /home/robodog/RoboDog/ros2_ws/install/i2cpwm_controller/include/i2cpwm_controller/i2cpwm_controller/msg
-- Up-to-date: /home/robodog/RoboDog/ros2_ws/install/i2cpwm_controller/include/i2cpwm_controller/i2cpwm_controller/msg/detail
-- Installing: /home/robodog/RoboDog/ros2_ws/install/i2cpwm_controller/include/i2cpwm_controller/i2cpwm_controller/msg/detail/servo_array__type_support.cpp
-- Installing: /home/robodog/RoboDog/ros2_ws/install/i2cpwm_controller/include/i2cpwm_controller/i2cpwm_controller/msg/detail/servo_array__rosidl_typesupport_introspection_cpp.hpp
-- Installing: /home/robodog/RoboDog/ros2_ws/install/i2cpwm_controller/include/i2cpwm_controller/i2cpwm_controller/msg/detail/servo__type_support.cpp
-- Installing: /home/robodog/RoboDog/ros2_ws/install/i2cpwm_controller/include/i2cpwm_controller/i2cpwm_controller/msg/detail/position_array__rosidl_typesupport_introspection_cpp.hpp
-- Installing: /home/robodog/RoboDog/ros2_ws/install/i2cpwm_controller/include/i2cpwm_controller/i2cpwm_controller/msg/detail/servo_config_array__rosidl_typesupport_introspection_cpp.hpp
-- Installing: /home/robodog/RoboDog/ros2_ws/install/i2cpwm_controller/include/i2cpwm_controller/i2cpwm_controller/msg/detail/position_array__type_support.cpp
-- Installing: /home/robodog/RoboDog/ros2_ws/install/i2cpwm_controller/include/i2cpwm_controller/i2cpwm_controller/msg/detail/servo_config__rosidl_typesupport_introspection_cpp.hpp
-- Installing: /home/robodog/RoboDog/ros2_ws/install/i2cpwm_controller/include/i2cpwm_controller/i2cpwm_controller/msg/detail/servo_config__type_support.cpp
-- Installing: /home/robodog/RoboDog/ros2_ws/install/i2cpwm_controller/include/i2cpwm_controller/i2cpwm_controller/msg/detail/position__rosidl_typesupport_introspection_cpp.hpp
-- Installing: /home/robodog/RoboDog/ros2_ws/install/i2cpwm_controller/include/i2cpwm_controller/i2cpwm_controller/msg/detail/servo__rosidl_typesupport_introspection_cpp.hpp
-- Installing: /home/robodog/RoboDog/ros2_ws/install/i2cpwm_controller/include/i2cpwm_controller/i2cpwm_controller/msg/detail/servo_config_array__type_support.cpp
-- Installing: /home/robodog/RoboDog/ros2_ws/install/i2cpwm_controller/include/i2cpwm_controller/i2cpwm_controller/msg/detail/position__type_support.cpp
-- Installing: /home/robodog/RoboDog/ros2_ws/install/i2cpwm_controller/lib/libi2cpwm_controller__rosidl_typesupport_introspection_cpp.so
-- Set runtime path of "/home/robodog/RoboDog/ros2_ws/install/i2cpwm_controller/lib/libi2cpwm_controller__rosidl_typesupport_introspection_cpp.so" to ""
-- Installing: /home/robodog/RoboDog/ros2_ws/install/i2cpwm_controller/lib/libi2cpwm_controller__rosidl_typesupport_cpp.so
-- Set runtime path of "/home/robodog/RoboDog/ros2_ws/install/i2cpwm_controller/lib/libi2cpwm_controller__rosidl_typesupport_cpp.so" to ""
-- Installing: /home/robodog/RoboDog/ros2_ws/install/i2cpwm_controller/share/i2cpwm_controller/environment/pythonpath.sh
-- Installing: /home/robodog/RoboDog/ros2_ws/install/i2cpwm_controller/share/i2cpwm_controller/environment/pythonpath.dsv
-- Installing: /home/robodog/RoboDog/ros2_ws/install/i2cpwm_controller/local/lib/python3.10/dist-packages/i2cpwm_controller-0.5.1-py3.10.egg-info
-- Installing: /home/robodog/RoboDog/ros2_ws/install/i2cpwm_controller/local/lib/python3.10/dist-packages/i2cpwm_controller-0.5.1-py3.10.egg-info/PKG-INFO
-- Installing: /home/robodog/RoboDog/ros2_ws/install/i2cpwm_controller/local/lib/python3.10/dist-packages/i2cpwm_controller-0.5.1-py3.10.egg-info/top_level.txt
-- Installing: /home/robodog/RoboDog/ros2_ws/install/i2cpwm_controller/local/lib/python3.10/dist-packages/i2cpwm_controller-0.5.1-py3.10.egg-info/dependency_links.txt
-- Installing: /home/robodog/RoboDog/ros2_ws/install/i2cpwm_controller/local/lib/python3.10/dist-packages/i2cpwm_controller-0.5.1-py3.10.egg-info/SOURCES.txt
-- Installing: /home/robodog/RoboDog/ros2_ws/install/i2cpwm_controller/local/lib/python3.10/dist-packages/i2cpwm_controller
-- Installing: /home/robodog/RoboDog/ros2_ws/install/i2cpwm_controller/local/lib/python3.10/dist-packages/i2cpwm_controller/_i2cpwm_controller_s.ep.rosidl_typesupport_introspection_c.c
-- Installing: /home/robodog/RoboDog/ros2_ws/install/i2cpwm_controller/local/lib/python3.10/dist-packages/i2cpwm_controller/srv
-- Installing: /home/robodog/RoboDog/ros2_ws/install/i2cpwm_controller/local/lib/python3.10/dist-packages/i2cpwm_controller/srv/_servos_config_s.c
-- Installing: /home/robodog/RoboDog/ros2_ws/install/i2cpwm_controller/local/lib/python3.10/dist-packages/i2cpwm_controller/srv/_servos_config.py
-- Installing: /home/robodog/RoboDog/ros2_ws/install/i2cpwm_controller/local/lib/python3.10/dist-packages/i2cpwm_controller/srv/__init__.py
-- Installing: /home/robodog/RoboDog/ros2_ws/install/i2cpwm_controller/local/lib/python3.10/dist-packages/i2cpwm_controller/srv/_drive_mode.py
-- Installing: /home/robodog/RoboDog/ros2_ws/install/i2cpwm_controller/local/lib/python3.10/dist-packages/i2cpwm_controller/srv/_stop_servos_s.c
-- Installing: /home/robodog/RoboDog/ros2_ws/install/i2cpwm_controller/local/lib/python3.10/dist-packages/i2cpwm_controller/srv/_int_value_s.c
-- Installing: /home/robodog/RoboDog/ros2_ws/install/i2cpwm_controller/local/lib/python3.10/dist-packages/i2cpwm_controller/srv/_drive_mode_s.c
-- Installing: /home/robodog/RoboDog/ros2_ws/install/i2cpwm_controller/local/lib/python3.10/dist-packages/i2cpwm_controller/srv/_stop_servos.py
-- Installing: /home/robodog/RoboDog/ros2_ws/install/i2cpwm_controller/local/lib/python3.10/dist-packages/i2cpwm_controller/srv/_int_value.py
-- Installing: /home/robodog/RoboDog/ros2_ws/install/i2cpwm_controller/local/lib/python3.10/dist-packages/i2cpwm_controller/_i2cpwm_controller_s.ep.rosidl_typesupport_c.c
-- Installing: /home/robodog/RoboDog/ros2_ws/install/i2cpwm_controller/local/lib/python3.10/dist-packages/i2cpwm_controller/msg
-- Installing: /home/robodog/RoboDog/ros2_ws/install/i2cpwm_controller/local/lib/python3.10/dist-packages/i2cpwm_controller/msg/_servo_array.py
-- Installing: /home/robodog/RoboDog/ros2_ws/install/i2cpwm_controller/local/lib/python3.10/dist-packages/i2cpwm_controller/msg/_servo_array_s.c
-- Installing: /home/robodog/RoboDog/ros2_ws/install/i2cpwm_controller/local/lib/python3.10/dist-packages/i2cpwm_controller/msg/_position_s.c
-- Installing: /home/robodog/RoboDog/ros2_ws/install/i2cpwm_controller/local/lib/python3.10/dist-packages/i2cpwm_controller/msg/_servo_s.c
-- Installing: /home/robodog/RoboDog/ros2_ws/install/i2cpwm_controller/local/lib/python3.10/dist-packages/i2cpwm_controller/msg/_servo_config_array_s.c
-- Installing: /home/robodog/RoboDog/ros2_ws/install/i2cpwm_controller/local/lib/python3.10/dist-packages/i2cpwm_controller/msg/__init__.py
-- Installing: /home/robodog/RoboDog/ros2_ws/install/i2cpwm_controller/local/lib/python3.10/dist-packages/i2cpwm_controller/msg/_position.py
-- Installing: /home/robodog/RoboDog/ros2_ws/install/i2cpwm_controller/local/lib/python3.10/dist-packages/i2cpwm_controller/msg/_position_array_s.c
-- Installing: /home/robodog/RoboDog/ros2_ws/install/i2cpwm_controller/local/lib/python3.10/dist-packages/i2cpwm_controller/msg/_servo.py
-- Installing: /home/robodog/RoboDog/ros2_ws/install/i2cpwm_controller/local/lib/python3.10/dist-packages/i2cpwm_controller/msg/_servo_config_array.py
-- Installing: /home/robodog/RoboDog/ros2_ws/install/i2cpwm_controller/local/lib/python3.10/dist-packages/i2cpwm_controller/msg/_servo_config_s.c
-- Installing: /home/robodog/RoboDog/ros2_ws/install/i2cpwm_controller/local/lib/python3.10/dist-packages/i2cpwm_controller/msg/_servo_config.py
-- Installing: /home/robodog/RoboDog/ros2_ws/install/i2cpwm_controller/local/lib/python3.10/dist-packages/i2cpwm_controller/msg/_position_array.py
-- Installing: /home/robodog/RoboDog/ros2_ws/install/i2cpwm_controller/local/lib/python3.10/dist-packages/i2cpwm_controller/i2cpwm_controller_s__rosidl_typesupport_fastrtps_c.cpython-310-aarch64-linux-gnu.so
-- Installing: /home/robodog/RoboDog/ros2_ws/install/i2cpwm_controller/local/lib/python3.10/dist-packages/i2cpwm_controller/__init__.py
-- Installing: /home/robodog/RoboDog/ros2_ws/install/i2cpwm_controller/local/lib/python3.10/dist-packages/i2cpwm_controller/i2cpwm_controller_s__rosidl_typesupport_c.cpython-310-aarch64-linux-gnu.so
-- Installing: /home/robodog/RoboDog/ros2_ws/install/i2cpwm_controller/local/lib/python3.10/dist-packages/i2cpwm_controller/i2cpwm_controller_s__rosidl_typesupport_introspection_c.cpython-310-aarch64-linux-gnu.so
-- Installing: /home/robodog/RoboDog/ros2_ws/install/i2cpwm_controller/local/lib/python3.10/dist-packages/i2cpwm_controller/_i2cpwm_controller_s.ep.rosidl_typesupport_fastrtps_c.c
-- Installing: /home/robodog/RoboDog/ros2_ws/install/i2cpwm_controller/local/lib/python3.10/dist-packages/i2cpwm_controller/libi2cpwm_controller__rosidl_generator_py.so
Listing '/home/robodog/RoboDog/ros2_ws/install/i2cpwm_controller/local/lib/python3.10/dist-packages/i2cpwm_controller'...
Compiling '/home/robodog/RoboDog/ros2_ws/install/i2cpwm_controller/local/lib/python3.10/dist-packages/i2cpwm_controller/__init__.py'...
Listing '/home/robodog/RoboDog/ros2_ws/install/i2cpwm_controller/local/lib/python3.10/dist-packages/i2cpwm_controller/msg'...
Compiling '/home/robodog/RoboDog/ros2_ws/install/i2cpwm_controller/local/lib/python3.10/dist-packages/i2cpwm_controller/msg/__init__.py'...
Compiling '/home/robodog/RoboDog/ros2_ws/install/i2cpwm_controller/local/lib/python3.10/dist-packages/i2cpwm_controller/msg/_position.py'...
Compiling '/home/robodog/RoboDog/ros2_ws/install/i2cpwm_controller/local/lib/python3.10/dist-packages/i2cpwm_controller/msg/_position_array.py'...
Compiling '/home/robodog/RoboDog/ros2_ws/install/i2cpwm_controller/local/lib/python3.10/dist-packages/i2cpwm_controller/msg/_servo.py'...
Compiling '/home/robodog/RoboDog/ros2_ws/install/i2cpwm_controller/local/lib/python3.10/dist-packages/i2cpwm_controller/msg/_servo_array.py'...
Compiling '/home/robodog/RoboDog/ros2_ws/install/i2cpwm_controller/local/lib/python3.10/dist-packages/i2cpwm_controller/msg/_servo_config.py'...
Compiling '/home/robodog/RoboDog/ros2_ws/install/i2cpwm_controller/local/lib/python3.10/dist-packages/i2cpwm_controller/msg/_servo_config_array.py'...
Listing '/home/robodog/RoboDog/ros2_ws/install/i2cpwm_controller/local/lib/python3.10/dist-packages/i2cpwm_controller/srv'...
Compiling '/home/robodog/RoboDog/ros2_ws/install/i2cpwm_controller/local/lib/python3.10/dist-packages/i2cpwm_controller/srv/__init__.py'...
Compiling '/home/robodog/RoboDog/ros2_ws/install/i2cpwm_controller/local/lib/python3.10/dist-packages/i2cpwm_controller/srv/_drive_mode.py'...
Compiling '/home/robodog/RoboDog/ros2_ws/install/i2cpwm_controller/local/lib/python3.10/dist-packages/i2cpwm_controller/srv/_int_value.py'...
Compiling '/home/robodog/RoboDog/ros2_ws/install/i2cpwm_controller/local/lib/python3.10/dist-packages/i2cpwm_controller/srv/_servos_config.py'...
Compiling '/home/robodog/RoboDog/ros2_ws/install/i2cpwm_controller/local/lib/python3.10/dist-packages/i2cpwm_controller/srv/_stop_servos.py'...
-- Installing: /home/robodog/RoboDog/ros2_ws/install/i2cpwm_controller/local/lib/python3.10/dist-packages/i2cpwm_controller/i2cpwm_controller_s__rosidl_typesupport_fastrtps_c.cpython-310-aarch64-linux-gnu.so
-- Set runtime path of "/home/robodog/RoboDog/ros2_ws/install/i2cpwm_controller/local/lib/python3.10/dist-packages/i2cpwm_controller/i2cpwm_controller_s__rosidl_typesupport_fastrtps_c.cpython-310-aarch64-linux-gnu.so" to ""
-- Installing: /home/robodog/RoboDog/ros2_ws/install/i2cpwm_controller/local/lib/python3.10/dist-packages/i2cpwm_controller/i2cpwm_controller_s__rosidl_typesupport_introspection_c.cpython-310-aarch64-linux-gnu.so
-- Set runtime path of "/home/robodog/RoboDog/ros2_ws/install/i2cpwm_controller/local/lib/python3.10/dist-packages/i2cpwm_controller/i2cpwm_controller_s__rosidl_typesupport_introspection_c.cpython-310-aarch64-linux-gnu.so" to ""
-- Installing: /home/robodog/RoboDog/ros2_ws/install/i2cpwm_controller/local/lib/python3.10/dist-packages/i2cpwm_controller/i2cpwm_controller_s__rosidl_typesupport_c.cpython-310-aarch64-linux-gnu.so
-- Set runtime path of "/home/robodog/RoboDog/ros2_ws/install/i2cpwm_controller/local/lib/python3.10/dist-packages/i2cpwm_controller/i2cpwm_controller_s__rosidl_typesupport_c.cpython-310-aarch64-linux-gnu.so" to ""
-- Installing: /home/robodog/RoboDog/ros2_ws/install/i2cpwm_controller/lib/libi2cpwm_controller__rosidl_generator_py.so
-- Set runtime path of "/home/robodog/RoboDog/ros2_ws/install/i2cpwm_controller/lib/libi2cpwm_controller__rosidl_generator_py.so" to ""
-- Installing: /home/robodog/RoboDog/ros2_ws/install/i2cpwm_controller/share/i2cpwm_controller/msg/Position.idl
-- Installing: /home/robodog/RoboDog/ros2_ws/install/i2cpwm_controller/share/i2cpwm_controller/msg/PositionArray.idl
-- Installing: /home/robodog/RoboDog/ros2_ws/install/i2cpwm_controller/share/i2cpwm_controller/msg/Servo.idl
-- Installing: /home/robodog/RoboDog/ros2_ws/install/i2cpwm_controller/share/i2cpwm_controller/msg/ServoArray.idl
-- Installing: /home/robodog/RoboDog/ros2_ws/install/i2cpwm_controller/share/i2cpwm_controller/msg/ServoConfig.idl
-- Installing: /home/robodog/RoboDog/ros2_ws/install/i2cpwm_controller/share/i2cpwm_controller/msg/ServoConfigArray.idl
-- Installing: /home/robodog/RoboDog/ros2_ws/install/i2cpwm_controller/share/i2cpwm_controller/srv/DriveMode.idl
-- Installing: /home/robodog/RoboDog/ros2_ws/install/i2cpwm_controller/share/i2cpwm_controller/srv/IntValue.idl
-- Installing: /home/robodog/RoboDog/ros2_ws/install/i2cpwm_controller/share/i2cpwm_controller/srv/ServosConfig.idl
-- Installing: /home/robodog/RoboDog/ros2_ws/install/i2cpwm_controller/share/i2cpwm_controller/srv/StopServos.idl
-- Installing: /home/robodog/RoboDog/ros2_ws/install/i2cpwm_controller/share/i2cpwm_controller/msg/Position.msg
-- Installing: /home/robodog/RoboDog/ros2_ws/install/i2cpwm_controller/share/i2cpwm_controller/msg/PositionArray.msg
-- Installing: /home/robodog/RoboDog/ros2_ws/install/i2cpwm_controller/share/i2cpwm_controller/msg/Servo.msg
-- Installing: /home/robodog/RoboDog/ros2_ws/install/i2cpwm_controller/share/i2cpwm_controller/msg/ServoArray.msg
-- Installing: /home/robodog/RoboDog/ros2_ws/install/i2cpwm_controller/share/i2cpwm_controller/msg/ServoConfig.msg
-- Installing: /home/robodog/RoboDog/ros2_ws/install/i2cpwm_controller/share/i2cpwm_controller/msg/ServoConfigArray.msg
-- Installing: /home/robodog/RoboDog/ros2_ws/install/i2cpwm_controller/share/i2cpwm_controller/srv/DriveMode.srv
-- Installing: /home/robodog/RoboDog/ros2_ws/install/i2cpwm_controller/share/i2cpwm_controller/srv/DriveMode_Request.msg
-- Installing: /home/robodog/RoboDog/ros2_ws/install/i2cpwm_controller/share/i2cpwm_controller/srv/DriveMode_Response.msg
-- Installing: /home/robodog/RoboDog/ros2_ws/install/i2cpwm_controller/share/i2cpwm_controller/srv/IntValue.srv
-- Installing: /home/robodog/RoboDog/ros2_ws/install/i2cpwm_controller/share/i2cpwm_controller/srv/IntValue_Request.msg
-- Installing: /home/robodog/RoboDog/ros2_ws/install/i2cpwm_controller/share/i2cpwm_controller/srv/IntValue_Response.msg
-- Installing: /home/robodog/RoboDog/ros2_ws/install/i2cpwm_controller/share/i2cpwm_controller/srv/ServosConfig.srv
-- Installing: /home/robodog/RoboDog/ros2_ws/install/i2cpwm_controller/share/i2cpwm_controller/srv/ServosConfig_Request.msg
-- Installing: /home/robodog/RoboDog/ros2_ws/install/i2cpwm_controller/share/i2cpwm_controller/srv/ServosConfig_Response.msg
-- Installing: /home/robodog/RoboDog/ros2_ws/install/i2cpwm_controller/share/i2cpwm_controller/srv/StopServos.srv
-- Installing: /home/robodog/RoboDog/ros2_ws/install/i2cpwm_controller/share/i2cpwm_controller/srv/StopServos_Request.msg
-- Installing: /home/robodog/RoboDog/ros2_ws/install/i2cpwm_controller/share/i2cpwm_controller/srv/StopServos_Response.msg
-- Installing: /home/robodog/RoboDog/ros2_ws/install/i2cpwm_controller/share/i2cpwm_controller/launch
-- Installing: /home/robodog/RoboDog/ros2_ws/install/i2cpwm_controller/share/i2cpwm_controller/launch/i2cpwm_node.launch.py
-- Installing: /home/robodog/RoboDog/ros2_ws/install/i2cpwm_controller/share/ament_index/resource_index/package_run_dependencies/i2cpwm_controller
-- Installing: /home/robodog/RoboDog/ros2_ws/install/i2cpwm_controller/share/ament_index/resource_index/parent_prefix_path/i2cpwm_controller
-- Installing: /home/robodog/RoboDog/ros2_ws/install/i2cpwm_controller/share/i2cpwm_controller/environment/ament_prefix_path.sh
-- Installing: /home/robodog/RoboDog/ros2_ws/install/i2cpwm_controller/share/i2cpwm_controller/environment/ament_prefix_path.dsv
-- Installing: /home/robodog/RoboDog/ros2_ws/install/i2cpwm_controller/share/i2cpwm_controller/environment/path.sh
-- Installing: /home/robodog/RoboDog/ros2_ws/install/i2cpwm_controller/share/i2cpwm_controller/environment/path.dsv
-- Installing: /home/robodog/RoboDog/ros2_ws/install/i2cpwm_controller/share/i2cpwm_controller/local_setup.bash
-- Installing: /home/robodog/RoboDog/ros2_ws/install/i2cpwm_controller/share/i2cpwm_controller/local_setup.sh
-- Installing: /home/robodog/RoboDog/ros2_ws/install/i2cpwm_controller/share/i2cpwm_controller/local_setup.zsh
-- Installing: /home/robodog/RoboDog/ros2_ws/install/i2cpwm_controller/share/i2cpwm_controller/local_setup.dsv
-- Installing: /home/robodog/RoboDog/ros2_ws/install/i2cpwm_controller/share/i2cpwm_controller/package.dsv
-- Installing: /home/robodog/RoboDog/ros2_ws/install/i2cpwm_controller/share/ament_index/resource_index/packages/i2cpwm_controller
-- Installing: /home/robodog/RoboDog/ros2_ws/install/i2cpwm_controller/share/i2cpwm_controller/cmake/export_i2cpwm_controller__rosidl_generator_cExport.cmake
-- Installing: /home/robodog/RoboDog/ros2_ws/install/i2cpwm_controller/share/i2cpwm_controller/cmake/export_i2cpwm_controller__rosidl_generator_cExport-noconfig.cmake
-- Installing: /home/robodog/RoboDog/ros2_ws/install/i2cpwm_controller/share/i2cpwm_controller/cmake/export_i2cpwm_controller__rosidl_typesupport_fastrtps_cExport.cmake
-- Installing: /home/robodog/RoboDog/ros2_ws/install/i2cpwm_controller/share/i2cpwm_controller/cmake/export_i2cpwm_controller__rosidl_typesupport_fastrtps_cExport-noconfig.cmake
-- Installing: /home/robodog/RoboDog/ros2_ws/install/i2cpwm_controller/share/i2cpwm_controller/cmake/export_i2cpwm_controller__rosidl_generator_cppExport.cmake
-- Installing: /home/robodog/RoboDog/ros2_ws/install/i2cpwm_controller/share/i2cpwm_controller/cmake/export_i2cpwm_controller__rosidl_typesupport_fastrtps_cppExport.cmake
-- Installing: /home/robodog/RoboDog/ros2_ws/install/i2cpwm_controller/share/i2cpwm_controller/cmake/export_i2cpwm_controller__rosidl_typesupport_fastrtps_cppExport-noconfig.cmake
-- Installing: /home/robodog/RoboDog/ros2_ws/install/i2cpwm_controller/share/i2cpwm_controller/cmake/i2cpwm_controller__rosidl_typesupport_introspection_cExport.cmake
-- Installing: /home/robodog/RoboDog/ros2_ws/install/i2cpwm_controller/share/i2cpwm_controller/cmake/i2cpwm_controller__rosidl_typesupport_introspection_cExport-noconfig.cmake
-- Installing: /home/robodog/RoboDog/ros2_ws/install/i2cpwm_controller/share/i2cpwm_controller/cmake/i2cpwm_controller__rosidl_typesupport_cExport.cmake
-- Installing: /home/robodog/RoboDog/ros2_ws/install/i2cpwm_controller/share/i2cpwm_controller/cmake/i2cpwm_controller__rosidl_typesupport_cExport-noconfig.cmake
-- Installing: /home/robodog/RoboDog/ros2_ws/install/i2cpwm_controller/share/i2cpwm_controller/cmake/i2cpwm_controller__rosidl_typesupport_introspection_cppExport.cmake
-- Installing: /home/robodog/RoboDog/ros2_ws/install/i2cpwm_controller/share/i2cpwm_controller/cmake/i2cpwm_controller__rosidl_typesupport_introspection_cppExport-noconfig.cmake
-- Installing: /home/robodog/RoboDog/ros2_ws/install/i2cpwm_controller/share/i2cpwm_controller/cmake/i2cpwm_controller__rosidl_typesupport_cppExport.cmake
-- Installing: /home/robodog/RoboDog/ros2_ws/install/i2cpwm_controller/share/i2cpwm_controller/cmake/i2cpwm_controller__rosidl_typesupport_cppExport-noconfig.cmake
-- Installing: /home/robodog/RoboDog/ros2_ws/install/i2cpwm_controller/share/i2cpwm_controller/cmake/export_i2cpwm_controller__rosidl_generator_pyExport.cmake
-- Installing: /home/robodog/RoboDog/ros2_ws/install/i2cpwm_controller/share/i2cpwm_controller/cmake/export_i2cpwm_controller__rosidl_generator_pyExport-noconfig.cmake
-- Installing: /home/robodog/RoboDog/ros2_ws/install/i2cpwm_controller/share/i2cpwm_controller/cmake/rosidl_cmake-extras.cmake
-- Installing: /home/robodog/RoboDog/ros2_ws/install/i2cpwm_controller/share/i2cpwm_controller/cmake/ament_cmake_export_dependencies-extras.cmake
-- Installing: /home/robodog/RoboDog/ros2_ws/install/i2cpwm_controller/share/i2cpwm_controller/cmake/ament_cmake_export_include_directories-extras.cmake
-- Installing: /home/robodog/RoboDog/ros2_ws/install/i2cpwm_controller/share/i2cpwm_controller/cmake/ament_cmake_export_libraries-extras.cmake
-- Installing: /home/robodog/RoboDog/ros2_ws/install/i2cpwm_controller/share/i2cpwm_controller/cmake/ament_cmake_export_targets-extras.cmake
-- Installing: /home/robodog/RoboDog/ros2_ws/install/i2cpwm_controller/share/i2cpwm_controller/cmake/rosidl_cmake_export_typesupport_targets-extras.cmake
-- Installing: /home/robodog/RoboDog/ros2_ws/install/i2cpwm_controller/share/i2cpwm_controller/cmake/rosidl_cmake_export_typesupport_libraries-extras.cmake
-- Installing: /home/robodog/RoboDog/ros2_ws/install/i2cpwm_controller/share/i2cpwm_controller/cmake/i2cpwm_controllerConfig.cmake
-- Installing: /home/robodog/RoboDog/ros2_ws/install/i2cpwm_controller/share/i2cpwm_controller/cmake/i2cpwm_controllerConfig-version.cmake
-- Installing: /home/robodog/RoboDog/ros2_ws/install/i2cpwm_controller/share/i2cpwm_controller/package.xml
