[0.068s] Invoking command in '/home/robodog/RoboDog/ros2_ws/build/i2cpwm_controller': CMAKE_PREFIX_PATH=/home/robodog/RoboDog/ros2_ws/install/servo_calibration:/opt/ros/humble:${CMAKE_PREFIX_PATH} /usr/bin/cmake --build /home/robodog/RoboDog/ros2_ws/build/i2cpwm_controller -- -j4 -l4
[0.426s] [35m[1mConsolidate compiler generated dependencies of target i2cpwm_controller__rosidl_generator_c[0m
[0.457s] [  0%] Built target i2cpwm_controller__cpp
[0.588s] [35m[1mConsolidate compiler generated dependencies of target i2cpwm_controller__rosidl_typesupport_cpp[0m
[0.589s] [ 12%] Built target i2cpwm_controller__rosidl_generator_c
[0.595s] [35m[1mConsolidate compiler generated dependencies of target i2cpwm_controller__rosidl_typesupport_fastrtps_cpp[0m
[0.599s] [ 12%] Built target ament_cmake_python_copy_i2cpwm_controller
[0.693s] [35m[1mConsolidate compiler generated dependencies of target i2cpwm_controller__rosidl_typesupport_fastrtps_c[0m
[0.700s] [35m[1mConsolidate compiler generated dependencies of target i2cpwm_controller__rosidl_typesupport_introspection_cpp[0m
[0.728s] [ 23%] Built target i2cpwm_controller__rosidl_typesupport_cpp
[0.762s] [ 34%] Built target i2cpwm_controller__rosidl_typesupport_fastrtps_cpp
[0.826s] [ 45%] Built target i2cpwm_controller__rosidl_typesupport_fastrtps_c
[0.835s] [35m[1mConsolidate compiler generated dependencies of target i2cpwm_controller__rosidl_typesupport_introspection_c[0m
[0.849s] [ 56%] Built target i2cpwm_controller__rosidl_typesupport_introspection_cpp
[0.852s] [35m[1mConsolidate compiler generated dependencies of target i2cpwm_controller__rosidl_typesupport_c[0m
[0.925s] [35m[1mConsolidate compiler generated dependencies of target i2cpwm_controller_lib[0m
[1.014s] [ 68%] Built target i2cpwm_controller__rosidl_typesupport_introspection_c
[1.021s] [ 79%] Built target i2cpwm_controller__rosidl_typesupport_c
[1.176s] [ 79%] Built target i2cpwm_controller
[1.197s] [ 81%] Built target i2cpwm_controller_lib
[1.257s] [35m[1mConsolidate compiler generated dependencies of target i2cpwm_controller_node[0m
[1.288s] [ 82%] Built target i2cpwm_controller__py
[1.363s] [35m[1mConsolidate compiler generated dependencies of target i2cpwm_controller__rosidl_generator_py[0m
[1.368s] [ 84%] Built target i2cpwm_controller_node
[1.487s] [ 94%] Built target i2cpwm_controller__rosidl_generator_py
[1.550s] [35m[1mConsolidate compiler generated dependencies of target i2cpwm_controller__rosidl_typesupport_introspection_c__pyext[0m
[1.566s] [35m[1mConsolidate compiler generated dependencies of target i2cpwm_controller__rosidl_typesupport_c__pyext[0m
[1.575s] [35m[1mConsolidate compiler generated dependencies of target i2cpwm_controller__rosidl_typesupport_fastrtps_c__pyext[0m
[1.661s] [ 96%] Built target i2cpwm_controller__rosidl_typesupport_fastrtps_c__pyext
[1.674s] [ 98%] Built target i2cpwm_controller__rosidl_typesupport_c__pyext
[1.680s] [100%] Built target i2cpwm_controller__rosidl_typesupport_introspection_c__pyext
[2.112s] running egg_info
[2.115s] writing i2cpwm_controller.egg-info/PKG-INFO
[2.116s] writing dependency_links to i2cpwm_controller.egg-info/dependency_links.txt
[2.117s] writing top-level names to i2cpwm_controller.egg-info/top_level.txt
[2.131s] reading manifest file 'i2cpwm_controller.egg-info/SOURCES.txt'
[2.135s] writing manifest file 'i2cpwm_controller.egg-info/SOURCES.txt'
[2.264s] [100%] Built target ament_cmake_python_build_i2cpwm_controller_egg
[2.316s] Invoked command in '/home/robodog/RoboDog/ros2_ws/build/i2cpwm_controller' returned '0': CMAKE_PREFIX_PATH=/home/robodog/RoboDog/ros2_ws/install/servo_calibration:/opt/ros/humble:${CMAKE_PREFIX_PATH} /usr/bin/cmake --build /home/robodog/RoboDog/ros2_ws/build/i2cpwm_controller -- -j4 -l4
[3.685s] Invoking command in '/home/robodog/RoboDog/ros2_ws/build/i2cpwm_controller': CMAKE_PREFIX_PATH=/home/robodog/RoboDog/ros2_ws/install/servo_calibration:/opt/ros/humble:${CMAKE_PREFIX_PATH} /usr/bin/cmake --install /home/robodog/RoboDog/ros2_ws/build/i2cpwm_controller
[3.719s] -- Install configuration: ""
[3.722s] -- Up-to-date: /home/robodog/RoboDog/ros2_ws/install/i2cpwm_controller/share/ament_index/resource_index/rosidl_interfaces/i2cpwm_controller
[3.723s] -- Up-to-date: /home/robodog/RoboDog/ros2_ws/install/i2cpwm_controller/include/i2cpwm_controller/i2cpwm_controller
[3.724s] -- Up-to-date: /home/robodog/RoboDog/ros2_ws/install/i2cpwm_controller/include/i2cpwm_controller/i2cpwm_controller/srv
[3.724s] -- Up-to-date: /home/robodog/RoboDog/ros2_ws/install/i2cpwm_controller/include/i2cpwm_controller/i2cpwm_controller/srv/stop_servos.h
[3.725s] -- Up-to-date: /home/robodog/RoboDog/ros2_ws/install/i2cpwm_controller/include/i2cpwm_controller/i2cpwm_controller/srv/servos_config.h
[3.725s] -- Up-to-date: /home/robodog/RoboDog/ros2_ws/install/i2cpwm_controller/include/i2cpwm_controller/i2cpwm_controller/srv/detail
[3.726s] -- Up-to-date: /home/robodog/RoboDog/ros2_ws/install/i2cpwm_controller/include/i2cpwm_controller/i2cpwm_controller/srv/detail/drive_mode__struct.h
[3.726s] -- Up-to-date: /home/robodog/RoboDog/ros2_ws/install/i2cpwm_controller/include/i2cpwm_controller/i2cpwm_controller/srv/detail/servos_config__type_support.h
[3.727s] -- Up-to-date: /home/robodog/RoboDog/ros2_ws/install/i2cpwm_controller/include/i2cpwm_controller/i2cpwm_controller/srv/detail/int_value__functions.c
[3.727s] -- Up-to-date: /home/robodog/RoboDog/ros2_ws/install/i2cpwm_controller/include/i2cpwm_controller/i2cpwm_controller/srv/detail/drive_mode__functions.h
[3.728s] -- Up-to-date: /home/robodog/RoboDog/ros2_ws/install/i2cpwm_controller/include/i2cpwm_controller/i2cpwm_controller/srv/detail/servos_config__functions.h
[3.728s] -- Up-to-date: /home/robodog/RoboDog/ros2_ws/install/i2cpwm_controller/include/i2cpwm_controller/i2cpwm_controller/srv/detail/stop_servos__functions.c
[3.729s] -- Up-to-date: /home/robodog/RoboDog/ros2_ws/install/i2cpwm_controller/include/i2cpwm_controller/i2cpwm_controller/srv/detail/stop_servos__struct.h
[3.729s] -- Up-to-date: /home/robodog/RoboDog/ros2_ws/install/i2cpwm_controller/include/i2cpwm_controller/i2cpwm_controller/srv/detail/drive_mode__type_support.h
[3.730s] -- Up-to-date: /home/robodog/RoboDog/ros2_ws/install/i2cpwm_controller/include/i2cpwm_controller/i2cpwm_controller/srv/detail/stop_servos__type_support.h
[3.730s] -- Up-to-date: /home/robodog/RoboDog/ros2_ws/install/i2cpwm_controller/include/i2cpwm_controller/i2cpwm_controller/srv/detail/servos_config__functions.c
[3.731s] -- Up-to-date: /home/robodog/RoboDog/ros2_ws/install/i2cpwm_controller/include/i2cpwm_controller/i2cpwm_controller/srv/detail/servos_config__struct.h
[3.731s] -- Up-to-date: /home/robodog/RoboDog/ros2_ws/install/i2cpwm_controller/include/i2cpwm_controller/i2cpwm_controller/srv/detail/drive_mode__functions.c
[3.732s] -- Up-to-date: /home/robodog/RoboDog/ros2_ws/install/i2cpwm_controller/include/i2cpwm_controller/i2cpwm_controller/srv/detail/int_value__type_support.h
[3.732s] -- Up-to-date: /home/robodog/RoboDog/ros2_ws/install/i2cpwm_controller/include/i2cpwm_controller/i2cpwm_controller/srv/detail/int_value__functions.h
[3.733s] -- Up-to-date: /home/robodog/RoboDog/ros2_ws/install/i2cpwm_controller/include/i2cpwm_controller/i2cpwm_controller/srv/detail/int_value__struct.h
[3.733s] -- Up-to-date: /home/robodog/RoboDog/ros2_ws/install/i2cpwm_controller/include/i2cpwm_controller/i2cpwm_controller/srv/detail/stop_servos__functions.h
[3.734s] -- Up-to-date: /home/robodog/RoboDog/ros2_ws/install/i2cpwm_controller/include/i2cpwm_controller/i2cpwm_controller/srv/int_value.h
[3.734s] -- Up-to-date: /home/robodog/RoboDog/ros2_ws/install/i2cpwm_controller/include/i2cpwm_controller/i2cpwm_controller/srv/drive_mode.h
[3.735s] -- Up-to-date: /home/robodog/RoboDog/ros2_ws/install/i2cpwm_controller/include/i2cpwm_controller/i2cpwm_controller/msg
[3.735s] -- Up-to-date: /home/robodog/RoboDog/ros2_ws/install/i2cpwm_controller/include/i2cpwm_controller/i2cpwm_controller/msg/position.h
[3.736s] -- Up-to-date: /home/robodog/RoboDog/ros2_ws/install/i2cpwm_controller/include/i2cpwm_controller/i2cpwm_controller/msg/servo_config.h
[3.736s] -- Up-to-date: /home/robodog/RoboDog/ros2_ws/install/i2cpwm_controller/include/i2cpwm_controller/i2cpwm_controller/msg/servo.h
[3.737s] -- Up-to-date: /home/robodog/RoboDog/ros2_ws/install/i2cpwm_controller/include/i2cpwm_controller/i2cpwm_controller/msg/rosidl_generator_c__visibility_control.h
[3.737s] -- Up-to-date: /home/robodog/RoboDog/ros2_ws/install/i2cpwm_controller/include/i2cpwm_controller/i2cpwm_controller/msg/servo_config_array.h
[3.737s] -- Up-to-date: /home/robodog/RoboDog/ros2_ws/install/i2cpwm_controller/include/i2cpwm_controller/i2cpwm_controller/msg/servo_array.h
[3.738s] -- Up-to-date: /home/robodog/RoboDog/ros2_ws/install/i2cpwm_controller/include/i2cpwm_controller/i2cpwm_controller/msg/position_array.h
[3.738s] -- Up-to-date: /home/robodog/RoboDog/ros2_ws/install/i2cpwm_controller/include/i2cpwm_controller/i2cpwm_controller/msg/detail
[3.739s] -- Up-to-date: /home/robodog/RoboDog/ros2_ws/install/i2cpwm_controller/include/i2cpwm_controller/i2cpwm_controller/msg/detail/servo__type_support.h
[3.739s] -- Up-to-date: /home/robodog/RoboDog/ros2_ws/install/i2cpwm_controller/include/i2cpwm_controller/i2cpwm_controller/msg/detail/servo_config_array__struct.h
[3.740s] -- Up-to-date: /home/robodog/RoboDog/ros2_ws/install/i2cpwm_controller/include/i2cpwm_controller/i2cpwm_controller/msg/detail/position__struct.h
[3.740s] -- Up-to-date: /home/robodog/RoboDog/ros2_ws/install/i2cpwm_controller/include/i2cpwm_controller/i2cpwm_controller/msg/detail/servo_array__struct.h
[3.741s] -- Up-to-date: /home/robodog/RoboDog/ros2_ws/install/i2cpwm_controller/include/i2cpwm_controller/i2cpwm_controller/msg/detail/position_array__functions.c
[3.741s] -- Up-to-date: /home/robodog/RoboDog/ros2_ws/install/i2cpwm_controller/include/i2cpwm_controller/i2cpwm_controller/msg/detail/servo_array__functions.c
[3.742s] -- Up-to-date: /home/robodog/RoboDog/ros2_ws/install/i2cpwm_controller/include/i2cpwm_controller/i2cpwm_controller/msg/detail/servo__functions.h
[3.742s] -- Up-to-date: /home/robodog/RoboDog/ros2_ws/install/i2cpwm_controller/include/i2cpwm_controller/i2cpwm_controller/msg/detail/servo_config_array__type_support.h
[3.743s] -- Up-to-date: /home/robodog/RoboDog/ros2_ws/install/i2cpwm_controller/include/i2cpwm_controller/i2cpwm_controller/msg/detail/servo__functions.c
[3.743s] -- Up-to-date: /home/robodog/RoboDog/ros2_ws/install/i2cpwm_controller/include/i2cpwm_controller/i2cpwm_controller/msg/detail/position_array__struct.h
[3.743s] -- Up-to-date: /home/robodog/RoboDog/ros2_ws/install/i2cpwm_controller/include/i2cpwm_controller/i2cpwm_controller/msg/detail/servo_array__type_support.h
[3.744s] -- Up-to-date: /home/robodog/RoboDog/ros2_ws/install/i2cpwm_controller/include/i2cpwm_controller/i2cpwm_controller/msg/detail/servo_config__struct.h
[3.744s] -- Up-to-date: /home/robodog/RoboDog/ros2_ws/install/i2cpwm_controller/include/i2cpwm_controller/i2cpwm_controller/msg/detail/servo_config_array__functions.c
[3.745s] -- Up-to-date: /home/robodog/RoboDog/ros2_ws/install/i2cpwm_controller/include/i2cpwm_controller/i2cpwm_controller/msg/detail/servo_config__type_support.h
[3.745s] -- Up-to-date: /home/robodog/RoboDog/ros2_ws/install/i2cpwm_controller/include/i2cpwm_controller/i2cpwm_controller/msg/detail/position__functions.c
[3.745s] -- Up-to-date: /home/robodog/RoboDog/ros2_ws/install/i2cpwm_controller/include/i2cpwm_controller/i2cpwm_controller/msg/detail/servo_array__functions.h
[3.746s] -- Up-to-date: /home/robodog/RoboDog/ros2_ws/install/i2cpwm_controller/include/i2cpwm_controller/i2cpwm_controller/msg/detail/servo_config__functions.h
[3.746s] -- Up-to-date: /home/robodog/RoboDog/ros2_ws/install/i2cpwm_controller/include/i2cpwm_controller/i2cpwm_controller/msg/detail/servo_config__functions.c
[3.746s] -- Up-to-date: /home/robodog/RoboDog/ros2_ws/install/i2cpwm_controller/include/i2cpwm_controller/i2cpwm_controller/msg/detail/position_array__functions.h
[3.747s] -- Up-to-date: /home/robodog/RoboDog/ros2_ws/install/i2cpwm_controller/include/i2cpwm_controller/i2cpwm_controller/msg/detail/position__type_support.h
[3.747s] -- Up-to-date: /home/robodog/RoboDog/ros2_ws/install/i2cpwm_controller/include/i2cpwm_controller/i2cpwm_controller/msg/detail/servo_config_array__functions.h
[3.747s] -- Up-to-date: /home/robodog/RoboDog/ros2_ws/install/i2cpwm_controller/include/i2cpwm_controller/i2cpwm_controller/msg/detail/position__functions.h
[3.748s] -- Up-to-date: /home/robodog/RoboDog/ros2_ws/install/i2cpwm_controller/include/i2cpwm_controller/i2cpwm_controller/msg/detail/servo__struct.h
[3.748s] -- Up-to-date: /home/robodog/RoboDog/ros2_ws/install/i2cpwm_controller/include/i2cpwm_controller/i2cpwm_controller/msg/detail/position_array__type_support.h
[3.749s] -- Up-to-date: /home/robodog/RoboDog/ros2_ws/install/i2cpwm_controller/share/i2cpwm_controller/environment/library_path.sh
[3.749s] -- Up-to-date: /home/robodog/RoboDog/ros2_ws/install/i2cpwm_controller/share/i2cpwm_controller/environment/library_path.dsv
[3.749s] -- Up-to-date: /home/robodog/RoboDog/ros2_ws/install/i2cpwm_controller/lib/libi2cpwm_controller__rosidl_generator_c.so
[3.750s] -- Up-to-date: /home/robodog/RoboDog/ros2_ws/install/i2cpwm_controller/include/i2cpwm_controller/i2cpwm_controller
[3.750s] -- Up-to-date: /home/robodog/RoboDog/ros2_ws/install/i2cpwm_controller/include/i2cpwm_controller/i2cpwm_controller/srv
[3.750s] -- Up-to-date: /home/robodog/RoboDog/ros2_ws/install/i2cpwm_controller/include/i2cpwm_controller/i2cpwm_controller/srv/detail
[3.751s] -- Up-to-date: /home/robodog/RoboDog/ros2_ws/install/i2cpwm_controller/include/i2cpwm_controller/i2cpwm_controller/srv/detail/stop_servos__rosidl_typesupport_fastrtps_c.h
[3.752s] -- Up-to-date: /home/robodog/RoboDog/ros2_ws/install/i2cpwm_controller/include/i2cpwm_controller/i2cpwm_controller/srv/detail/drive_mode__rosidl_typesupport_fastrtps_c.h
[3.752s] -- Up-to-date: /home/robodog/RoboDog/ros2_ws/install/i2cpwm_controller/include/i2cpwm_controller/i2cpwm_controller/srv/detail/servos_config__rosidl_typesupport_fastrtps_c.h
[3.752s] -- Up-to-date: /home/robodog/RoboDog/ros2_ws/install/i2cpwm_controller/include/i2cpwm_controller/i2cpwm_controller/srv/detail/int_value__rosidl_typesupport_fastrtps_c.h
[3.753s] -- Up-to-date: /home/robodog/RoboDog/ros2_ws/install/i2cpwm_controller/include/i2cpwm_controller/i2cpwm_controller/msg
[3.753s] -- Up-to-date: /home/robodog/RoboDog/ros2_ws/install/i2cpwm_controller/include/i2cpwm_controller/i2cpwm_controller/msg/detail
[3.753s] -- Up-to-date: /home/robodog/RoboDog/ros2_ws/install/i2cpwm_controller/include/i2cpwm_controller/i2cpwm_controller/msg/detail/position__rosidl_typesupport_fastrtps_c.h
[3.754s] -- Up-to-date: /home/robodog/RoboDog/ros2_ws/install/i2cpwm_controller/include/i2cpwm_controller/i2cpwm_controller/msg/detail/position_array__rosidl_typesupport_fastrtps_c.h
[3.754s] -- Up-to-date: /home/robodog/RoboDog/ros2_ws/install/i2cpwm_controller/include/i2cpwm_controller/i2cpwm_controller/msg/detail/servo_config__rosidl_typesupport_fastrtps_c.h
[3.755s] -- Up-to-date: /home/robodog/RoboDog/ros2_ws/install/i2cpwm_controller/include/i2cpwm_controller/i2cpwm_controller/msg/detail/servo_array__rosidl_typesupport_fastrtps_c.h
[3.755s] -- Up-to-date: /home/robodog/RoboDog/ros2_ws/install/i2cpwm_controller/include/i2cpwm_controller/i2cpwm_controller/msg/detail/servo__rosidl_typesupport_fastrtps_c.h
[3.756s] -- Up-to-date: /home/robodog/RoboDog/ros2_ws/install/i2cpwm_controller/include/i2cpwm_controller/i2cpwm_controller/msg/detail/servo_config_array__rosidl_typesupport_fastrtps_c.h
[3.756s] -- Up-to-date: /home/robodog/RoboDog/ros2_ws/install/i2cpwm_controller/include/i2cpwm_controller/i2cpwm_controller/msg/rosidl_typesupport_fastrtps_c__visibility_control.h
[3.759s] -- Up-to-date: /home/robodog/RoboDog/ros2_ws/install/i2cpwm_controller/lib/libi2cpwm_controller__rosidl_typesupport_fastrtps_c.so
[3.761s] -- Up-to-date: /home/robodog/RoboDog/ros2_ws/install/i2cpwm_controller/include/i2cpwm_controller/i2cpwm_controller
[3.761s] -- Up-to-date: /home/robodog/RoboDog/ros2_ws/install/i2cpwm_controller/include/i2cpwm_controller/i2cpwm_controller/srv
[3.762s] -- Up-to-date: /home/robodog/RoboDog/ros2_ws/install/i2cpwm_controller/include/i2cpwm_controller/i2cpwm_controller/srv/servos_config.hpp
[3.762s] -- Up-to-date: /home/robodog/RoboDog/ros2_ws/install/i2cpwm_controller/include/i2cpwm_controller/i2cpwm_controller/srv/stop_servos.hpp
[3.763s] -- Up-to-date: /home/robodog/RoboDog/ros2_ws/install/i2cpwm_controller/include/i2cpwm_controller/i2cpwm_controller/srv/detail
[3.763s] -- Up-to-date: /home/robodog/RoboDog/ros2_ws/install/i2cpwm_controller/include/i2cpwm_controller/i2cpwm_controller/srv/detail/int_value__struct.hpp
[3.763s] -- Up-to-date: /home/robodog/RoboDog/ros2_ws/install/i2cpwm_controller/include/i2cpwm_controller/i2cpwm_controller/srv/detail/int_value__traits.hpp
[3.764s] -- Up-to-date: /home/robodog/RoboDog/ros2_ws/install/i2cpwm_controller/include/i2cpwm_controller/i2cpwm_controller/srv/detail/stop_servos__builder.hpp
[3.764s] -- Up-to-date: /home/robodog/RoboDog/ros2_ws/install/i2cpwm_controller/include/i2cpwm_controller/i2cpwm_controller/srv/detail/stop_servos__struct.hpp
[3.765s] -- Up-to-date: /home/robodog/RoboDog/ros2_ws/install/i2cpwm_controller/include/i2cpwm_controller/i2cpwm_controller/srv/detail/stop_servos__traits.hpp
[3.765s] -- Up-to-date: /home/robodog/RoboDog/ros2_ws/install/i2cpwm_controller/include/i2cpwm_controller/i2cpwm_controller/srv/detail/drive_mode__builder.hpp
[3.766s] -- Up-to-date: /home/robodog/RoboDog/ros2_ws/install/i2cpwm_controller/include/i2cpwm_controller/i2cpwm_controller/srv/detail/servos_config__traits.hpp
[3.766s] -- Up-to-date: /home/robodog/RoboDog/ros2_ws/install/i2cpwm_controller/include/i2cpwm_controller/i2cpwm_controller/srv/detail/servos_config__builder.hpp
[3.766s] -- Up-to-date: /home/robodog/RoboDog/ros2_ws/install/i2cpwm_controller/include/i2cpwm_controller/i2cpwm_controller/srv/detail/int_value__builder.hpp
[3.767s] -- Up-to-date: /home/robodog/RoboDog/ros2_ws/install/i2cpwm_controller/include/i2cpwm_controller/i2cpwm_controller/srv/detail/drive_mode__traits.hpp
[3.767s] -- Up-to-date: /home/robodog/RoboDog/ros2_ws/install/i2cpwm_controller/include/i2cpwm_controller/i2cpwm_controller/srv/detail/drive_mode__struct.hpp
[3.768s] -- Up-to-date: /home/robodog/RoboDog/ros2_ws/install/i2cpwm_controller/include/i2cpwm_controller/i2cpwm_controller/srv/detail/servos_config__struct.hpp
[3.768s] -- Up-to-date: /home/robodog/RoboDog/ros2_ws/install/i2cpwm_controller/include/i2cpwm_controller/i2cpwm_controller/srv/drive_mode.hpp
[3.768s] -- Up-to-date: /home/robodog/RoboDog/ros2_ws/install/i2cpwm_controller/include/i2cpwm_controller/i2cpwm_controller/srv/int_value.hpp
[3.769s] -- Up-to-date: /home/robodog/RoboDog/ros2_ws/install/i2cpwm_controller/include/i2cpwm_controller/i2cpwm_controller/msg
[3.769s] -- Up-to-date: /home/robodog/RoboDog/ros2_ws/install/i2cpwm_controller/include/i2cpwm_controller/i2cpwm_controller/msg/servo_array.hpp
[3.770s] -- Up-to-date: /home/robodog/RoboDog/ros2_ws/install/i2cpwm_controller/include/i2cpwm_controller/i2cpwm_controller/msg/position_array.hpp
[3.770s] -- Up-to-date: /home/robodog/RoboDog/ros2_ws/install/i2cpwm_controller/include/i2cpwm_controller/i2cpwm_controller/msg/position.hpp
[3.771s] -- Up-to-date: /home/robodog/RoboDog/ros2_ws/install/i2cpwm_controller/include/i2cpwm_controller/i2cpwm_controller/msg/servo.hpp
[3.771s] -- Up-to-date: /home/robodog/RoboDog/ros2_ws/install/i2cpwm_controller/include/i2cpwm_controller/i2cpwm_controller/msg/detail
[3.771s] -- Up-to-date: /home/robodog/RoboDog/ros2_ws/install/i2cpwm_controller/include/i2cpwm_controller/i2cpwm_controller/msg/detail/position__struct.hpp
[3.772s] -- Up-to-date: /home/robodog/RoboDog/ros2_ws/install/i2cpwm_controller/include/i2cpwm_controller/i2cpwm_controller/msg/detail/position__traits.hpp
[3.772s] -- Up-to-date: /home/robodog/RoboDog/ros2_ws/install/i2cpwm_controller/include/i2cpwm_controller/i2cpwm_controller/msg/detail/servo_config__traits.hpp
[3.773s] -- Up-to-date: /home/robodog/RoboDog/ros2_ws/install/i2cpwm_controller/include/i2cpwm_controller/i2cpwm_controller/msg/detail/servo__traits.hpp
[3.773s] -- Up-to-date: /home/robodog/RoboDog/ros2_ws/install/i2cpwm_controller/include/i2cpwm_controller/i2cpwm_controller/msg/detail/servo_array__traits.hpp
[3.774s] -- Up-to-date: /home/robodog/RoboDog/ros2_ws/install/i2cpwm_controller/include/i2cpwm_controller/i2cpwm_controller/msg/detail/servo_config_array__traits.hpp
[3.774s] -- Up-to-date: /home/robodog/RoboDog/ros2_ws/install/i2cpwm_controller/include/i2cpwm_controller/i2cpwm_controller/msg/detail/position_array__struct.hpp
[3.775s] -- Up-to-date: /home/robodog/RoboDog/ros2_ws/install/i2cpwm_controller/include/i2cpwm_controller/i2cpwm_controller/msg/detail/servo__struct.hpp
[3.775s] -- Up-to-date: /home/robodog/RoboDog/ros2_ws/install/i2cpwm_controller/include/i2cpwm_controller/i2cpwm_controller/msg/detail/servo_array__builder.hpp
[3.776s] -- Up-to-date: /home/robodog/RoboDog/ros2_ws/install/i2cpwm_controller/include/i2cpwm_controller/i2cpwm_controller/msg/detail/position_array__builder.hpp
[3.776s] -- Up-to-date: /home/robodog/RoboDog/ros2_ws/install/i2cpwm_controller/include/i2cpwm_controller/i2cpwm_controller/msg/detail/servo_config__struct.hpp
[3.776s] -- Up-to-date: /home/robodog/RoboDog/ros2_ws/install/i2cpwm_controller/include/i2cpwm_controller/i2cpwm_controller/msg/detail/servo_array__struct.hpp
[3.777s] -- Up-to-date: /home/robodog/RoboDog/ros2_ws/install/i2cpwm_controller/include/i2cpwm_controller/i2cpwm_controller/msg/detail/position__builder.hpp
[3.777s] -- Up-to-date: /home/robodog/RoboDog/ros2_ws/install/i2cpwm_controller/include/i2cpwm_controller/i2cpwm_controller/msg/detail/servo_config__builder.hpp
[3.778s] -- Up-to-date: /home/robodog/RoboDog/ros2_ws/install/i2cpwm_controller/include/i2cpwm_controller/i2cpwm_controller/msg/detail/position_array__traits.hpp
[3.778s] -- Up-to-date: /home/robodog/RoboDog/ros2_ws/install/i2cpwm_controller/include/i2cpwm_controller/i2cpwm_controller/msg/detail/servo_config_array__builder.hpp
[3.778s] -- Up-to-date: /home/robodog/RoboDog/ros2_ws/install/i2cpwm_controller/include/i2cpwm_controller/i2cpwm_controller/msg/detail/servo_config_array__struct.hpp
[3.779s] -- Up-to-date: /home/robodog/RoboDog/ros2_ws/install/i2cpwm_controller/include/i2cpwm_controller/i2cpwm_controller/msg/detail/servo__builder.hpp
[3.779s] -- Up-to-date: /home/robodog/RoboDog/ros2_ws/install/i2cpwm_controller/include/i2cpwm_controller/i2cpwm_controller/msg/servo_config_array.hpp
[3.780s] -- Up-to-date: /home/robodog/RoboDog/ros2_ws/install/i2cpwm_controller/include/i2cpwm_controller/i2cpwm_controller/msg/servo_config.hpp
[3.780s] -- Up-to-date: /home/robodog/RoboDog/ros2_ws/install/i2cpwm_controller/include/i2cpwm_controller/i2cpwm_controller
[3.780s] -- Up-to-date: /home/robodog/RoboDog/ros2_ws/install/i2cpwm_controller/include/i2cpwm_controller/i2cpwm_controller/srv
[3.781s] -- Up-to-date: /home/robodog/RoboDog/ros2_ws/install/i2cpwm_controller/include/i2cpwm_controller/i2cpwm_controller/srv/detail
[3.781s] -- Up-to-date: /home/robodog/RoboDog/ros2_ws/install/i2cpwm_controller/include/i2cpwm_controller/i2cpwm_controller/srv/detail/stop_servos__rosidl_typesupport_fastrtps_cpp.hpp
[3.782s] -- Up-to-date: /home/robodog/RoboDog/ros2_ws/install/i2cpwm_controller/include/i2cpwm_controller/i2cpwm_controller/srv/detail/drive_mode__rosidl_typesupport_fastrtps_cpp.hpp
[3.782s] -- Up-to-date: /home/robodog/RoboDog/ros2_ws/install/i2cpwm_controller/include/i2cpwm_controller/i2cpwm_controller/srv/detail/dds_fastrtps
[3.782s] -- Up-to-date: /home/robodog/RoboDog/ros2_ws/install/i2cpwm_controller/include/i2cpwm_controller/i2cpwm_controller/srv/detail/int_value__rosidl_typesupport_fastrtps_cpp.hpp
[3.783s] -- Up-to-date: /home/robodog/RoboDog/ros2_ws/install/i2cpwm_controller/include/i2cpwm_controller/i2cpwm_controller/srv/detail/servos_config__rosidl_typesupport_fastrtps_cpp.hpp
[3.783s] -- Up-to-date: /home/robodog/RoboDog/ros2_ws/install/i2cpwm_controller/include/i2cpwm_controller/i2cpwm_controller/msg
[3.783s] -- Up-to-date: /home/robodog/RoboDog/ros2_ws/install/i2cpwm_controller/include/i2cpwm_controller/i2cpwm_controller/msg/rosidl_typesupport_fastrtps_cpp__visibility_control.h
[3.784s] -- Up-to-date: /home/robodog/RoboDog/ros2_ws/install/i2cpwm_controller/include/i2cpwm_controller/i2cpwm_controller/msg/detail
[3.784s] -- Up-to-date: /home/robodog/RoboDog/ros2_ws/install/i2cpwm_controller/include/i2cpwm_controller/i2cpwm_controller/msg/detail/servo_array__rosidl_typesupport_fastrtps_cpp.hpp
[3.784s] -- Up-to-date: /home/robodog/RoboDog/ros2_ws/install/i2cpwm_controller/include/i2cpwm_controller/i2cpwm_controller/msg/detail/servo__rosidl_typesupport_fastrtps_cpp.hpp
[3.785s] -- Up-to-date: /home/robodog/RoboDog/ros2_ws/install/i2cpwm_controller/include/i2cpwm_controller/i2cpwm_controller/msg/detail/position_array__rosidl_typesupport_fastrtps_cpp.hpp
[3.785s] -- Up-to-date: /home/robodog/RoboDog/ros2_ws/install/i2cpwm_controller/include/i2cpwm_controller/i2cpwm_controller/msg/detail/servo_config_array__rosidl_typesupport_fastrtps_cpp.hpp
[3.785s] -- Up-to-date: /home/robodog/RoboDog/ros2_ws/install/i2cpwm_controller/include/i2cpwm_controller/i2cpwm_controller/msg/detail/position__rosidl_typesupport_fastrtps_cpp.hpp
[3.786s] -- Up-to-date: /home/robodog/RoboDog/ros2_ws/install/i2cpwm_controller/include/i2cpwm_controller/i2cpwm_controller/msg/detail/dds_fastrtps
[3.786s] -- Up-to-date: /home/robodog/RoboDog/ros2_ws/install/i2cpwm_controller/include/i2cpwm_controller/i2cpwm_controller/msg/detail/servo_config__rosidl_typesupport_fastrtps_cpp.hpp
[3.786s] -- Up-to-date: /home/robodog/RoboDog/ros2_ws/install/i2cpwm_controller/lib/libi2cpwm_controller__rosidl_typesupport_fastrtps_cpp.so
[3.788s] -- Up-to-date: /home/robodog/RoboDog/ros2_ws/install/i2cpwm_controller/include/i2cpwm_controller/i2cpwm_controller
[3.788s] -- Up-to-date: /home/robodog/RoboDog/ros2_ws/install/i2cpwm_controller/include/i2cpwm_controller/i2cpwm_controller/srv
[3.788s] -- Up-to-date: /home/robodog/RoboDog/ros2_ws/install/i2cpwm_controller/include/i2cpwm_controller/i2cpwm_controller/srv/detail
[3.789s] -- Up-to-date: /home/robodog/RoboDog/ros2_ws/install/i2cpwm_controller/include/i2cpwm_controller/i2cpwm_controller/srv/detail/servos_config__rosidl_typesupport_introspection_c.h
[3.789s] -- Up-to-date: /home/robodog/RoboDog/ros2_ws/install/i2cpwm_controller/include/i2cpwm_controller/i2cpwm_controller/srv/detail/drive_mode__type_support.c
[3.790s] -- Up-to-date: /home/robodog/RoboDog/ros2_ws/install/i2cpwm_controller/include/i2cpwm_controller/i2cpwm_controller/srv/detail/stop_servos__rosidl_typesupport_introspection_c.h
[3.790s] -- Up-to-date: /home/robodog/RoboDog/ros2_ws/install/i2cpwm_controller/include/i2cpwm_controller/i2cpwm_controller/srv/detail/int_value__type_support.c
[3.791s] -- Up-to-date: /home/robodog/RoboDog/ros2_ws/install/i2cpwm_controller/include/i2cpwm_controller/i2cpwm_controller/srv/detail/servos_config__type_support.c
[3.791s] -- Up-to-date: /home/robodog/RoboDog/ros2_ws/install/i2cpwm_controller/include/i2cpwm_controller/i2cpwm_controller/srv/detail/stop_servos__type_support.c
[3.792s] -- Up-to-date: /home/robodog/RoboDog/ros2_ws/install/i2cpwm_controller/include/i2cpwm_controller/i2cpwm_controller/srv/detail/int_value__rosidl_typesupport_introspection_c.h
[3.792s] -- Up-to-date: /home/robodog/RoboDog/ros2_ws/install/i2cpwm_controller/include/i2cpwm_controller/i2cpwm_controller/srv/detail/drive_mode__rosidl_typesupport_introspection_c.h
[3.792s] -- Up-to-date: /home/robodog/RoboDog/ros2_ws/install/i2cpwm_controller/include/i2cpwm_controller/i2cpwm_controller/msg
[3.793s] -- Up-to-date: /home/robodog/RoboDog/ros2_ws/install/i2cpwm_controller/include/i2cpwm_controller/i2cpwm_controller/msg/detail
[3.793s] -- Up-to-date: /home/robodog/RoboDog/ros2_ws/install/i2cpwm_controller/include/i2cpwm_controller/i2cpwm_controller/msg/detail/servo_config__type_support.c
[3.794s] -- Up-to-date: /home/robodog/RoboDog/ros2_ws/install/i2cpwm_controller/include/i2cpwm_controller/i2cpwm_controller/msg/detail/servo__type_support.c
[3.794s] -- Up-to-date: /home/robodog/RoboDog/ros2_ws/install/i2cpwm_controller/include/i2cpwm_controller/i2cpwm_controller/msg/detail/position__rosidl_typesupport_introspection_c.h
[3.794s] -- Up-to-date: /home/robodog/RoboDog/ros2_ws/install/i2cpwm_controller/include/i2cpwm_controller/i2cpwm_controller/msg/detail/servo__rosidl_typesupport_introspection_c.h
[3.795s] -- Up-to-date: /home/robodog/RoboDog/ros2_ws/install/i2cpwm_controller/include/i2cpwm_controller/i2cpwm_controller/msg/detail/position_array__rosidl_typesupport_introspection_c.h
[3.795s] -- Up-to-date: /home/robodog/RoboDog/ros2_ws/install/i2cpwm_controller/include/i2cpwm_controller/i2cpwm_controller/msg/detail/servo_config_array__type_support.c
[3.796s] -- Up-to-date: /home/robodog/RoboDog/ros2_ws/install/i2cpwm_controller/include/i2cpwm_controller/i2cpwm_controller/msg/detail/position_array__type_support.c
[3.796s] -- Up-to-date: /home/robodog/RoboDog/ros2_ws/install/i2cpwm_controller/include/i2cpwm_controller/i2cpwm_controller/msg/detail/servo_config_array__rosidl_typesupport_introspection_c.h
[3.796s] -- Up-to-date: /home/robodog/RoboDog/ros2_ws/install/i2cpwm_controller/include/i2cpwm_controller/i2cpwm_controller/msg/detail/servo_array__type_support.c
[3.797s] -- Up-to-date: /home/robodog/RoboDog/ros2_ws/install/i2cpwm_controller/include/i2cpwm_controller/i2cpwm_controller/msg/detail/servo_array__rosidl_typesupport_introspection_c.h
[3.797s] -- Up-to-date: /home/robodog/RoboDog/ros2_ws/install/i2cpwm_controller/include/i2cpwm_controller/i2cpwm_controller/msg/detail/servo_config__rosidl_typesupport_introspection_c.h
[3.798s] -- Up-to-date: /home/robodog/RoboDog/ros2_ws/install/i2cpwm_controller/include/i2cpwm_controller/i2cpwm_controller/msg/detail/position__type_support.c
[3.798s] -- Up-to-date: /home/robodog/RoboDog/ros2_ws/install/i2cpwm_controller/include/i2cpwm_controller/i2cpwm_controller/msg/rosidl_typesupport_introspection_c__visibility_control.h
[3.801s] -- Up-to-date: /home/robodog/RoboDog/ros2_ws/install/i2cpwm_controller/lib/libi2cpwm_controller__rosidl_typesupport_introspection_c.so
[3.805s] -- Up-to-date: /home/robodog/RoboDog/ros2_ws/install/i2cpwm_controller/lib/libi2cpwm_controller__rosidl_typesupport_c.so
[3.807s] -- Up-to-date: /home/robodog/RoboDog/ros2_ws/install/i2cpwm_controller/include/i2cpwm_controller/i2cpwm_controller
[3.807s] -- Up-to-date: /home/robodog/RoboDog/ros2_ws/install/i2cpwm_controller/include/i2cpwm_controller/i2cpwm_controller/srv
[3.808s] -- Up-to-date: /home/robodog/RoboDog/ros2_ws/install/i2cpwm_controller/include/i2cpwm_controller/i2cpwm_controller/srv/detail
[3.808s] -- Up-to-date: /home/robodog/RoboDog/ros2_ws/install/i2cpwm_controller/include/i2cpwm_controller/i2cpwm_controller/srv/detail/drive_mode__rosidl_typesupport_introspection_cpp.hpp
[3.809s] -- Up-to-date: /home/robodog/RoboDog/ros2_ws/install/i2cpwm_controller/include/i2cpwm_controller/i2cpwm_controller/srv/detail/stop_servos__rosidl_typesupport_introspection_cpp.hpp
[3.809s] -- Up-to-date: /home/robodog/RoboDog/ros2_ws/install/i2cpwm_controller/include/i2cpwm_controller/i2cpwm_controller/srv/detail/stop_servos__type_support.cpp
[3.810s] -- Up-to-date: /home/robodog/RoboDog/ros2_ws/install/i2cpwm_controller/include/i2cpwm_controller/i2cpwm_controller/srv/detail/servos_config__type_support.cpp
[3.810s] -- Up-to-date: /home/robodog/RoboDog/ros2_ws/install/i2cpwm_controller/include/i2cpwm_controller/i2cpwm_controller/srv/detail/drive_mode__type_support.cpp
[3.811s] -- Up-to-date: /home/robodog/RoboDog/ros2_ws/install/i2cpwm_controller/include/i2cpwm_controller/i2cpwm_controller/srv/detail/int_value__rosidl_typesupport_introspection_cpp.hpp
[3.811s] -- Up-to-date: /home/robodog/RoboDog/ros2_ws/install/i2cpwm_controller/include/i2cpwm_controller/i2cpwm_controller/srv/detail/servos_config__rosidl_typesupport_introspection_cpp.hpp
[3.812s] -- Up-to-date: /home/robodog/RoboDog/ros2_ws/install/i2cpwm_controller/include/i2cpwm_controller/i2cpwm_controller/srv/detail/int_value__type_support.cpp
[3.812s] -- Up-to-date: /home/robodog/RoboDog/ros2_ws/install/i2cpwm_controller/include/i2cpwm_controller/i2cpwm_controller/msg
[3.813s] -- Up-to-date: /home/robodog/RoboDog/ros2_ws/install/i2cpwm_controller/include/i2cpwm_controller/i2cpwm_controller/msg/detail
[3.814s] -- Up-to-date: /home/robodog/RoboDog/ros2_ws/install/i2cpwm_controller/include/i2cpwm_controller/i2cpwm_controller/msg/detail/servo_array__type_support.cpp
[3.814s] -- Up-to-date: /home/robodog/RoboDog/ros2_ws/install/i2cpwm_controller/include/i2cpwm_controller/i2cpwm_controller/msg/detail/servo_array__rosidl_typesupport_introspection_cpp.hpp
[3.815s] -- Up-to-date: /home/robodog/RoboDog/ros2_ws/install/i2cpwm_controller/include/i2cpwm_controller/i2cpwm_controller/msg/detail/servo__type_support.cpp
[3.816s] -- Up-to-date: /home/robodog/RoboDog/ros2_ws/install/i2cpwm_controller/include/i2cpwm_controller/i2cpwm_controller/msg/detail/position_array__rosidl_typesupport_introspection_cpp.hpp
[3.816s] -- Up-to-date: /home/robodog/RoboDog/ros2_ws/install/i2cpwm_controller/include/i2cpwm_controller/i2cpwm_controller/msg/detail/servo_config_array__rosidl_typesupport_introspection_cpp.hpp
[3.817s] -- Up-to-date: /home/robodog/RoboDog/ros2_ws/install/i2cpwm_controller/include/i2cpwm_controller/i2cpwm_controller/msg/detail/position_array__type_support.cpp
[3.817s] -- Up-to-date: /home/robodog/RoboDog/ros2_ws/install/i2cpwm_controller/include/i2cpwm_controller/i2cpwm_controller/msg/detail/servo_config__rosidl_typesupport_introspection_cpp.hpp
[3.817s] -- Up-to-date: /home/robodog/RoboDog/ros2_ws/install/i2cpwm_controller/include/i2cpwm_controller/i2cpwm_controller/msg/detail/servo_config__type_support.cpp
[3.818s] -- Up-to-date: /home/robodog/RoboDog/ros2_ws/install/i2cpwm_controller/include/i2cpwm_controller/i2cpwm_controller/msg/detail/position__rosidl_typesupport_introspection_cpp.hpp
[3.818s] -- Up-to-date: /home/robodog/RoboDog/ros2_ws/install/i2cpwm_controller/include/i2cpwm_controller/i2cpwm_controller/msg/detail/servo__rosidl_typesupport_introspection_cpp.hpp
[3.819s] -- Up-to-date: /home/robodog/RoboDog/ros2_ws/install/i2cpwm_controller/include/i2cpwm_controller/i2cpwm_controller/msg/detail/servo_config_array__type_support.cpp
[3.819s] -- Up-to-date: /home/robodog/RoboDog/ros2_ws/install/i2cpwm_controller/include/i2cpwm_controller/i2cpwm_controller/msg/detail/position__type_support.cpp
[3.823s] -- Up-to-date: /home/robodog/RoboDog/ros2_ws/install/i2cpwm_controller/lib/libi2cpwm_controller__rosidl_typesupport_introspection_cpp.so
[3.828s] -- Up-to-date: /home/robodog/RoboDog/ros2_ws/install/i2cpwm_controller/lib/libi2cpwm_controller__rosidl_typesupport_cpp.so
[3.829s] -- Up-to-date: /home/robodog/RoboDog/ros2_ws/install/i2cpwm_controller/share/i2cpwm_controller/environment/pythonpath.sh
[3.830s] -- Up-to-date: /home/robodog/RoboDog/ros2_ws/install/i2cpwm_controller/share/i2cpwm_controller/environment/pythonpath.dsv
[3.830s] -- Up-to-date: /home/robodog/RoboDog/ros2_ws/install/i2cpwm_controller/local/lib/python3.10/dist-packages/i2cpwm_controller-0.5.1-py3.10.egg-info
[3.831s] -- Installing: /home/robodog/RoboDog/ros2_ws/install/i2cpwm_controller/local/lib/python3.10/dist-packages/i2cpwm_controller-0.5.1-py3.10.egg-info/PKG-INFO
[3.833s] -- Installing: /home/robodog/RoboDog/ros2_ws/install/i2cpwm_controller/local/lib/python3.10/dist-packages/i2cpwm_controller-0.5.1-py3.10.egg-info/top_level.txt
[3.834s] -- Installing: /home/robodog/RoboDog/ros2_ws/install/i2cpwm_controller/local/lib/python3.10/dist-packages/i2cpwm_controller-0.5.1-py3.10.egg-info/dependency_links.txt
[3.836s] -- Installing: /home/robodog/RoboDog/ros2_ws/install/i2cpwm_controller/local/lib/python3.10/dist-packages/i2cpwm_controller-0.5.1-py3.10.egg-info/SOURCES.txt
[3.838s] -- Up-to-date: /home/robodog/RoboDog/ros2_ws/install/i2cpwm_controller/local/lib/python3.10/dist-packages/i2cpwm_controller
[3.838s] -- Up-to-date: /home/robodog/RoboDog/ros2_ws/install/i2cpwm_controller/local/lib/python3.10/dist-packages/i2cpwm_controller/_i2cpwm_controller_s.ep.rosidl_typesupport_introspection_c.c
[3.839s] -- Up-to-date: /home/robodog/RoboDog/ros2_ws/install/i2cpwm_controller/local/lib/python3.10/dist-packages/i2cpwm_controller/srv
[3.840s] -- Up-to-date: /home/robodog/RoboDog/ros2_ws/install/i2cpwm_controller/local/lib/python3.10/dist-packages/i2cpwm_controller/srv/_servos_config_s.c
[3.840s] -- Up-to-date: /home/robodog/RoboDog/ros2_ws/install/i2cpwm_controller/local/lib/python3.10/dist-packages/i2cpwm_controller/srv/_servos_config.py
[3.841s] -- Up-to-date: /home/robodog/RoboDog/ros2_ws/install/i2cpwm_controller/local/lib/python3.10/dist-packages/i2cpwm_controller/srv/__init__.py
[3.841s] -- Up-to-date: /home/robodog/RoboDog/ros2_ws/install/i2cpwm_controller/local/lib/python3.10/dist-packages/i2cpwm_controller/srv/_drive_mode.py
[3.841s] -- Up-to-date: /home/robodog/RoboDog/ros2_ws/install/i2cpwm_controller/local/lib/python3.10/dist-packages/i2cpwm_controller/srv/_stop_servos_s.c
[3.842s] -- Up-to-date: /home/robodog/RoboDog/ros2_ws/install/i2cpwm_controller/local/lib/python3.10/dist-packages/i2cpwm_controller/srv/_int_value_s.c
[3.842s] -- Up-to-date: /home/robodog/RoboDog/ros2_ws/install/i2cpwm_controller/local/lib/python3.10/dist-packages/i2cpwm_controller/srv/_drive_mode_s.c
[3.843s] -- Up-to-date: /home/robodog/RoboDog/ros2_ws/install/i2cpwm_controller/local/lib/python3.10/dist-packages/i2cpwm_controller/srv/_stop_servos.py
[3.843s] -- Up-to-date: /home/robodog/RoboDog/ros2_ws/install/i2cpwm_controller/local/lib/python3.10/dist-packages/i2cpwm_controller/srv/_int_value.py
[3.844s] -- Up-to-date: /home/robodog/RoboDog/ros2_ws/install/i2cpwm_controller/local/lib/python3.10/dist-packages/i2cpwm_controller/_i2cpwm_controller_s.ep.rosidl_typesupport_c.c
[3.844s] -- Up-to-date: /home/robodog/RoboDog/ros2_ws/install/i2cpwm_controller/local/lib/python3.10/dist-packages/i2cpwm_controller/msg
[3.845s] -- Up-to-date: /home/robodog/RoboDog/ros2_ws/install/i2cpwm_controller/local/lib/python3.10/dist-packages/i2cpwm_controller/msg/_servo_array.py
[3.845s] -- Up-to-date: /home/robodog/RoboDog/ros2_ws/install/i2cpwm_controller/local/lib/python3.10/dist-packages/i2cpwm_controller/msg/_servo_array_s.c
[3.846s] -- Up-to-date: /home/robodog/RoboDog/ros2_ws/install/i2cpwm_controller/local/lib/python3.10/dist-packages/i2cpwm_controller/msg/_position_s.c
[3.846s] -- Up-to-date: /home/robodog/RoboDog/ros2_ws/install/i2cpwm_controller/local/lib/python3.10/dist-packages/i2cpwm_controller/msg/_servo_s.c
[3.847s] -- Up-to-date: /home/robodog/RoboDog/ros2_ws/install/i2cpwm_controller/local/lib/python3.10/dist-packages/i2cpwm_controller/msg/_servo_config_array_s.c
[3.847s] -- Up-to-date: /home/robodog/RoboDog/ros2_ws/install/i2cpwm_controller/local/lib/python3.10/dist-packages/i2cpwm_controller/msg/__init__.py
[3.853s] -- Up-to-date: /home/robodog/RoboDog/ros2_ws/install/i2cpwm_controller/local/lib/python3.10/dist-packages/i2cpwm_controller/msg/_position.py
[3.853s] -- Up-to-date: /home/robodog/RoboDog/ros2_ws/install/i2cpwm_controller/local/lib/python3.10/dist-packages/i2cpwm_controller/msg/_position_array_s.c
[3.854s] -- Up-to-date: /home/robodog/RoboDog/ros2_ws/install/i2cpwm_controller/local/lib/python3.10/dist-packages/i2cpwm_controller/msg/_servo.py
[3.854s] -- Up-to-date: /home/robodog/RoboDog/ros2_ws/install/i2cpwm_controller/local/lib/python3.10/dist-packages/i2cpwm_controller/msg/_servo_config_array.py
[3.855s] -- Up-to-date: /home/robodog/RoboDog/ros2_ws/install/i2cpwm_controller/local/lib/python3.10/dist-packages/i2cpwm_controller/msg/_servo_config_s.c
[3.856s] -- Up-to-date: /home/robodog/RoboDog/ros2_ws/install/i2cpwm_controller/local/lib/python3.10/dist-packages/i2cpwm_controller/msg/_servo_config.py
[3.857s] -- Up-to-date: /home/robodog/RoboDog/ros2_ws/install/i2cpwm_controller/local/lib/python3.10/dist-packages/i2cpwm_controller/msg/_position_array.py
[3.858s] -- Up-to-date: /home/robodog/RoboDog/ros2_ws/install/i2cpwm_controller/local/lib/python3.10/dist-packages/i2cpwm_controller/i2cpwm_controller_s__rosidl_typesupport_fastrtps_c.cpython-310-aarch64-linux-gnu.so
[3.858s] -- Up-to-date: /home/robodog/RoboDog/ros2_ws/install/i2cpwm_controller/local/lib/python3.10/dist-packages/i2cpwm_controller/__init__.py
[3.858s] -- Up-to-date: /home/robodog/RoboDog/ros2_ws/install/i2cpwm_controller/local/lib/python3.10/dist-packages/i2cpwm_controller/i2cpwm_controller_s__rosidl_typesupport_c.cpython-310-aarch64-linux-gnu.so
[3.859s] -- Up-to-date: /home/robodog/RoboDog/ros2_ws/install/i2cpwm_controller/local/lib/python3.10/dist-packages/i2cpwm_controller/i2cpwm_controller_s__rosidl_typesupport_introspection_c.cpython-310-aarch64-linux-gnu.so
[3.859s] -- Up-to-date: /home/robodog/RoboDog/ros2_ws/install/i2cpwm_controller/local/lib/python3.10/dist-packages/i2cpwm_controller/_i2cpwm_controller_s.ep.rosidl_typesupport_fastrtps_c.c
[3.859s] -- Up-to-date: /home/robodog/RoboDog/ros2_ws/install/i2cpwm_controller/local/lib/python3.10/dist-packages/i2cpwm_controller/libi2cpwm_controller__rosidl_generator_py.so
[4.012s] Listing '/home/robodog/RoboDog/ros2_ws/install/i2cpwm_controller/local/lib/python3.10/dist-packages/i2cpwm_controller'...
[4.014s] Listing '/home/robodog/RoboDog/ros2_ws/install/i2cpwm_controller/local/lib/python3.10/dist-packages/i2cpwm_controller/msg'...
[4.015s] Listing '/home/robodog/RoboDog/ros2_ws/install/i2cpwm_controller/local/lib/python3.10/dist-packages/i2cpwm_controller/srv'...
[4.041s] -- Up-to-date: /home/robodog/RoboDog/ros2_ws/install/i2cpwm_controller/local/lib/python3.10/dist-packages/i2cpwm_controller/i2cpwm_controller_s__rosidl_typesupport_fastrtps_c.cpython-310-aarch64-linux-gnu.so
[4.046s] -- Up-to-date: /home/robodog/RoboDog/ros2_ws/install/i2cpwm_controller/local/lib/python3.10/dist-packages/i2cpwm_controller/i2cpwm_controller_s__rosidl_typesupport_introspection_c.cpython-310-aarch64-linux-gnu.so
[4.051s] -- Up-to-date: /home/robodog/RoboDog/ros2_ws/install/i2cpwm_controller/local/lib/python3.10/dist-packages/i2cpwm_controller/i2cpwm_controller_s__rosidl_typesupport_c.cpython-310-aarch64-linux-gnu.so
[4.056s] -- Up-to-date: /home/robodog/RoboDog/ros2_ws/install/i2cpwm_controller/lib/libi2cpwm_controller__rosidl_generator_py.so
[4.058s] -- Up-to-date: /home/robodog/RoboDog/ros2_ws/install/i2cpwm_controller/share/i2cpwm_controller/msg/Position.idl
[4.059s] -- Up-to-date: /home/robodog/RoboDog/ros2_ws/install/i2cpwm_controller/share/i2cpwm_controller/msg/PositionArray.idl
[4.059s] -- Up-to-date: /home/robodog/RoboDog/ros2_ws/install/i2cpwm_controller/share/i2cpwm_controller/msg/Servo.idl
[4.060s] -- Up-to-date: /home/robodog/RoboDog/ros2_ws/install/i2cpwm_controller/share/i2cpwm_controller/msg/ServoArray.idl
[4.061s] -- Up-to-date: /home/robodog/RoboDog/ros2_ws/install/i2cpwm_controller/share/i2cpwm_controller/msg/ServoConfig.idl
[4.061s] -- Up-to-date: /home/robodog/RoboDog/ros2_ws/install/i2cpwm_controller/share/i2cpwm_controller/msg/ServoConfigArray.idl
[4.062s] -- Up-to-date: /home/robodog/RoboDog/ros2_ws/install/i2cpwm_controller/share/i2cpwm_controller/srv/DriveMode.idl
[4.062s] -- Up-to-date: /home/robodog/RoboDog/ros2_ws/install/i2cpwm_controller/share/i2cpwm_controller/srv/IntValue.idl
[4.063s] -- Up-to-date: /home/robodog/RoboDog/ros2_ws/install/i2cpwm_controller/share/i2cpwm_controller/srv/ServosConfig.idl
[4.063s] -- Up-to-date: /home/robodog/RoboDog/ros2_ws/install/i2cpwm_controller/share/i2cpwm_controller/srv/StopServos.idl
[4.064s] -- Up-to-date: /home/robodog/RoboDog/ros2_ws/install/i2cpwm_controller/share/i2cpwm_controller/msg/Position.msg
[4.065s] -- Up-to-date: /home/robodog/RoboDog/ros2_ws/install/i2cpwm_controller/share/i2cpwm_controller/msg/PositionArray.msg
[4.065s] -- Up-to-date: /home/robodog/RoboDog/ros2_ws/install/i2cpwm_controller/share/i2cpwm_controller/msg/Servo.msg
[4.066s] -- Up-to-date: /home/robodog/RoboDog/ros2_ws/install/i2cpwm_controller/share/i2cpwm_controller/msg/ServoArray.msg
[4.067s] -- Up-to-date: /home/robodog/RoboDog/ros2_ws/install/i2cpwm_controller/share/i2cpwm_controller/msg/ServoConfig.msg
[4.067s] -- Up-to-date: /home/robodog/RoboDog/ros2_ws/install/i2cpwm_controller/share/i2cpwm_controller/msg/ServoConfigArray.msg
[4.068s] -- Up-to-date: /home/robodog/RoboDog/ros2_ws/install/i2cpwm_controller/share/i2cpwm_controller/srv/DriveMode.srv
[4.069s] -- Up-to-date: /home/robodog/RoboDog/ros2_ws/install/i2cpwm_controller/share/i2cpwm_controller/srv/DriveMode_Request.msg
[4.069s] -- Up-to-date: /home/robodog/RoboDog/ros2_ws/install/i2cpwm_controller/share/i2cpwm_controller/srv/DriveMode_Response.msg
[4.070s] -- Up-to-date: /home/robodog/RoboDog/ros2_ws/install/i2cpwm_controller/share/i2cpwm_controller/srv/IntValue.srv
[4.070s] -- Up-to-date: /home/robodog/RoboDog/ros2_ws/install/i2cpwm_controller/share/i2cpwm_controller/srv/IntValue_Request.msg
[4.071s] -- Up-to-date: /home/robodog/RoboDog/ros2_ws/install/i2cpwm_controller/share/i2cpwm_controller/srv/IntValue_Response.msg
[4.072s] -- Up-to-date: /home/robodog/RoboDog/ros2_ws/install/i2cpwm_controller/share/i2cpwm_controller/srv/ServosConfig.srv
[4.072s] -- Up-to-date: /home/robodog/RoboDog/ros2_ws/install/i2cpwm_controller/share/i2cpwm_controller/srv/ServosConfig_Request.msg
[4.073s] -- Up-to-date: /home/robodog/RoboDog/ros2_ws/install/i2cpwm_controller/share/i2cpwm_controller/srv/ServosConfig_Response.msg
[4.073s] -- Up-to-date: /home/robodog/RoboDog/ros2_ws/install/i2cpwm_controller/share/i2cpwm_controller/srv/StopServos.srv
[4.074s] -- Up-to-date: /home/robodog/RoboDog/ros2_ws/install/i2cpwm_controller/share/i2cpwm_controller/srv/StopServos_Request.msg
[4.074s] -- Up-to-date: /home/robodog/RoboDog/ros2_ws/install/i2cpwm_controller/share/i2cpwm_controller/srv/StopServos_Response.msg
[4.078s] -- Up-to-date: /home/robodog/RoboDog/ros2_ws/install/i2cpwm_controller/lib/libi2cpwm_controller_lib.so
[4.082s] -- Up-to-date: /home/robodog/RoboDog/ros2_ws/install/i2cpwm_controller/lib/i2cpwm_controller/i2cpwm_controller_node
[4.084s] -- Up-to-date: /home/robodog/RoboDog/ros2_ws/install/i2cpwm_controller/share/i2cpwm_controller/launch
[4.084s] -- Up-to-date: /home/robodog/RoboDog/ros2_ws/install/i2cpwm_controller/share/i2cpwm_controller/launch/i2cpwm_controller.launch.py
[4.085s] -- Up-to-date: /home/robodog/RoboDog/ros2_ws/install/i2cpwm_controller/share/ament_index/resource_index/package_run_dependencies/i2cpwm_controller
[4.085s] -- Up-to-date: /home/robodog/RoboDog/ros2_ws/install/i2cpwm_controller/share/ament_index/resource_index/parent_prefix_path/i2cpwm_controller
[4.086s] -- Up-to-date: /home/robodog/RoboDog/ros2_ws/install/i2cpwm_controller/share/i2cpwm_controller/environment/ament_prefix_path.sh
[4.086s] -- Up-to-date: /home/robodog/RoboDog/ros2_ws/install/i2cpwm_controller/share/i2cpwm_controller/environment/ament_prefix_path.dsv
[4.087s] -- Up-to-date: /home/robodog/RoboDog/ros2_ws/install/i2cpwm_controller/share/i2cpwm_controller/environment/path.sh
[4.088s] -- Up-to-date: /home/robodog/RoboDog/ros2_ws/install/i2cpwm_controller/share/i2cpwm_controller/environment/path.dsv
[4.088s] -- Up-to-date: /home/robodog/RoboDog/ros2_ws/install/i2cpwm_controller/share/i2cpwm_controller/local_setup.bash
[4.088s] -- Up-to-date: /home/robodog/RoboDog/ros2_ws/install/i2cpwm_controller/share/i2cpwm_controller/local_setup.sh
[4.089s] -- Up-to-date: /home/robodog/RoboDog/ros2_ws/install/i2cpwm_controller/share/i2cpwm_controller/local_setup.zsh
[4.090s] -- Up-to-date: /home/robodog/RoboDog/ros2_ws/install/i2cpwm_controller/share/i2cpwm_controller/local_setup.dsv
[4.090s] -- Installing: /home/robodog/RoboDog/ros2_ws/install/i2cpwm_controller/share/i2cpwm_controller/package.dsv
[4.093s] -- Up-to-date: /home/robodog/RoboDog/ros2_ws/install/i2cpwm_controller/share/ament_index/resource_index/packages/i2cpwm_controller
[4.096s] -- Up-to-date: /home/robodog/RoboDog/ros2_ws/install/i2cpwm_controller/share/i2cpwm_controller/cmake/export_i2cpwm_controller__rosidl_generator_cExport.cmake
[4.096s] -- Up-to-date: /home/robodog/RoboDog/ros2_ws/install/i2cpwm_controller/share/i2cpwm_controller/cmake/export_i2cpwm_controller__rosidl_generator_cExport-noconfig.cmake
[4.100s] -- Up-to-date: /home/robodog/RoboDog/ros2_ws/install/i2cpwm_controller/share/i2cpwm_controller/cmake/export_i2cpwm_controller__rosidl_typesupport_fastrtps_cExport.cmake
[4.101s] -- Up-to-date: /home/robodog/RoboDog/ros2_ws/install/i2cpwm_controller/share/i2cpwm_controller/cmake/export_i2cpwm_controller__rosidl_typesupport_fastrtps_cExport-noconfig.cmake
[4.103s] -- Up-to-date: /home/robodog/RoboDog/ros2_ws/install/i2cpwm_controller/share/i2cpwm_controller/cmake/export_i2cpwm_controller__rosidl_generator_cppExport.cmake
[4.106s] -- Up-to-date: /home/robodog/RoboDog/ros2_ws/install/i2cpwm_controller/share/i2cpwm_controller/cmake/export_i2cpwm_controller__rosidl_typesupport_fastrtps_cppExport.cmake
[4.107s] -- Up-to-date: /home/robodog/RoboDog/ros2_ws/install/i2cpwm_controller/share/i2cpwm_controller/cmake/export_i2cpwm_controller__rosidl_typesupport_fastrtps_cppExport-noconfig.cmake
[4.111s] -- Up-to-date: /home/robodog/RoboDog/ros2_ws/install/i2cpwm_controller/share/i2cpwm_controller/cmake/i2cpwm_controller__rosidl_typesupport_introspection_cExport.cmake
[4.111s] -- Up-to-date: /home/robodog/RoboDog/ros2_ws/install/i2cpwm_controller/share/i2cpwm_controller/cmake/i2cpwm_controller__rosidl_typesupport_introspection_cExport-noconfig.cmake
[4.114s] -- Up-to-date: /home/robodog/RoboDog/ros2_ws/install/i2cpwm_controller/share/i2cpwm_controller/cmake/i2cpwm_controller__rosidl_typesupport_cExport.cmake
[4.114s] -- Up-to-date: /home/robodog/RoboDog/ros2_ws/install/i2cpwm_controller/share/i2cpwm_controller/cmake/i2cpwm_controller__rosidl_typesupport_cExport-noconfig.cmake
[4.117s] -- Up-to-date: /home/robodog/RoboDog/ros2_ws/install/i2cpwm_controller/share/i2cpwm_controller/cmake/i2cpwm_controller__rosidl_typesupport_introspection_cppExport.cmake
[4.118s] -- Up-to-date: /home/robodog/RoboDog/ros2_ws/install/i2cpwm_controller/share/i2cpwm_controller/cmake/i2cpwm_controller__rosidl_typesupport_introspection_cppExport-noconfig.cmake
[4.120s] -- Up-to-date: /home/robodog/RoboDog/ros2_ws/install/i2cpwm_controller/share/i2cpwm_controller/cmake/i2cpwm_controller__rosidl_typesupport_cppExport.cmake
[4.121s] -- Up-to-date: /home/robodog/RoboDog/ros2_ws/install/i2cpwm_controller/share/i2cpwm_controller/cmake/i2cpwm_controller__rosidl_typesupport_cppExport-noconfig.cmake
[4.123s] -- Up-to-date: /home/robodog/RoboDog/ros2_ws/install/i2cpwm_controller/share/i2cpwm_controller/cmake/export_i2cpwm_controller__rosidl_generator_pyExport.cmake
[4.124s] -- Up-to-date: /home/robodog/RoboDog/ros2_ws/install/i2cpwm_controller/share/i2cpwm_controller/cmake/export_i2cpwm_controller__rosidl_generator_pyExport-noconfig.cmake
[4.126s] -- Up-to-date: /home/robodog/RoboDog/ros2_ws/install/i2cpwm_controller/share/i2cpwm_controller/cmake/export_i2cpwm_controllerExport.cmake
[4.127s] -- Up-to-date: /home/robodog/RoboDog/ros2_ws/install/i2cpwm_controller/share/i2cpwm_controller/cmake/export_i2cpwm_controllerExport-noconfig.cmake
[4.128s] -- Up-to-date: /home/robodog/RoboDog/ros2_ws/install/i2cpwm_controller/share/i2cpwm_controller/cmake/rosidl_cmake-extras.cmake
[4.128s] -- Up-to-date: /home/robodog/RoboDog/ros2_ws/install/i2cpwm_controller/share/i2cpwm_controller/cmake/ament_cmake_export_dependencies-extras.cmake
[4.129s] -- Up-to-date: /home/robodog/RoboDog/ros2_ws/install/i2cpwm_controller/share/i2cpwm_controller/cmake/ament_cmake_export_include_directories-extras.cmake
[4.129s] -- Up-to-date: /home/robodog/RoboDog/ros2_ws/install/i2cpwm_controller/share/i2cpwm_controller/cmake/ament_cmake_export_libraries-extras.cmake
[4.130s] -- Up-to-date: /home/robodog/RoboDog/ros2_ws/install/i2cpwm_controller/share/i2cpwm_controller/cmake/ament_cmake_export_targets-extras.cmake
[4.131s] -- Up-to-date: /home/robodog/RoboDog/ros2_ws/install/i2cpwm_controller/share/i2cpwm_controller/cmake/rosidl_cmake_export_typesupport_targets-extras.cmake
[4.131s] -- Up-to-date: /home/robodog/RoboDog/ros2_ws/install/i2cpwm_controller/share/i2cpwm_controller/cmake/rosidl_cmake_export_typesupport_libraries-extras.cmake
[4.132s] -- Up-to-date: /home/robodog/RoboDog/ros2_ws/install/i2cpwm_controller/share/i2cpwm_controller/cmake/i2cpwm_controllerConfig.cmake
[4.133s] -- Up-to-date: /home/robodog/RoboDog/ros2_ws/install/i2cpwm_controller/share/i2cpwm_controller/cmake/i2cpwm_controllerConfig-version.cmake
[4.133s] -- Up-to-date: /home/robodog/RoboDog/ros2_ws/install/i2cpwm_controller/share/i2cpwm_controller/package.xml
[4.143s] Invoked command in '/home/robodog/RoboDog/ros2_ws/build/i2cpwm_controller' returned '0': CMAKE_PREFIX_PATH=/home/robodog/RoboDog/ros2_ws/install/servo_calibration:/opt/ros/humble:${CMAKE_PREFIX_PATH} /usr/bin/cmake --install /home/robodog/RoboDog/ros2_ws/build/i2cpwm_controller
