[2.667s] Invoking command in '/home/robodog/RoboDog/ros2_ws/src/keyboard_teleop': PYTHONPATH=/home/robodog/RoboDog/ros2_ws/build/keyboard_teleop/prefix_override:/usr/lib/python3/dist-packages/colcon_core/task/python/colcon_distutils_commands:/home/robodog/RoboDog/ros2_ws/install/keyboard_teleop/lib/python3.10/site-packages:${PYTHONPATH} /usr/bin/python3 -W ignore:setup.py install is deprecated setup.py egg_info --egg-base ../../build/keyboard_teleop build --build-base /home/robodog/RoboDog/ros2_ws/build/keyboard_teleop/build install --record /home/robodog/RoboDog/ros2_ws/build/keyboard_teleop/install.log --single-version-externally-managed install_data
[3.703s] running egg_info
[3.705s] creating ../../build/keyboard_teleop/keyboard_teleop.egg-info
[3.706s] writing ../../build/keyboard_teleop/keyboard_teleop.egg-info/PKG-INFO
[3.707s] writing dependency_links to ../../build/keyboard_teleop/keyboard_teleop.egg-info/dependency_links.txt
[3.708s] writing entry points to ../../build/keyboard_teleop/keyboard_teleop.egg-info/entry_points.txt
[3.708s] writing requirements to ../../build/keyboard_teleop/keyboard_teleop.egg-info/requires.txt
[3.709s] writing top-level names to ../../build/keyboard_teleop/keyboard_teleop.egg-info/top_level.txt
[3.710s] writing manifest file '../../build/keyboard_teleop/keyboard_teleop.egg-info/SOURCES.txt'
[3.717s] reading manifest file '../../build/keyboard_teleop/keyboard_teleop.egg-info/SOURCES.txt'
[3.721s] writing manifest file '../../build/keyboard_teleop/keyboard_teleop.egg-info/SOURCES.txt'
[3.721s] running build
[3.722s] running build_py
[3.723s] creating /home/robodog/RoboDog/ros2_ws/build/keyboard_teleop/build
[3.724s] creating /home/robodog/RoboDog/ros2_ws/build/keyboard_teleop/build/lib
[3.724s] creating /home/robodog/RoboDog/ros2_ws/build/keyboard_teleop/build/lib/keyboard_teleop
[3.724s] copying keyboard_teleop/__init__.py -> /home/robodog/RoboDog/ros2_ws/build/keyboard_teleop/build/lib/keyboard_teleop
[3.725s] copying keyboard_teleop/keyboard_control.py -> /home/robodog/RoboDog/ros2_ws/build/keyboard_teleop/build/lib/keyboard_teleop
[3.725s] running install
[3.726s] running install_lib
[3.729s] creating /home/robodog/RoboDog/ros2_ws/install/keyboard_teleop/lib/python3.10/site-packages/keyboard_teleop
[3.730s] copying /home/robodog/RoboDog/ros2_ws/build/keyboard_teleop/build/lib/keyboard_teleop/__init__.py -> /home/robodog/RoboDog/ros2_ws/install/keyboard_teleop/lib/python3.10/site-packages/keyboard_teleop
[3.731s] copying /home/robodog/RoboDog/ros2_ws/build/keyboard_teleop/build/lib/keyboard_teleop/keyboard_control.py -> /home/robodog/RoboDog/ros2_ws/install/keyboard_teleop/lib/python3.10/site-packages/keyboard_teleop
[3.733s] byte-compiling /home/robodog/RoboDog/ros2_ws/install/keyboard_teleop/lib/python3.10/site-packages/keyboard_teleop/__init__.py to __init__.cpython-310.pyc
[3.735s] byte-compiling /home/robodog/RoboDog/ros2_ws/install/keyboard_teleop/lib/python3.10/site-packages/keyboard_teleop/keyboard_control.py to keyboard_control.cpython-310.pyc
[3.741s] running install_data
[3.741s] creating /home/robodog/RoboDog/ros2_ws/install/keyboard_teleop/share/ament_index
[3.742s] creating /home/robodog/RoboDog/ros2_ws/install/keyboard_teleop/share/ament_index/resource_index
[3.742s] creating /home/robodog/RoboDog/ros2_ws/install/keyboard_teleop/share/ament_index/resource_index/packages
[3.743s] copying resource/keyboard_teleop -> /home/robodog/RoboDog/ros2_ws/install/keyboard_teleop/share/ament_index/resource_index/packages
[3.743s] copying package.xml -> /home/robodog/RoboDog/ros2_ws/install/keyboard_teleop/share/keyboard_teleop
[3.744s] running install_egg_info
[3.751s] Copying ../../build/keyboard_teleop/keyboard_teleop.egg-info to /home/robodog/RoboDog/ros2_ws/install/keyboard_teleop/lib/python3.10/site-packages/keyboard_teleop-0.0.0-py3.10.egg-info
[3.756s] running install_scripts
[3.835s] Installing keyboard_teleop_node script to /home/robodog/RoboDog/ros2_ws/install/keyboard_teleop/lib/keyboard_teleop
[3.836s] writing list of installed files to '/home/robodog/RoboDog/ros2_ws/build/keyboard_teleop/install.log'
[3.954s] Invoked command in '/home/robodog/RoboDog/ros2_ws/src/keyboard_teleop' returned '0': PYTHONPATH=/home/robodog/RoboDog/ros2_ws/build/keyboard_teleop/prefix_override:/usr/lib/python3/dist-packages/colcon_core/task/python/colcon_distutils_commands:/home/robodog/RoboDog/ros2_ws/install/keyboard_teleop/lib/python3.10/site-packages:${PYTHONPATH} /usr/bin/python3 -W ignore:setup.py install is deprecated setup.py egg_info --egg-base ../../build/keyboard_teleop build --build-base /home/robodog/RoboDog/ros2_ws/build/keyboard_teleop/build install --record /home/robodog/RoboDog/ros2_ws/build/keyboard_teleop/install.log --single-version-externally-managed install_data
