[2.827s] Invoking command in '/home/robodog/RoboDog/ros2_ws/src/servo_calibration': PYTHONPATH=/home/robodog/RoboDog/ros2_ws/build/servo_calibration/prefix_override:/usr/lib/python3/dist-packages/colcon_core/task/python/colcon_distutils_commands:/home/robodog/RoboDog/ros2_ws/install/servo_calibration/lib/python3.10/site-packages:${PYTHONPATH} /usr/bin/python3 -W ignore:setup.py install is deprecated setup.py egg_info --egg-base ../../build/servo_calibration build --build-base /home/robodog/RoboDog/ros2_ws/build/servo_calibration/build install --record /home/robodog/RoboDog/ros2_ws/build/servo_calibration/install.log --single-version-externally-managed install_data
[3.889s] running egg_info
[3.892s] writing ../../build/servo_calibration/servo_calibration.egg-info/PKG-INFO
[3.893s] writing dependency_links to ../../build/servo_calibration/servo_calibration.egg-info/dependency_links.txt
[3.894s] writing entry points to ../../build/servo_calibration/servo_calibration.egg-info/entry_points.txt
[3.900s] writing requirements to ../../build/servo_calibration/servo_calibration.egg-info/requires.txt
[3.901s] writing top-level names to ../../build/servo_calibration/servo_calibration.egg-info/top_level.txt
[3.912s] reading manifest file '../../build/servo_calibration/servo_calibration.egg-info/SOURCES.txt'
[3.915s] adding license file 'LICENSE'
[3.921s] writing manifest file '../../build/servo_calibration/servo_calibration.egg-info/SOURCES.txt'
[3.923s] running build
[3.925s] running build_py
[3.928s] copying servo_calibration/servo_calib_test.py -> /home/robodog/RoboDog/ros2_ws/build/servo_calibration/build/lib/servo_calibration
[3.929s] running install
[3.931s] running install_lib
[3.936s] copying /home/robodog/RoboDog/ros2_ws/build/servo_calibration/build/lib/servo_calibration/servo_calib_test.py -> /home/robodog/RoboDog/ros2_ws/install/servo_calibration/lib/python3.10/site-packages/servo_calibration
[3.941s] byte-compiling /home/robodog/RoboDog/ros2_ws/install/servo_calibration/lib/python3.10/site-packages/servo_calibration/servo_calib_test.py to servo_calib_test.cpython-310.pyc
[3.955s] running install_data
[3.957s] running install_egg_info
[3.979s] removing '/home/robodog/RoboDog/ros2_ws/install/servo_calibration/lib/python3.10/site-packages/servo_calibration-0.0.0-py3.10.egg-info' (and everything under it)
[3.980s] Copying ../../build/servo_calibration/servo_calibration.egg-info to /home/robodog/RoboDog/ros2_ws/install/servo_calibration/lib/python3.10/site-packages/servo_calibration-0.0.0-py3.10.egg-info
[3.988s] running install_scripts
[4.103s] Installing servo_calib_node script to /home/robodog/RoboDog/ros2_ws/install/servo_calibration/lib/servo_calibration
[4.104s] writing list of installed files to '/home/robodog/RoboDog/ros2_ws/build/servo_calibration/install.log'
[4.227s] Invoked command in '/home/robodog/RoboDog/ros2_ws/src/servo_calibration' returned '0': PYTHONPATH=/home/robodog/RoboDog/ros2_ws/build/servo_calibration/prefix_override:/usr/lib/python3/dist-packages/colcon_core/task/python/colcon_distutils_commands:/home/robodog/RoboDog/ros2_ws/install/servo_calibration/lib/python3.10/site-packages:${PYTHONPATH} /usr/bin/python3 -W ignore:setup.py install is deprecated setup.py egg_info --egg-base ../../build/servo_calibration build --build-base /home/robodog/RoboDog/ros2_ws/build/servo_calibration/build install --record /home/robodog/RoboDog/ros2_ws/build/servo_calibration/install.log --single-version-externally-managed install_data
