[0.434s] DEBUG:colcon:Command line arguments: ['/usr/bin/colcon', 'build']
[0.435s] DEBUG:colcon:Parsed command line arguments: Namespace(log_base=None, log_level=None, verb_name='build', build_base='build', install_base='install', merge_install=False, symlink_install=False, test_result_base=None, continue_on_error=False, executor='parallel', parallel_workers=4, event_handlers=None, ignore_user_meta=False, metas=['./colcon.meta'], base_paths=['.'], packages_ignore=None, packages_ignore_regex=None, paths=None, packages_up_to=None, packages_up_to_regex=None, packages_above=None, packages_above_and_dependencies=None, packages_above_depth=None, packages_select_by_dep=None, packages_skip_by_dep=None, packages_skip_up_to=None, packages_select_build_failed=False, packages_skip_build_finished=False, packages_select_test_failures=False, packages_skip_test_passed=False, packages_select=None, packages_skip=None, packages_select_regex=None, packages_skip_regex=None, packages_start=None, packages_end=None, allow_overriding=[], cmake_args=None, cmake_target=None, cmake_target_skip_unavailable=False, cmake_clean_cache=False, cmake_clean_first=False, cmake_force_configure=False, ament_cmake_args=None, catkin_cmake_args=None, catkin_skip_building_tests=False, verb_parser=<colcon_defaults.argument_parser.defaults.DefaultArgumentsDecorator object at 0xffff8b35f490>, verb_extension=<colcon_core.verb.build.BuildVerb object at 0xffff8b4e00a0>, main=<bound method BuildVerb.main of <colcon_core.verb.build.BuildVerb object at 0xffff8b4e00a0>>)
[1.195s] Level 1:colcon.colcon_core.package_discovery:discover_packages(colcon_meta) check parameters
[1.195s] Level 1:colcon.colcon_core.package_discovery:discover_packages(recursive) check parameters
[1.196s] Level 1:colcon.colcon_core.package_discovery:discover_packages(ignore) check parameters
[1.196s] Level 1:colcon.colcon_core.package_discovery:discover_packages(path) check parameters
[1.196s] Level 1:colcon.colcon_core.package_discovery:discover_packages(colcon_meta) discover
[1.196s] Level 1:colcon.colcon_core.package_discovery:discover_packages(recursive) discover
[1.196s] INFO:colcon.colcon_core.package_discovery:Crawling recursively for packages in '/home/robodog/RoboDog/ros2_ws'
[1.197s] Level 1:colcon.colcon_core.package_identification:_identify(.) by extensions ['ignore', 'ignore_ament_install']
[1.197s] Level 1:colcon.colcon_core.package_identification:_identify(.) by extension 'ignore'
[1.198s] Level 1:colcon.colcon_core.package_identification:_identify(.) by extension 'ignore_ament_install'
[1.198s] Level 1:colcon.colcon_core.package_identification:_identify(.) by extensions ['colcon_pkg']
[1.198s] Level 1:colcon.colcon_core.package_identification:_identify(.) by extension 'colcon_pkg'
[1.198s] Level 1:colcon.colcon_core.package_identification:_identify(.) by extensions ['colcon_meta']
[1.198s] Level 1:colcon.colcon_core.package_identification:_identify(.) by extension 'colcon_meta'
[1.199s] Level 1:colcon.colcon_core.package_identification:_identify(.) by extensions ['ros']
[1.199s] Level 1:colcon.colcon_core.package_identification:_identify(.) by extension 'ros'
[1.247s] Level 1:colcon.colcon_core.package_identification:_identify(.) by extensions ['cmake', 'python']
[1.248s] Level 1:colcon.colcon_core.package_identification:_identify(.) by extension 'cmake'
[1.248s] Level 1:colcon.colcon_core.package_identification:_identify(.) by extension 'python'
[1.248s] Level 1:colcon.colcon_core.package_identification:_identify(.) by extensions ['python_setup_py']
[1.248s] Level 1:colcon.colcon_core.package_identification:_identify(.) by extension 'python_setup_py'
[1.249s] Level 1:colcon.colcon_core.package_identification:_identify(build) by extensions ['ignore', 'ignore_ament_install']
[1.249s] Level 1:colcon.colcon_core.package_identification:_identify(build) by extension 'ignore'
[1.250s] Level 1:colcon.colcon_core.package_identification:_identify(build) ignored
[1.250s] Level 1:colcon.colcon_core.package_identification:_identify(install) by extensions ['ignore', 'ignore_ament_install']
[1.251s] Level 1:colcon.colcon_core.package_identification:_identify(install) by extension 'ignore'
[1.251s] Level 1:colcon.colcon_core.package_identification:_identify(install) ignored
[1.252s] Level 1:colcon.colcon_core.package_identification:_identify(log) by extensions ['ignore', 'ignore_ament_install']
[1.252s] Level 1:colcon.colcon_core.package_identification:_identify(log) by extension 'ignore'
[1.253s] Level 1:colcon.colcon_core.package_identification:_identify(log) ignored
[1.253s] Level 1:colcon.colcon_core.package_identification:_identify(src) by extensions ['ignore', 'ignore_ament_install']
[1.253s] Level 1:colcon.colcon_core.package_identification:_identify(src) by extension 'ignore'
[1.254s] Level 1:colcon.colcon_core.package_identification:_identify(src) by extension 'ignore_ament_install'
[1.254s] Level 1:colcon.colcon_core.package_identification:_identify(src) by extensions ['colcon_pkg']
[1.254s] Level 1:colcon.colcon_core.package_identification:_identify(src) by extension 'colcon_pkg'
[1.254s] Level 1:colcon.colcon_core.package_identification:_identify(src) by extensions ['colcon_meta']
[1.254s] Level 1:colcon.colcon_core.package_identification:_identify(src) by extension 'colcon_meta'
[1.255s] Level 1:colcon.colcon_core.package_identification:_identify(src) by extensions ['ros']
[1.255s] Level 1:colcon.colcon_core.package_identification:_identify(src) by extension 'ros'
[1.255s] Level 1:colcon.colcon_core.package_identification:_identify(src) by extensions ['cmake', 'python']
[1.255s] Level 1:colcon.colcon_core.package_identification:_identify(src) by extension 'cmake'
[1.255s] Level 1:colcon.colcon_core.package_identification:_identify(src) by extension 'python'
[1.256s] Level 1:colcon.colcon_core.package_identification:_identify(src) by extensions ['python_setup_py']
[1.256s] Level 1:colcon.colcon_core.package_identification:_identify(src) by extension 'python_setup_py'
[1.256s] Level 1:colcon.colcon_core.package_identification:_identify(src/i2cpwm_controller) by extensions ['ignore', 'ignore_ament_install']
[1.257s] Level 1:colcon.colcon_core.package_identification:_identify(src/i2cpwm_controller) by extension 'ignore'
[1.257s] Level 1:colcon.colcon_core.package_identification:_identify(src/i2cpwm_controller) by extension 'ignore_ament_install'
[1.257s] Level 1:colcon.colcon_core.package_identification:_identify(src/i2cpwm_controller) by extensions ['colcon_pkg']
[1.257s] Level 1:colcon.colcon_core.package_identification:_identify(src/i2cpwm_controller) by extension 'colcon_pkg'
[1.258s] Level 1:colcon.colcon_core.package_identification:_identify(src/i2cpwm_controller) by extensions ['colcon_meta']
[1.258s] Level 1:colcon.colcon_core.package_identification:_identify(src/i2cpwm_controller) by extension 'colcon_meta'
[1.258s] Level 1:colcon.colcon_core.package_identification:_identify(src/i2cpwm_controller) by extensions ['ros']
[1.258s] Level 1:colcon.colcon_core.package_identification:_identify(src/i2cpwm_controller) by extension 'ros'
[1.268s] DEBUG:colcon.colcon_core.package_identification:Package 'src/i2cpwm_controller' with type 'ros.ament_cmake' and name 'i2cpwm_controller'
[1.269s] Level 1:colcon.colcon_core.package_identification:_identify(src/motion_cmd) by extensions ['ignore', 'ignore_ament_install']
[1.269s] Level 1:colcon.colcon_core.package_identification:_identify(src/motion_cmd) by extension 'ignore'
[1.269s] Level 1:colcon.colcon_core.package_identification:_identify(src/motion_cmd) by extension 'ignore_ament_install'
[1.270s] Level 1:colcon.colcon_core.package_identification:_identify(src/motion_cmd) by extensions ['colcon_pkg']
[1.270s] Level 1:colcon.colcon_core.package_identification:_identify(src/motion_cmd) by extension 'colcon_pkg'
[1.270s] Level 1:colcon.colcon_core.package_identification:_identify(src/motion_cmd) by extensions ['colcon_meta']
[1.270s] Level 1:colcon.colcon_core.package_identification:_identify(src/motion_cmd) by extension 'colcon_meta'
[1.270s] Level 1:colcon.colcon_core.package_identification:_identify(src/motion_cmd) by extensions ['ros']
[1.270s] Level 1:colcon.colcon_core.package_identification:_identify(src/motion_cmd) by extension 'ros'
[1.274s] DEBUG:colcon.colcon_core.package_identification:Package 'src/motion_cmd' with type 'ros.catkin' and name 'motion_cmd'
[1.274s] Level 1:colcon.colcon_core.package_discovery:discover_packages(recursive) using defaults
[1.275s] Level 1:colcon.colcon_core.package_discovery:discover_packages(ignore) discover
[1.275s] Level 1:colcon.colcon_core.package_discovery:discover_packages(ignore) using defaults
[1.275s] Level 1:colcon.colcon_core.package_discovery:discover_packages(path) discover
[1.275s] Level 1:colcon.colcon_core.package_discovery:discover_packages(path) using defaults
[1.352s] Level 1:colcon.colcon_core.package_discovery:discover_packages(prefix_path) check parameters
[1.352s] Level 1:colcon.colcon_core.package_discovery:discover_packages(prefix_path) discover
[1.366s] DEBUG:colcon.colcon_installed_package_information.package_discovery:Found 270 installed packages in /opt/ros/humble
[1.373s] Level 1:colcon.colcon_core.package_discovery:discover_packages(prefix_path) using defaults
[1.585s] Level 5:colcon.colcon_core.verb:set package 'i2cpwm_controller' build argument 'cmake_args' from command line to 'None'
[1.585s] Level 5:colcon.colcon_core.verb:set package 'i2cpwm_controller' build argument 'cmake_target' from command line to 'None'
[1.585s] Level 5:colcon.colcon_core.verb:set package 'i2cpwm_controller' build argument 'cmake_target_skip_unavailable' from command line to 'False'
[1.585s] Level 5:colcon.colcon_core.verb:set package 'i2cpwm_controller' build argument 'cmake_clean_cache' from command line to 'False'
[1.585s] Level 5:colcon.colcon_core.verb:set package 'i2cpwm_controller' build argument 'cmake_clean_first' from command line to 'False'
[1.585s] Level 5:colcon.colcon_core.verb:set package 'i2cpwm_controller' build argument 'cmake_force_configure' from command line to 'False'
[1.585s] Level 5:colcon.colcon_core.verb:set package 'i2cpwm_controller' build argument 'ament_cmake_args' from command line to 'None'
[1.586s] Level 5:colcon.colcon_core.verb:set package 'i2cpwm_controller' build argument 'catkin_cmake_args' from command line to 'None'
[1.586s] Level 5:colcon.colcon_core.verb:set package 'i2cpwm_controller' build argument 'catkin_skip_building_tests' from command line to 'False'
[1.586s] DEBUG:colcon.colcon_core.verb:Building package 'i2cpwm_controller' with the following arguments: {'ament_cmake_args': None, 'build_base': '/home/robodog/RoboDog/ros2_ws/build/i2cpwm_controller', 'catkin_cmake_args': None, 'catkin_skip_building_tests': False, 'cmake_args': None, 'cmake_clean_cache': False, 'cmake_clean_first': False, 'cmake_force_configure': False, 'cmake_target': None, 'cmake_target_skip_unavailable': False, 'install_base': '/home/robodog/RoboDog/ros2_ws/install/i2cpwm_controller', 'merge_install': False, 'path': '/home/robodog/RoboDog/ros2_ws/src/i2cpwm_controller', 'symlink_install': False, 'test_result_base': None}
[1.587s] Level 5:colcon.colcon_core.verb:set package 'motion_cmd' build argument 'cmake_args' from command line to 'None'
[1.588s] Level 5:colcon.colcon_core.verb:set package 'motion_cmd' build argument 'cmake_target' from command line to 'None'
[1.588s] Level 5:colcon.colcon_core.verb:set package 'motion_cmd' build argument 'cmake_target_skip_unavailable' from command line to 'False'
[1.588s] Level 5:colcon.colcon_core.verb:set package 'motion_cmd' build argument 'cmake_clean_cache' from command line to 'False'
[1.588s] Level 5:colcon.colcon_core.verb:set package 'motion_cmd' build argument 'cmake_clean_first' from command line to 'False'
[1.588s] Level 5:colcon.colcon_core.verb:set package 'motion_cmd' build argument 'cmake_force_configure' from command line to 'False'
[1.588s] Level 5:colcon.colcon_core.verb:set package 'motion_cmd' build argument 'ament_cmake_args' from command line to 'None'
[1.588s] Level 5:colcon.colcon_core.verb:set package 'motion_cmd' build argument 'catkin_cmake_args' from command line to 'None'
[1.588s] Level 5:colcon.colcon_core.verb:set package 'motion_cmd' build argument 'catkin_skip_building_tests' from command line to 'False'
[1.589s] DEBUG:colcon.colcon_core.verb:Building package 'motion_cmd' with the following arguments: {'ament_cmake_args': None, 'build_base': '/home/robodog/RoboDog/ros2_ws/build/motion_cmd', 'catkin_cmake_args': None, 'catkin_skip_building_tests': False, 'cmake_args': None, 'cmake_clean_cache': False, 'cmake_clean_first': False, 'cmake_force_configure': False, 'cmake_target': None, 'cmake_target_skip_unavailable': False, 'install_base': '/home/robodog/RoboDog/ros2_ws/install/motion_cmd', 'merge_install': False, 'path': '/home/robodog/RoboDog/ros2_ws/src/motion_cmd', 'symlink_install': False, 'test_result_base': None}
[1.589s] INFO:colcon.colcon_core.executor:Executing jobs using 'parallel' executor
[1.593s] DEBUG:colcon.colcon_parallel_executor.executor.parallel:run_until_complete
[1.594s] INFO:colcon.colcon_ros.task.ament_cmake.build:Building ROS package in '/home/robodog/RoboDog/ros2_ws/src/i2cpwm_controller' with build type 'ament_cmake'
[1.595s] INFO:colcon.colcon_cmake.task.cmake.build:Building CMake package in '/home/robodog/RoboDog/ros2_ws/src/i2cpwm_controller'
[1.603s] INFO:colcon.colcon_core.plugin_system:Skipping extension 'colcon_core.shell.bat': Not used on non-Windows systems
[1.604s] INFO:colcon.colcon_core.shell:Skip shell extension 'powershell' for command environment: Not usable outside of PowerShell
[1.604s] DEBUG:colcon.colcon_core.shell:Skip shell extension 'dsv' for command environment
[1.648s] DEBUG:colcon.colcon_core.event_handler.log_command:Invoking command in '/home/robodog/RoboDog/ros2_ws/build/i2cpwm_controller': CMAKE_PREFIX_PATH=/opt/ros/humble /usr/bin/cmake --build /home/robodog/RoboDog/ros2_ws/build/i2cpwm_controller -- -j4 -l4
[3.447s] DEBUG:colcon.colcon_core.event_handler.log_command:Invoked command in '/home/robodog/RoboDog/ros2_ws/build/i2cpwm_controller' returned '0': CMAKE_PREFIX_PATH=/opt/ros/humble /usr/bin/cmake --build /home/robodog/RoboDog/ros2_ws/build/i2cpwm_controller -- -j4 -l4
[4.707s] DEBUG:colcon.colcon_core.event_handler.log_command:Invoking command in '/home/robodog/RoboDog/ros2_ws/build/i2cpwm_controller': CMAKE_PREFIX_PATH=/opt/ros/humble /usr/bin/cmake --install /home/robodog/RoboDog/ros2_ws/build/i2cpwm_controller
[5.068s] Level 1:colcon.colcon_core.environment:create_environment_scripts_only(i2cpwm_controller)
[5.070s] DEBUG:colcon.colcon_core.event_handler.log_command:Invoked command in '/home/robodog/RoboDog/ros2_ws/build/i2cpwm_controller' returned '0': CMAKE_PREFIX_PATH=/opt/ros/humble /usr/bin/cmake --install /home/robodog/RoboDog/ros2_ws/build/i2cpwm_controller
[5.080s] Level 1:colcon.colcon_core.environment:checking '/home/robodog/RoboDog/ros2_ws/install/i2cpwm_controller' for CMake module files
[5.085s] Level 1:colcon.colcon_core.environment:checking '/home/robodog/RoboDog/ros2_ws/install/i2cpwm_controller' for CMake config files
[5.092s] Level 1:colcon.colcon_core.shell:create_environment_hook('i2cpwm_controller', 'cmake_prefix_path')
[5.093s] INFO:colcon.colcon_core.shell:Creating environment hook '/home/robodog/RoboDog/ros2_ws/install/i2cpwm_controller/share/i2cpwm_controller/hook/cmake_prefix_path.ps1'
[5.096s] INFO:colcon.colcon_core.shell:Creating environment descriptor '/home/robodog/RoboDog/ros2_ws/install/i2cpwm_controller/share/i2cpwm_controller/hook/cmake_prefix_path.dsv'
[5.098s] INFO:colcon.colcon_core.shell:Creating environment hook '/home/robodog/RoboDog/ros2_ws/install/i2cpwm_controller/share/i2cpwm_controller/hook/cmake_prefix_path.sh'
[5.103s] Level 1:colcon.colcon_core.environment:checking '/home/robodog/RoboDog/ros2_ws/install/i2cpwm_controller/lib'
[5.103s] Level 1:colcon.colcon_core.shell:create_environment_hook('i2cpwm_controller', 'ld_library_path_lib')
[5.105s] INFO:colcon.colcon_core.shell:Creating environment hook '/home/robodog/RoboDog/ros2_ws/install/i2cpwm_controller/share/i2cpwm_controller/hook/ld_library_path_lib.ps1'
[5.107s] INFO:colcon.colcon_core.shell:Creating environment descriptor '/home/robodog/RoboDog/ros2_ws/install/i2cpwm_controller/share/i2cpwm_controller/hook/ld_library_path_lib.dsv'
[5.109s] INFO:colcon.colcon_core.shell:Creating environment hook '/home/robodog/RoboDog/ros2_ws/install/i2cpwm_controller/share/i2cpwm_controller/hook/ld_library_path_lib.sh'
[5.111s] Level 1:colcon.colcon_core.environment:checking '/home/robodog/RoboDog/ros2_ws/install/i2cpwm_controller/bin'
[5.112s] Level 1:colcon.colcon_core.environment:checking '/home/robodog/RoboDog/ros2_ws/install/i2cpwm_controller/lib/pkgconfig/i2cpwm_controller.pc'
[5.113s] Level 1:colcon.colcon_core.environment:checking '/home/robodog/RoboDog/ros2_ws/install/i2cpwm_controller/lib/python3.10/site-packages'
[5.114s] Level 1:colcon.colcon_core.environment:checking '/home/robodog/RoboDog/ros2_ws/install/i2cpwm_controller/bin'
[5.116s] INFO:colcon.colcon_core.shell:Creating package script '/home/robodog/RoboDog/ros2_ws/install/i2cpwm_controller/share/i2cpwm_controller/package.ps1'
[5.119s] INFO:colcon.colcon_core.shell:Creating package descriptor '/home/robodog/RoboDog/ros2_ws/install/i2cpwm_controller/share/i2cpwm_controller/package.dsv'
[5.122s] INFO:colcon.colcon_core.shell:Creating package script '/home/robodog/RoboDog/ros2_ws/install/i2cpwm_controller/share/i2cpwm_controller/package.sh'
[5.126s] INFO:colcon.colcon_core.shell:Creating package script '/home/robodog/RoboDog/ros2_ws/install/i2cpwm_controller/share/i2cpwm_controller/package.bash'
[5.130s] INFO:colcon.colcon_core.shell:Creating package script '/home/robodog/RoboDog/ros2_ws/install/i2cpwm_controller/share/i2cpwm_controller/package.zsh'
[5.133s] Level 1:colcon.colcon_core.environment:create_file_with_runtime_dependencies(/home/robodog/RoboDog/ros2_ws/install/i2cpwm_controller/share/colcon-core/packages/i2cpwm_controller)
[6.375s] Level 1:colcon.colcon_core.environment:create_environment_scripts_only(i2cpwm_controller)
[6.376s] Level 1:colcon.colcon_core.environment:checking '/home/robodog/RoboDog/ros2_ws/install/i2cpwm_controller' for CMake module files
[6.381s] Level 1:colcon.colcon_core.environment:checking '/home/robodog/RoboDog/ros2_ws/install/i2cpwm_controller' for CMake config files
[6.390s] Level 1:colcon.colcon_core.shell:create_environment_hook('i2cpwm_controller', 'cmake_prefix_path')
[6.391s] INFO:colcon.colcon_core.shell:Creating environment hook '/home/robodog/RoboDog/ros2_ws/install/i2cpwm_controller/share/i2cpwm_controller/hook/cmake_prefix_path.ps1'
[6.394s] INFO:colcon.colcon_core.shell:Creating environment descriptor '/home/robodog/RoboDog/ros2_ws/install/i2cpwm_controller/share/i2cpwm_controller/hook/cmake_prefix_path.dsv'
[6.396s] INFO:colcon.colcon_core.shell:Creating environment hook '/home/robodog/RoboDog/ros2_ws/install/i2cpwm_controller/share/i2cpwm_controller/hook/cmake_prefix_path.sh'
[6.399s] Level 1:colcon.colcon_core.environment:checking '/home/robodog/RoboDog/ros2_ws/install/i2cpwm_controller/lib'
[6.399s] Level 1:colcon.colcon_core.shell:create_environment_hook('i2cpwm_controller', 'ld_library_path_lib')
[6.400s] INFO:colcon.colcon_core.shell:Creating environment hook '/home/robodog/RoboDog/ros2_ws/install/i2cpwm_controller/share/i2cpwm_controller/hook/ld_library_path_lib.ps1'
[6.403s] INFO:colcon.colcon_core.shell:Creating environment descriptor '/home/robodog/RoboDog/ros2_ws/install/i2cpwm_controller/share/i2cpwm_controller/hook/ld_library_path_lib.dsv'
[6.405s] INFO:colcon.colcon_core.shell:Creating environment hook '/home/robodog/RoboDog/ros2_ws/install/i2cpwm_controller/share/i2cpwm_controller/hook/ld_library_path_lib.sh'
[6.407s] Level 1:colcon.colcon_core.environment:checking '/home/robodog/RoboDog/ros2_ws/install/i2cpwm_controller/bin'
[6.407s] Level 1:colcon.colcon_core.environment:checking '/home/robodog/RoboDog/ros2_ws/install/i2cpwm_controller/lib/pkgconfig/i2cpwm_controller.pc'
[6.408s] Level 1:colcon.colcon_core.environment:checking '/home/robodog/RoboDog/ros2_ws/install/i2cpwm_controller/lib/python3.10/site-packages'
[6.409s] Level 1:colcon.colcon_core.environment:checking '/home/robodog/RoboDog/ros2_ws/install/i2cpwm_controller/bin'
[6.411s] INFO:colcon.colcon_core.shell:Creating package script '/home/robodog/RoboDog/ros2_ws/install/i2cpwm_controller/share/i2cpwm_controller/package.ps1'
[6.413s] INFO:colcon.colcon_core.shell:Creating package descriptor '/home/robodog/RoboDog/ros2_ws/install/i2cpwm_controller/share/i2cpwm_controller/package.dsv'
[6.416s] INFO:colcon.colcon_core.shell:Creating package script '/home/robodog/RoboDog/ros2_ws/install/i2cpwm_controller/share/i2cpwm_controller/package.sh'
[6.418s] INFO:colcon.colcon_core.shell:Creating package script '/home/robodog/RoboDog/ros2_ws/install/i2cpwm_controller/share/i2cpwm_controller/package.bash'
[6.421s] INFO:colcon.colcon_core.shell:Creating package script '/home/robodog/RoboDog/ros2_ws/install/i2cpwm_controller/share/i2cpwm_controller/package.zsh'
[6.423s] Level 1:colcon.colcon_core.environment:create_file_with_runtime_dependencies(/home/robodog/RoboDog/ros2_ws/install/i2cpwm_controller/share/colcon-core/packages/i2cpwm_controller)
[6.425s] INFO:colcon.colcon_ros.task.catkin.build:Building ROS package in '/home/robodog/RoboDog/ros2_ws/src/motion_cmd' with build type 'catkin'
[6.425s] INFO:colcon.colcon_cmake.task.cmake.build:Building CMake package in '/home/robodog/RoboDog/ros2_ws/src/motion_cmd'
[6.427s] INFO:colcon.colcon_core.shell:Skip shell extension 'powershell' for command environment: Not usable outside of PowerShell
[6.427s] DEBUG:colcon.colcon_core.shell:Skip shell extension 'dsv' for command environment
[6.490s] DEBUG:colcon.colcon_core.event_handler.log_command:Invoking command in '/home/robodog/RoboDog/ros2_ws/build/motion_cmd': AMENT_PREFIX_PATH=/home/robodog/RoboDog/ros2_ws/install/i2cpwm_controller:${AMENT_PREFIX_PATH} CMAKE_PREFIX_PATH=/home/robodog/RoboDog/ros2_ws/install/i2cpwm_controller LD_LIBRARY_PATH=/home/robodog/RoboDog/ros2_ws/install/i2cpwm_controller/lib:${LD_LIBRARY_PATH} PYTHONPATH=/home/robodog/RoboDog/ros2_ws/install/i2cpwm_controller/local/lib/python3.10/dist-packages:${PYTHONPATH} /usr/bin/cmake --build /home/robodog/RoboDog/ros2_ws/build/motion_cmd -- -j4 -l4
[95.494s] DEBUG:colcon.colcon_core.event_handler.log_command:Invoked command in '/home/robodog/RoboDog/ros2_ws/build/motion_cmd' returned '2': AMENT_PREFIX_PATH=/home/robodog/RoboDog/ros2_ws/install/i2cpwm_controller:${AMENT_PREFIX_PATH} CMAKE_PREFIX_PATH=/home/robodog/RoboDog/ros2_ws/install/i2cpwm_controller LD_LIBRARY_PATH=/home/robodog/RoboDog/ros2_ws/install/i2cpwm_controller/lib:${LD_LIBRARY_PATH} PYTHONPATH=/home/robodog/RoboDog/ros2_ws/install/i2cpwm_controller/local/lib/python3.10/dist-packages:${PYTHONPATH} /usr/bin/cmake --build /home/robodog/RoboDog/ros2_ws/build/motion_cmd -- -j4 -l4
[95.757s] Level 1:colcon.colcon_core.shell:create_environment_hook('motion_cmd', 'ros_package_path')
[95.758s] INFO:colcon.colcon_core.shell:Creating environment hook '/home/robodog/RoboDog/ros2_ws/install/motion_cmd/share/motion_cmd/hook/ros_package_path.ps1'
[95.761s] INFO:colcon.colcon_core.shell:Creating environment descriptor '/home/robodog/RoboDog/ros2_ws/install/motion_cmd/share/motion_cmd/hook/ros_package_path.dsv'
[95.764s] INFO:colcon.colcon_core.shell:Creating environment hook '/home/robodog/RoboDog/ros2_ws/install/motion_cmd/share/motion_cmd/hook/ros_package_path.sh'
[95.768s] Level 1:colcon.colcon_core.shell:create_environment_hook('motion_cmd', 'pkg_config_path')
[95.769s] INFO:colcon.colcon_core.shell:Creating environment hook '/home/robodog/RoboDog/ros2_ws/install/motion_cmd/share/motion_cmd/hook/pkg_config_path.ps1'
[95.771s] INFO:colcon.colcon_core.shell:Creating environment descriptor '/home/robodog/RoboDog/ros2_ws/install/motion_cmd/share/motion_cmd/hook/pkg_config_path.dsv'
[95.773s] INFO:colcon.colcon_core.shell:Creating environment hook '/home/robodog/RoboDog/ros2_ws/install/motion_cmd/share/motion_cmd/hook/pkg_config_path.sh'
[95.784s] Level 1:colcon.colcon_core.shell:create_environment_hook('motion_cmd', 'pkg_config_path_multiarch')
[95.786s] INFO:colcon.colcon_core.shell:Creating environment hook '/home/robodog/RoboDog/ros2_ws/install/motion_cmd/share/motion_cmd/hook/pkg_config_path_multiarch.ps1'
[95.788s] INFO:colcon.colcon_core.shell:Creating environment descriptor '/home/robodog/RoboDog/ros2_ws/install/motion_cmd/share/motion_cmd/hook/pkg_config_path_multiarch.dsv'
[95.790s] INFO:colcon.colcon_core.shell:Creating environment hook '/home/robodog/RoboDog/ros2_ws/install/motion_cmd/share/motion_cmd/hook/pkg_config_path_multiarch.sh'
[95.796s] Level 1:colcon.colcon_core.environment:create_environment_scripts_only(motion_cmd)
[95.797s] Level 1:colcon.colcon_core.environment:checking '/home/robodog/RoboDog/ros2_ws/install/motion_cmd' for CMake module files
[95.799s] Level 1:colcon.colcon_core.environment:checking '/home/robodog/RoboDog/ros2_ws/install/motion_cmd' for CMake config files
[95.801s] Level 1:colcon.colcon_core.environment:checking '/home/robodog/RoboDog/ros2_ws/install/motion_cmd/bin'
[95.802s] Level 1:colcon.colcon_core.environment:checking '/home/robodog/RoboDog/ros2_ws/install/motion_cmd/lib/pkgconfig/motion_cmd.pc'
[95.803s] Level 1:colcon.colcon_core.environment:checking '/home/robodog/RoboDog/ros2_ws/install/motion_cmd/lib/python3.10/site-packages'
[95.804s] Level 1:colcon.colcon_core.environment:checking '/home/robodog/RoboDog/ros2_ws/install/motion_cmd/bin'
[95.805s] INFO:colcon.colcon_core.shell:Creating package script '/home/robodog/RoboDog/ros2_ws/install/motion_cmd/share/motion_cmd/package.ps1'
[95.808s] INFO:colcon.colcon_core.shell:Creating package descriptor '/home/robodog/RoboDog/ros2_ws/install/motion_cmd/share/motion_cmd/package.dsv'
[95.811s] INFO:colcon.colcon_core.shell:Creating package script '/home/robodog/RoboDog/ros2_ws/install/motion_cmd/share/motion_cmd/package.sh'
[95.813s] INFO:colcon.colcon_core.shell:Creating package script '/home/robodog/RoboDog/ros2_ws/install/motion_cmd/share/motion_cmd/package.bash'
[95.815s] INFO:colcon.colcon_core.shell:Creating package script '/home/robodog/RoboDog/ros2_ws/install/motion_cmd/share/motion_cmd/package.zsh'
[95.818s] Level 1:colcon.colcon_core.environment:create_file_with_runtime_dependencies(/home/robodog/RoboDog/ros2_ws/install/motion_cmd/share/colcon-core/packages/motion_cmd)
[95.830s] DEBUG:colcon.colcon_parallel_executor.executor.parallel:closing loop
[95.831s] DEBUG:colcon.colcon_parallel_executor.executor.parallel:loop closed
[95.832s] DEBUG:colcon.colcon_parallel_executor.executor.parallel:run_until_complete finished with '2'
[95.832s] DEBUG:colcon.colcon_core.event_reactor:joining thread
[95.857s] INFO:colcon.colcon_core.plugin_system:Skipping extension 'colcon_notification.desktop_notification.terminal_notifier': Not used on non-Darwin systems
[95.857s] INFO:colcon.colcon_core.plugin_system:Skipping extension 'colcon_notification.desktop_notification.win32': Not used on non-Windows systems
[95.857s] INFO:colcon.colcon_notification.desktop_notification:Sending desktop notification using 'notify2'
[95.912s] DEBUG:colcon.colcon_core.event_reactor:joined thread
[95.913s] INFO:colcon.colcon_core.shell:Creating prefix script '/home/robodog/RoboDog/ros2_ws/install/local_setup.ps1'
[95.918s] INFO:colcon.colcon_core.shell:Creating prefix util module '/home/robodog/RoboDog/ros2_ws/install/_local_setup_util_ps1.py'
[95.925s] INFO:colcon.colcon_core.shell:Creating prefix chain script '/home/robodog/RoboDog/ros2_ws/install/setup.ps1'
[95.931s] INFO:colcon.colcon_core.shell:Creating prefix script '/home/robodog/RoboDog/ros2_ws/install/local_setup.sh'
[95.934s] INFO:colcon.colcon_core.shell:Creating prefix util module '/home/robodog/RoboDog/ros2_ws/install/_local_setup_util_sh.py'
[95.937s] INFO:colcon.colcon_core.shell:Creating prefix chain script '/home/robodog/RoboDog/ros2_ws/install/setup.sh'
[95.945s] INFO:colcon.colcon_core.shell:Creating prefix script '/home/robodog/RoboDog/ros2_ws/install/local_setup.bash'
[95.948s] INFO:colcon.colcon_core.shell:Creating prefix chain script '/home/robodog/RoboDog/ros2_ws/install/setup.bash'
[95.953s] INFO:colcon.colcon_core.shell:Creating prefix script '/home/robodog/RoboDog/ros2_ws/install/local_setup.zsh'
[95.957s] INFO:colcon.colcon_core.shell:Creating prefix chain script '/home/robodog/RoboDog/ros2_ws/install/setup.zsh'
