[3.470s] Invoking command in '/home/robodog/RoboDog/ros2_ws/src/keyboard_teleop': PYTHONPATH=/home/robodog/RoboDog/ros2_ws/build/keyboard_teleop/prefix_override:/usr/lib/python3/dist-packages/colcon_core/task/python/colcon_distutils_commands:/home/robodog/RoboDog/ros2_ws/install/keyboard_teleop/lib/python3.10/site-packages:${PYTHONPATH} /usr/bin/python3 -W ignore:setup.py install is deprecated setup.py egg_info --egg-base ../../build/keyboard_teleop build --build-base /home/robodog/RoboDog/ros2_ws/build/keyboard_teleop/build install --record /home/robodog/RoboDog/ros2_ws/build/keyboard_teleop/install.log --single-version-externally-managed install_data
[4.925s] running egg_info
[4.928s] writing ../../build/keyboard_teleop/keyboard_teleop.egg-info/PKG-INFO
[4.929s] writing dependency_links to ../../build/keyboard_teleop/keyboard_teleop.egg-info/dependency_links.txt
[4.931s] writing entry points to ../../build/keyboard_teleop/keyboard_teleop.egg-info/entry_points.txt
[4.932s] writing requirements to ../../build/keyboard_teleop/keyboard_teleop.egg-info/requires.txt
[4.934s] writing top-level names to ../../build/keyboard_teleop/keyboard_teleop.egg-info/top_level.txt
[4.942s] reading manifest file '../../build/keyboard_teleop/keyboard_teleop.egg-info/SOURCES.txt'
[4.947s] writing manifest file '../../build/keyboard_teleop/keyboard_teleop.egg-info/SOURCES.txt'
[4.948s] running build
[4.949s] running build_py
[4.951s] running install
[4.953s] running install_lib
[4.958s] running install_data
[4.959s] running install_egg_info
[4.969s] removing '/home/robodog/RoboDog/ros2_ws/install/keyboard_teleop/lib/python3.10/site-packages/keyboard_teleop-0.0.0-py3.10.egg-info' (and everything under it)
[4.971s] Copying ../../build/keyboard_teleop/keyboard_teleop.egg-info to /home/robodog/RoboDog/ros2_ws/install/keyboard_teleop/lib/python3.10/site-packages/keyboard_teleop-0.0.0-py3.10.egg-info
[4.979s] running install_scripts
[5.074s] Installing keyboard_teleop_node script to /home/robodog/RoboDog/ros2_ws/install/keyboard_teleop/lib/keyboard_teleop
[5.076s] writing list of installed files to '/home/robodog/RoboDog/ros2_ws/build/keyboard_teleop/install.log'
[5.209s] Invoked command in '/home/robodog/RoboDog/ros2_ws/src/keyboard_teleop' returned '0': PYTHONPATH=/home/robodog/RoboDog/ros2_ws/build/keyboard_teleop/prefix_override:/usr/lib/python3/dist-packages/colcon_core/task/python/colcon_distutils_commands:/home/robodog/RoboDog/ros2_ws/install/keyboard_teleop/lib/python3.10/site-packages:${PYTHONPATH} /usr/bin/python3 -W ignore:setup.py install is deprecated setup.py egg_info --egg-base ../../build/keyboard_teleop build --build-base /home/robodog/RoboDog/ros2_ws/build/keyboard_teleop/build install --record /home/robodog/RoboDog/ros2_ws/build/keyboard_teleop/install.log --single-version-externally-managed install_data
