[0.069s] Invoking command in '/home/robodog/RoboDog/ros2_ws/build/motion_cmd': CMAKE_PREFIX_PATH=/home/robodog/RoboDog/ros2_ws/install/i2cpwm_controller:/home/robodog/RoboDog/ros2_ws/install/motion_cmd /usr/bin/cmake --build /home/robodog/RoboDog/ros2_ws/build/motion_cmd -- -j4 -l4
[0.313s] [  6%] Built target gtest
[0.319s] [ 20%] Built target spot_micro_kinematics
[0.428s] [ 27%] Built target gtest_main
[0.443s] [ 34%] Built target gmock
[0.509s] [ 58%] Built target smfsm
[0.582s] [ 68%] Built target test_spot_micro_leg
[0.592s] [ 72%] Built target test_utils
[0.629s] [ 79%] Built target test_spot_micro_kinematics
[0.661s] [35m[1mConsolidate compiler generated dependencies of target motion_cmd_node[0m
[0.668s] [ 86%] Built target gmock_main
[0.823s] [ 89%] [32m[1mLinking CXX executable motion_cmd_node[0m
[6.551s] [100%] Built target motion_cmd_node
[6.595s] Invoked command in '/home/robodog/RoboDog/ros2_ws/build/motion_cmd' returned '0': CMAKE_PREFIX_PATH=/home/robodog/RoboDog/ros2_ws/install/i2cpwm_controller:/home/robodog/RoboDog/ros2_ws/install/motion_cmd /usr/bin/cmake --build /home/robodog/RoboDog/ros2_ws/build/motion_cmd -- -j4 -l4
[7.158s] Invoking command in '/home/robodog/RoboDog/ros2_ws/build/motion_cmd': CMAKE_PREFIX_PATH=/home/robodog/RoboDog/ros2_ws/install/i2cpwm_controller:/home/robodog/RoboDog/ros2_ws/install/motion_cmd /usr/bin/cmake --install /home/robodog/RoboDog/ros2_ws/build/motion_cmd
[7.187s] -- Install configuration: ""
[7.188s] -- Installing: /home/robodog/RoboDog/ros2_ws/install/motion_cmd/lib/motion_cmd/motion_cmd_node
[7.284s] -- Set runtime path of "/home/robodog/RoboDog/ros2_ws/install/motion_cmd/lib/motion_cmd/motion_cmd_node" to ""
[7.285s] -- Up-to-date: /home/robodog/RoboDog/ros2_ws/install/motion_cmd/share/motion_cmd/launch
[7.285s] -- Up-to-date: /home/robodog/RoboDog/ros2_ws/install/motion_cmd/share/motion_cmd/launch/motion_cmd.launch.py
[7.286s] -- Up-to-date: /home/robodog/RoboDog/ros2_ws/install/motion_cmd/share/motion_cmd/config
[7.287s] -- Up-to-date: /home/robodog/RoboDog/ros2_ws/install/motion_cmd/share/motion_cmd/config/motion_cmd.yaml
[7.287s] -- Up-to-date: /home/robodog/RoboDog/ros2_ws/install/motion_cmd/share/ament_index/resource_index/package_run_dependencies/motion_cmd
[7.287s] -- Up-to-date: /home/robodog/RoboDog/ros2_ws/install/motion_cmd/share/ament_index/resource_index/parent_prefix_path/motion_cmd
[7.288s] -- Up-to-date: /home/robodog/RoboDog/ros2_ws/install/motion_cmd/share/motion_cmd/environment/ament_prefix_path.sh
[7.288s] -- Up-to-date: /home/robodog/RoboDog/ros2_ws/install/motion_cmd/share/motion_cmd/environment/ament_prefix_path.dsv
[7.290s] -- Up-to-date: /home/robodog/RoboDog/ros2_ws/install/motion_cmd/share/motion_cmd/environment/path.sh
[7.290s] -- Up-to-date: /home/robodog/RoboDog/ros2_ws/install/motion_cmd/share/motion_cmd/environment/path.dsv
[7.290s] -- Up-to-date: /home/robodog/RoboDog/ros2_ws/install/motion_cmd/share/motion_cmd/local_setup.bash
[7.291s] -- Up-to-date: /home/robodog/RoboDog/ros2_ws/install/motion_cmd/share/motion_cmd/local_setup.sh
[7.291s] -- Up-to-date: /home/robodog/RoboDog/ros2_ws/install/motion_cmd/share/motion_cmd/local_setup.zsh
[7.292s] -- Up-to-date: /home/robodog/RoboDog/ros2_ws/install/motion_cmd/share/motion_cmd/local_setup.dsv
[7.292s] -- Installing: /home/robodog/RoboDog/ros2_ws/install/motion_cmd/share/motion_cmd/package.dsv
[7.293s] -- Up-to-date: /home/robodog/RoboDog/ros2_ws/install/motion_cmd/share/ament_index/resource_index/packages/motion_cmd
[7.293s] -- Up-to-date: /home/robodog/RoboDog/ros2_ws/install/motion_cmd/share/motion_cmd/cmake/ament_cmake_export_dependencies-extras.cmake
[7.293s] -- Up-to-date: /home/robodog/RoboDog/ros2_ws/install/motion_cmd/share/motion_cmd/cmake/motion_cmdConfig.cmake
[7.294s] -- Up-to-date: /home/robodog/RoboDog/ros2_ws/install/motion_cmd/share/motion_cmd/cmake/motion_cmdConfig-version.cmake
[7.294s] -- Up-to-date: /home/robodog/RoboDog/ros2_ws/install/motion_cmd/share/motion_cmd/package.xml
[7.301s] Invoked command in '/home/robodog/RoboDog/ros2_ws/build/motion_cmd' returned '0': CMAKE_PREFIX_PATH=/home/robodog/RoboDog/ros2_ws/install/i2cpwm_controller:/home/robodog/RoboDog/ros2_ws/install/motion_cmd /usr/bin/cmake --install /home/robodog/RoboDog/ros2_ws/build/motion_cmd
