/usr/bin/cmake -S/home/robodog/RoboDog/ros2_ws/src/motion_cmd -B/home/robodog/RoboDog/ros2_ws/build/motion_cmd --check-build-system CMakeFiles/Makefile.cmake 0
/usr/bin/cmake -E cmake_progress_start /home/robodog/RoboDog/ros2_ws/build/motion_cmd/CMakeFiles /home/robodog/RoboDog/ros2_ws/build/motion_cmd//CMakeFiles/progress.marks
/usr/bin/gmake  -f CMakeFiles/Makefile2 all
gmake[1]: Entering directory '/home/robodog/RoboDog/ros2_ws/build/motion_cmd'
/usr/bin/gmake  -f libs/spot_micro_kinematics_cpp/CMakeFiles/spot_micro_kinematics.dir/build.make libs/spot_micro_kinematics_cpp/CMakeFiles/spot_micro_kinematics.dir/depend
/usr/bin/gmake  -f libs/spot_micro_kinematics_cpp/3rd_party/google-test/googletest-build/googletest/CMakeFiles/gtest.dir/build.make libs/spot_micro_kinematics_cpp/3rd_party/google-test/googletest-build/googletest/CMakeFiles/gtest.dir/depend
gmake[2]: Entering directory '/home/robodog/RoboDog/ros2_ws/build/motion_cmd'
cd /home/robodog/RoboDog/ros2_ws/build/motion_cmd && /usr/bin/cmake -E cmake_depends "Unix Makefiles" /home/robodog/RoboDog/ros2_ws/src/motion_cmd /home/robodog/RoboDog/ros2_ws/src/motion_cmd/libs/spot_micro_kinematics_cpp /home/robodog/RoboDog/ros2_ws/build/motion_cmd /home/robodog/RoboDog/ros2_ws/build/motion_cmd/libs/spot_micro_kinematics_cpp /home/robodog/RoboDog/ros2_ws/build/motion_cmd/libs/spot_micro_kinematics_cpp/CMakeFiles/spot_micro_kinematics.dir/DependInfo.cmake --color=
gmake[2]: Entering directory '/home/robodog/RoboDog/ros2_ws/build/motion_cmd'
cd /home/robodog/RoboDog/ros2_ws/build/motion_cmd && /usr/bin/cmake -E cmake_depends "Unix Makefiles" /home/robodog/RoboDog/ros2_ws/src/motion_cmd /home/robodog/RoboDog/ros2_ws/build/motion_cmd/libs/spot_micro_kinematics_cpp/3rd_party/google-test/googletest-src/googletest /home/robodog/RoboDog/ros2_ws/build/motion_cmd /home/robodog/RoboDog/ros2_ws/build/motion_cmd/libs/spot_micro_kinematics_cpp/3rd_party/google-test/googletest-build/googletest /home/robodog/RoboDog/ros2_ws/build/motion_cmd/libs/spot_micro_kinematics_cpp/3rd_party/google-test/googletest-build/googletest/CMakeFiles/gtest.dir/DependInfo.cmake --color=
gmake[2]: Leaving directory '/home/robodog/RoboDog/ros2_ws/build/motion_cmd'
/usr/bin/gmake  -f libs/spot_micro_kinematics_cpp/CMakeFiles/spot_micro_kinematics.dir/build.make libs/spot_micro_kinematics_cpp/CMakeFiles/spot_micro_kinematics.dir/build
gmake[2]: Leaving directory '/home/robodog/RoboDog/ros2_ws/build/motion_cmd'
/usr/bin/gmake  -f libs/spot_micro_kinematics_cpp/3rd_party/google-test/googletest-build/googletest/CMakeFiles/gtest.dir/build.make libs/spot_micro_kinematics_cpp/3rd_party/google-test/googletest-build/googletest/CMakeFiles/gtest.dir/build
gmake[2]: Entering directory '/home/robodog/RoboDog/ros2_ws/build/motion_cmd'
gmake[2]: Nothing to be done for 'libs/spot_micro_kinematics_cpp/3rd_party/google-test/googletest-build/googletest/CMakeFiles/gtest.dir/build'.
gmake[2]: Leaving directory '/home/robodog/RoboDog/ros2_ws/build/motion_cmd'
gmake[2]: Entering directory '/home/robodog/RoboDog/ros2_ws/build/motion_cmd'
gmake[2]: Nothing to be done for 'libs/spot_micro_kinematics_cpp/CMakeFiles/spot_micro_kinematics.dir/build'.
gmake[2]: Leaving directory '/home/robodog/RoboDog/ros2_ws/build/motion_cmd'
[  6%] Built target gtest
[ 20%] Built target spot_micro_kinematics
/usr/bin/gmake  -f libs/spot_micro_kinematics_cpp/3rd_party/google-test/googletest-build/googletest/CMakeFiles/gtest_main.dir/build.make libs/spot_micro_kinematics_cpp/3rd_party/google-test/googletest-build/googletest/CMakeFiles/gtest_main.dir/depend
/usr/bin/gmake  -f libs/spot_micro_kinematics_cpp/3rd_party/google-test/googletest-build/googlemock/CMakeFiles/gmock.dir/build.make libs/spot_micro_kinematics_cpp/3rd_party/google-test/googletest-build/googlemock/CMakeFiles/gmock.dir/depend
gmake[2]: Entering directory '/home/robodog/RoboDog/ros2_ws/build/motion_cmd'
cd /home/robodog/RoboDog/ros2_ws/build/motion_cmd && /usr/bin/cmake -E cmake_depends "Unix Makefiles" /home/robodog/RoboDog/ros2_ws/src/motion_cmd /home/robodog/RoboDog/ros2_ws/build/motion_cmd/libs/spot_micro_kinematics_cpp/3rd_party/google-test/googletest-src/googletest /home/robodog/RoboDog/ros2_ws/build/motion_cmd /home/robodog/RoboDog/ros2_ws/build/motion_cmd/libs/spot_micro_kinematics_cpp/3rd_party/google-test/googletest-build/googletest /home/robodog/RoboDog/ros2_ws/build/motion_cmd/libs/spot_micro_kinematics_cpp/3rd_party/google-test/googletest-build/googletest/CMakeFiles/gtest_main.dir/DependInfo.cmake --color=
gmake[2]: Entering directory '/home/robodog/RoboDog/ros2_ws/build/motion_cmd'
cd /home/robodog/RoboDog/ros2_ws/build/motion_cmd && /usr/bin/cmake -E cmake_depends "Unix Makefiles" /home/robodog/RoboDog/ros2_ws/src/motion_cmd /home/robodog/RoboDog/ros2_ws/build/motion_cmd/libs/spot_micro_kinematics_cpp/3rd_party/google-test/googletest-src/googlemock /home/robodog/RoboDog/ros2_ws/build/motion_cmd /home/robodog/RoboDog/ros2_ws/build/motion_cmd/libs/spot_micro_kinematics_cpp/3rd_party/google-test/googletest-build/googlemock /home/robodog/RoboDog/ros2_ws/build/motion_cmd/libs/spot_micro_kinematics_cpp/3rd_party/google-test/googletest-build/googlemock/CMakeFiles/gmock.dir/DependInfo.cmake --color=
gmake[2]: Leaving directory '/home/robodog/RoboDog/ros2_ws/build/motion_cmd'
/usr/bin/gmake  -f libs/spot_micro_kinematics_cpp/3rd_party/google-test/googletest-build/googletest/CMakeFiles/gtest_main.dir/build.make libs/spot_micro_kinematics_cpp/3rd_party/google-test/googletest-build/googletest/CMakeFiles/gtest_main.dir/build
gmake[2]: Leaving directory '/home/robodog/RoboDog/ros2_ws/build/motion_cmd'
/usr/bin/gmake  -f libs/spot_micro_kinematics_cpp/3rd_party/google-test/googletest-build/googlemock/CMakeFiles/gmock.dir/build.make libs/spot_micro_kinematics_cpp/3rd_party/google-test/googletest-build/googlemock/CMakeFiles/gmock.dir/build
gmake[2]: Entering directory '/home/robodog/RoboDog/ros2_ws/build/motion_cmd'
gmake[2]: Nothing to be done for 'libs/spot_micro_kinematics_cpp/3rd_party/google-test/googletest-build/googletest/CMakeFiles/gtest_main.dir/build'.
gmake[2]: Leaving directory '/home/robodog/RoboDog/ros2_ws/build/motion_cmd'
gmake[2]: Entering directory '/home/robodog/RoboDog/ros2_ws/build/motion_cmd'
gmake[2]: Nothing to be done for 'libs/spot_micro_kinematics_cpp/3rd_party/google-test/googletest-build/googlemock/CMakeFiles/gmock.dir/build'.
gmake[2]: Leaving directory '/home/robodog/RoboDog/ros2_ws/build/motion_cmd'
[ 27%] Built target gtest_main
/usr/bin/gmake  -f CMakeFiles/smfsm.dir/build.make CMakeFiles/smfsm.dir/depend
/usr/bin/gmake  -f libs/spot_micro_kinematics_cpp/CMakeFiles/test_utils.dir/build.make libs/spot_micro_kinematics_cpp/CMakeFiles/test_utils.dir/depend
/usr/bin/gmake  -f libs/spot_micro_kinematics_cpp/CMakeFiles/test_spot_micro_leg.dir/build.make libs/spot_micro_kinematics_cpp/CMakeFiles/test_spot_micro_leg.dir/depend
[ 34%] Built target gmock
gmake[2]: Entering directory '/home/robodog/RoboDog/ros2_ws/build/motion_cmd'
cd /home/robodog/RoboDog/ros2_ws/build/motion_cmd && /usr/bin/cmake -E cmake_depends "Unix Makefiles" /home/robodog/RoboDog/ros2_ws/src/motion_cmd /home/robodog/RoboDog/ros2_ws/src/motion_cmd/libs/spot_micro_kinematics_cpp /home/robodog/RoboDog/ros2_ws/build/motion_cmd /home/robodog/RoboDog/ros2_ws/build/motion_cmd/libs/spot_micro_kinematics_cpp /home/robodog/RoboDog/ros2_ws/build/motion_cmd/libs/spot_micro_kinematics_cpp/CMakeFiles/test_utils.dir/DependInfo.cmake --color=
/usr/bin/gmake  -f libs/spot_micro_kinematics_cpp/CMakeFiles/test_spot_micro_kinematics.dir/build.make libs/spot_micro_kinematics_cpp/CMakeFiles/test_spot_micro_kinematics.dir/depend
gmake[2]: Entering directory '/home/robodog/RoboDog/ros2_ws/build/motion_cmd'
cd /home/robodog/RoboDog/ros2_ws/build/motion_cmd && /usr/bin/cmake -E cmake_depends "Unix Makefiles" /home/robodog/RoboDog/ros2_ws/src/motion_cmd /home/robodog/RoboDog/ros2_ws/src/motion_cmd/libs/spot_micro_kinematics_cpp /home/robodog/RoboDog/ros2_ws/build/motion_cmd /home/robodog/RoboDog/ros2_ws/build/motion_cmd/libs/spot_micro_kinematics_cpp /home/robodog/RoboDog/ros2_ws/build/motion_cmd/libs/spot_micro_kinematics_cpp/CMakeFiles/test_spot_micro_kinematics.dir/DependInfo.cmake --color=
gmake[2]: Entering directory '/home/robodog/RoboDog/ros2_ws/build/motion_cmd'
cd /home/robodog/RoboDog/ros2_ws/build/motion_cmd && /usr/bin/cmake -E cmake_depends "Unix Makefiles" /home/robodog/RoboDog/ros2_ws/src/motion_cmd /home/robodog/RoboDog/ros2_ws/src/motion_cmd/libs/spot_micro_kinematics_cpp /home/robodog/RoboDog/ros2_ws/build/motion_cmd /home/robodog/RoboDog/ros2_ws/build/motion_cmd/libs/spot_micro_kinematics_cpp /home/robodog/RoboDog/ros2_ws/build/motion_cmd/libs/spot_micro_kinematics_cpp/CMakeFiles/test_spot_micro_leg.dir/DependInfo.cmake --color=
gmake[2]: Entering directory '/home/robodog/RoboDog/ros2_ws/build/motion_cmd'
cd /home/robodog/RoboDog/ros2_ws/build/motion_cmd && /usr/bin/cmake -E cmake_depends "Unix Makefiles" /home/robodog/RoboDog/ros2_ws/src/motion_cmd /home/robodog/RoboDog/ros2_ws/src/motion_cmd /home/robodog/RoboDog/ros2_ws/build/motion_cmd /home/robodog/RoboDog/ros2_ws/build/motion_cmd /home/robodog/RoboDog/ros2_ws/build/motion_cmd/CMakeFiles/smfsm.dir/DependInfo.cmake --color=
gmake[2]: Leaving directory '/home/robodog/RoboDog/ros2_ws/build/motion_cmd'
/usr/bin/gmake  -f libs/spot_micro_kinematics_cpp/CMakeFiles/test_utils.dir/build.make libs/spot_micro_kinematics_cpp/CMakeFiles/test_utils.dir/build
gmake[2]: Leaving directory '/home/robodog/RoboDog/ros2_ws/build/motion_cmd'
/usr/bin/gmake  -f libs/spot_micro_kinematics_cpp/CMakeFiles/test_spot_micro_kinematics.dir/build.make libs/spot_micro_kinematics_cpp/CMakeFiles/test_spot_micro_kinematics.dir/build
gmake[2]: Entering directory '/home/robodog/RoboDog/ros2_ws/build/motion_cmd'
gmake[2]: Nothing to be done for 'libs/spot_micro_kinematics_cpp/CMakeFiles/test_utils.dir/build'.
gmake[2]: Leaving directory '/home/robodog/RoboDog/ros2_ws/build/motion_cmd'
gmake[2]: Leaving directory '/home/robodog/RoboDog/ros2_ws/build/motion_cmd'
/usr/bin/gmake  -f libs/spot_micro_kinematics_cpp/CMakeFiles/test_spot_micro_leg.dir/build.make libs/spot_micro_kinematics_cpp/CMakeFiles/test_spot_micro_leg.dir/build
gmake[2]: Entering directory '/home/robodog/RoboDog/ros2_ws/build/motion_cmd'
gmake[2]: Nothing to be done for 'libs/spot_micro_kinematics_cpp/CMakeFiles/test_spot_micro_kinematics.dir/build'.
gmake[2]: Leaving directory '/home/robodog/RoboDog/ros2_ws/build/motion_cmd'
gmake[2]: Leaving directory '/home/robodog/RoboDog/ros2_ws/build/motion_cmd'
/usr/bin/gmake  -f CMakeFiles/smfsm.dir/build.make CMakeFiles/smfsm.dir/build
gmake[2]: Entering directory '/home/robodog/RoboDog/ros2_ws/build/motion_cmd'
gmake[2]: Nothing to be done for 'libs/spot_micro_kinematics_cpp/CMakeFiles/test_spot_micro_leg.dir/build'.
gmake[2]: Leaving directory '/home/robodog/RoboDog/ros2_ws/build/motion_cmd'
[ 41%] Built target test_utils
/usr/bin/gmake  -f libs/spot_micro_kinematics_cpp/3rd_party/google-test/googletest-build/googlemock/CMakeFiles/gmock_main.dir/build.make libs/spot_micro_kinematics_cpp/3rd_party/google-test/googletest-build/googlemock/CMakeFiles/gmock_main.dir/depend
[ 48%] Built target test_spot_micro_kinematics
gmake[2]: Entering directory '/home/robodog/RoboDog/ros2_ws/build/motion_cmd'
cd /home/robodog/RoboDog/ros2_ws/build/motion_cmd && /usr/bin/cmake -E cmake_depends "Unix Makefiles" /home/robodog/RoboDog/ros2_ws/src/motion_cmd /home/robodog/RoboDog/ros2_ws/build/motion_cmd/libs/spot_micro_kinematics_cpp/3rd_party/google-test/googletest-src/googlemock /home/robodog/RoboDog/ros2_ws/build/motion_cmd /home/robodog/RoboDog/ros2_ws/build/motion_cmd/libs/spot_micro_kinematics_cpp/3rd_party/google-test/googletest-build/googlemock /home/robodog/RoboDog/ros2_ws/build/motion_cmd/libs/spot_micro_kinematics_cpp/3rd_party/google-test/googletest-build/googlemock/CMakeFiles/gmock_main.dir/DependInfo.cmake --color=
gmake[2]: Entering directory '/home/robodog/RoboDog/ros2_ws/build/motion_cmd'
gmake[2]: Nothing to be done for 'CMakeFiles/smfsm.dir/build'.
gmake[2]: Leaving directory '/home/robodog/RoboDog/ros2_ws/build/motion_cmd'
[ 55%] Built target test_spot_micro_leg
[ 79%] Built target smfsm
/usr/bin/gmake  -f CMakeFiles/motion_cmd_node.dir/build.make CMakeFiles/motion_cmd_node.dir/depend
gmake[2]: Leaving directory '/home/robodog/RoboDog/ros2_ws/build/motion_cmd'
/usr/bin/gmake  -f libs/spot_micro_kinematics_cpp/3rd_party/google-test/googletest-build/googlemock/CMakeFiles/gmock_main.dir/build.make libs/spot_micro_kinematics_cpp/3rd_party/google-test/googletest-build/googlemock/CMakeFiles/gmock_main.dir/build
gmake[2]: Entering directory '/home/robodog/RoboDog/ros2_ws/build/motion_cmd'
gmake[2]: Nothing to be done for 'libs/spot_micro_kinematics_cpp/3rd_party/google-test/googletest-build/googlemock/CMakeFiles/gmock_main.dir/build'.
gmake[2]: Leaving directory '/home/robodog/RoboDog/ros2_ws/build/motion_cmd'
gmake[2]: Entering directory '/home/robodog/RoboDog/ros2_ws/build/motion_cmd'
cd /home/robodog/RoboDog/ros2_ws/build/motion_cmd && /usr/bin/cmake -E cmake_depends "Unix Makefiles" /home/robodog/RoboDog/ros2_ws/src/motion_cmd /home/robodog/RoboDog/ros2_ws/src/motion_cmd /home/robodog/RoboDog/ros2_ws/build/motion_cmd /home/robodog/RoboDog/ros2_ws/build/motion_cmd /home/robodog/RoboDog/ros2_ws/build/motion_cmd/CMakeFiles/motion_cmd_node.dir/DependInfo.cmake --color=
[ 86%] Built target gmock_main
gmake[2]: Leaving directory '/home/robodog/RoboDog/ros2_ws/build/motion_cmd'
/usr/bin/gmake  -f CMakeFiles/motion_cmd_node.dir/build.make CMakeFiles/motion_cmd_node.dir/build
gmake[2]: Entering directory '/home/robodog/RoboDog/ros2_ws/build/motion_cmd'
gmake[2]: Nothing to be done for 'CMakeFiles/motion_cmd_node.dir/build'.
gmake[2]: Leaving directory '/home/robodog/RoboDog/ros2_ws/build/motion_cmd'
[100%] Built target motion_cmd_node
gmake[1]: Leaving directory '/home/robodog/RoboDog/ros2_ws/build/motion_cmd'
/usr/bin/cmake -E cmake_progress_start /home/robodog/RoboDog/ros2_ws/build/motion_cmd/CMakeFiles 0
-- Install configuration: ""
-- Up-to-date: /home/robodog/RoboDog/ros2_ws/install/motion_cmd/lib/motion_cmd/motion_cmd_node
-- Up-to-date: /home/robodog/RoboDog/ros2_ws/install/motion_cmd/share/motion_cmd/launch
-- Up-to-date: /home/robodog/RoboDog/ros2_ws/install/motion_cmd/share/motion_cmd/launch/motion_cmd.launch.py
-- Up-to-date: /home/robodog/RoboDog/ros2_ws/install/motion_cmd/share/motion_cmd/config
-- Up-to-date: /home/robodog/RoboDog/ros2_ws/install/motion_cmd/share/motion_cmd/config/motion_cmd.yaml
-- Up-to-date: /home/robodog/RoboDog/ros2_ws/install/motion_cmd/share/ament_index/resource_index/package_run_dependencies/motion_cmd
-- Up-to-date: /home/robodog/RoboDog/ros2_ws/install/motion_cmd/share/ament_index/resource_index/parent_prefix_path/motion_cmd
-- Up-to-date: /home/robodog/RoboDog/ros2_ws/install/motion_cmd/share/motion_cmd/environment/ament_prefix_path.sh
-- Up-to-date: /home/robodog/RoboDog/ros2_ws/install/motion_cmd/share/motion_cmd/environment/ament_prefix_path.dsv
-- Up-to-date: /home/robodog/RoboDog/ros2_ws/install/motion_cmd/share/motion_cmd/environment/path.sh
-- Up-to-date: /home/robodog/RoboDog/ros2_ws/install/motion_cmd/share/motion_cmd/environment/path.dsv
-- Up-to-date: /home/robodog/RoboDog/ros2_ws/install/motion_cmd/share/motion_cmd/local_setup.bash
-- Up-to-date: /home/robodog/RoboDog/ros2_ws/install/motion_cmd/share/motion_cmd/local_setup.sh
-- Up-to-date: /home/robodog/RoboDog/ros2_ws/install/motion_cmd/share/motion_cmd/local_setup.zsh
-- Up-to-date: /home/robodog/RoboDog/ros2_ws/install/motion_cmd/share/motion_cmd/local_setup.dsv
-- Installing: /home/robodog/RoboDog/ros2_ws/install/motion_cmd/share/motion_cmd/package.dsv
-- Up-to-date: /home/robodog/RoboDog/ros2_ws/install/motion_cmd/share/ament_index/resource_index/packages/motion_cmd
-- Up-to-date: /home/robodog/RoboDog/ros2_ws/install/motion_cmd/share/motion_cmd/cmake/ament_cmake_export_dependencies-extras.cmake
-- Up-to-date: /home/robodog/RoboDog/ros2_ws/install/motion_cmd/share/motion_cmd/cmake/motion_cmdConfig.cmake
-- Up-to-date: /home/robodog/RoboDog/ros2_ws/install/motion_cmd/share/motion_cmd/cmake/motion_cmdConfig-version.cmake
-- Up-to-date: /home/robodog/RoboDog/ros2_ws/install/motion_cmd/share/motion_cmd/package.xml
