[0.060s] Invoking command in '/home/robodog/RoboDog/ros2_ws/build/motion_cmd': /usr/bin/cmake --build /home/robodog/RoboDog/ros2_ws/build/motion_cmd -- -j4 -l4
[0.133s] /usr/bin/cmake -S/home/robodog/RoboDog/ros2_ws/src/motion_cmd -B/home/robodog/RoboDog/ros2_ws/build/motion_cmd --check-build-system CMakeFiles/Makefile.cmake 0
[0.190s] Re-run cmake file: Makefile older than: /home/robodog/RoboDog/ros2_ws/src/motion_cmd/CMakeLists.txt
[0.206s] -- Found ament_cmake: 1.3.10 (/opt/ros/humble/share/ament_cmake/cmake)
[0.769s] -- Found rclcpp: 16.0.10 (/opt/ros/humble/share/rclcpp/cmake)
[0.934s] -- Found rosidl_generator_c: 3.1.5 (/opt/ros/humble/share/rosidl_generator_c/cmake)
[0.945s] -- Found rosidl_adapter: 3.1.5 (/opt/ros/humble/share/rosidl_adapter/cmake)
[0.968s] -- Found rosidl_generator_cpp: 3.1.5 (/opt/ros/humble/share/rosidl_generator_cpp/cmake)
[1.006s] -- Using all available rosidl_typesupport_c: rosidl_typesupport_fastrtps_c;rosidl_typesupport_introspection_c
[1.055s] -- Using all available rosidl_typesupport_cpp: rosidl_typesupport_fastrtps_cpp;rosidl_typesupport_introspection_cpp
[1.180s] -- Found rmw_implementation_cmake: 6.1.2 (/opt/ros/humble/share/rmw_implementation_cmake/cmake)
[1.186s] -- Found rmw_fastrtps_cpp: 6.2.7 (/opt/ros/humble/share/rmw_fastrtps_cpp/cmake)
[2.099s] -- Using RMW implementation 'rmw_fastrtps_cpp' as default
[2.284s] -- Found geometry_msgs: 4.2.4 (/opt/ros/humble/share/geometry_msgs/cmake)
[2.332s] -- Found tf2: 0.25.8 (/opt/ros/humble/share/tf2/cmake)
[2.347s] -- Found tf2_ros: 0.25.8 (/opt/ros/humble/share/tf2_ros/cmake)
[2.641s] -- Found tf2_geometry_msgs: 0.25.8 (/opt/ros/humble/share/tf2_geometry_msgs/cmake)
[2.651s] -- Found eigen3_cmake_module: 0.1.1 (/opt/ros/humble/share/eigen3_cmake_module/cmake)
[2.657s] -- Ensuring Eigen3 include directory is part of orocos-kdl CMake target
[2.662s] -- Found tf2_eigen: 0.25.8 (/opt/ros/humble/share/tf2_eigen/cmake)
[2.672s] -- Found i2cpwm_controller: 0.5.1 (/home/robodog/RoboDog/ros2_ws/install/i2cpwm_controller/share/i2cpwm_controller/cmake)
[2.830s] Re-run cmake no build system arguments
[2.890s] -- Configuring done
[2.902s] -- Generating done
[2.906s] -- Build files have been written to: /home/robodog/RoboDog/ros2_ws/build/motion_cmd/libs/spot_micro_kinematics_cpp/3rd_party/google-test/googletest-download
[2.979s] gmake[1]: Entering directory '/home/robodog/RoboDog/ros2_ws/build/motion_cmd/libs/spot_micro_kinematics_cpp/3rd_party/google-test/googletest-download'
[2.980s] /usr/bin/cmake -S/home/robodog/RoboDog/ros2_ws/build/motion_cmd/libs/spot_micro_kinematics_cpp/3rd_party/google-test/googletest-download -B/home/robodog/RoboDog/ros2_ws/build/motion_cmd/libs/spot_micro_kinematics_cpp/3rd_party/google-test/googletest-download --check-build-system CMakeFiles/Makefile.cmake 0
[3.012s] /usr/bin/cmake -E cmake_progress_start /home/robodog/RoboDog/ros2_ws/build/motion_cmd/libs/spot_micro_kinematics_cpp/3rd_party/google-test/googletest-download/CMakeFiles /home/robodog/RoboDog/ros2_ws/build/motion_cmd/libs/spot_micro_kinematics_cpp/3rd_party/google-test/googletest-download//CMakeFiles/progress.marks
[3.044s] /usr/bin/gmake  -f CMakeFiles/Makefile2 all
[3.050s] gmake[2]: Entering directory '/home/robodog/RoboDog/ros2_ws/build/motion_cmd/libs/spot_micro_kinematics_cpp/3rd_party/google-test/googletest-download'
[3.050s] /usr/bin/gmake  -f CMakeFiles/googletest.dir/build.make CMakeFiles/googletest.dir/depend
[3.058s] gmake[3]: Entering directory '/home/robodog/RoboDog/ros2_ws/build/motion_cmd/libs/spot_micro_kinematics_cpp/3rd_party/google-test/googletest-download'
[3.059s] cd /home/robodog/RoboDog/ros2_ws/build/motion_cmd/libs/spot_micro_kinematics_cpp/3rd_party/google-test/googletest-download && /usr/bin/cmake -E cmake_depends "Unix Makefiles" /home/robodog/RoboDog/ros2_ws/build/motion_cmd/libs/spot_micro_kinematics_cpp/3rd_party/google-test/googletest-download /home/robodog/RoboDog/ros2_ws/build/motion_cmd/libs/spot_micro_kinematics_cpp/3rd_party/google-test/googletest-download /home/robodog/RoboDog/ros2_ws/build/motion_cmd/libs/spot_micro_kinematics_cpp/3rd_party/google-test/googletest-download /home/robodog/RoboDog/ros2_ws/build/motion_cmd/libs/spot_micro_kinematics_cpp/3rd_party/google-test/googletest-download /home/robodog/RoboDog/ros2_ws/build/motion_cmd/libs/spot_micro_kinematics_cpp/3rd_party/google-test/googletest-download/CMakeFiles/googletest.dir/DependInfo.cmake --color=
[3.096s] gmake[3]: Leaving directory '/home/robodog/RoboDog/ros2_ws/build/motion_cmd/libs/spot_micro_kinematics_cpp/3rd_party/google-test/googletest-download'
[3.096s] /usr/bin/gmake  -f CMakeFiles/googletest.dir/build.make CMakeFiles/googletest.dir/build
[3.102s] gmake[3]: Entering directory '/home/robodog/RoboDog/ros2_ws/build/motion_cmd/libs/spot_micro_kinematics_cpp/3rd_party/google-test/googletest-download'
[3.103s] gmake[3]: Nothing to be done for 'CMakeFiles/googletest.dir/build'.
[3.103s] gmake[3]: Leaving directory '/home/robodog/RoboDog/ros2_ws/build/motion_cmd/libs/spot_micro_kinematics_cpp/3rd_party/google-test/googletest-download'
[3.138s] [100%] Built target googletest
[3.141s] gmake[2]: Leaving directory '/home/robodog/RoboDog/ros2_ws/build/motion_cmd/libs/spot_micro_kinematics_cpp/3rd_party/google-test/googletest-download'
[3.141s] /usr/bin/cmake -E cmake_progress_start /home/robodog/RoboDog/ros2_ws/build/motion_cmd/libs/spot_micro_kinematics_cpp/3rd_party/google-test/googletest-download/CMakeFiles 0
[3.171s] gmake[1]: Leaving directory '/home/robodog/RoboDog/ros2_ws/build/motion_cmd/libs/spot_micro_kinematics_cpp/3rd_party/google-test/googletest-download'
[3.187s] [0mCMake Deprecation Warning at /home/robodog/RoboDog/ros2_ws/build/motion_cmd/libs/spot_micro_kinematics_cpp/3rd_party/google-test/googletest-src/CMakeLists.txt:4 (cmake_minimum_required):
[3.187s]   Compatibility with CMake < 2.8.12 will be removed from a future version of
[3.188s]   CMake.
[3.188s] 
[3.189s]   Update the VERSION argument <min> value or use a ...<max> suffix to tell
[3.189s]   CMake that the project does not need compatibility with older versions.
[3.190s] 
[3.190s] [0m
[3.200s] [0mCMake Deprecation Warning at /home/robodog/RoboDog/ros2_ws/build/motion_cmd/libs/spot_micro_kinematics_cpp/3rd_party/google-test/googletest-src/googlemock/CMakeLists.txt:45 (cmake_minimum_required):
[3.200s]   Compatibility with CMake < 2.8.12 will be removed from a future version of
[3.201s]   CMake.
[3.201s] 
[3.202s]   Update the VERSION argument <min> value or use a ...<max> suffix to tell
[3.202s]   CMake that the project does not need compatibility with older versions.
[3.202s] 
[3.203s] [0m
[3.204s] [0mCMake Deprecation Warning at /home/robodog/RoboDog/ros2_ws/build/motion_cmd/libs/spot_micro_kinematics_cpp/3rd_party/google-test/googletest-src/googletest/CMakeLists.txt:56 (cmake_minimum_required):
[3.205s]   Compatibility with CMake < 2.8.12 will be removed from a future version of
[3.205s]   CMake.
[3.205s] 
[3.206s]   Update the VERSION argument <min> value or use a ...<max> suffix to tell
[3.206s]   CMake that the project does not need compatibility with older versions.
[3.206s] 
[3.207s] [0m
[3.633s] -- Configuring done
[3.816s] -- Generating done
[3.835s] -- Build files have been written to: /home/robodog/RoboDog/ros2_ws/build/motion_cmd
[3.880s] /usr/bin/cmake -E cmake_progress_start /home/robodog/RoboDog/ros2_ws/build/motion_cmd/CMakeFiles /home/robodog/RoboDog/ros2_ws/build/motion_cmd//CMakeFiles/progress.marks
[3.915s] /usr/bin/gmake  -f CMakeFiles/Makefile2 all
[3.923s] gmake[1]: Entering directory '/home/robodog/RoboDog/ros2_ws/build/motion_cmd'
[3.924s] /usr/bin/gmake  -f libs/spot_micro_kinematics_cpp/CMakeFiles/spot_micro_kinematics.dir/build.make libs/spot_micro_kinematics_cpp/CMakeFiles/spot_micro_kinematics.dir/depend
[3.925s] /usr/bin/gmake  -f libs/spot_micro_kinematics_cpp/3rd_party/google-test/googletest-build/googletest/CMakeFiles/gtest.dir/build.make libs/spot_micro_kinematics_cpp/3rd_party/google-test/googletest-build/googletest/CMakeFiles/gtest.dir/depend
[3.931s] gmake[2]: Entering directory '/home/robodog/RoboDog/ros2_ws/build/motion_cmd'
[3.931s] cd /home/robodog/RoboDog/ros2_ws/build/motion_cmd && /usr/bin/cmake -E cmake_depends "Unix Makefiles" /home/robodog/RoboDog/ros2_ws/src/motion_cmd /home/robodog/RoboDog/ros2_ws/src/motion_cmd/libs/spot_micro_kinematics_cpp /home/robodog/RoboDog/ros2_ws/build/motion_cmd /home/robodog/RoboDog/ros2_ws/build/motion_cmd/libs/spot_micro_kinematics_cpp /home/robodog/RoboDog/ros2_ws/build/motion_cmd/libs/spot_micro_kinematics_cpp/CMakeFiles/spot_micro_kinematics.dir/DependInfo.cmake --color=
[3.933s] gmake[2]: Entering directory '/home/robodog/RoboDog/ros2_ws/build/motion_cmd'
[3.934s] cd /home/robodog/RoboDog/ros2_ws/build/motion_cmd && /usr/bin/cmake -E cmake_depends "Unix Makefiles" /home/robodog/RoboDog/ros2_ws/src/motion_cmd /home/robodog/RoboDog/ros2_ws/build/motion_cmd/libs/spot_micro_kinematics_cpp/3rd_party/google-test/googletest-src/googletest /home/robodog/RoboDog/ros2_ws/build/motion_cmd /home/robodog/RoboDog/ros2_ws/build/motion_cmd/libs/spot_micro_kinematics_cpp/3rd_party/google-test/googletest-build/googletest /home/robodog/RoboDog/ros2_ws/build/motion_cmd/libs/spot_micro_kinematics_cpp/3rd_party/google-test/googletest-build/googletest/CMakeFiles/gtest.dir/DependInfo.cmake --color=
[3.966s] Dependencies file "libs/spot_micro_kinematics_cpp/CMakeFiles/spot_micro_kinematics.dir/src/spot_micro_kinematics.cpp.o.d" is newer than depends file "/home/robodog/RoboDog/ros2_ws/build/motion_cmd/libs/spot_micro_kinematics_cpp/CMakeFiles/spot_micro_kinematics.dir/compiler_depend.internal".
[3.967s] Dependencies file "libs/spot_micro_kinematics_cpp/CMakeFiles/spot_micro_kinematics.dir/src/spot_micro_leg.cpp.o.d" is newer than depends file "/home/robodog/RoboDog/ros2_ws/build/motion_cmd/libs/spot_micro_kinematics_cpp/CMakeFiles/spot_micro_kinematics.dir/compiler_depend.internal".
[3.968s] Dependencies file "libs/spot_micro_kinematics_cpp/CMakeFiles/spot_micro_kinematics.dir/src/utils.cpp.o.d" is newer than depends file "/home/robodog/RoboDog/ros2_ws/build/motion_cmd/libs/spot_micro_kinematics_cpp/CMakeFiles/spot_micro_kinematics.dir/compiler_depend.internal".
[3.969s] [35m[1mConsolidate compiler generated dependencies of target spot_micro_kinematics[0m
[3.970s] Dependencies file "libs/spot_micro_kinematics_cpp/3rd_party/google-test/googletest-build/googletest/CMakeFiles/gtest.dir/src/gtest-all.cc.o.d" is newer than depends file "/home/robodog/RoboDog/ros2_ws/build/motion_cmd/libs/spot_micro_kinematics_cpp/3rd_party/google-test/googletest-build/googletest/CMakeFiles/gtest.dir/compiler_depend.internal".
[3.972s] [35m[1mConsolidate compiler generated dependencies of target gtest[0m
[3.990s] gmake[2]: Leaving directory '/home/robodog/RoboDog/ros2_ws/build/motion_cmd'
[3.991s] /usr/bin/gmake  -f libs/spot_micro_kinematics_cpp/3rd_party/google-test/googletest-build/googletest/CMakeFiles/gtest.dir/build.make libs/spot_micro_kinematics_cpp/3rd_party/google-test/googletest-build/googletest/CMakeFiles/gtest.dir/build
[4.000s] gmake[2]: Leaving directory '/home/robodog/RoboDog/ros2_ws/build/motion_cmd'
[4.001s] /usr/bin/gmake  -f libs/spot_micro_kinematics_cpp/CMakeFiles/spot_micro_kinematics.dir/build.make libs/spot_micro_kinematics_cpp/CMakeFiles/spot_micro_kinematics.dir/build
[4.007s] gmake[2]: Entering directory '/home/robodog/RoboDog/ros2_ws/build/motion_cmd'
[4.007s] gmake[2]: Nothing to be done for 'libs/spot_micro_kinematics_cpp/3rd_party/google-test/googletest-build/googletest/CMakeFiles/gtest.dir/build'.
[4.007s] gmake[2]: Leaving directory '/home/robodog/RoboDog/ros2_ws/build/motion_cmd'
[4.019s] gmake[2]: Entering directory '/home/robodog/RoboDog/ros2_ws/build/motion_cmd'
[4.020s] gmake[2]: Nothing to be done for 'libs/spot_micro_kinematics_cpp/CMakeFiles/spot_micro_kinematics.dir/build'.
[4.020s] gmake[2]: Leaving directory '/home/robodog/RoboDog/ros2_ws/build/motion_cmd'
[4.041s] [  6%] Built target gtest
[4.044s] /usr/bin/gmake  -f libs/spot_micro_kinematics_cpp/3rd_party/google-test/googletest-build/googletest/CMakeFiles/gtest_main.dir/build.make libs/spot_micro_kinematics_cpp/3rd_party/google-test/googletest-build/googletest/CMakeFiles/gtest_main.dir/depend
[4.048s] /usr/bin/gmake  -f libs/spot_micro_kinematics_cpp/3rd_party/google-test/googletest-build/googlemock/CMakeFiles/gmock.dir/build.make libs/spot_micro_kinematics_cpp/3rd_party/google-test/googletest-build/googlemock/CMakeFiles/gmock.dir/depend
[4.054s] gmake[2]: Entering directory '/home/robodog/RoboDog/ros2_ws/build/motion_cmd'
[4.058s] cd /home/robodog/RoboDog/ros2_ws/build/motion_cmd && /usr/bin/cmake -E cmake_depends "Unix Makefiles" /home/robodog/RoboDog/ros2_ws/src/motion_cmd /home/robodog/RoboDog/ros2_ws/build/motion_cmd/libs/spot_micro_kinematics_cpp/3rd_party/google-test/googletest-src/googletest /home/robodog/RoboDog/ros2_ws/build/motion_cmd /home/robodog/RoboDog/ros2_ws/build/motion_cmd/libs/spot_micro_kinematics_cpp/3rd_party/google-test/googletest-build/googletest /home/robodog/RoboDog/ros2_ws/build/motion_cmd/libs/spot_micro_kinematics_cpp/3rd_party/google-test/googletest-build/googletest/CMakeFiles/gtest_main.dir/DependInfo.cmake --color=
[4.061s] gmake[2]: Entering directory '/home/robodog/RoboDog/ros2_ws/build/motion_cmd'
[4.063s] cd /home/robodog/RoboDog/ros2_ws/build/motion_cmd && /usr/bin/cmake -E cmake_depends "Unix Makefiles" /home/robodog/RoboDog/ros2_ws/src/motion_cmd /home/robodog/RoboDog/ros2_ws/build/motion_cmd/libs/spot_micro_kinematics_cpp/3rd_party/google-test/googletest-src/googlemock /home/robodog/RoboDog/ros2_ws/build/motion_cmd /home/robodog/RoboDog/ros2_ws/build/motion_cmd/libs/spot_micro_kinematics_cpp/3rd_party/google-test/googletest-build/googlemock /home/robodog/RoboDog/ros2_ws/build/motion_cmd/libs/spot_micro_kinematics_cpp/3rd_party/google-test/googletest-build/googlemock/CMakeFiles/gmock.dir/DependInfo.cmake --color=
[4.066s] [ 20%] Built target spot_micro_kinematics
[4.068s] /usr/bin/gmake  -f CMakeFiles/smfsm.dir/build.make CMakeFiles/smfsm.dir/depend
[4.071s] gmake[2]: Entering directory '/home/robodog/RoboDog/ros2_ws/build/motion_cmd'
[4.074s] cd /home/robodog/RoboDog/ros2_ws/build/motion_cmd && /usr/bin/cmake -E cmake_depends "Unix Makefiles" /home/robodog/RoboDog/ros2_ws/src/motion_cmd /home/robodog/RoboDog/ros2_ws/src/motion_cmd /home/robodog/RoboDog/ros2_ws/build/motion_cmd /home/robodog/RoboDog/ros2_ws/build/motion_cmd /home/robodog/RoboDog/ros2_ws/build/motion_cmd/CMakeFiles/smfsm.dir/DependInfo.cmake --color=
[4.088s] Dependencies file "libs/spot_micro_kinematics_cpp/3rd_party/google-test/googletest-build/googletest/CMakeFiles/gtest_main.dir/src/gtest_main.cc.o.d" is newer than depends file "/home/robodog/RoboDog/ros2_ws/build/motion_cmd/libs/spot_micro_kinematics_cpp/3rd_party/google-test/googletest-build/googletest/CMakeFiles/gtest_main.dir/compiler_depend.internal".
[4.091s] [35m[1mConsolidate compiler generated dependencies of target gtest_main[0m
[4.094s] Dependencies file "libs/spot_micro_kinematics_cpp/3rd_party/google-test/googletest-build/googlemock/CMakeFiles/gmock.dir/src/gmock-all.cc.o.d" is newer than depends file "/home/robodog/RoboDog/ros2_ws/build/motion_cmd/libs/spot_micro_kinematics_cpp/3rd_party/google-test/googletest-build/googlemock/CMakeFiles/gmock.dir/compiler_depend.internal".
[4.096s] [35m[1mConsolidate compiler generated dependencies of target gmock[0m
[4.104s] Dependencies file "CMakeFiles/smfsm.dir/src/smfsm/idle.cpp.o.d" is newer than depends file "/home/robodog/RoboDog/ros2_ws/build/motion_cmd/CMakeFiles/smfsm.dir/compiler_depend.internal".
[4.108s] gmake[2]: Leaving directory '/home/robodog/RoboDog/ros2_ws/build/motion_cmd'
[4.111s] /usr/bin/gmake  -f libs/spot_micro_kinematics_cpp/3rd_party/google-test/googletest-build/googletest/CMakeFiles/gtest_main.dir/build.make libs/spot_micro_kinematics_cpp/3rd_party/google-test/googletest-build/googletest/CMakeFiles/gtest_main.dir/build
[4.113s] Dependencies file "CMakeFiles/smfsm.dir/src/smfsm/stand.cpp.o.d" is newer than depends file "/home/robodog/RoboDog/ros2_ws/build/motion_cmd/CMakeFiles/smfsm.dir/compiler_depend.internal".
[4.116s] gmake[2]: Leaving directory '/home/robodog/RoboDog/ros2_ws/build/motion_cmd'
[4.119s] /usr/bin/gmake  -f libs/spot_micro_kinematics_cpp/3rd_party/google-test/googletest-build/googlemock/CMakeFiles/gmock.dir/build.make libs/spot_micro_kinematics_cpp/3rd_party/google-test/googletest-build/googlemock/CMakeFiles/gmock.dir/build
[4.121s] Dependencies file "CMakeFiles/smfsm.dir/src/smfsm/state.cpp.o.d" is newer than depends file "/home/robodog/RoboDog/ros2_ws/build/motion_cmd/CMakeFiles/smfsm.dir/compiler_depend.internal".
[4.124s] Dependencies file "CMakeFiles/smfsm.dir/src/smfsm/transition_idle.cpp.o.d" is newer than depends file "/home/robodog/RoboDog/ros2_ws/build/motion_cmd/CMakeFiles/smfsm.dir/compiler_depend.internal".
[4.127s] Dependencies file "CMakeFiles/smfsm.dir/src/smfsm/transition_stand.cpp.o.d" is newer than depends file "/home/robodog/RoboDog/ros2_ws/build/motion_cmd/CMakeFiles/smfsm.dir/compiler_depend.internal".
[4.132s] Dependencies file "CMakeFiles/smfsm.dir/src/smfsm/walk.cpp.o.d" is newer than depends file "/home/robodog/RoboDog/ros2_ws/build/motion_cmd/CMakeFiles/smfsm.dir/compiler_depend.internal".
[4.137s] gmake[2]: Entering directory '/home/robodog/RoboDog/ros2_ws/build/motion_cmd'
[4.160s] gmake[2]: Nothing to be done for 'libs/spot_micro_kinematics_cpp/3rd_party/google-test/googletest-build/googletest/CMakeFiles/gtest_main.dir/build'.
[4.161s] gmake[2]: Leaving directory '/home/robodog/RoboDog/ros2_ws/build/motion_cmd'
[4.161s] [35m[1mConsolidate compiler generated dependencies of target smfsm[0m
[4.163s] gmake[2]: Entering directory '/home/robodog/RoboDog/ros2_ws/build/motion_cmd'
[4.164s] gmake[2]: Nothing to be done for 'libs/spot_micro_kinematics_cpp/3rd_party/google-test/googletest-build/googlemock/CMakeFiles/gmock.dir/build'.
[4.165s] gmake[2]: Leaving directory '/home/robodog/RoboDog/ros2_ws/build/motion_cmd'
[4.166s] [ 27%] Built target gtest_main
[4.166s] [ 34%] Built target gmock
[4.167s] /usr/bin/gmake  -f libs/spot_micro_kinematics_cpp/CMakeFiles/test_utils.dir/build.make libs/spot_micro_kinematics_cpp/CMakeFiles/test_utils.dir/depend
[4.168s] /usr/bin/gmake  -f libs/spot_micro_kinematics_cpp/CMakeFiles/test_spot_micro_leg.dir/build.make libs/spot_micro_kinematics_cpp/CMakeFiles/test_spot_micro_leg.dir/depend
[4.168s] /usr/bin/gmake  -f libs/spot_micro_kinematics_cpp/CMakeFiles/test_spot_micro_kinematics.dir/build.make libs/spot_micro_kinematics_cpp/CMakeFiles/test_spot_micro_kinematics.dir/depend
[4.168s] gmake[2]: Entering directory '/home/robodog/RoboDog/ros2_ws/build/motion_cmd'
[4.169s] cd /home/robodog/RoboDog/ros2_ws/build/motion_cmd && /usr/bin/cmake -E cmake_depends "Unix Makefiles" /home/robodog/RoboDog/ros2_ws/src/motion_cmd /home/robodog/RoboDog/ros2_ws/src/motion_cmd/libs/spot_micro_kinematics_cpp /home/robodog/RoboDog/ros2_ws/build/motion_cmd /home/robodog/RoboDog/ros2_ws/build/motion_cmd/libs/spot_micro_kinematics_cpp /home/robodog/RoboDog/ros2_ws/build/motion_cmd/libs/spot_micro_kinematics_cpp/CMakeFiles/test_utils.dir/DependInfo.cmake --color=
[4.176s] gmake[2]: Entering directory '/home/robodog/RoboDog/ros2_ws/build/motion_cmd'
[4.177s] cd /home/robodog/RoboDog/ros2_ws/build/motion_cmd && /usr/bin/cmake -E cmake_depends "Unix Makefiles" /home/robodog/RoboDog/ros2_ws/src/motion_cmd /home/robodog/RoboDog/ros2_ws/src/motion_cmd/libs/spot_micro_kinematics_cpp /home/robodog/RoboDog/ros2_ws/build/motion_cmd /home/robodog/RoboDog/ros2_ws/build/motion_cmd/libs/spot_micro_kinematics_cpp /home/robodog/RoboDog/ros2_ws/build/motion_cmd/libs/spot_micro_kinematics_cpp/CMakeFiles/test_spot_micro_kinematics.dir/DependInfo.cmake --color=
[4.180s] gmake[2]: Entering directory '/home/robodog/RoboDog/ros2_ws/build/motion_cmd'
[4.181s] cd /home/robodog/RoboDog/ros2_ws/build/motion_cmd && /usr/bin/cmake -E cmake_depends "Unix Makefiles" /home/robodog/RoboDog/ros2_ws/src/motion_cmd /home/robodog/RoboDog/ros2_ws/src/motion_cmd/libs/spot_micro_kinematics_cpp /home/robodog/RoboDog/ros2_ws/build/motion_cmd /home/robodog/RoboDog/ros2_ws/build/motion_cmd/libs/spot_micro_kinematics_cpp /home/robodog/RoboDog/ros2_ws/build/motion_cmd/libs/spot_micro_kinematics_cpp/CMakeFiles/test_spot_micro_leg.dir/DependInfo.cmake --color=
[4.201s] Dependencies file "libs/spot_micro_kinematics_cpp/CMakeFiles/test_utils.dir/tests/test_utils.cpp.o.d" is newer than depends file "/home/robodog/RoboDog/ros2_ws/build/motion_cmd/libs/spot_micro_kinematics_cpp/CMakeFiles/test_utils.dir/compiler_depend.internal".
[4.202s] [35m[1mConsolidate compiler generated dependencies of target test_utils[0m
[4.219s] Dependencies file "libs/spot_micro_kinematics_cpp/CMakeFiles/test_spot_micro_leg.dir/tests/test_spot_micro_leg.cpp.o.d" is newer than depends file "/home/robodog/RoboDog/ros2_ws/build/motion_cmd/libs/spot_micro_kinematics_cpp/CMakeFiles/test_spot_micro_leg.dir/compiler_depend.internal".
[4.222s] [35m[1mConsolidate compiler generated dependencies of target test_spot_micro_leg[0m
[4.226s] gmake[2]: Leaving directory '/home/robodog/RoboDog/ros2_ws/build/motion_cmd'
[4.228s] /usr/bin/gmake  -f libs/spot_micro_kinematics_cpp/CMakeFiles/test_utils.dir/build.make libs/spot_micro_kinematics_cpp/CMakeFiles/test_utils.dir/build
[4.245s] Dependencies file "libs/spot_micro_kinematics_cpp/CMakeFiles/test_spot_micro_kinematics.dir/tests/test_spot_micro_kinematics.cpp.o.d" is newer than depends file "/home/robodog/RoboDog/ros2_ws/build/motion_cmd/libs/spot_micro_kinematics_cpp/CMakeFiles/test_spot_micro_kinematics.dir/compiler_depend.internal".
[4.248s] gmake[2]: Entering directory '/home/robodog/RoboDog/ros2_ws/build/motion_cmd'
[4.249s] gmake[2]: Nothing to be done for 'libs/spot_micro_kinematics_cpp/CMakeFiles/test_utils.dir/build'.
[4.250s] gmake[2]: Leaving directory '/home/robodog/RoboDog/ros2_ws/build/motion_cmd'
[4.251s] gmake[2]: Leaving directory '/home/robodog/RoboDog/ros2_ws/build/motion_cmd'
[4.251s] /usr/bin/gmake  -f libs/spot_micro_kinematics_cpp/CMakeFiles/test_spot_micro_leg.dir/build.make libs/spot_micro_kinematics_cpp/CMakeFiles/test_spot_micro_leg.dir/build
[4.252s] [35m[1mConsolidate compiler generated dependencies of target test_spot_micro_kinematics[0m
[4.271s] gmake[2]: Entering directory '/home/robodog/RoboDog/ros2_ws/build/motion_cmd'
[4.272s] gmake[2]: Nothing to be done for 'libs/spot_micro_kinematics_cpp/CMakeFiles/test_spot_micro_leg.dir/build'.
[4.273s] gmake[2]: Leaving directory '/home/robodog/RoboDog/ros2_ws/build/motion_cmd'
[4.280s] gmake[2]: Leaving directory '/home/robodog/RoboDog/ros2_ws/build/motion_cmd'
[4.281s] /usr/bin/gmake  -f libs/spot_micro_kinematics_cpp/CMakeFiles/test_spot_micro_kinematics.dir/build.make libs/spot_micro_kinematics_cpp/CMakeFiles/test_spot_micro_kinematics.dir/build
[4.283s] [ 41%] Built target test_utils
[4.288s] /usr/bin/gmake  -f libs/spot_micro_kinematics_cpp/3rd_party/google-test/googletest-build/googlemock/CMakeFiles/gmock_main.dir/build.make libs/spot_micro_kinematics_cpp/3rd_party/google-test/googletest-build/googlemock/CMakeFiles/gmock_main.dir/depend
[4.306s] gmake[2]: Entering directory '/home/robodog/RoboDog/ros2_ws/build/motion_cmd'
[4.307s] gmake[2]: Nothing to be done for 'libs/spot_micro_kinematics_cpp/CMakeFiles/test_spot_micro_kinematics.dir/build'.
[4.308s] gmake[2]: Leaving directory '/home/robodog/RoboDog/ros2_ws/build/motion_cmd'
[4.309s] [ 48%] Built target test_spot_micro_leg
[4.310s] gmake[2]: Entering directory '/home/robodog/RoboDog/ros2_ws/build/motion_cmd'
[4.311s] cd /home/robodog/RoboDog/ros2_ws/build/motion_cmd && /usr/bin/cmake -E cmake_depends "Unix Makefiles" /home/robodog/RoboDog/ros2_ws/src/motion_cmd /home/robodog/RoboDog/ros2_ws/build/motion_cmd/libs/spot_micro_kinematics_cpp/3rd_party/google-test/googletest-src/googlemock /home/robodog/RoboDog/ros2_ws/build/motion_cmd /home/robodog/RoboDog/ros2_ws/build/motion_cmd/libs/spot_micro_kinematics_cpp/3rd_party/google-test/googletest-build/googlemock /home/robodog/RoboDog/ros2_ws/build/motion_cmd/libs/spot_micro_kinematics_cpp/3rd_party/google-test/googletest-build/googlemock/CMakeFiles/gmock_main.dir/DependInfo.cmake --color=
[4.320s] gmake[2]: Leaving directory '/home/robodog/RoboDog/ros2_ws/build/motion_cmd'
[4.321s] /usr/bin/gmake  -f CMakeFiles/smfsm.dir/build.make CMakeFiles/smfsm.dir/build
[4.348s] [ 55%] Built target test_spot_micro_kinematics
[4.351s] Dependencies file "libs/spot_micro_kinematics_cpp/3rd_party/google-test/googletest-build/googlemock/CMakeFiles/gmock_main.dir/src/gmock_main.cc.o.d" is newer than depends file "/home/robodog/RoboDog/ros2_ws/build/motion_cmd/libs/spot_micro_kinematics_cpp/3rd_party/google-test/googletest-build/googlemock/CMakeFiles/gmock_main.dir/compiler_depend.internal".
[4.352s] [35m[1mConsolidate compiler generated dependencies of target gmock_main[0m
[4.367s] gmake[2]: Entering directory '/home/robodog/RoboDog/ros2_ws/build/motion_cmd'
[4.368s] gmake[2]: Nothing to be done for 'CMakeFiles/smfsm.dir/build'.
[4.368s] gmake[2]: Leaving directory '/home/robodog/RoboDog/ros2_ws/build/motion_cmd'
[4.371s] gmake[2]: Leaving directory '/home/robodog/RoboDog/ros2_ws/build/motion_cmd'
[4.372s] /usr/bin/gmake  -f libs/spot_micro_kinematics_cpp/3rd_party/google-test/googletest-build/googlemock/CMakeFiles/gmock_main.dir/build.make libs/spot_micro_kinematics_cpp/3rd_party/google-test/googletest-build/googlemock/CMakeFiles/gmock_main.dir/build
[4.388s] gmake[2]: Entering directory '/home/robodog/RoboDog/ros2_ws/build/motion_cmd'
[4.391s] gmake[2]: Nothing to be done for 'libs/spot_micro_kinematics_cpp/3rd_party/google-test/googletest-build/googlemock/CMakeFiles/gmock_main.dir/build'.
[4.393s] gmake[2]: Leaving directory '/home/robodog/RoboDog/ros2_ws/build/motion_cmd'
[4.402s] [ 79%] Built target smfsm
[4.404s] /usr/bin/gmake  -f CMakeFiles/motion_cmd_node.dir/build.make CMakeFiles/motion_cmd_node.dir/depend
[4.413s] gmake[2]: Entering directory '/home/robodog/RoboDog/ros2_ws/build/motion_cmd'
[4.414s] cd /home/robodog/RoboDog/ros2_ws/build/motion_cmd && /usr/bin/cmake -E cmake_depends "Unix Makefiles" /home/robodog/RoboDog/ros2_ws/src/motion_cmd /home/robodog/RoboDog/ros2_ws/src/motion_cmd /home/robodog/RoboDog/ros2_ws/build/motion_cmd /home/robodog/RoboDog/ros2_ws/build/motion_cmd /home/robodog/RoboDog/ros2_ws/build/motion_cmd/CMakeFiles/motion_cmd_node.dir/DependInfo.cmake --color=
[4.425s] [ 86%] Built target gmock_main
[4.446s] Dependencies file "CMakeFiles/motion_cmd_node.dir/src/main.cpp.o.d" is newer than depends file "/home/robodog/RoboDog/ros2_ws/build/motion_cmd/CMakeFiles/motion_cmd_node.dir/compiler_depend.internal".
[4.448s] Dependencies file "CMakeFiles/motion_cmd_node.dir/src/motion_cmd.cpp.o.d" is newer than depends file "/home/robodog/RoboDog/ros2_ws/build/motion_cmd/CMakeFiles/motion_cmd_node.dir/compiler_depend.internal".
[4.451s] Dependencies file "CMakeFiles/motion_cmd_node.dir/src/utils.cpp.o.d" is newer than depends file "/home/robodog/RoboDog/ros2_ws/build/motion_cmd/CMakeFiles/motion_cmd_node.dir/compiler_depend.internal".
[4.454s] [35m[1mConsolidate compiler generated dependencies of target motion_cmd_node[0m
[4.581s] gmake[2]: Leaving directory '/home/robodog/RoboDog/ros2_ws/build/motion_cmd'
[4.582s] /usr/bin/gmake  -f CMakeFiles/motion_cmd_node.dir/build.make CMakeFiles/motion_cmd_node.dir/build
[4.625s] gmake[2]: Entering directory '/home/robodog/RoboDog/ros2_ws/build/motion_cmd'
[4.657s] [ 89%] [32m[1mLinking CXX executable motion_cmd_node[0m
[4.660s] /usr/bin/cmake -E cmake_link_script CMakeFiles/motion_cmd_node.dir/link.txt --verbose=1
[4.688s] /usr/bin/c++ CMakeFiles/motion_cmd_node.dir/src/motion_cmd.cpp.o CMakeFiles/motion_cmd_node.dir/src/main.cpp.o CMakeFiles/motion_cmd_node.dir/src/utils.cpp.o -o motion_cmd_node  -Wl,-rpath,/home/robodog/RoboDog/ros2_ws/install/i2cpwm_controller/lib:/opt/ros/humble/lib: libsmfsm.a libs/spot_micro_kinematics_cpp/libspot_micro_kinematics.a /home/robodog/RoboDog/ros2_ws/install/i2cpwm_controller/lib/libi2cpwm_controller__rosidl_typesupport_fastrtps_c.so /home/robodog/RoboDog/ros2_ws/install/i2cpwm_controller/lib/libi2cpwm_controller__rosidl_typesupport_fastrtps_cpp.so /home/robodog/RoboDog/ros2_ws/install/i2cpwm_controller/lib/libi2cpwm_controller__rosidl_typesupport_introspection_c.so /home/robodog/RoboDog/ros2_ws/install/i2cpwm_controller/lib/libi2cpwm_controller__rosidl_typesupport_introspection_cpp.so /home/robodog/RoboDog/ros2_ws/install/i2cpwm_controller/lib/libi2cpwm_controller__rosidl_generator_py.so /home/robodog/RoboDog/ros2_ws/install/i2cpwm_controller/lib/libi2cpwm_controller_lib.so /opt/ros/humble/lib/libstatic_transform_broadcaster_node.so /usr/lib/aarch64-linux-gnu/liborocos-kdl.so /home/robodog/RoboDog/ros2_ws/install/i2cpwm_controller/lib/libi2cpwm_controller__rosidl_typesupport_c.so /home/robodog/RoboDog/ros2_ws/install/i2cpwm_controller/lib/libi2cpwm_controller__rosidl_generator_c.so /home/robodog/RoboDog/ros2_ws/install/i2cpwm_controller/lib/libi2cpwm_controller__rosidl_typesupport_cpp.so /opt/ros/humble/lib/libstd_srvs__rosidl_typesupport_fastrtps_c.so /opt/ros/humble/lib/libstd_srvs__rosidl_typesupport_fastrtps_cpp.so /opt/ros/humble/lib/libstd_srvs__rosidl_typesupport_introspection_c.so /opt/ros/humble/lib/libstd_srvs__rosidl_typesupport_introspection_cpp.so /opt/ros/humble/lib/libstd_srvs__rosidl_typesupport_cpp.so /opt/ros/humble/lib/libstd_srvs__rosidl_generator_py.so /opt/ros/humble/lib/libstd_srvs__rosidl_typesupport_c.so /opt/ros/humble/lib/libstd_srvs__rosidl_generator_c.so /usr/lib/aarch64-linux-gnu/libi2c.so /opt/ros/humble/lib/libtf2_ros.so /opt/ros/humble/lib/libtf2.so /opt/ros/humble/lib/libmessage_filters.so /opt/ros/humble/lib/librclcpp_action.so /opt/ros/humble/lib/librclcpp.so /opt/ros/humble/lib/liblibstatistics_collector.so /opt/ros/humble/lib/librosgraph_msgs__rosidl_typesupport_fastrtps_c.so /opt/ros/humble/lib/librosgraph_msgs__rosidl_typesupport_fastrtps_cpp.so /opt/ros/humble/lib/librosgraph_msgs__rosidl_typesupport_introspection_c.so /opt/ros/humble/lib/librosgraph_msgs__rosidl_typesupport_introspection_cpp.so /opt/ros/humble/lib/librosgraph_msgs__rosidl_typesupport_cpp.so /opt/ros/humble/lib/librosgraph_msgs__rosidl_generator_py.so /opt/ros/humble/lib/librosgraph_msgs__rosidl_typesupport_c.so /opt/ros/humble/lib/librosgraph_msgs__rosidl_generator_c.so /opt/ros/humble/lib/libstatistics_msgs__rosidl_typesupport_fastrtps_c.so /opt/ros/humble/lib/libstatistics_msgs__rosidl_typesupport_fastrtps_cpp.so /opt/ros/humble/lib/libstatistics_msgs__rosidl_typesupport_introspection_c.so /opt/ros/humble/lib/libstatistics_msgs__rosidl_typesupport_introspection_cpp.so /opt/ros/humble/lib/libstatistics_msgs__rosidl_typesupport_cpp.so /opt/ros/humble/lib/libstatistics_msgs__rosidl_generator_py.so /opt/ros/humble/lib/libstatistics_msgs__rosidl_typesupport_c.so /opt/ros/humble/lib/libstatistics_msgs__rosidl_generator_c.so /opt/ros/humble/lib/librcl_action.so /opt/ros/humble/lib/librcl.so /opt/ros/humble/lib/librcl_interfaces__rosidl_typesupport_fastrtps_c.so /opt/ros/humble/lib/librcl_interfaces__rosidl_typesupport_introspection_c.so /opt/ros/humble/lib/librcl_interfaces__rosidl_typesupport_fastrtps_cpp.so /opt/ros/humble/lib/librcl_interfaces__rosidl_typesupport_introspection_cpp.so /opt/ros/humble/lib/librcl_interfaces__rosidl_typesupport_cpp.so /opt/ros/humble/lib/librcl_interfaces__rosidl_generator_py.so /opt/ros/humble/lib/librcl_interfaces__rosidl_typesupport_c.so /opt/ros/humble/lib/librcl_interfaces__rosidl_generator_c.so /opt/ros/humble/lib/librcl_yaml_param_parser.so /opt/ros/humble/lib/libyaml.so /opt/ros/humble/lib/libtracetools.so /opt/ros/humble/lib/librmw_implementation.so /opt/ros/humble/lib/libament_index_cpp.so /opt/ros/humble/lib/librcl_logging_spdlog.so /opt/ros/humble/lib/librcl_logging_interface.so /opt/ros/humble/lib/libtf2_msgs__rosidl_typesupport_fastrtps_c.so /opt/ros/humble/lib/libaction_msgs__rosidl_typesupport_fastrtps_c.so /opt/ros/humble/lib/libunique_identifier_msgs__rosidl_typesupport_fastrtps_c.so /opt/ros/humble/lib/libtf2_msgs__rosidl_typesupport_introspection_c.so /opt/ros/humble/lib/libaction_msgs__rosidl_typesupport_introspection_c.so /opt/ros/humble/lib/libunique_identifier_msgs__rosidl_typesupport_introspection_c.so /opt/ros/humble/lib/libtf2_msgs__rosidl_typesupport_fastrtps_cpp.so /opt/ros/humble/lib/libaction_msgs__rosidl_typesupport_fastrtps_cpp.so /opt/ros/humble/lib/libunique_identifier_msgs__rosidl_typesupport_fastrtps_cpp.so /opt/ros/humble/lib/libtf2_msgs__rosidl_typesupport_introspection_cpp.so /opt/ros/humble/lib/libaction_msgs__rosidl_typesupport_introspection_cpp.so /opt/ros/humble/lib/libunique_identifier_msgs__rosidl_typesupport_introspection_cpp.so /opt/ros/humble/lib/libtf2_msgs__rosidl_typesupport_cpp.so /opt/ros/humble/lib/libaction_msgs__rosidl_typesupport_cpp.so /opt/ros/humble/lib/libunique_identifier_msgs__rosidl_typesupport_cpp.so /opt/ros/humble/lib/libtf2_msgs__rosidl_generator_py.so /opt/ros/humble/lib/libtf2_msgs__rosidl_typesupport_c.so /opt/ros/humble/lib/libtf2_msgs__rosidl_generator_c.so /opt/ros/humble/lib/libaction_msgs__rosidl_generator_py.so /opt/ros/humble/lib/libaction_msgs__rosidl_typesupport_c.so /opt/ros/humble/lib/libaction_msgs__rosidl_generator_c.so /opt/ros/humble/lib/libunique_identifier_msgs__rosidl_generator_py.so /opt/ros/humble/lib/libunique_identifier_msgs__rosidl_typesupport_c.so /opt/ros/humble/lib/libunique_identifier_msgs__rosidl_generator_c.so /opt/ros/humble/lib/libgeometry_msgs__rosidl_typesupport_fastrtps_c.so /opt/ros/humble/lib/libstd_msgs__rosidl_typesupport_fastrtps_c.so /opt/ros/humble/lib/libbuiltin_interfaces__rosidl_typesupport_fastrtps_c.so /opt/ros/humble/lib/librosidl_typesupport_fastrtps_c.so /opt/ros/humble/lib/libgeometry_msgs__rosidl_typesupport_introspection_c.so /opt/ros/humble/lib/libstd_msgs__rosidl_typesupport_introspection_c.so /opt/ros/humble/lib/libbuiltin_interfaces__rosidl_typesupport_introspection_c.so /opt/ros/humble/lib/libgeometry_msgs__rosidl_typesupport_fastrtps_cpp.so /opt/ros/humble/lib/libstd_msgs__rosidl_typesupport_fastrtps_cpp.so /opt/ros/humble/lib/libbuiltin_interfaces__rosidl_typesupport_fastrtps_cpp.so /opt/ros/humble/lib/librosidl_typesupport_fastrtps_cpp.so /opt/ros/humble/lib/libfastcdr.so.1.0.24 /opt/ros/humble/lib/librmw.so /opt/ros/humble/lib/libgeometry_msgs__rosidl_typesupport_introspection_cpp.so /opt/ros/humble/lib/libstd_msgs__rosidl_typesupport_introspection_cpp.so /opt/ros/humble/lib/libbuiltin_interfaces__rosidl_typesupport_introspection_cpp.so /opt/ros/humble/lib/librosidl_typesupport_introspection_cpp.so /opt/ros/humble/lib/librosidl_typesupport_introspection_c.so /opt/ros/humble/lib/libgeometry_msgs__rosidl_typesupport_cpp.so /opt/ros/humble/lib/libstd_msgs__rosidl_typesupport_cpp.so /opt/ros/humble/lib/libbuiltin_interfaces__rosidl_typesupport_cpp.so /opt/ros/humble/lib/librosidl_typesupport_cpp.so /opt/ros/humble/lib/libgeometry_msgs__rosidl_generator_py.so /opt/ros/humble/lib/libstd_msgs__rosidl_generator_py.so /opt/ros/humble/lib/libgeometry_msgs__rosidl_typesupport_c.so /opt/ros/humble/lib/libstd_msgs__rosidl_typesupport_c.so /opt/ros/humble/lib/libgeometry_msgs__rosidl_generator_c.so /opt/ros/humble/lib/libstd_msgs__rosidl_generator_c.so /opt/ros/humble/lib/libbuiltin_interfaces__rosidl_generator_py.so /opt/ros/humble/lib/libbuiltin_interfaces__rosidl_typesupport_c.so /opt/ros/humble/lib/libbuiltin_interfaces__rosidl_generator_c.so /opt/ros/humble/lib/librosidl_typesupport_c.so /opt/ros/humble/lib/librcpputils.so /opt/ros/humble/lib/librosidl_runtime_c.so /opt/ros/humble/lib/librcutils.so -ldl /usr/lib/aarch64-linux-gnu/libpython3.10.so 
[9.937s] gmake[2]: Leaving directory '/home/robodog/RoboDog/ros2_ws/build/motion_cmd'
[9.975s] [100%] Built target motion_cmd_node
[9.978s] gmake[1]: Leaving directory '/home/robodog/RoboDog/ros2_ws/build/motion_cmd'
[9.979s] /usr/bin/cmake -E cmake_progress_start /home/robodog/RoboDog/ros2_ws/build/motion_cmd/CMakeFiles 0
[10.020s] Invoked command in '/home/robodog/RoboDog/ros2_ws/build/motion_cmd' returned '0': /usr/bin/cmake --build /home/robodog/RoboDog/ros2_ws/build/motion_cmd -- -j4 -l4
[10.669s] Invoking command in '/home/robodog/RoboDog/ros2_ws/build/motion_cmd': /usr/bin/cmake --install /home/robodog/RoboDog/ros2_ws/build/motion_cmd
[10.699s] -- Install configuration: ""
[10.700s] -- Installing: /home/robodog/RoboDog/ros2_ws/install/motion_cmd/lib/motion_cmd/motion_cmd_node
[10.772s] -- Set runtime path of "/home/robodog/RoboDog/ros2_ws/install/motion_cmd/lib/motion_cmd/motion_cmd_node" to ""
[10.773s] -- Installing: /home/robodog/RoboDog/ros2_ws/install/motion_cmd/share/motion_cmd/launch
[10.773s] -- Installing: /home/robodog/RoboDog/ros2_ws/install/motion_cmd/share/motion_cmd/launch/motion_cmd.launch.py
[10.773s] -- Installing: /home/robodog/RoboDog/ros2_ws/install/motion_cmd/share/motion_cmd/config
[10.774s] -- Installing: /home/robodog/RoboDog/ros2_ws/install/motion_cmd/share/motion_cmd/config/motion_cmd.yaml
[10.776s] -- Installing: /home/robodog/RoboDog/ros2_ws/install/motion_cmd/share/ament_index/resource_index/package_run_dependencies/motion_cmd
[10.778s] -- Installing: /home/robodog/RoboDog/ros2_ws/install/motion_cmd/share/ament_index/resource_index/parent_prefix_path/motion_cmd
[10.779s] -- Installing: /home/robodog/RoboDog/ros2_ws/install/motion_cmd/share/motion_cmd/environment/ament_prefix_path.sh
[10.780s] -- Installing: /home/robodog/RoboDog/ros2_ws/install/motion_cmd/share/motion_cmd/environment/ament_prefix_path.dsv
[10.781s] -- Installing: /home/robodog/RoboDog/ros2_ws/install/motion_cmd/share/motion_cmd/environment/path.sh
[10.783s] -- Installing: /home/robodog/RoboDog/ros2_ws/install/motion_cmd/share/motion_cmd/environment/path.dsv
[10.784s] -- Installing: /home/robodog/RoboDog/ros2_ws/install/motion_cmd/share/motion_cmd/local_setup.bash
[10.785s] -- Installing: /home/robodog/RoboDog/ros2_ws/install/motion_cmd/share/motion_cmd/local_setup.sh
[10.787s] -- Installing: /home/robodog/RoboDog/ros2_ws/install/motion_cmd/share/motion_cmd/local_setup.zsh
[10.788s] -- Installing: /home/robodog/RoboDog/ros2_ws/install/motion_cmd/share/motion_cmd/local_setup.dsv
[10.789s] -- Installing: /home/robodog/RoboDog/ros2_ws/install/motion_cmd/share/motion_cmd/package.dsv
[10.791s] -- Installing: /home/robodog/RoboDog/ros2_ws/install/motion_cmd/share/ament_index/resource_index/packages/motion_cmd
[10.792s] -- Installing: /home/robodog/RoboDog/ros2_ws/install/motion_cmd/share/motion_cmd/cmake/ament_cmake_export_dependencies-extras.cmake
[10.793s] -- Installing: /home/robodog/RoboDog/ros2_ws/install/motion_cmd/share/motion_cmd/cmake/motion_cmdConfig.cmake
[10.794s] -- Installing: /home/robodog/RoboDog/ros2_ws/install/motion_cmd/share/motion_cmd/cmake/motion_cmdConfig-version.cmake
[10.795s] -- Installing: /home/robodog/RoboDog/ros2_ws/install/motion_cmd/share/motion_cmd/package.xml
[10.804s] Invoked command in '/home/robodog/RoboDog/ros2_ws/build/motion_cmd' returned '0': /usr/bin/cmake --install /home/robodog/RoboDog/ros2_ws/build/motion_cmd
