-- Found ament_cmake: 1.3.10 (/opt/ros/humble/share/ament_cmake/cmake)
-- Found rclcpp: 16.0.10 (/opt/ros/humble/share/rclcpp/cmake)
-- Found rosidl_generator_c: 3.1.5 (/opt/ros/humble/share/rosidl_generator_c/cmake)
-- Found rosidl_adapter: 3.1.5 (/opt/ros/humble/share/rosidl_adapter/cmake)
-- Found rosidl_generator_cpp: 3.1.5 (/opt/ros/humble/share/rosidl_generator_cpp/cmake)
-- Using all available rosidl_typesupport_c: rosidl_typesupport_fastrtps_c;rosidl_typesupport_introspection_c
-- Using all available rosidl_typesupport_cpp: rosidl_typesupport_fastrtps_cpp;rosidl_typesupport_introspection_cpp
-- Found rmw_implementation_cmake: 6.1.2 (/opt/ros/humble/share/rmw_implementation_cmake/cmake)
-- Found rmw_fastrtps_cpp: 6.2.7 (/opt/ros/humble/share/rmw_fastrtps_cpp/cmake)
-- Using RMW implementation 'rmw_fastrtps_cpp' as default
-- Found std_srvs: 4.2.4 (/opt/ros/humble/share/std_srvs/cmake)
-- Found rosidl_default_generators: 1.2.0 (/opt/ros/humble/share/rosidl_default_generators/cmake)
-- Found geometry_msgs: 4.2.4 (/opt/ros/humble/share/geometry_msgs/cmake)
-- Found ament_cmake_ros: 0.10.0 (/opt/ros/humble/share/ament_cmake_ros/cmake)
-- Using all available rosidl_typesupport_c: rosidl_typesupport_fastrtps_c;rosidl_typesupport_introspection_c
-- Using all available rosidl_typesupport_cpp: rosidl_typesupport_fastrtps_cpp;rosidl_typesupport_introspection_cpp
-- Found PythonInterp: /usr/bin/python3 (found suitable version "3.10.12", minimum required is "3.6") 
-- Found python_cmake_module: 0.10.0 (/opt/ros/humble/share/python_cmake_module/cmake)
-- Found PythonLibs: /usr/lib/aarch64-linux-gnu/libpython3.10.so (found suitable version "3.10.12", minimum required is "3.5") 
-- Using PYTHON_EXECUTABLE: /usr/bin/python3
-- Using PYTHON_INCLUDE_DIRS: /usr/include/python3.10
-- Using PYTHON_LIBRARIES: /usr/lib/aarch64-linux-gnu/libpython3.10.so
-- Found PythonExtra: .so  
-- Configuring done
-- Generating done
-- Build files have been written to: /home/robodog/RoboDog/ros2_ws/build/i2cpwm_controller
[  1%] [34m[1mGenerating C code for ROS interfaces[0m
[  1%] [34m[1mGenerating C++ code for ROS interfaces[0m
[  1%] Built target ament_cmake_python_copy_i2cpwm_controller
running egg_info
creating i2cpwm_controller.egg-info
writing i2cpwm_controller.egg-info/PKG-INFO
writing dependency_links to i2cpwm_controller.egg-info/dependency_links.txt
writing top-level names to i2cpwm_controller.egg-info/top_level.txt
writing manifest file 'i2cpwm_controller.egg-info/SOURCES.txt'
reading manifest file 'i2cpwm_controller.egg-info/SOURCES.txt'
writing manifest file 'i2cpwm_controller.egg-info/SOURCES.txt'
[  1%] Built target ament_cmake_python_build_i2cpwm_controller_egg
[  1%] Built target i2cpwm_controller__cpp
[  2%] [34m[1mGenerating C++ type support dispatch for ROS interfaces[0m
[  3%] [34m[1mGenerating C++ type support for eProsima Fast-RTPS[0m
[  4%] [34m[1mGenerating C++ introspection for ROS interfaces[0m
[  5%] [32mBuilding C object CMakeFiles/i2cpwm_controller__rosidl_generator_c.dir/rosidl_generator_c/i2cpwm_controller/msg/detail/position__functions.c.o[0m
[  6%] [32mBuilding C object CMakeFiles/i2cpwm_controller__rosidl_generator_c.dir/rosidl_generator_c/i2cpwm_controller/msg/detail/position_array__functions.c.o[0m
[  7%] [32mBuilding C object CMakeFiles/i2cpwm_controller__rosidl_generator_c.dir/rosidl_generator_c/i2cpwm_controller/msg/detail/servo__functions.c.o[0m
[  8%] [32mBuilding C object CMakeFiles/i2cpwm_controller__rosidl_generator_c.dir/rosidl_generator_c/i2cpwm_controller/msg/detail/servo_array__functions.c.o[0m
[  9%] [32mBuilding C object CMakeFiles/i2cpwm_controller__rosidl_generator_c.dir/rosidl_generator_c/i2cpwm_controller/msg/detail/servo_config__functions.c.o[0m
[ 10%] [32mBuilding C object CMakeFiles/i2cpwm_controller__rosidl_generator_c.dir/rosidl_generator_c/i2cpwm_controller/msg/detail/servo_config_array__functions.c.o[0m
[ 11%] [32mBuilding CXX object CMakeFiles/i2cpwm_controller__rosidl_typesupport_cpp.dir/rosidl_typesupport_cpp/i2cpwm_controller/msg/position__type_support.cpp.o[0m
[ 12%] [32mBuilding C object CMakeFiles/i2cpwm_controller__rosidl_generator_c.dir/rosidl_generator_c/i2cpwm_controller/srv/detail/drive_mode__functions.c.o[0m
[ 13%] [32mBuilding C object CMakeFiles/i2cpwm_controller__rosidl_generator_c.dir/rosidl_generator_c/i2cpwm_controller/srv/detail/int_value__functions.c.o[0m
[ 14%] [32mBuilding C object CMakeFiles/i2cpwm_controller__rosidl_generator_c.dir/rosidl_generator_c/i2cpwm_controller/srv/detail/servos_config__functions.c.o[0m
[ 15%] [32mBuilding C object CMakeFiles/i2cpwm_controller__rosidl_generator_c.dir/rosidl_generator_c/i2cpwm_controller/srv/detail/stop_servos__functions.c.o[0m
[ 16%] [32mBuilding CXX object CMakeFiles/i2cpwm_controller__rosidl_typesupport_fastrtps_cpp.dir/rosidl_typesupport_fastrtps_cpp/i2cpwm_controller/msg/detail/dds_fastrtps/position__type_support.cpp.o[0m
[ 17%] [32m[1mLinking C shared library libi2cpwm_controller__rosidl_generator_c.so[0m
[ 17%] Built target i2cpwm_controller__rosidl_generator_c
[ 18%] [34m[1mGenerating C type support for eProsima Fast-RTPS[0m
[ 19%] [32mBuilding CXX object CMakeFiles/i2cpwm_controller__rosidl_typesupport_cpp.dir/rosidl_typesupport_cpp/i2cpwm_controller/msg/position_array__type_support.cpp.o[0m
[ 20%] [32mBuilding CXX object CMakeFiles/i2cpwm_controller__rosidl_typesupport_introspection_cpp.dir/rosidl_typesupport_introspection_cpp/i2cpwm_controller/msg/detail/position__type_support.cpp.o[0m
[ 21%] [32mBuilding CXX object CMakeFiles/i2cpwm_controller__rosidl_typesupport_fastrtps_cpp.dir/rosidl_typesupport_fastrtps_cpp/i2cpwm_controller/msg/detail/dds_fastrtps/position_array__type_support.cpp.o[0m
[ 22%] [32mBuilding CXX object CMakeFiles/i2cpwm_controller__rosidl_typesupport_cpp.dir/rosidl_typesupport_cpp/i2cpwm_controller/msg/servo__type_support.cpp.o[0m
[ 23%] [32mBuilding CXX object CMakeFiles/i2cpwm_controller__rosidl_typesupport_introspection_cpp.dir/rosidl_typesupport_introspection_cpp/i2cpwm_controller/msg/detail/position_array__type_support.cpp.o[0m
[ 24%] [32mBuilding CXX object CMakeFiles/i2cpwm_controller__rosidl_typesupport_cpp.dir/rosidl_typesupport_cpp/i2cpwm_controller/msg/servo_array__type_support.cpp.o[0m
[ 25%] [32mBuilding CXX object CMakeFiles/i2cpwm_controller__rosidl_typesupport_fastrtps_c.dir/rosidl_typesupport_fastrtps_c/i2cpwm_controller/msg/detail/position__type_support_c.cpp.o[0m
[ 26%] [32mBuilding CXX object CMakeFiles/i2cpwm_controller__rosidl_typesupport_fastrtps_cpp.dir/rosidl_typesupport_fastrtps_cpp/i2cpwm_controller/msg/detail/dds_fastrtps/servo__type_support.cpp.o[0m
[ 27%] [32mBuilding CXX object CMakeFiles/i2cpwm_controller__rosidl_typesupport_introspection_cpp.dir/rosidl_typesupport_introspection_cpp/i2cpwm_controller/msg/detail/servo__type_support.cpp.o[0m
[ 28%] [32mBuilding CXX object CMakeFiles/i2cpwm_controller__rosidl_typesupport_cpp.dir/rosidl_typesupport_cpp/i2cpwm_controller/msg/servo_config__type_support.cpp.o[0m
[ 28%] [32mBuilding CXX object CMakeFiles/i2cpwm_controller__rosidl_typesupport_fastrtps_c.dir/rosidl_typesupport_fastrtps_c/i2cpwm_controller/msg/detail/position_array__type_support_c.cpp.o[0m
[ 29%] [32mBuilding CXX object CMakeFiles/i2cpwm_controller__rosidl_typesupport_fastrtps_cpp.dir/rosidl_typesupport_fastrtps_cpp/i2cpwm_controller/msg/detail/dds_fastrtps/servo_array__type_support.cpp.o[0m
[ 30%] [32mBuilding CXX object CMakeFiles/i2cpwm_controller__rosidl_typesupport_cpp.dir/rosidl_typesupport_cpp/i2cpwm_controller/msg/servo_config_array__type_support.cpp.o[0m
[ 31%] [32mBuilding CXX object CMakeFiles/i2cpwm_controller__rosidl_typesupport_introspection_cpp.dir/rosidl_typesupport_introspection_cpp/i2cpwm_controller/msg/detail/servo_array__type_support.cpp.o[0m
[ 32%] [32mBuilding CXX object CMakeFiles/i2cpwm_controller__rosidl_typesupport_fastrtps_c.dir/rosidl_typesupport_fastrtps_c/i2cpwm_controller/msg/detail/servo__type_support_c.cpp.o[0m
[ 33%] [32mBuilding CXX object CMakeFiles/i2cpwm_controller__rosidl_typesupport_cpp.dir/rosidl_typesupport_cpp/i2cpwm_controller/srv/drive_mode__type_support.cpp.o[0m
[ 33%] [32mBuilding CXX object CMakeFiles/i2cpwm_controller__rosidl_typesupport_fastrtps_cpp.dir/rosidl_typesupport_fastrtps_cpp/i2cpwm_controller/msg/detail/dds_fastrtps/servo_config__type_support.cpp.o[0m
[ 34%] [32mBuilding CXX object CMakeFiles/i2cpwm_controller__rosidl_typesupport_introspection_cpp.dir/rosidl_typesupport_introspection_cpp/i2cpwm_controller/msg/detail/servo_config__type_support.cpp.o[0m
[ 35%] [32mBuilding CXX object CMakeFiles/i2cpwm_controller__rosidl_typesupport_fastrtps_c.dir/rosidl_typesupport_fastrtps_c/i2cpwm_controller/msg/detail/servo_array__type_support_c.cpp.o[0m
[ 36%] [32mBuilding CXX object CMakeFiles/i2cpwm_controller__rosidl_typesupport_cpp.dir/rosidl_typesupport_cpp/i2cpwm_controller/srv/int_value__type_support.cpp.o[0m
[ 37%] [32mBuilding CXX object CMakeFiles/i2cpwm_controller__rosidl_typesupport_fastrtps_cpp.dir/rosidl_typesupport_fastrtps_cpp/i2cpwm_controller/msg/detail/dds_fastrtps/servo_config_array__type_support.cpp.o[0m
[ 38%] [32mBuilding CXX object CMakeFiles/i2cpwm_controller__rosidl_typesupport_introspection_cpp.dir/rosidl_typesupport_introspection_cpp/i2cpwm_controller/msg/detail/servo_config_array__type_support.cpp.o[0m
[ 39%] [32mBuilding CXX object CMakeFiles/i2cpwm_controller__rosidl_typesupport_cpp.dir/rosidl_typesupport_cpp/i2cpwm_controller/srv/servos_config__type_support.cpp.o[0m
[ 40%] [32mBuilding CXX object CMakeFiles/i2cpwm_controller__rosidl_typesupport_fastrtps_c.dir/rosidl_typesupport_fastrtps_c/i2cpwm_controller/msg/detail/servo_config__type_support_c.cpp.o[0m
[ 41%] [32mBuilding CXX object CMakeFiles/i2cpwm_controller__rosidl_typesupport_cpp.dir/rosidl_typesupport_cpp/i2cpwm_controller/srv/stop_servos__type_support.cpp.o[0m
[ 42%] [32mBuilding CXX object CMakeFiles/i2cpwm_controller__rosidl_typesupport_fastrtps_cpp.dir/rosidl_typesupport_fastrtps_cpp/i2cpwm_controller/srv/detail/dds_fastrtps/drive_mode__type_support.cpp.o[0m
[ 43%] [32mBuilding CXX object CMakeFiles/i2cpwm_controller__rosidl_typesupport_introspection_cpp.dir/rosidl_typesupport_introspection_cpp/i2cpwm_controller/srv/detail/drive_mode__type_support.cpp.o[0m
[ 44%] [32mBuilding CXX object CMakeFiles/i2cpwm_controller__rosidl_typesupport_fastrtps_c.dir/rosidl_typesupport_fastrtps_c/i2cpwm_controller/msg/detail/servo_config_array__type_support_c.cpp.o[0m
[ 45%] [32m[1mLinking CXX shared library libi2cpwm_controller__rosidl_typesupport_cpp.so[0m
[ 45%] Built target i2cpwm_controller__rosidl_typesupport_cpp
[ 46%] [32mBuilding CXX object CMakeFiles/i2cpwm_controller__rosidl_typesupport_introspection_cpp.dir/rosidl_typesupport_introspection_cpp/i2cpwm_controller/srv/detail/int_value__type_support.cpp.o[0m
[ 47%] [32mBuilding CXX object CMakeFiles/i2cpwm_controller__rosidl_typesupport_introspection_cpp.dir/rosidl_typesupport_introspection_cpp/i2cpwm_controller/srv/detail/servos_config__type_support.cpp.o[0m
[ 48%] [32mBuilding CXX object CMakeFiles/i2cpwm_controller__rosidl_typesupport_fastrtps_c.dir/rosidl_typesupport_fastrtps_c/i2cpwm_controller/srv/detail/drive_mode__type_support_c.cpp.o[0m
[ 49%] [32mBuilding CXX object CMakeFiles/i2cpwm_controller__rosidl_typesupport_fastrtps_cpp.dir/rosidl_typesupport_fastrtps_cpp/i2cpwm_controller/srv/detail/dds_fastrtps/int_value__type_support.cpp.o[0m
[ 50%] [32mBuilding CXX object CMakeFiles/i2cpwm_controller__rosidl_typesupport_fastrtps_c.dir/rosidl_typesupport_fastrtps_c/i2cpwm_controller/srv/detail/int_value__type_support_c.cpp.o[0m
[ 51%] [32mBuilding CXX object CMakeFiles/i2cpwm_controller__rosidl_typesupport_fastrtps_c.dir/rosidl_typesupport_fastrtps_c/i2cpwm_controller/srv/detail/servos_config__type_support_c.cpp.o[0m
[ 52%] [32mBuilding CXX object CMakeFiles/i2cpwm_controller__rosidl_typesupport_introspection_cpp.dir/rosidl_typesupport_introspection_cpp/i2cpwm_controller/srv/detail/stop_servos__type_support.cpp.o[0m
[ 53%] [32mBuilding CXX object CMakeFiles/i2cpwm_controller__rosidl_typesupport_fastrtps_cpp.dir/rosidl_typesupport_fastrtps_cpp/i2cpwm_controller/srv/detail/dds_fastrtps/servos_config__type_support.cpp.o[0m
[ 54%] [32mBuilding CXX object CMakeFiles/i2cpwm_controller__rosidl_typesupport_fastrtps_c.dir/rosidl_typesupport_fastrtps_c/i2cpwm_controller/srv/detail/stop_servos__type_support_c.cpp.o[0m
[ 55%] [32mBuilding CXX object CMakeFiles/i2cpwm_controller__rosidl_typesupport_fastrtps_cpp.dir/rosidl_typesupport_fastrtps_cpp/i2cpwm_controller/srv/detail/dds_fastrtps/stop_servos__type_support.cpp.o[0m
[ 56%] [32m[1mLinking CXX shared library libi2cpwm_controller__rosidl_typesupport_introspection_cpp.so[0m
[ 56%] Built target i2cpwm_controller__rosidl_typesupport_introspection_cpp
[ 57%] [34m[1mGenerating C introspection for ROS interfaces[0m
[ 58%] [32m[1mLinking CXX shared library libi2cpwm_controller__rosidl_typesupport_fastrtps_c.so[0m
[ 59%] [34m[1mGenerating C type support dispatch for ROS interfaces[0m
[ 59%] Built target i2cpwm_controller__rosidl_typesupport_fastrtps_c
[ 60%] [32mBuilding CXX object CMakeFiles/i2cpwm_controller_node.dir/src/i2cpwm_controller.cpp.o[0m
[01m[K/home/robodog/RoboDog/ros2_ws/src/i2cpwm_controller/src/i2cpwm_controller.cpp:1:10:[m[K [01;31m[Kfatal error: [m[Ki2cpwm_controller.h: No such file or directory
    1 | #include [01;31m[K"i2cpwm_controller.h"[m[K
      |          [01;31m[K^~~~~~~~~~~~~~~~~~~~~[m[K
compilation terminated.
gmake[2]: *** [CMakeFiles/i2cpwm_controller_node.dir/build.make:76: CMakeFiles/i2cpwm_controller_node.dir/src/i2cpwm_controller.cpp.o] Error 1
gmake[1]: *** [CMakeFiles/Makefile2:593: CMakeFiles/i2cpwm_controller_node.dir/all] Error 2
gmake[1]: *** Waiting for unfinished jobs....
[ 61%] [32m[1mLinking CXX shared library libi2cpwm_controller__rosidl_typesupport_fastrtps_cpp.so[0m
[ 61%] Built target i2cpwm_controller__rosidl_typesupport_fastrtps_cpp
[ 62%] [32mBuilding CXX object CMakeFiles/i2cpwm_controller__rosidl_typesupport_c.dir/rosidl_typesupport_c/i2cpwm_controller/msg/position__type_support.cpp.o[0m
[ 63%] [32mBuilding CXX object CMakeFiles/i2cpwm_controller__rosidl_typesupport_c.dir/rosidl_typesupport_c/i2cpwm_controller/msg/position_array__type_support.cpp.o[0m
[ 64%] [32mBuilding CXX object CMakeFiles/i2cpwm_controller__rosidl_typesupport_c.dir/rosidl_typesupport_c/i2cpwm_controller/msg/servo__type_support.cpp.o[0m
[ 65%] [32mBuilding CXX object CMakeFiles/i2cpwm_controller__rosidl_typesupport_c.dir/rosidl_typesupport_c/i2cpwm_controller/msg/servo_array__type_support.cpp.o[0m
[ 67%] [32mBuilding CXX object CMakeFiles/i2cpwm_controller__rosidl_typesupport_c.dir/rosidl_typesupport_c/i2cpwm_controller/msg/servo_config_array__type_support.cpp.o[0m
[ 67%] [32mBuilding CXX object CMakeFiles/i2cpwm_controller__rosidl_typesupport_c.dir/rosidl_typesupport_c/i2cpwm_controller/msg/servo_config__type_support.cpp.o[0m
[ 68%] [32mBuilding CXX object CMakeFiles/i2cpwm_controller__rosidl_typesupport_c.dir/rosidl_typesupport_c/i2cpwm_controller/srv/drive_mode__type_support.cpp.o[0m
[ 69%] [32mBuilding CXX object CMakeFiles/i2cpwm_controller__rosidl_typesupport_c.dir/rosidl_typesupport_c/i2cpwm_controller/srv/int_value__type_support.cpp.o[0m
[ 70%] [32mBuilding CXX object CMakeFiles/i2cpwm_controller__rosidl_typesupport_c.dir/rosidl_typesupport_c/i2cpwm_controller/srv/servos_config__type_support.cpp.o[0m
[ 70%] [32mBuilding CXX object CMakeFiles/i2cpwm_controller__rosidl_typesupport_c.dir/rosidl_typesupport_c/i2cpwm_controller/srv/stop_servos__type_support.cpp.o[0m
[ 71%] [32m[1mLinking CXX shared library libi2cpwm_controller__rosidl_typesupport_c.so[0m
[ 72%] [32mBuilding C object CMakeFiles/i2cpwm_controller__rosidl_typesupport_introspection_c.dir/rosidl_typesupport_introspection_c/i2cpwm_controller/msg/detail/position_array__type_support.c.o[0m
[ 74%] [32mBuilding C object CMakeFiles/i2cpwm_controller__rosidl_typesupport_introspection_c.dir/rosidl_typesupport_introspection_c/i2cpwm_controller/msg/detail/servo__type_support.c.o[0m
[ 74%] [32mBuilding C object CMakeFiles/i2cpwm_controller__rosidl_typesupport_introspection_c.dir/rosidl_typesupport_introspection_c/i2cpwm_controller/msg/detail/position__type_support.c.o[0m
[ 74%] Built target i2cpwm_controller__rosidl_typesupport_c
[ 75%] [32mBuilding C object CMakeFiles/i2cpwm_controller__rosidl_typesupport_introspection_c.dir/rosidl_typesupport_introspection_c/i2cpwm_controller/msg/detail/servo_array__type_support.c.o[0m
[ 76%] [32mBuilding C object CMakeFiles/i2cpwm_controller__rosidl_typesupport_introspection_c.dir/rosidl_typesupport_introspection_c/i2cpwm_controller/msg/detail/servo_config__type_support.c.o[0m
[ 77%] [32mBuilding C object CMakeFiles/i2cpwm_controller__rosidl_typesupport_introspection_c.dir/rosidl_typesupport_introspection_c/i2cpwm_controller/msg/detail/servo_config_array__type_support.c.o[0m
[ 78%] [32mBuilding C object CMakeFiles/i2cpwm_controller__rosidl_typesupport_introspection_c.dir/rosidl_typesupport_introspection_c/i2cpwm_controller/srv/detail/drive_mode__type_support.c.o[0m
[ 79%] [32mBuilding C object CMakeFiles/i2cpwm_controller__rosidl_typesupport_introspection_c.dir/rosidl_typesupport_introspection_c/i2cpwm_controller/srv/detail/int_value__type_support.c.o[0m
[ 80%] [32mBuilding C object CMakeFiles/i2cpwm_controller__rosidl_typesupport_introspection_c.dir/rosidl_typesupport_introspection_c/i2cpwm_controller/srv/detail/servos_config__type_support.c.o[0m
[ 81%] [32mBuilding C object CMakeFiles/i2cpwm_controller__rosidl_typesupport_introspection_c.dir/rosidl_typesupport_introspection_c/i2cpwm_controller/srv/detail/stop_servos__type_support.c.o[0m
[ 81%] [32m[1mLinking C shared library libi2cpwm_controller__rosidl_typesupport_introspection_c.so[0m
[ 81%] Built target i2cpwm_controller__rosidl_typesupport_introspection_c
gmake: *** [Makefile:146: all] Error 2
