[0.051s] Invoking command in '/home/robodog/RoboDog/ros2_ws/build/i2cpwm_controller': CMAKE_PREFIX_PATH=/opt/ros/humble /usr/bin/cmake /home/robodog/RoboDog/ros2_ws/src/i2cpwm_controller -DCMAKE_INSTALL_PREFIX=/home/robodog/RoboDog/ros2_ws/install/i2cpwm_controller
[0.096s] -- Found ament_cmake: 1.3.10 (/opt/ros/humble/share/ament_cmake/cmake)
[0.675s] -- Found rclcpp: 16.0.10 (/opt/ros/humble/share/rclcpp/cmake)
[0.841s] -- Found rosidl_generator_c: 3.1.5 (/opt/ros/humble/share/rosidl_generator_c/cmake)
[0.852s] -- Found rosidl_adapter: 3.1.5 (/opt/ros/humble/share/rosidl_adapter/cmake)
[0.876s] -- Found rosidl_generator_cpp: 3.1.5 (/opt/ros/humble/share/rosidl_generator_cpp/cmake)
[0.916s] -- Using all available rosidl_typesupport_c: rosidl_typesupport_fastrtps_c;rosidl_typesupport_introspection_c
[0.966s] -- Using all available rosidl_typesupport_cpp: rosidl_typesupport_fastrtps_cpp;rosidl_typesupport_introspection_cpp
[1.095s] -- Found rmw_implementation_cmake: 6.1.2 (/opt/ros/humble/share/rmw_implementation_cmake/cmake)
[1.101s] -- Found rmw_fastrtps_cpp: 6.2.7 (/opt/ros/humble/share/rmw_fastrtps_cpp/cmake)
[2.013s] -- Using RMW implementation 'rmw_fastrtps_cpp' as default
[2.209s] -- Found std_srvs: 4.2.4 (/opt/ros/humble/share/std_srvs/cmake)
[2.247s] -- Found rosidl_default_generators: 1.2.0 (/opt/ros/humble/share/rosidl_default_generators/cmake)
[2.278s] -- Found geometry_msgs: 4.2.4 (/opt/ros/humble/share/geometry_msgs/cmake)
[4.236s] -- Found ament_cmake_ros: 0.10.0 (/opt/ros/humble/share/ament_cmake_ros/cmake)
[6.238s] -- Using all available rosidl_typesupport_c: rosidl_typesupport_fastrtps_c;rosidl_typesupport_introspection_c
[7.015s] -- Using all available rosidl_typesupport_cpp: rosidl_typesupport_fastrtps_cpp;rosidl_typesupport_introspection_cpp
[7.128s] -- Found PythonInterp: /usr/bin/python3 (found suitable version "3.10.12", minimum required is "3.6") 
[7.145s] -- Found python_cmake_module: 0.10.0 (/opt/ros/humble/share/python_cmake_module/cmake)
[7.262s] -- Found PythonLibs: /usr/lib/aarch64-linux-gnu/libpython3.10.so (found suitable version "3.10.12", minimum required is "3.5") 
[7.263s] -- Using PYTHON_EXECUTABLE: /usr/bin/python3
[7.263s] -- Using PYTHON_INCLUDE_DIRS: /usr/include/python3.10
[7.264s] -- Using PYTHON_LIBRARIES: /usr/lib/aarch64-linux-gnu/libpython3.10.so
[7.365s] -- Found PythonExtra: .so  
[7.700s] -- Configuring done
[8.011s] -- Generating done
[8.027s] -- Build files have been written to: /home/robodog/RoboDog/ros2_ws/build/i2cpwm_controller
[8.071s] Invoked command in '/home/robodog/RoboDog/ros2_ws/build/i2cpwm_controller' returned '0': CMAKE_PREFIX_PATH=/opt/ros/humble /usr/bin/cmake /home/robodog/RoboDog/ros2_ws/src/i2cpwm_controller -DCMAKE_INSTALL_PREFIX=/home/robodog/RoboDog/ros2_ws/install/i2cpwm_controller
[8.081s] Invoking command in '/home/robodog/RoboDog/ros2_ws/build/i2cpwm_controller': CMAKE_PREFIX_PATH=/opt/ros/humble /usr/bin/cmake --build /home/robodog/RoboDog/ros2_ws/build/i2cpwm_controller -- -j4 -l4
[8.266s] [  1%] [34m[1mGenerating C code for ROS interfaces[0m
[8.333s] [  1%] [34m[1mGenerating C++ code for ROS interfaces[0m
[8.358s] [  1%] Built target ament_cmake_python_copy_i2cpwm_controller
[9.876s] running egg_info
[9.880s] creating i2cpwm_controller.egg-info
[9.881s] writing i2cpwm_controller.egg-info/PKG-INFO
[9.882s] writing dependency_links to i2cpwm_controller.egg-info/dependency_links.txt
[9.884s] writing top-level names to i2cpwm_controller.egg-info/top_level.txt
[9.884s] writing manifest file 'i2cpwm_controller.egg-info/SOURCES.txt'
[9.894s] reading manifest file 'i2cpwm_controller.egg-info/SOURCES.txt'
[9.898s] writing manifest file 'i2cpwm_controller.egg-info/SOURCES.txt'
[10.054s] [  1%] Built target ament_cmake_python_build_i2cpwm_controller_egg
[12.755s] [  1%] Built target i2cpwm_controller__cpp
[12.807s] [  2%] [34m[1mGenerating C++ type support dispatch for ROS interfaces[0m
[12.863s] [  3%] [34m[1mGenerating C++ type support for eProsima Fast-RTPS[0m
[13.941s] [  4%] [34m[1mGenerating C++ introspection for ROS interfaces[0m
[14.087s] [  5%] [32mBuilding C object CMakeFiles/i2cpwm_controller__rosidl_generator_c.dir/rosidl_generator_c/i2cpwm_controller/msg/detail/position__functions.c.o[0m
[14.557s] [  6%] [32mBuilding C object CMakeFiles/i2cpwm_controller__rosidl_generator_c.dir/rosidl_generator_c/i2cpwm_controller/msg/detail/position_array__functions.c.o[0m
[14.907s] [  7%] [32mBuilding C object CMakeFiles/i2cpwm_controller__rosidl_generator_c.dir/rosidl_generator_c/i2cpwm_controller/msg/detail/servo__functions.c.o[0m
[15.237s] [  8%] [32mBuilding C object CMakeFiles/i2cpwm_controller__rosidl_generator_c.dir/rosidl_generator_c/i2cpwm_controller/msg/detail/servo_array__functions.c.o[0m
[15.585s] [  9%] [32mBuilding C object CMakeFiles/i2cpwm_controller__rosidl_generator_c.dir/rosidl_generator_c/i2cpwm_controller/msg/detail/servo_config__functions.c.o[0m
[15.960s] [ 10%] [32mBuilding C object CMakeFiles/i2cpwm_controller__rosidl_generator_c.dir/rosidl_generator_c/i2cpwm_controller/msg/detail/servo_config_array__functions.c.o[0m
[16.248s] [ 11%] [32mBuilding CXX object CMakeFiles/i2cpwm_controller__rosidl_typesupport_cpp.dir/rosidl_typesupport_cpp/i2cpwm_controller/msg/position__type_support.cpp.o[0m
[16.310s] [ 12%] [32mBuilding C object CMakeFiles/i2cpwm_controller__rosidl_generator_c.dir/rosidl_generator_c/i2cpwm_controller/srv/detail/drive_mode__functions.c.o[0m
[16.721s] [ 13%] [32mBuilding C object CMakeFiles/i2cpwm_controller__rosidl_generator_c.dir/rosidl_generator_c/i2cpwm_controller/srv/detail/int_value__functions.c.o[0m
[17.148s] [ 14%] [32mBuilding C object CMakeFiles/i2cpwm_controller__rosidl_generator_c.dir/rosidl_generator_c/i2cpwm_controller/srv/detail/servos_config__functions.c.o[0m
[17.588s] [ 15%] [32mBuilding C object CMakeFiles/i2cpwm_controller__rosidl_generator_c.dir/rosidl_generator_c/i2cpwm_controller/srv/detail/stop_servos__functions.c.o[0m
[17.839s] [ 16%] [32mBuilding CXX object CMakeFiles/i2cpwm_controller__rosidl_typesupport_fastrtps_cpp.dir/rosidl_typesupport_fastrtps_cpp/i2cpwm_controller/msg/detail/dds_fastrtps/position__type_support.cpp.o[0m
[18.090s] [ 17%] [32m[1mLinking C shared library libi2cpwm_controller__rosidl_generator_c.so[0m
[18.326s] [ 17%] Built target i2cpwm_controller__rosidl_generator_c
[18.384s] [ 18%] [34m[1mGenerating C type support for eProsima Fast-RTPS[0m
[18.595s] [ 19%] [32mBuilding CXX object CMakeFiles/i2cpwm_controller__rosidl_typesupport_cpp.dir/rosidl_typesupport_cpp/i2cpwm_controller/msg/position_array__type_support.cpp.o[0m
[18.696s] [ 20%] [32mBuilding CXX object CMakeFiles/i2cpwm_controller__rosidl_typesupport_introspection_cpp.dir/rosidl_typesupport_introspection_cpp/i2cpwm_controller/msg/detail/position__type_support.cpp.o[0m
[20.709s] [ 21%] [32mBuilding CXX object CMakeFiles/i2cpwm_controller__rosidl_typesupport_fastrtps_cpp.dir/rosidl_typesupport_fastrtps_cpp/i2cpwm_controller/msg/detail/dds_fastrtps/position_array__type_support.cpp.o[0m
[20.725s] [ 22%] [32mBuilding CXX object CMakeFiles/i2cpwm_controller__rosidl_typesupport_cpp.dir/rosidl_typesupport_cpp/i2cpwm_controller/msg/servo__type_support.cpp.o[0m
[21.467s] [ 23%] [32mBuilding CXX object CMakeFiles/i2cpwm_controller__rosidl_typesupport_introspection_cpp.dir/rosidl_typesupport_introspection_cpp/i2cpwm_controller/msg/detail/position_array__type_support.cpp.o[0m
[22.689s] [ 24%] [32mBuilding CXX object CMakeFiles/i2cpwm_controller__rosidl_typesupport_cpp.dir/rosidl_typesupport_cpp/i2cpwm_controller/msg/servo_array__type_support.cpp.o[0m
[23.521s] [ 25%] [32mBuilding CXX object CMakeFiles/i2cpwm_controller__rosidl_typesupport_fastrtps_c.dir/rosidl_typesupport_fastrtps_c/i2cpwm_controller/msg/detail/position__type_support_c.cpp.o[0m
[23.791s] [ 26%] [32mBuilding CXX object CMakeFiles/i2cpwm_controller__rosidl_typesupport_fastrtps_cpp.dir/rosidl_typesupport_fastrtps_cpp/i2cpwm_controller/msg/detail/dds_fastrtps/servo__type_support.cpp.o[0m
[24.295s] [ 27%] [32mBuilding CXX object CMakeFiles/i2cpwm_controller__rosidl_typesupport_introspection_cpp.dir/rosidl_typesupport_introspection_cpp/i2cpwm_controller/msg/detail/servo__type_support.cpp.o[0m
[24.726s] [ 28%] [32mBuilding CXX object CMakeFiles/i2cpwm_controller__rosidl_typesupport_cpp.dir/rosidl_typesupport_cpp/i2cpwm_controller/msg/servo_config__type_support.cpp.o[0m
[25.825s] [ 28%] [32mBuilding CXX object CMakeFiles/i2cpwm_controller__rosidl_typesupport_fastrtps_c.dir/rosidl_typesupport_fastrtps_c/i2cpwm_controller/msg/detail/position_array__type_support_c.cpp.o[0m
[26.396s] [ 29%] [32mBuilding CXX object CMakeFiles/i2cpwm_controller__rosidl_typesupport_fastrtps_cpp.dir/rosidl_typesupport_fastrtps_cpp/i2cpwm_controller/msg/detail/dds_fastrtps/servo_array__type_support.cpp.o[0m
[26.763s] [ 30%] [32mBuilding CXX object CMakeFiles/i2cpwm_controller__rosidl_typesupport_cpp.dir/rosidl_typesupport_cpp/i2cpwm_controller/msg/servo_config_array__type_support.cpp.o[0m
[26.932s] [ 31%] [32mBuilding CXX object CMakeFiles/i2cpwm_controller__rosidl_typesupport_introspection_cpp.dir/rosidl_typesupport_introspection_cpp/i2cpwm_controller/msg/detail/servo_array__type_support.cpp.o[0m
[28.189s] [ 32%] [32mBuilding CXX object CMakeFiles/i2cpwm_controller__rosidl_typesupport_fastrtps_c.dir/rosidl_typesupport_fastrtps_c/i2cpwm_controller/msg/detail/servo__type_support_c.cpp.o[0m
[28.675s] [ 33%] [32mBuilding CXX object CMakeFiles/i2cpwm_controller__rosidl_typesupport_cpp.dir/rosidl_typesupport_cpp/i2cpwm_controller/srv/drive_mode__type_support.cpp.o[0m
[29.415s] [ 33%] [32mBuilding CXX object CMakeFiles/i2cpwm_controller__rosidl_typesupport_fastrtps_cpp.dir/rosidl_typesupport_fastrtps_cpp/i2cpwm_controller/msg/detail/dds_fastrtps/servo_config__type_support.cpp.o[0m
[29.791s] [ 34%] [32mBuilding CXX object CMakeFiles/i2cpwm_controller__rosidl_typesupport_introspection_cpp.dir/rosidl_typesupport_introspection_cpp/i2cpwm_controller/msg/detail/servo_config__type_support.cpp.o[0m
[30.483s] [ 35%] [32mBuilding CXX object CMakeFiles/i2cpwm_controller__rosidl_typesupport_fastrtps_c.dir/rosidl_typesupport_fastrtps_c/i2cpwm_controller/msg/detail/servo_array__type_support_c.cpp.o[0m
[30.662s] [ 36%] [32mBuilding CXX object CMakeFiles/i2cpwm_controller__rosidl_typesupport_cpp.dir/rosidl_typesupport_cpp/i2cpwm_controller/srv/int_value__type_support.cpp.o[0m
[32.215s] [ 37%] [32mBuilding CXX object CMakeFiles/i2cpwm_controller__rosidl_typesupport_fastrtps_cpp.dir/rosidl_typesupport_fastrtps_cpp/i2cpwm_controller/msg/detail/dds_fastrtps/servo_config_array__type_support.cpp.o[0m
[32.393s] [ 38%] [32mBuilding CXX object CMakeFiles/i2cpwm_controller__rosidl_typesupport_introspection_cpp.dir/rosidl_typesupport_introspection_cpp/i2cpwm_controller/msg/detail/servo_config_array__type_support.cpp.o[0m
[32.607s] [ 39%] [32mBuilding CXX object CMakeFiles/i2cpwm_controller__rosidl_typesupport_cpp.dir/rosidl_typesupport_cpp/i2cpwm_controller/srv/servos_config__type_support.cpp.o[0m
[32.986s] [ 40%] [32mBuilding CXX object CMakeFiles/i2cpwm_controller__rosidl_typesupport_fastrtps_c.dir/rosidl_typesupport_fastrtps_c/i2cpwm_controller/msg/detail/servo_config__type_support_c.cpp.o[0m
[34.522s] [ 41%] [32mBuilding CXX object CMakeFiles/i2cpwm_controller__rosidl_typesupport_cpp.dir/rosidl_typesupport_cpp/i2cpwm_controller/srv/stop_servos__type_support.cpp.o[0m
[35.083s] [ 42%] [32mBuilding CXX object CMakeFiles/i2cpwm_controller__rosidl_typesupport_fastrtps_cpp.dir/rosidl_typesupport_fastrtps_cpp/i2cpwm_controller/srv/detail/dds_fastrtps/drive_mode__type_support.cpp.o[0m
[35.302s] [ 43%] [32mBuilding CXX object CMakeFiles/i2cpwm_controller__rosidl_typesupport_introspection_cpp.dir/rosidl_typesupport_introspection_cpp/i2cpwm_controller/srv/detail/drive_mode__type_support.cpp.o[0m
[35.488s] [ 44%] [32mBuilding CXX object CMakeFiles/i2cpwm_controller__rosidl_typesupport_fastrtps_c.dir/rosidl_typesupport_fastrtps_c/i2cpwm_controller/msg/detail/servo_config_array__type_support_c.cpp.o[0m
[36.363s] [ 45%] [32m[1mLinking CXX shared library libi2cpwm_controller__rosidl_typesupport_cpp.so[0m
[36.614s] [ 45%] Built target i2cpwm_controller__rosidl_typesupport_cpp
[36.666s] [ 46%] [32mBuilding CXX object CMakeFiles/i2cpwm_controller__rosidl_typesupport_introspection_cpp.dir/rosidl_typesupport_introspection_cpp/i2cpwm_controller/srv/detail/int_value__type_support.cpp.o[0m
[38.093s] [ 47%] [32mBuilding CXX object CMakeFiles/i2cpwm_controller__rosidl_typesupport_introspection_cpp.dir/rosidl_typesupport_introspection_cpp/i2cpwm_controller/srv/detail/servos_config__type_support.cpp.o[0m
[38.145s] [ 48%] [32mBuilding CXX object CMakeFiles/i2cpwm_controller__rosidl_typesupport_fastrtps_c.dir/rosidl_typesupport_fastrtps_c/i2cpwm_controller/srv/detail/drive_mode__type_support_c.cpp.o[0m
[38.371s] [ 49%] [32mBuilding CXX object CMakeFiles/i2cpwm_controller__rosidl_typesupport_fastrtps_cpp.dir/rosidl_typesupport_fastrtps_cpp/i2cpwm_controller/srv/detail/dds_fastrtps/int_value__type_support.cpp.o[0m
[39.306s] [ 50%] [32mBuilding CXX object CMakeFiles/i2cpwm_controller__rosidl_typesupport_fastrtps_c.dir/rosidl_typesupport_fastrtps_c/i2cpwm_controller/srv/detail/int_value__type_support_c.cpp.o[0m
[40.688s] [ 51%] [32mBuilding CXX object CMakeFiles/i2cpwm_controller__rosidl_typesupport_fastrtps_c.dir/rosidl_typesupport_fastrtps_c/i2cpwm_controller/srv/detail/servos_config__type_support_c.cpp.o[0m
[40.934s] [ 52%] [32mBuilding CXX object CMakeFiles/i2cpwm_controller__rosidl_typesupport_introspection_cpp.dir/rosidl_typesupport_introspection_cpp/i2cpwm_controller/srv/detail/stop_servos__type_support.cpp.o[0m
[41.220s] [ 53%] [32mBuilding CXX object CMakeFiles/i2cpwm_controller__rosidl_typesupport_fastrtps_cpp.dir/rosidl_typesupport_fastrtps_cpp/i2cpwm_controller/srv/detail/dds_fastrtps/servos_config__type_support.cpp.o[0m
[41.783s] [ 54%] [32mBuilding CXX object CMakeFiles/i2cpwm_controller__rosidl_typesupport_fastrtps_c.dir/rosidl_typesupport_fastrtps_c/i2cpwm_controller/srv/detail/stop_servos__type_support_c.cpp.o[0m
[43.338s] [ 55%] [32mBuilding CXX object CMakeFiles/i2cpwm_controller__rosidl_typesupport_fastrtps_cpp.dir/rosidl_typesupport_fastrtps_cpp/i2cpwm_controller/srv/detail/dds_fastrtps/stop_servos__type_support.cpp.o[0m
[43.562s] [ 56%] [32m[1mLinking CXX shared library libi2cpwm_controller__rosidl_typesupport_introspection_cpp.so[0m
[44.125s] [ 56%] Built target i2cpwm_controller__rosidl_typesupport_introspection_cpp
[44.191s] [ 57%] [34m[1mGenerating C introspection for ROS interfaces[0m
[44.345s] [ 58%] [32m[1mLinking CXX shared library libi2cpwm_controller__rosidl_typesupport_fastrtps_c.so[0m
[44.404s] [ 59%] [34m[1mGenerating C type support dispatch for ROS interfaces[0m
[44.903s] [ 59%] Built target i2cpwm_controller__rosidl_typesupport_fastrtps_c
[45.017s] [ 60%] [32mBuilding CXX object CMakeFiles/i2cpwm_controller_node.dir/src/i2cpwm_controller.cpp.o[0m
[45.083s] [01m[K/home/robodog/RoboDog/ros2_ws/src/i2cpwm_controller/src/i2cpwm_controller.cpp:1:10:[m[K [01;31m[Kfatal error: [m[Ki2cpwm_controller.h: No such file or directory
[45.086s]     1 | #include [01;31m[K"i2cpwm_controller.h"[m[K
[45.091s]       |          [01;31m[K^~~~~~~~~~~~~~~~~~~~~[m[K
[45.094s] compilation terminated.
[45.106s] gmake[2]: *** [CMakeFiles/i2cpwm_controller_node.dir/build.make:76: CMakeFiles/i2cpwm_controller_node.dir/src/i2cpwm_controller.cpp.o] Error 1
[45.109s] gmake[1]: *** [CMakeFiles/Makefile2:593: CMakeFiles/i2cpwm_controller_node.dir/all] Error 2
[45.112s] gmake[1]: *** Waiting for unfinished jobs....
[46.259s] [ 61%] [32m[1mLinking CXX shared library libi2cpwm_controller__rosidl_typesupport_fastrtps_cpp.so[0m
[46.649s] [ 61%] Built target i2cpwm_controller__rosidl_typesupport_fastrtps_cpp
[47.355s] [ 62%] [32mBuilding CXX object CMakeFiles/i2cpwm_controller__rosidl_typesupport_c.dir/rosidl_typesupport_c/i2cpwm_controller/msg/position__type_support.cpp.o[0m
[47.362s] [ 63%] [32mBuilding CXX object CMakeFiles/i2cpwm_controller__rosidl_typesupport_c.dir/rosidl_typesupport_c/i2cpwm_controller/msg/position_array__type_support.cpp.o[0m
[47.363s] [ 64%] [32mBuilding CXX object CMakeFiles/i2cpwm_controller__rosidl_typesupport_c.dir/rosidl_typesupport_c/i2cpwm_controller/msg/servo__type_support.cpp.o[0m
[47.564s] [ 65%] [32mBuilding CXX object CMakeFiles/i2cpwm_controller__rosidl_typesupport_c.dir/rosidl_typesupport_c/i2cpwm_controller/msg/servo_array__type_support.cpp.o[0m
[47.585s] [ 67%] [32mBuilding CXX object CMakeFiles/i2cpwm_controller__rosidl_typesupport_c.dir/rosidl_typesupport_c/i2cpwm_controller/msg/servo_config_array__type_support.cpp.o[0m
[47.588s] [ 67%] [32mBuilding CXX object CMakeFiles/i2cpwm_controller__rosidl_typesupport_c.dir/rosidl_typesupport_c/i2cpwm_controller/msg/servo_config__type_support.cpp.o[0m
[47.781s] [ 68%] [32mBuilding CXX object CMakeFiles/i2cpwm_controller__rosidl_typesupport_c.dir/rosidl_typesupport_c/i2cpwm_controller/srv/drive_mode__type_support.cpp.o[0m
[47.795s] [ 69%] [32mBuilding CXX object CMakeFiles/i2cpwm_controller__rosidl_typesupport_c.dir/rosidl_typesupport_c/i2cpwm_controller/srv/int_value__type_support.cpp.o[0m
[47.843s] [ 70%] [32mBuilding CXX object CMakeFiles/i2cpwm_controller__rosidl_typesupport_c.dir/rosidl_typesupport_c/i2cpwm_controller/srv/servos_config__type_support.cpp.o[0m
[48.042s] [ 70%] [32mBuilding CXX object CMakeFiles/i2cpwm_controller__rosidl_typesupport_c.dir/rosidl_typesupport_c/i2cpwm_controller/srv/stop_servos__type_support.cpp.o[0m
[48.268s] [ 71%] [32m[1mLinking CXX shared library libi2cpwm_controller__rosidl_typesupport_c.so[0m
[48.328s] [ 72%] [32mBuilding C object CMakeFiles/i2cpwm_controller__rosidl_typesupport_introspection_c.dir/rosidl_typesupport_introspection_c/i2cpwm_controller/msg/detail/position_array__type_support.c.o[0m
[48.330s] [ 74%] [32mBuilding C object CMakeFiles/i2cpwm_controller__rosidl_typesupport_introspection_c.dir/rosidl_typesupport_introspection_c/i2cpwm_controller/msg/detail/servo__type_support.c.o[0m
[48.331s] [ 74%] [32mBuilding C object CMakeFiles/i2cpwm_controller__rosidl_typesupport_introspection_c.dir/rosidl_typesupport_introspection_c/i2cpwm_controller/msg/detail/position__type_support.c.o[0m
[48.528s] [ 74%] Built target i2cpwm_controller__rosidl_typesupport_c
[48.574s] [ 75%] [32mBuilding C object CMakeFiles/i2cpwm_controller__rosidl_typesupport_introspection_c.dir/rosidl_typesupport_introspection_c/i2cpwm_controller/msg/detail/servo_array__type_support.c.o[0m
[48.588s] [ 76%] [32mBuilding C object CMakeFiles/i2cpwm_controller__rosidl_typesupport_introspection_c.dir/rosidl_typesupport_introspection_c/i2cpwm_controller/msg/detail/servo_config__type_support.c.o[0m
[48.606s] [ 77%] [32mBuilding C object CMakeFiles/i2cpwm_controller__rosidl_typesupport_introspection_c.dir/rosidl_typesupport_introspection_c/i2cpwm_controller/msg/detail/servo_config_array__type_support.c.o[0m
[48.625s] [ 78%] [32mBuilding C object CMakeFiles/i2cpwm_controller__rosidl_typesupport_introspection_c.dir/rosidl_typesupport_introspection_c/i2cpwm_controller/srv/detail/drive_mode__type_support.c.o[0m
[48.841s] [ 79%] [32mBuilding C object CMakeFiles/i2cpwm_controller__rosidl_typesupport_introspection_c.dir/rosidl_typesupport_introspection_c/i2cpwm_controller/srv/detail/int_value__type_support.c.o[0m
[48.848s] [ 80%] [32mBuilding C object CMakeFiles/i2cpwm_controller__rosidl_typesupport_introspection_c.dir/rosidl_typesupport_introspection_c/i2cpwm_controller/srv/detail/servos_config__type_support.c.o[0m
[48.862s] [ 81%] [32mBuilding C object CMakeFiles/i2cpwm_controller__rosidl_typesupport_introspection_c.dir/rosidl_typesupport_introspection_c/i2cpwm_controller/srv/detail/stop_servos__type_support.c.o[0m
[49.121s] [ 81%] [32m[1mLinking C shared library libi2cpwm_controller__rosidl_typesupport_introspection_c.so[0m
[49.272s] [ 81%] Built target i2cpwm_controller__rosidl_typesupport_introspection_c
[49.276s] gmake: *** [Makefile:146: all] Error 2
[49.283s] Invoked command in '/home/robodog/RoboDog/ros2_ws/build/i2cpwm_controller' returned '2': CMAKE_PREFIX_PATH=/opt/ros/humble /usr/bin/cmake --build /home/robodog/RoboDog/ros2_ws/build/i2cpwm_controller -- -j4 -l4
